<?xml version="1.0" encoding="UTF-8"?>
<testsuite xmlns:xsi="http://www.w3.org/2001/XMLSchema-instance" xsi:noNamespaceSchemaLocation="https://maven.apache.org/surefire/maven-surefire-plugin/xsd/surefire-test-report-3.0.xsd" version="3.0" name="com.techelevator.VendingMachineTests" time="0.055" tests="5" errors="0" skipped="0" failures="2">
  <properties>
    <property name="sun.desktop" value="windows"/>
    <property name="awt.toolkit" value="sun.awt.windows.WToolkit"/>
    <property name="java.specification.version" value="11"/>
    <property name="sun.cpu.isalist" value="amd64"/>
    <property name="sun.jnu.encoding" value="Cp1252"/>
    <property name="java.class.path" value="C:\Users\maiar\Desktop\Aulas\UNICAMP\UNICAMP - IC\AULAS - 2025-02 - ELIANE - VeV\Exercicio 6\MO409A-java-vending-machine\target\test-classes;C:\Users\maiar\Desktop\Aulas\UNICAMP\UNICAMP - IC\AULAS - 2025-02 - ELIANE - VeV\Exercicio 6\MO409A-java-vending-machine\target\classes;C:\Users\maiar\.m2\repository\org\graphwalker\graphwalker-java\4.3.3\graphwalker-java-4.3.3.jar;C:\Users\maiar\.m2\repository\org\graphwalker\graphwalker-dsl\4.3.3\graphwalker-dsl-4.3.3.jar;C:\Users\maiar\.m2\repository\org\graphwalker\graphwalker-core\4.3.3\graphwalker-core-4.3.3.jar;C:\Users\maiar\.m2\repository\org\graalvm\sdk\graal-sdk\22.3.5\graal-sdk-22.3.5.jar;C:\Users\maiar\.m2\repository\org\graalvm\js\js\22.3.5\js-22.3.5.jar;C:\Users\maiar\.m2\repository\org\graalvm\regex\regex\22.3.5\regex-22.3.5.jar;C:\Users\maiar\.m2\repository\com\ibm\icu\icu4j\71.1\icu4j-71.1.jar;C:\Users\maiar\.m2\repository\org\graalvm\js\js-scriptengine\22.3.5\js-scriptengine-22.3.5.jar;C:\Users\maiar\.m2\repository\org\graalvm\truffle\truffle-api\22.3.5\truffle-api-22.3.5.jar;C:\Users\maiar\.m2\repository\org\antlr\antlr4-runtime\4.13.1\antlr4-runtime-4.13.1.jar;C:\Users\maiar\.m2\repository\org\graphwalker\graphwalker-io\4.3.3\graphwalker-io-4.3.3.jar;C:\Users\maiar\.m2\repository\org\apache\xmlbeans\xmlbeans\3.1.0\xmlbeans-3.1.0.jar;C:\Users\maiar\.m2\repository\org\json\json\20240303\json-20240303.jar;C:\Users\maiar\.m2\repository\org\apache\commons\commons-lang3\3.14.0\commons-lang3-3.14.0.jar;C:\Users\maiar\.m2\repository\io\github\classgraph\classgraph\4.8.174\classgraph-4.8.174.jar;C:\Users\maiar\.m2\repository\com\google\code\javaparser\javaparser\1.0.11\javaparser-1.0.11.jar;C:\Users\maiar\.m2\repository\commons-io\commons-io\2.16.1\commons-io-2.16.1.jar;C:\Users\maiar\.m2\repository\com\google\code\gson\gson\2.11.0\gson-2.11.0.jar;C:\Users\maiar\.m2\repository\com\google\errorprone\error_prone_annotations\2.27.0\error_prone_annotations-2.27.0.jar;C:\Users\maiar\.m2\repository\com\sun\xml\bind\jaxb-core\2.3.0.1\jaxb-core-2.3.0.1.jar;C:\Users\maiar\.m2\repository\javax\xml\bind\jaxb-api\2.4.0-b180830.0359\jaxb-api-2.4.0-b180830.0359.jar;C:\Users\maiar\.m2\repository\javax\activation\javax.activation-api\1.2.0\javax.activation-api-1.2.0.jar;C:\Users\maiar\.m2\repository\com\sun\xml\bind\jaxb-impl\2.3.1\jaxb-impl-2.3.1.jar;C:\Users\maiar\.m2\repository\org\javassist\javassist\3.30.2-GA\javassist-3.30.2-GA.jar;C:\Users\maiar\.m2\repository\com\google\guava\guava\33.2.1-jre\guava-33.2.1-jre.jar;C:\Users\maiar\.m2\repository\com\google\guava\failureaccess\1.0.2\failureaccess-1.0.2.jar;C:\Users\maiar\.m2\repository\com\google\guava\listenablefuture\9999.0-empty-to-avoid-conflict-with-guava\listenablefuture-9999.0-empty-to-avoid-conflict-with-guava.jar;C:\Users\maiar\.m2\repository\com\google\code\findbugs\jsr305\3.0.2\jsr305-3.0.2.jar;C:\Users\maiar\.m2\repository\org\checkerframework\checker-qual\3.42.0\checker-qual-3.42.0.jar;C:\Users\maiar\.m2\repository\com\google\j2objc\j2objc-annotations\3.0.0\j2objc-annotations-3.0.0.jar;C:\Users\maiar\.m2\repository\org\slf4j\slf4j-api\2.0.13\slf4j-api-2.0.13.jar;C:\Users\maiar\.m2\repository\junit\junit\4.12\junit-4.12.jar;C:\Users\maiar\.m2\repository\org\hamcrest\hamcrest-core\1.3\hamcrest-core-1.3.jar;C:\Users\maiar\.m2\repository\org\mockito\mockito-all\1.10.19\mockito-all-1.10.19.jar;"/>
    <property name="java.vm.vendor" value="Eclipse Adoptium"/>
    <property name="sun.arch.data.model" value="64"/>
    <property name="user.variant" value=""/>
    <property name="java.vendor.url" value="https://adoptium.net/"/>
    <property name="user.timezone" value="America/Sao_Paulo"/>
    <property name="user.country.format" value="BR"/>
    <property name="java.vm.specification.version" value="11"/>
    <property name="os.name" value="Windows 10"/>
    <property name="sun.java.launcher" value="SUN_STANDARD"/>
    <property name="user.country" value="GB"/>
    <property name="sun.boot.library.path" value="C:\Program Files\Eclipse Adoptium\jdk-11.0.27.6-hotspot\bin"/>
    <property name="sun.java.command" value="C:\Users\maiar\AppData\Local\Temp\surefire12361802621378662839\surefirebooter-20250510001423832_3.jar C:\Users\maiar\AppData\Local\Temp\surefire12361802621378662839 2025-05-10T00-14-23_628-jvmRun1 surefire-20250510001423832_1tmp surefire_0-20250510001423832_2tmp"/>
    <property name="jdk.debug" value="release"/>
    <property name="surefire.test.class.path" value="C:\Users\maiar\Desktop\Aulas\UNICAMP\UNICAMP - IC\AULAS - 2025-02 - ELIANE - VeV\Exercicio 6\MO409A-java-vending-machine\target\test-classes;C:\Users\maiar\Desktop\Aulas\UNICAMP\UNICAMP - IC\AULAS - 2025-02 - ELIANE - VeV\Exercicio 6\MO409A-java-vending-machine\target\classes;C:\Users\maiar\.m2\repository\org\graphwalker\graphwalker-java\4.3.3\graphwalker-java-4.3.3.jar;C:\Users\maiar\.m2\repository\org\graphwalker\graphwalker-dsl\4.3.3\graphwalker-dsl-4.3.3.jar;C:\Users\maiar\.m2\repository\org\graphwalker\graphwalker-core\4.3.3\graphwalker-core-4.3.3.jar;C:\Users\maiar\.m2\repository\org\graalvm\sdk\graal-sdk\22.3.5\graal-sdk-22.3.5.jar;C:\Users\maiar\.m2\repository\org\graalvm\js\js\22.3.5\js-22.3.5.jar;C:\Users\maiar\.m2\repository\org\graalvm\regex\regex\22.3.5\regex-22.3.5.jar;C:\Users\maiar\.m2\repository\com\ibm\icu\icu4j\71.1\icu4j-71.1.jar;C:\Users\maiar\.m2\repository\org\graalvm\js\js-scriptengine\22.3.5\js-scriptengine-22.3.5.jar;C:\Users\maiar\.m2\repository\org\graalvm\truffle\truffle-api\22.3.5\truffle-api-22.3.5.jar;C:\Users\maiar\.m2\repository\org\antlr\antlr4-runtime\4.13.1\antlr4-runtime-4.13.1.jar;C:\Users\maiar\.m2\repository\org\graphwalker\graphwalker-io\4.3.3\graphwalker-io-4.3.3.jar;C:\Users\maiar\.m2\repository\org\apache\xmlbeans\xmlbeans\3.1.0\xmlbeans-3.1.0.jar;C:\Users\maiar\.m2\repository\org\json\json\20240303\json-20240303.jar;C:\Users\maiar\.m2\repository\org\apache\commons\commons-lang3\3.14.0\commons-lang3-3.14.0.jar;C:\Users\maiar\.m2\repository\io\github\classgraph\classgraph\4.8.174\classgraph-4.8.174.jar;C:\Users\maiar\.m2\repository\com\google\code\javaparser\javaparser\1.0.11\javaparser-1.0.11.jar;C:\Users\maiar\.m2\repository\commons-io\commons-io\2.16.1\commons-io-2.16.1.jar;C:\Users\maiar\.m2\repository\com\google\code\gson\gson\2.11.0\gson-2.11.0.jar;C:\Users\maiar\.m2\repository\com\google\errorprone\error_prone_annotations\2.27.0\error_prone_annotations-2.27.0.jar;C:\Users\maiar\.m2\repository\com\sun\xml\bind\jaxb-core\2.3.0.1\jaxb-core-2.3.0.1.jar;C:\Users\maiar\.m2\repository\javax\xml\bind\jaxb-api\2.4.0-b180830.0359\jaxb-api-2.4.0-b180830.0359.jar;C:\Users\maiar\.m2\repository\javax\activation\javax.activation-api\1.2.0\javax.activation-api-1.2.0.jar;C:\Users\maiar\.m2\repository\com\sun\xml\bind\jaxb-impl\2.3.1\jaxb-impl-2.3.1.jar;C:\Users\maiar\.m2\repository\org\javassist\javassist\3.30.2-GA\javassist-3.30.2-GA.jar;C:\Users\maiar\.m2\repository\com\google\guava\guava\33.2.1-jre\guava-33.2.1-jre.jar;C:\Users\maiar\.m2\repository\com\google\guava\failureaccess\1.0.2\failureaccess-1.0.2.jar;C:\Users\maiar\.m2\repository\com\google\guava\listenablefuture\9999.0-empty-to-avoid-conflict-with-guava\listenablefuture-9999.0-empty-to-avoid-conflict-with-guava.jar;C:\Users\maiar\.m2\repository\com\google\code\findbugs\jsr305\3.0.2\jsr305-3.0.2.jar;C:\Users\maiar\.m2\repository\org\checkerframework\checker-qual\3.42.0\checker-qual-3.42.0.jar;C:\Users\maiar\.m2\repository\com\google\j2objc\j2objc-annotations\3.0.0\j2objc-annotations-3.0.0.jar;C:\Users\maiar\.m2\repository\org\slf4j\slf4j-api\2.0.13\slf4j-api-2.0.13.jar;C:\Users\maiar\.m2\repository\junit\junit\4.12\junit-4.12.jar;C:\Users\maiar\.m2\repository\org\hamcrest\hamcrest-core\1.3\hamcrest-core-1.3.jar;C:\Users\maiar\.m2\repository\org\mockito\mockito-all\1.10.19\mockito-all-1.10.19.jar;"/>
    <property name="sun.cpu.endian" value="little"/>
    <property name="user.home" value="C:\Users\maiar"/>
    <property name="user.language" value="en"/>
    <property name="java.specification.vendor" value="Oracle Corporation"/>
    <property name="java.version.date" value="2025-04-15"/>
    <property name="java.home" value="C:\Program Files\Eclipse Adoptium\jdk-11.0.27.6-hotspot"/>
    <property name="file.separator" value="\"/>
    <property name="basedir" value="C:\Users\maiar\Desktop\Aulas\UNICAMP\UNICAMP - IC\AULAS - 2025-02 - ELIANE - VeV\Exercicio 6\MO409A-java-vending-machine"/>
    <property name="java.vm.compressedOopsMode" value="32-bit"/>
    <property name="line.separator" value="&#10;"/>
    <property name="java.specification.name" value="Java Platform API Specification"/>
    <property name="java.vm.specification.vendor" value="Oracle Corporation"/>
    <property name="java.awt.graphicsenv" value="sun.awt.Win32GraphicsEnvironment"/>
    <property name="surefire.real.class.path" value="C:\Users\maiar\AppData\Local\Temp\surefire12361802621378662839\surefirebooter-20250510001423832_3.jar"/>
    <property name="user.script" value=""/>
    <property name="sun.management.compiler" value="HotSpot 64-Bit Tiered Compilers"/>
    <property name="java.runtime.version" value="11.0.27+6"/>
    <property name="user.name" value="maiar"/>
    <property name="path.separator" value=";"/>
    <property name="os.version" value="10.0"/>
    <property name="java.runtime.name" value="OpenJDK Runtime Environment"/>
    <property name="file.encoding" value="Cp1252"/>
    <property name="java.vm.name" value="OpenJDK 64-Bit Server VM"/>
    <property name="java.vendor.version" value="Temurin-11.0.27+6"/>
    <property name="localRepository" value="C:\Users\maiar\.m2\repository"/>
    <property name="java.vendor.url.bug" value="https://github.com/adoptium/adoptium-support/issues"/>
    <property name="java.io.tmpdir" value="C:\Users\maiar\AppData\Local\Temp\"/>
    <property name="java.version" value="11.0.27"/>
    <property name="user.dir" value="C:\Users\maiar\Desktop\Aulas\UNICAMP\UNICAMP - IC\AULAS - 2025-02 - ELIANE - VeV\Exercicio 6\MO409A-java-vending-machine"/>
    <property name="os.arch" value="amd64"/>
    <property name="java.vm.specification.name" value="Java Virtual Machine Specification"/>
    <property name="java.awt.printerjob" value="sun.awt.windows.WPrinterJob"/>
    <property name="user.language.format" value="pt"/>
    <property name="sun.os.patch.level" value=""/>
    <property name="java.library.path" value="C:\Program Files\Eclipse Adoptium\jdk-11.0.27.6-hotspot\bin;C:\Windows\Sun\Java\bin;C:\Windows\system32;C:\Windows;C:\Program Files\Eclipse Adoptium\jdk-11.0.27.6-hotspot\bin;C:\Program Files (x86)\Common Files\Oracle\Java\java8path;C:\Program Files (x86)\Common Files\Oracle\Java\javapath;C:\Program Files\NVIDIA GPU Computing Toolkit\CUDA\v12.4\bin;C:\Program Files\NVIDIA GPU Computing Toolkit\CUDA\v12.4\libnvvp;C:\Windows\system32;C:\Windows;C:\Windows\System32\Wbem;C:\Windows\System32\WindowsPowerShell\v1.0\;C:\Windows\System32\OpenSSH\;C:\Program Files (x86)\NVIDIA Corporation\PhysX\Common;C:\Program Files\NVIDIA Corporation\NVIDIA NvDLISR;C:\Program Files\nodejs\;C:\Program Files\Git\cmd;C:\Users\maiar\AppData\Local\Programs\Python\Python312\;C:\Users\maiar\AppData\Local\Programs\Python\Python312\Scripts;C:\Program Files\NVIDIA Corporation\Nsight Compute 2024.1.0\;C:\Program Files\Apache\Maven\apache-maven-3.9.9\bin;C:\Users\maiar\AppData\Local\Programs\Python\Python312\Scripts\;C:\Users\maiar\AppData\Local\Programs\Python\Python312\;C:\Users\maiar\AppData\Local\Microsoft\WindowsApps;C:\Users\maiar\AppData\Local\Programs\Microsoft VS Code\bin;C:\Users\maiar\AppData\Roaming\npm;C:\Users\maiar\AppData\Local\GitHubDesktop\bin;c:\Users\maiar\.vscode\extensions\ms-python.debugpy-2025.8.0-win32-x64\bundled\scripts\noConfigScripts;."/>
    <property name="java.vm.info" value="mixed mode"/>
    <property name="java.vendor" value="Eclipse Adoptium"/>
    <property name="java.vm.version" value="11.0.27+6"/>
    <property name="java.specification.maintenance.version" value="3"/>
    <property name="sun.io.unicode.encoding" value="UnicodeLittle"/>
    <property name="java.class.version" value="55.0"/>
  </properties>
  <testcase name="buying_the_whole_damn_machine_yields_correct_change" classname="com.techelevator.VendingMachineTests" time="0.044">
    <failure message="expected:&lt;[$867.]50&gt; but was:&lt;[R$ 867,]50&gt;" type="org.junit.ComparisonFailure"><![CDATA[org.junit.ComparisonFailure: expected:<[$867.]50> but was:<[R$ 867,]50>
	at org.junit.Assert.assertEquals(Assert.java:115)
	at org.junit.Assert.assertEquals(Assert.java:144)
	at com.techelevator.VendingMachineTests.buying_the_whole_damn_machine_yields_correct_change(VendingMachineTests.java:92)
	at java.base/jdk.internal.reflect.NativeMethodAccessorImpl.invoke0(Native Method)
	at java.base/jdk.internal.reflect.NativeMethodAccessorImpl.invoke(NativeMethodAccessorImpl.java:62)
	at java.base/jdk.internal.reflect.DelegatingMethodAccessorImpl.invoke(DelegatingMethodAccessorImpl.java:43)
	at java.base/java.lang.reflect.Method.invoke(Method.java:566)
	at org.junit.runners.model.FrameworkMethod$1.runReflectiveCall(FrameworkMethod.java:50)
	at org.junit.internal.runners.model.ReflectiveCallable.run(ReflectiveCallable.java:12)
	at org.junit.runners.model.FrameworkMethod.invokeExplosively(FrameworkMethod.java:47)
	at org.junit.internal.runners.statements.InvokeMethod.evaluate(InvokeMethod.java:17)
	at org.junit.internal.runners.statements.RunBefores.evaluate(RunBefores.java:26)
	at org.junit.runners.ParentRunner.runLeaf(ParentRunner.java:325)
	at org.junit.runners.BlockJUnit4ClassRunner.runChild(BlockJUnit4ClassRunner.java:78)
	at org.junit.runners.BlockJUnit4ClassRunner.runChild(BlockJUnit4ClassRunner.java:57)
	at org.junit.runners.ParentRunner$3.run(ParentRunner.java:290)
	at org.junit.runners.ParentRunner$1.schedule(ParentRunner.java:71)
	at org.junit.runners.ParentRunner.runChildren(ParentRunner.java:288)
	at org.junit.runners.ParentRunner.access$000(ParentRunner.java:58)
	at org.junit.runners.ParentRunner$2.evaluate(ParentRunner.java:268)
	at org.junit.runners.ParentRunner.run(ParentRunner.java:363)
	at org.apache.maven.surefire.junit4.JUnit4Provider.execute(JUnit4Provider.java:316)
	at org.apache.maven.surefire.junit4.JUnit4Provider.executeWithRerun(JUnit4Provider.java:240)
	at org.apache.maven.surefire.junit4.JUnit4Provider.executeTestSet(JUnit4Provider.java:214)
	at org.apache.maven.surefire.junit4.JUnit4Provider.invoke(JUnit4Provider.java:155)
	at org.apache.maven.surefire.booter.ForkedBooter.runSuitesInProcess(ForkedBooter.java:385)
	at org.apache.maven.surefire.booter.ForkedBooter.execute(ForkedBooter.java:162)
	at org.apache.maven.surefire.booter.ForkedBooter.run(ForkedBooter.java:507)
	at org.apache.maven.surefire.booter.ForkedBooter.main(ForkedBooter.java:495)
]]></failure>
  </testcase>
  <testcase name="change_for_830_yields_33_Quarters_and_1_Nickel" classname="com.techelevator.VendingMachineTests" time="0.001"/>
  <testcase name="starting_with_1000_purchasing_D3_D3_A2_C3_yields_correct_inventories_and_machine_balance" classname="com.techelevator.VendingMachineTests" time="0.002"/>
  <testcase name="purchasing_multiple_items_math_and_double_format_holds_up_test" classname="com.techelevator.VendingMachineTests" time="0.002">
    <failure message="expected:&lt;[$5.]50&gt; but was:&lt;[R$ 5,]50&gt;" type="org.junit.ComparisonFailure"><![CDATA[org.junit.ComparisonFailure: expected:<[$5.]50> but was:<[R$ 5,]50>
	at org.junit.Assert.assertEquals(Assert.java:115)
	at org.junit.Assert.assertEquals(Assert.java:144)
	at com.techelevator.VendingMachineTests.purchasing_multiple_items_math_and_double_format_holds_up_test(VendingMachineTests.java:75)
	at java.base/jdk.internal.reflect.NativeMethodAccessorImpl.invoke0(Native Method)
	at java.base/jdk.internal.reflect.NativeMethodAccessorImpl.invoke(NativeMethodAccessorImpl.java:62)
	at java.base/jdk.internal.reflect.DelegatingMethodAccessorImpl.invoke(DelegatingMethodAccessorImpl.java:43)
	at java.base/java.lang.reflect.Method.invoke(Method.java:566)
	at org.junit.runners.model.FrameworkMethod$1.runReflectiveCall(FrameworkMethod.java:50)
	at org.junit.internal.runners.model.ReflectiveCallable.run(ReflectiveCallable.java:12)
	at org.junit.runners.model.FrameworkMethod.invokeExplosively(FrameworkMethod.java:47)
	at org.junit.internal.runners.statements.InvokeMethod.evaluate(InvokeMethod.java:17)
	at org.junit.internal.runners.statements.RunBefores.evaluate(RunBefores.java:26)
	at org.junit.runners.ParentRunner.runLeaf(ParentRunner.java:325)
	at org.junit.runners.BlockJUnit4ClassRunner.runChild(BlockJUnit4ClassRunner.java:78)
	at org.junit.runners.BlockJUnit4ClassRunner.runChild(BlockJUnit4ClassRunner.java:57)
	at org.junit.runners.ParentRunner$3.run(ParentRunner.java:290)
	at org.junit.runners.ParentRunner$1.schedule(ParentRunner.java:71)
	at org.junit.runners.ParentRunner.runChildren(ParentRunner.java:288)
	at org.junit.runners.ParentRunner.access$000(ParentRunner.java:58)
	at org.junit.runners.ParentRunner$2.evaluate(ParentRunner.java:268)
	at org.junit.runners.ParentRunner.run(ParentRunner.java:363)
	at org.apache.maven.surefire.junit4.JUnit4Provider.execute(JUnit4Provider.java:316)
	at org.apache.maven.surefire.junit4.JUnit4Provider.executeWithRerun(JUnit4Provider.java:240)
	at org.apache.maven.surefire.junit4.JUnit4Provider.executeTestSet(JUnit4Provider.java:214)
	at org.apache.maven.surefire.junit4.JUnit4Provider.invoke(JUnit4Provider.java:155)
	at org.apache.maven.surefire.booter.ForkedBooter.runSuitesInProcess(ForkedBooter.java:385)
	at org.apache.maven.surefire.booter.ForkedBooter.execute(ForkedBooter.java:162)
	at org.apache.maven.surefire.booter.ForkedBooter.run(ForkedBooter.java:507)
	at org.apache.maven.surefire.booter.ForkedBooter.main(ForkedBooter.java:495)
]]></failure>
  </testcase>
  <testcase name="out_of_stock_test" classname="com.techelevator.VendingMachineTests" time="0.002"/>
</testsuite>