<?xml version="1.0" encoding="UTF-8"?>
<testsuite xmlns:xsi="http://www.w3.org/2001/XMLSchema-instance" xsi:noNamespaceSchemaLocation="https://maven.apache.org/surefire/maven-surefire-plugin/xsd/surefire-test-report-3.0.xsd" version="3.0" name="com.techelevator.TesteMaquinaVendasEdgeCoverage" time="2.674" tests="121" errors="0" skipped="0" failures="0">
  <properties>
    <property name="sun.desktop" value="windows"/>
    <property name="awt.toolkit" value="sun.awt.windows.WToolkit"/>
    <property name="java.specification.version" value="11"/>
    <property name="sun.cpu.isalist" value="amd64"/>
    <property name="sun.jnu.encoding" value="Cp1252"/>
    <property name="java.class.path" value="C:\Users\maiar\Desktop\Aulas\UNICAMP\UNICAMP - IC\AULAS - 2025-02 - ELIANE - VeV\Exercicio 6\MO409A-java-vending-machine\target\test-classes;C:\Users\maiar\Desktop\Aulas\UNICAMP\UNICAMP - IC\AULAS - 2025-02 - ELIANE - VeV\Exercicio 6\MO409A-java-vending-machine\target\classes;C:\Users\maiar\.m2\repository\org\graphwalker\graphwalker-java\4.3.3\graphwalker-java-4.3.3.jar;C:\Users\maiar\.m2\repository\org\graphwalker\graphwalker-dsl\4.3.3\graphwalker-dsl-4.3.3.jar;C:\Users\maiar\.m2\repository\org\graphwalker\graphwalker-core\4.3.3\graphwalker-core-4.3.3.jar;C:\Users\maiar\.m2\repository\org\graalvm\sdk\graal-sdk\22.3.5\graal-sdk-22.3.5.jar;C:\Users\maiar\.m2\repository\org\graalvm\js\js\22.3.5\js-22.3.5.jar;C:\Users\maiar\.m2\repository\org\graalvm\regex\regex\22.3.5\regex-22.3.5.jar;C:\Users\maiar\.m2\repository\com\ibm\icu\icu4j\71.1\icu4j-71.1.jar;C:\Users\maiar\.m2\repository\org\graalvm\js\js-scriptengine\22.3.5\js-scriptengine-22.3.5.jar;C:\Users\maiar\.m2\repository\org\graalvm\truffle\truffle-api\22.3.5\truffle-api-22.3.5.jar;C:\Users\maiar\.m2\repository\org\antlr\antlr4-runtime\4.13.1\antlr4-runtime-4.13.1.jar;C:\Users\maiar\.m2\repository\org\graphwalker\graphwalker-io\4.3.3\graphwalker-io-4.3.3.jar;C:\Users\maiar\.m2\repository\org\apache\xmlbeans\xmlbeans\3.1.0\xmlbeans-3.1.0.jar;C:\Users\maiar\.m2\repository\org\json\json\20240303\json-20240303.jar;C:\Users\maiar\.m2\repository\org\apache\commons\commons-lang3\3.14.0\commons-lang3-3.14.0.jar;C:\Users\maiar\.m2\repository\io\github\classgraph\classgraph\4.8.174\classgraph-4.8.174.jar;C:\Users\maiar\.m2\repository\com\google\code\javaparser\javaparser\1.0.11\javaparser-1.0.11.jar;C:\Users\maiar\.m2\repository\commons-io\commons-io\2.16.1\commons-io-2.16.1.jar;C:\Users\maiar\.m2\repository\com\google\code\gson\gson\2.11.0\gson-2.11.0.jar;C:\Users\maiar\.m2\repository\com\google\errorprone\error_prone_annotations\2.27.0\error_prone_annotations-2.27.0.jar;C:\Users\maiar\.m2\repository\com\sun\xml\bind\jaxb-core\2.3.0.1\jaxb-core-2.3.0.1.jar;C:\Users\maiar\.m2\repository\javax\xml\bind\jaxb-api\2.4.0-b180830.0359\jaxb-api-2.4.0-b180830.0359.jar;C:\Users\maiar\.m2\repository\javax\activation\javax.activation-api\1.2.0\javax.activation-api-1.2.0.jar;C:\Users\maiar\.m2\repository\com\sun\xml\bind\jaxb-impl\2.3.1\jaxb-impl-2.3.1.jar;C:\Users\maiar\.m2\repository\org\javassist\javassist\3.30.2-GA\javassist-3.30.2-GA.jar;C:\Users\maiar\.m2\repository\com\google\guava\guava\33.2.1-jre\guava-33.2.1-jre.jar;C:\Users\maiar\.m2\repository\com\google\guava\failureaccess\1.0.2\failureaccess-1.0.2.jar;C:\Users\maiar\.m2\repository\com\google\guava\listenablefuture\9999.0-empty-to-avoid-conflict-with-guava\listenablefuture-9999.0-empty-to-avoid-conflict-with-guava.jar;C:\Users\maiar\.m2\repository\com\google\code\findbugs\jsr305\3.0.2\jsr305-3.0.2.jar;C:\Users\maiar\.m2\repository\org\checkerframework\checker-qual\3.42.0\checker-qual-3.42.0.jar;C:\Users\maiar\.m2\repository\com\google\j2objc\j2objc-annotations\3.0.0\j2objc-annotations-3.0.0.jar;C:\Users\maiar\.m2\repository\junit\junit\4.12\junit-4.12.jar;C:\Users\maiar\.m2\repository\org\hamcrest\hamcrest-core\1.3\hamcrest-core-1.3.jar;C:\Users\maiar\.m2\repository\org\mockito\mockito-all\1.10.19\mockito-all-1.10.19.jar;C:\Users\maiar\.m2\repository\org\slf4j\slf4j-api\2.0.9\slf4j-api-2.0.9.jar;"/>
    <property name="java.vm.vendor" value="Eclipse Adoptium"/>
    <property name="sun.arch.data.model" value="64"/>
    <property name="user.variant" value=""/>
    <property name="java.vendor.url" value="https://adoptium.net/"/>
    <property name="user.timezone" value="America/Sao_Paulo"/>
    <property name="user.country.format" value="BR"/>
    <property name="java.vm.specification.version" value="11"/>
    <property name="os.name" value="Windows 10"/>
    <property name="sun.java.launcher" value="SUN_STANDARD"/>
    <property name="user.country" value="GB"/>
    <property name="sun.boot.library.path" value="C:\Program Files\Eclipse Adoptium\jdk-11.0.27.6-hotspot\bin"/>
    <property name="sun.java.command" value="C:\Users\maiar\AppData\Local\Temp\surefire16758342853336374996\surefirebooter-20250517140116594_3.jar C:\Users\maiar\AppData\Local\Temp\surefire16758342853336374996 2025-05-17T14-01-16_376-jvmRun1 surefire-20250517140116594_1tmp surefire_0-20250517140116594_2tmp"/>
    <property name="jdk.debug" value="release"/>
    <property name="surefire.test.class.path" value="C:\Users\maiar\Desktop\Aulas\UNICAMP\UNICAMP - IC\AULAS - 2025-02 - ELIANE - VeV\Exercicio 6\MO409A-java-vending-machine\target\test-classes;C:\Users\maiar\Desktop\Aulas\UNICAMP\UNICAMP - IC\AULAS - 2025-02 - ELIANE - VeV\Exercicio 6\MO409A-java-vending-machine\target\classes;C:\Users\maiar\.m2\repository\org\graphwalker\graphwalker-java\4.3.3\graphwalker-java-4.3.3.jar;C:\Users\maiar\.m2\repository\org\graphwalker\graphwalker-dsl\4.3.3\graphwalker-dsl-4.3.3.jar;C:\Users\maiar\.m2\repository\org\graphwalker\graphwalker-core\4.3.3\graphwalker-core-4.3.3.jar;C:\Users\maiar\.m2\repository\org\graalvm\sdk\graal-sdk\22.3.5\graal-sdk-22.3.5.jar;C:\Users\maiar\.m2\repository\org\graalvm\js\js\22.3.5\js-22.3.5.jar;C:\Users\maiar\.m2\repository\org\graalvm\regex\regex\22.3.5\regex-22.3.5.jar;C:\Users\maiar\.m2\repository\com\ibm\icu\icu4j\71.1\icu4j-71.1.jar;C:\Users\maiar\.m2\repository\org\graalvm\js\js-scriptengine\22.3.5\js-scriptengine-22.3.5.jar;C:\Users\maiar\.m2\repository\org\graalvm\truffle\truffle-api\22.3.5\truffle-api-22.3.5.jar;C:\Users\maiar\.m2\repository\org\antlr\antlr4-runtime\4.13.1\antlr4-runtime-4.13.1.jar;C:\Users\maiar\.m2\repository\org\graphwalker\graphwalker-io\4.3.3\graphwalker-io-4.3.3.jar;C:\Users\maiar\.m2\repository\org\apache\xmlbeans\xmlbeans\3.1.0\xmlbeans-3.1.0.jar;C:\Users\maiar\.m2\repository\org\json\json\20240303\json-20240303.jar;C:\Users\maiar\.m2\repository\org\apache\commons\commons-lang3\3.14.0\commons-lang3-3.14.0.jar;C:\Users\maiar\.m2\repository\io\github\classgraph\classgraph\4.8.174\classgraph-4.8.174.jar;C:\Users\maiar\.m2\repository\com\google\code\javaparser\javaparser\1.0.11\javaparser-1.0.11.jar;C:\Users\maiar\.m2\repository\commons-io\commons-io\2.16.1\commons-io-2.16.1.jar;C:\Users\maiar\.m2\repository\com\google\code\gson\gson\2.11.0\gson-2.11.0.jar;C:\Users\maiar\.m2\repository\com\google\errorprone\error_prone_annotations\2.27.0\error_prone_annotations-2.27.0.jar;C:\Users\maiar\.m2\repository\com\sun\xml\bind\jaxb-core\2.3.0.1\jaxb-core-2.3.0.1.jar;C:\Users\maiar\.m2\repository\javax\xml\bind\jaxb-api\2.4.0-b180830.0359\jaxb-api-2.4.0-b180830.0359.jar;C:\Users\maiar\.m2\repository\javax\activation\javax.activation-api\1.2.0\javax.activation-api-1.2.0.jar;C:\Users\maiar\.m2\repository\com\sun\xml\bind\jaxb-impl\2.3.1\jaxb-impl-2.3.1.jar;C:\Users\maiar\.m2\repository\org\javassist\javassist\3.30.2-GA\javassist-3.30.2-GA.jar;C:\Users\maiar\.m2\repository\com\google\guava\guava\33.2.1-jre\guava-33.2.1-jre.jar;C:\Users\maiar\.m2\repository\com\google\guava\failureaccess\1.0.2\failureaccess-1.0.2.jar;C:\Users\maiar\.m2\repository\com\google\guava\listenablefuture\9999.0-empty-to-avoid-conflict-with-guava\listenablefuture-9999.0-empty-to-avoid-conflict-with-guava.jar;C:\Users\maiar\.m2\repository\com\google\code\findbugs\jsr305\3.0.2\jsr305-3.0.2.jar;C:\Users\maiar\.m2\repository\org\checkerframework\checker-qual\3.42.0\checker-qual-3.42.0.jar;C:\Users\maiar\.m2\repository\com\google\j2objc\j2objc-annotations\3.0.0\j2objc-annotations-3.0.0.jar;C:\Users\maiar\.m2\repository\junit\junit\4.12\junit-4.12.jar;C:\Users\maiar\.m2\repository\org\hamcrest\hamcrest-core\1.3\hamcrest-core-1.3.jar;C:\Users\maiar\.m2\repository\org\mockito\mockito-all\1.10.19\mockito-all-1.10.19.jar;C:\Users\maiar\.m2\repository\org\slf4j\slf4j-api\2.0.9\slf4j-api-2.0.9.jar;"/>
    <property name="sun.cpu.endian" value="little"/>
    <property name="user.home" value="C:\Users\maiar"/>
    <property name="user.language" value="en"/>
    <property name="java.specification.vendor" value="Oracle Corporation"/>
    <property name="java.version.date" value="2025-04-15"/>
    <property name="java.home" value="C:\Program Files\Eclipse Adoptium\jdk-11.0.27.6-hotspot"/>
    <property name="file.separator" value="\"/>
    <property name="basedir" value="C:\Users\maiar\Desktop\Aulas\UNICAMP\UNICAMP - IC\AULAS - 2025-02 - ELIANE - VeV\Exercicio 6\MO409A-java-vending-machine"/>
    <property name="java.vm.compressedOopsMode" value="32-bit"/>
    <property name="line.separator" value="&#10;"/>
    <property name="java.specification.name" value="Java Platform API Specification"/>
    <property name="java.vm.specification.vendor" value="Oracle Corporation"/>
    <property name="java.awt.graphicsenv" value="sun.awt.Win32GraphicsEnvironment"/>
    <property name="surefire.real.class.path" value="C:\Users\maiar\AppData\Local\Temp\surefire16758342853336374996\surefirebooter-20250517140116594_3.jar"/>
    <property name="user.script" value=""/>
    <property name="sun.management.compiler" value="HotSpot 64-Bit Tiered Compilers"/>
    <property name="java.runtime.version" value="11.0.27+6"/>
    <property name="user.name" value="maiar"/>
    <property name="path.separator" value=";"/>
    <property name="os.version" value="10.0"/>
    <property name="java.runtime.name" value="OpenJDK Runtime Environment"/>
    <property name="file.encoding" value="Cp1252"/>
    <property name="java.vm.name" value="OpenJDK 64-Bit Server VM"/>
    <property name="java.vendor.version" value="Temurin-11.0.27+6"/>
    <property name="localRepository" value="C:\Users\maiar\.m2\repository"/>
    <property name="java.vendor.url.bug" value="https://github.com/adoptium/adoptium-support/issues"/>
    <property name="java.io.tmpdir" value="C:\Users\maiar\AppData\Local\Temp\"/>
    <property name="java.version" value="11.0.27"/>
    <property name="user.dir" value="C:\Users\maiar\Desktop\Aulas\UNICAMP\UNICAMP - IC\AULAS - 2025-02 - ELIANE - VeV\Exercicio 6\MO409A-java-vending-machine"/>
    <property name="os.arch" value="amd64"/>
    <property name="java.vm.specification.name" value="Java Virtual Machine Specification"/>
    <property name="java.awt.printerjob" value="sun.awt.windows.WPrinterJob"/>
    <property name="user.language.format" value="pt"/>
    <property name="sun.os.patch.level" value=""/>
    <property name="java.library.path" value="C:\Program Files\Eclipse Adoptium\jdk-11.0.27.6-hotspot\bin;C:\Windows\Sun\Java\bin;C:\Windows\system32;C:\Windows;C:\Program Files\Eclipse Adoptium\jdk-11.0.27.6-hotspot\bin;C:\Program Files (x86)\Common Files\Oracle\Java\java8path;C:\Program Files (x86)\Common Files\Oracle\Java\javapath;C:\Program Files\NVIDIA GPU Computing Toolkit\CUDA\v12.4\bin;C:\Program Files\NVIDIA GPU Computing Toolkit\CUDA\v12.4\libnvvp;C:\Windows\system32;C:\Windows;C:\Windows\System32\Wbem;C:\Windows\System32\WindowsPowerShell\v1.0\;C:\Windows\System32\OpenSSH\;C:\Program Files (x86)\NVIDIA Corporation\PhysX\Common;C:\Program Files\NVIDIA Corporation\NVIDIA NvDLISR;C:\Program Files\nodejs\;C:\Program Files\Git\cmd;C:\Users\maiar\AppData\Local\Programs\Python\Python312\;C:\Users\maiar\AppData\Local\Programs\Python\Python312\Scripts;C:\Program Files\NVIDIA Corporation\Nsight Compute 2024.1.0\;C:\Program Files\Apache\Maven\apache-maven-3.9.9\bin;C:\Users\maiar\AppData\Local\Programs\Python\Python312\Scripts\;C:\Users\maiar\AppData\Local\Programs\Python\Python312\;C:\Users\maiar\AppData\Local\Microsoft\WindowsApps;C:\Users\maiar\AppData\Local\Programs\Microsoft VS Code\bin;C:\Users\maiar\AppData\Roaming\npm;C:\Users\maiar\AppData\Local\GitHubDesktop\bin;c:\Users\maiar\.vscode\extensions\ms-python.debugpy-2025.8.0-win32-x64\bundled\scripts\noConfigScripts;."/>
    <property name="java.vm.info" value="mixed mode"/>
    <property name="java.vendor" value="Eclipse Adoptium"/>
    <property name="java.vm.version" value="11.0.27+6"/>
    <property name="java.specification.maintenance.version" value="3"/>
    <property name="sun.io.unicode.encoding" value="UnicodeLittle"/>
    <property name="java.class.version" value="55.0"/>
  </properties>
  <testcase name="Teste7" classname="com.techelevator.TesteMaquinaVendasEdgeCoverage" time="0.068">
    <system-out><![CDATA[menu_principal: Exibindo menu principal
menu_principal: Exibindo menu principal
menu_principal: Exibindo menu principal
e_escolhe_opcao2: Ir para menu de compra
menu_compra_inicio: Entrando no menu de compra
menu_compra: Entrou no menu de compra
e_escolhe_opcao1: Escolhendo a opcao 1
espera_moeda: Espera moeda
e_insere_quantia: Inserindo quantia valida de R$ 10,00
menu_compra: Entrou no menu de compra
e_escolhe_opcao1: Escolhendo a opcao 1
espera_moeda: Espera moeda
e_insere_quantia_invalida: Inserindo quantia invalida de R$ 50,00
menu_compra: Entrou no menu de compra
menu_compra: Entrou no menu de compra
menu_compra: Entrou no menu de compra
e_escolhe_opcao1: Escolhendo a opcao 1
espera_moeda: Espera moeda
e_insere_quantia: Inserindo quantia valida de R$ 10,00
menu_compra: Entrou no menu de compra
e_escolhe_opcao3: Escolhendo a opcao 3
finaliza_acao: Finalizou acao
e_devolve_troco: Devolvendo troco
e_devolve_troco: Devolvendo troco: 80 quarters, 0 dimes, 0 nickels
menu_principal: Exibindo menu principal
menu_principal: Exibindo menu principal
e_escolhe_opcao1: Exibir inventÃ¡rio
A1   Potato Crisps       5 remaining   R$ 3,05
A2   Stackers            5 remaining   R$ 1,45
A3   Grain Waves         5 remaining   R$ 2,75
A4   Cloud Popcorn       5 remaining   R$ 3,65
B1   Moonpie             5 remaining   R$ 1,80
B2   Cowtales            5 remaining   R$ 1,50
B3   Wonka Bar           5 remaining   R$ 1,50
B4   Crunchie            5 remaining   R$ 1,75
C1   Cola                5 remaining   R$ 1,25
C2   Dr. Salt            5 remaining   R$ 1,50
C3   Mountain Melter     5 remaining   R$ 1,50
C4   Heavy               5 remaining   R$ 1,50
D1   U-Chews             5 remaining   R$ 0,85
D2   Little League Chew  5 remaining   R$ 0,95
D3   Chiclets            5 remaining   R$ 0,75
D4   Triplemint          5 remaining   R$ 0,75
exibir_itens: Listando novamente os itens
A1   Potato Crisps       5 remaining   R$ 3,05
A2   Stackers            5 remaining   R$ 1,45
A3   Grain Waves         5 remaining   R$ 2,75
A4   Cloud Popcorn       5 remaining   R$ 3,65
B1   Moonpie             5 remaining   R$ 1,80
B2   Cowtales            5 remaining   R$ 1,50
B3   Wonka Bar           5 remaining   R$ 1,50
B4   Crunchie            5 remaining   R$ 1,75
C1   Cola                5 remaining   R$ 1,25
C2   Dr. Salt            5 remaining   R$ 1,50
C3   Mountain Melter     5 remaining   R$ 1,50
C4   Heavy               5 remaining   R$ 1,50
D1   U-Chews             5 remaining   R$ 0,85
D2   Little League Chew  5 remaining   R$ 0,95
D3   Chiclets            5 remaining   R$ 0,75
D4   Triplemint          5 remaining   R$ 0,75
e_volta_menu: Retornando ao menu principal
menu_principal: Exibindo menu principal
menu_principal: Exibindo menu principal
menu_principal: Exibindo menu principal
e_escolhe_opcao1: Exibir inventÃ¡rio
A1   Potato Crisps       5 remaining   R$ 3,05
A2   Stackers            5 remaining   R$ 1,45
A3   Grain Waves         5 remaining   R$ 2,75
A4   Cloud Popcorn       5 remaining   R$ 3,65
B1   Moonpie             5 remaining   R$ 1,80
B2   Cowtales            5 remaining   R$ 1,50
B3   Wonka Bar           5 remaining   R$ 1,50
B4   Crunchie            5 remaining   R$ 1,75
C1   Cola                5 remaining   R$ 1,25
C2   Dr. Salt            5 remaining   R$ 1,50
C3   Mountain Melter     5 remaining   R$ 1,50
C4   Heavy               5 remaining   R$ 1,50
D1   U-Chews             5 remaining   R$ 0,85
D2   Little League Chew  5 remaining   R$ 0,95
D3   Chiclets            5 remaining   R$ 0,75
D4   Triplemint          5 remaining   R$ 0,75
exibir_itens: Listando novamente os itens
A1   Potato Crisps       5 remaining   R$ 3,05
A2   Stackers            5 remaining   R$ 1,45
A3   Grain Waves         5 remaining   R$ 2,75
A4   Cloud Popcorn       5 remaining   R$ 3,65
B1   Moonpie             5 remaining   R$ 1,80
B2   Cowtales            5 remaining   R$ 1,50
B3   Wonka Bar           5 remaining   R$ 1,50
B4   Crunchie            5 remaining   R$ 1,75
C1   Cola                5 remaining   R$ 1,25
C2   Dr. Salt            5 remaining   R$ 1,50
C3   Mountain Melter     5 remaining   R$ 1,50
C4   Heavy               5 remaining   R$ 1,50
D1   U-Chews             5 remaining   R$ 0,85
D2   Little League Chew  5 remaining   R$ 0,95
D3   Chiclets            5 remaining   R$ 0,75
D4   Triplemint          5 remaining   R$ 0,75
e_volta_menu: Retornando ao menu principal
menu_principal: Exibindo menu principal
menu_principal: Exibindo menu principal
menu_principal: Exibindo menu principal
e_escolhe_opcao2: Ir para menu de compra
menu_compra_inicio: Entrando no menu de compra
menu_compra: Entrou no menu de compra
e_escolhe_opcao2: Escolhendo a opcao 2
espera_produto: Esperando produto
e_insere_codigo_incorreto: Inserindo codigo incorreto: Z3
menu_compra: Entrou no menu de compra
menu_compra: Entrou no menu de compra
menu_compra: Entrou no menu de compra
e_escolhe_opcao1: Escolhendo a opcao 1
espera_moeda: Espera moeda
e_insere_quantia: Inserindo quantia valida de R$ 10,00
menu_compra: Entrou no menu de compra
menu_compra: Entrou no menu de compra
menu_compra: Entrou no menu de compra
e_escolhe_opcao3: Escolhendo a opcao 3
finaliza_acao: Finalizou acao
e_devolve_troco: Devolvendo troco
e_devolve_troco: Devolvendo troco: 40 quarters, 0 dimes, 0 nickels
menu_principal: Exibindo menu principal
menu_principal: Exibindo menu principal
e_escolhe_opcao3: Salvar relatÃ³rio de vendas
encerrar: PÃ³s-finalizaÃ§Ã£o
e_salva_sales_report: Confirmando geraÃ§Ã£o do relatÃ³rio
e_finalizar_programa: Encerrando aplicaÃ§Ã£o
fim: AplicaÃ§Ã£o encerrada
]]></system-out>
  </testcase>
  <testcase name="Teste8" classname="com.techelevator.TesteMaquinaVendasEdgeCoverage" time="0.06">
    <system-out><![CDATA[e_restart: Reiniciando sistema
menu_principal: Exibindo menu principal
menu_principal: Exibindo menu principal
menu_principal: Exibindo menu principal
e_escolhe_opcao2: Ir para menu de compra
menu_compra_inicio: Entrando no menu de compra
menu_compra: Entrou no menu de compra
e_escolhe_opcao2: Escolhendo a opcao 2
espera_produto: Esperando produto
e_insere_codigo_incorreto: Inserindo codigo incorreto: Z3
menu_compra: Entrou no menu de compra
e_escolhe_opcao3: Escolhendo a opcao 3
finaliza_acao: Finalizou acao
e_devolve_troco: Devolvendo troco
e_devolve_troco: Devolvendo troco: 0 quarters, 0 dimes, 0 nickels
menu_principal: Exibindo menu principal
menu_principal: Exibindo menu principal
e_escolhe_opcao1: Exibir inventÃ¡rio
A1   Potato Crisps       5 remaining   R$ 3,05
A2   Stackers            5 remaining   R$ 1,45
A3   Grain Waves         5 remaining   R$ 2,75
A4   Cloud Popcorn       5 remaining   R$ 3,65
B1   Moonpie             5 remaining   R$ 1,80
B2   Cowtales            5 remaining   R$ 1,50
B3   Wonka Bar           5 remaining   R$ 1,50
B4   Crunchie            5 remaining   R$ 1,75
C1   Cola                5 remaining   R$ 1,25
C2   Dr. Salt            5 remaining   R$ 1,50
C3   Mountain Melter     5 remaining   R$ 1,50
C4   Heavy               5 remaining   R$ 1,50
D1   U-Chews             5 remaining   R$ 0,85
D2   Little League Chew  5 remaining   R$ 0,95
D3   Chiclets            5 remaining   R$ 0,75
D4   Triplemint          5 remaining   R$ 0,75
exibir_itens: Listando novamente os itens
A1   Potato Crisps       5 remaining   R$ 3,05
A2   Stackers            5 remaining   R$ 1,45
A3   Grain Waves         5 remaining   R$ 2,75
A4   Cloud Popcorn       5 remaining   R$ 3,65
B1   Moonpie             5 remaining   R$ 1,80
B2   Cowtales            5 remaining   R$ 1,50
B3   Wonka Bar           5 remaining   R$ 1,50
B4   Crunchie            5 remaining   R$ 1,75
C1   Cola                5 remaining   R$ 1,25
C2   Dr. Salt            5 remaining   R$ 1,50
C3   Mountain Melter     5 remaining   R$ 1,50
C4   Heavy               5 remaining   R$ 1,50
D1   U-Chews             5 remaining   R$ 0,85
D2   Little League Chew  5 remaining   R$ 0,95
D3   Chiclets            5 remaining   R$ 0,75
D4   Triplemint          5 remaining   R$ 0,75
e_volta_menu: Retornando ao menu principal
menu_principal: Exibindo menu principal
menu_principal: Exibindo menu principal
menu_principal: Exibindo menu principal
e_escolhe_opcao1: Exibir inventÃ¡rio
A1   Potato Crisps       5 remaining   R$ 3,05
A2   Stackers            5 remaining   R$ 1,45
A3   Grain Waves         5 remaining   R$ 2,75
A4   Cloud Popcorn       5 remaining   R$ 3,65
B1   Moonpie             5 remaining   R$ 1,80
B2   Cowtales            5 remaining   R$ 1,50
B3   Wonka Bar           5 remaining   R$ 1,50
B4   Crunchie            5 remaining   R$ 1,75
C1   Cola                5 remaining   R$ 1,25
C2   Dr. Salt            5 remaining   R$ 1,50
C3   Mountain Melter     5 remaining   R$ 1,50
C4   Heavy               5 remaining   R$ 1,50
D1   U-Chews             5 remaining   R$ 0,85
D2   Little League Chew  5 remaining   R$ 0,95
D3   Chiclets            5 remaining   R$ 0,75
D4   Triplemint          5 remaining   R$ 0,75
exibir_itens: Listando novamente os itens
A1   Potato Crisps       5 remaining   R$ 3,05
A2   Stackers            5 remaining   R$ 1,45
A3   Grain Waves         5 remaining   R$ 2,75
A4   Cloud Popcorn       5 remaining   R$ 3,65
B1   Moonpie             5 remaining   R$ 1,80
B2   Cowtales            5 remaining   R$ 1,50
B3   Wonka Bar           5 remaining   R$ 1,50
B4   Crunchie            5 remaining   R$ 1,75
C1   Cola                5 remaining   R$ 1,25
C2   Dr. Salt            5 remaining   R$ 1,50
C3   Mountain Melter     5 remaining   R$ 1,50
C4   Heavy               5 remaining   R$ 1,50
D1   U-Chews             5 remaining   R$ 0,85
D2   Little League Chew  5 remaining   R$ 0,95
D3   Chiclets            5 remaining   R$ 0,75
D4   Triplemint          5 remaining   R$ 0,75
e_volta_menu: Retornando ao menu principal
menu_principal: Exibindo menu principal
menu_principal: Exibindo menu principal
menu_principal: Exibindo menu principal
e_escolhe_opcao3: Salvar relatÃ³rio de vendas
encerrar: PÃ³s-finalizaÃ§Ã£o
e_salva_sales_report: Confirmando geraÃ§Ã£o do relatÃ³rio
e_finalizar_programa: Encerrando aplicaÃ§Ã£o
fim: AplicaÃ§Ã£o encerrada
]]></system-out>
  </testcase>
  <testcase name="Teste9" classname="com.techelevator.TesteMaquinaVendasEdgeCoverage" time="0.083">
    <system-out><![CDATA[e_restart: Reiniciando sistema
menu_principal: Exibindo menu principal
menu_principal: Exibindo menu principal
menu_principal: Exibindo menu principal
e_escolhe_opcao1: Exibir inventÃ¡rio
A1   Potato Crisps       5 remaining   R$ 3,05
A2   Stackers            5 remaining   R$ 1,45
A3   Grain Waves         5 remaining   R$ 2,75
A4   Cloud Popcorn       5 remaining   R$ 3,65
B1   Moonpie             5 remaining   R$ 1,80
B2   Cowtales            5 remaining   R$ 1,50
B3   Wonka Bar           5 remaining   R$ 1,50
B4   Crunchie            5 remaining   R$ 1,75
C1   Cola                5 remaining   R$ 1,25
C2   Dr. Salt            5 remaining   R$ 1,50
C3   Mountain Melter     5 remaining   R$ 1,50
C4   Heavy               5 remaining   R$ 1,50
D1   U-Chews             5 remaining   R$ 0,85
D2   Little League Chew  5 remaining   R$ 0,95
D3   Chiclets            5 remaining   R$ 0,75
D4   Triplemint          5 remaining   R$ 0,75
exibir_itens: Listando novamente os itens
A1   Potato Crisps       5 remaining   R$ 3,05
A2   Stackers            5 remaining   R$ 1,45
A3   Grain Waves         5 remaining   R$ 2,75
A4   Cloud Popcorn       5 remaining   R$ 3,65
B1   Moonpie             5 remaining   R$ 1,80
B2   Cowtales            5 remaining   R$ 1,50
B3   Wonka Bar           5 remaining   R$ 1,50
B4   Crunchie            5 remaining   R$ 1,75
C1   Cola                5 remaining   R$ 1,25
C2   Dr. Salt            5 remaining   R$ 1,50
C3   Mountain Melter     5 remaining   R$ 1,50
C4   Heavy               5 remaining   R$ 1,50
D1   U-Chews             5 remaining   R$ 0,85
D2   Little League Chew  5 remaining   R$ 0,95
D3   Chiclets            5 remaining   R$ 0,75
D4   Triplemint          5 remaining   R$ 0,75
e_volta_menu: Retornando ao menu principal
menu_principal: Exibindo menu principal
e_escolhe_opcao1: Exibir inventÃ¡rio
A1   Potato Crisps       5 remaining   R$ 3,05
A2   Stackers            5 remaining   R$ 1,45
A3   Grain Waves         5 remaining   R$ 2,75
A4   Cloud Popcorn       5 remaining   R$ 3,65
B1   Moonpie             5 remaining   R$ 1,80
B2   Cowtales            5 remaining   R$ 1,50
B3   Wonka Bar           5 remaining   R$ 1,50
B4   Crunchie            5 remaining   R$ 1,75
C1   Cola                5 remaining   R$ 1,25
C2   Dr. Salt            5 remaining   R$ 1,50
C3   Mountain Melter     5 remaining   R$ 1,50
C4   Heavy               5 remaining   R$ 1,50
D1   U-Chews             5 remaining   R$ 0,85
D2   Little League Chew  5 remaining   R$ 0,95
D3   Chiclets            5 remaining   R$ 0,75
D4   Triplemint          5 remaining   R$ 0,75
exibir_itens: Listando novamente os itens
A1   Potato Crisps       5 remaining   R$ 3,05
A2   Stackers            5 remaining   R$ 1,45
A3   Grain Waves         5 remaining   R$ 2,75
A4   Cloud Popcorn       5 remaining   R$ 3,65
B1   Moonpie             5 remaining   R$ 1,80
B2   Cowtales            5 remaining   R$ 1,50
B3   Wonka Bar           5 remaining   R$ 1,50
B4   Crunchie            5 remaining   R$ 1,75
C1   Cola                5 remaining   R$ 1,25
C2   Dr. Salt            5 remaining   R$ 1,50
C3   Mountain Melter     5 remaining   R$ 1,50
C4   Heavy               5 remaining   R$ 1,50
D1   U-Chews             5 remaining   R$ 0,85
D2   Little League Chew  5 remaining   R$ 0,95
D3   Chiclets            5 remaining   R$ 0,75
D4   Triplemint          5 remaining   R$ 0,75
e_volta_menu: Retornando ao menu principal
menu_principal: Exibindo menu principal
menu_principal: Exibindo menu principal
menu_principal: Exibindo menu principal
e_escolhe_opcao2: Ir para menu de compra
menu_compra_inicio: Entrando no menu de compra
menu_compra: Entrou no menu de compra
e_escolhe_opcao3: Escolhendo a opcao 3
finaliza_acao: Finalizou acao
e_devolve_troco: Devolvendo troco
e_devolve_troco: Devolvendo troco: 0 quarters, 0 dimes, 0 nickels
menu_principal: Exibindo menu principal
menu_principal: Exibindo menu principal
e_escolhe_opcao1: Exibir inventÃ¡rio
A1   Potato Crisps       5 remaining   R$ 3,05
A2   Stackers            5 remaining   R$ 1,45
A3   Grain Waves         5 remaining   R$ 2,75
A4   Cloud Popcorn       5 remaining   R$ 3,65
B1   Moonpie             5 remaining   R$ 1,80
B2   Cowtales            5 remaining   R$ 1,50
B3   Wonka Bar           5 remaining   R$ 1,50
B4   Crunchie            5 remaining   R$ 1,75
C1   Cola                5 remaining   R$ 1,25
C2   Dr. Salt            5 remaining   R$ 1,50
C3   Mountain Melter     5 remaining   R$ 1,50
C4   Heavy               5 remaining   R$ 1,50
D1   U-Chews             5 remaining   R$ 0,85
D2   Little League Chew  5 remaining   R$ 0,95
D3   Chiclets            5 remaining   R$ 0,75
D4   Triplemint          5 remaining   R$ 0,75
exibir_itens: Listando novamente os itens
A1   Potato Crisps       5 remaining   R$ 3,05
A2   Stackers            5 remaining   R$ 1,45
A3   Grain Waves         5 remaining   R$ 2,75
A4   Cloud Popcorn       5 remaining   R$ 3,65
B1   Moonpie             5 remaining   R$ 1,80
B2   Cowtales            5 remaining   R$ 1,50
B3   Wonka Bar           5 remaining   R$ 1,50
B4   Crunchie            5 remaining   R$ 1,75
C1   Cola                5 remaining   R$ 1,25
C2   Dr. Salt            5 remaining   R$ 1,50
C3   Mountain Melter     5 remaining   R$ 1,50
C4   Heavy               5 remaining   R$ 1,50
D1   U-Chews             5 remaining   R$ 0,85
D2   Little League Chew  5 remaining   R$ 0,95
D3   Chiclets            5 remaining   R$ 0,75
D4   Triplemint          5 remaining   R$ 0,75
e_volta_menu: Retornando ao menu principal
menu_principal: Exibindo menu principal
menu_principal: Exibindo menu principal
menu_principal: Exibindo menu principal
e_escolhe_opcao2: Ir para menu de compra
menu_compra_inicio: Entrando no menu de compra
menu_compra: Entrou no menu de compra
e_escolhe_opcao3: Escolhendo a opcao 3
finaliza_acao: Finalizou acao
e_devolve_troco: Devolvendo troco
e_devolve_troco: Devolvendo troco: 0 quarters, 0 dimes, 0 nickels
menu_principal: Exibindo menu principal
menu_principal: Exibindo menu principal
e_escolhe_opcao3: Salvar relatÃ³rio de vendas
encerrar: PÃ³s-finalizaÃ§Ã£o
e_salva_sales_report: Confirmando geraÃ§Ã£o do relatÃ³rio
e_finalizar_programa: Encerrando aplicaÃ§Ã£o
fim: AplicaÃ§Ã£o encerrada
]]></system-out>
  </testcase>
  <testcase name="Teste100" classname="com.techelevator.TesteMaquinaVendasEdgeCoverage" time="0.007">
    <system-out><![CDATA[e_restart: Reiniciando sistema
menu_principal: Exibindo menu principal
e_escolhe_opcao2: Ir para menu de compra
menu_compra_inicio: Entrando no menu de compra
menu_compra: Entrou no menu de compra
e_escolhe_opcao2: Escolhendo a opcao 2
espera_produto: Esperando produto
e_insere_codigo: Inserindo codigo correto: A3 e o preÃ§o do produto e R$ 2,75
verifica_disponibilidade: Verifica disponibilidade
e_produto_disponivel: Verificando se Produto disponivel: 5
verifica_saldo: Verifica se saldo e suficiente
e_verifica_saldo_insuficiente: Verificando que saldo insuficiente sintetico: R$ 0,05 do original R$ 0,00 para preco de produto R$ 2,75
menu_compra: Entrou no menu de compra
menu_compra: Entrou no menu de compra
menu_compra: Entrou no menu de compra
e_escolhe_opcao1: Escolhendo a opcao 1
espera_moeda: Espera moeda
e_insere_quantia: Inserindo quantia valida de R$ 10,00
menu_compra: Entrou no menu de compra
menu_compra: Entrou no menu de compra
menu_compra: Entrou no menu de compra
e_escolhe_opcao1: Escolhendo a opcao 1
espera_moeda: Espera moeda
e_insere_quantia: Inserindo quantia valida de R$ 10,00
menu_compra: Entrou no menu de compra
e_escolhe_opcao1: Escolhendo a opcao 1
espera_moeda: Espera moeda
e_insere_quantia: Inserindo quantia valida de R$ 10,00
menu_compra: Entrou no menu de compra
e_escolhe_opcao1: Escolhendo a opcao 1
espera_moeda: Espera moeda
e_insere_quantia: Inserindo quantia valida de R$ 10,00
menu_compra: Entrou no menu de compra
e_escolhe_opcao3: Escolhendo a opcao 3
finaliza_acao: Finalizou acao
e_devolve_troco: Devolvendo troco
e_devolve_troco: Devolvendo troco: 160 quarters, 0 dimes, 0 nickels
menu_principal: Exibindo menu principal
menu_principal: Exibindo menu principal
e_escolhe_opcao3: Salvar relatÃ³rio de vendas
encerrar: PÃ³s-finalizaÃ§Ã£o
e_salva_sales_report: Confirmando geraÃ§Ã£o do relatÃ³rio
e_finalizar_programa: Encerrando aplicaÃ§Ã£o
fim: AplicaÃ§Ã£o encerrada
]]></system-out>
  </testcase>
  <testcase name="Teste101" classname="com.techelevator.TesteMaquinaVendasEdgeCoverage" time="0.028">
    <system-out><![CDATA[e_restart: Reiniciando sistema
menu_principal: Exibindo menu principal
e_escolhe_opcao1: Exibir inventÃ¡rio
A1   Potato Crisps       5 remaining   R$ 3,05
A2   Stackers            5 remaining   R$ 1,45
A3   Grain Waves         5 remaining   R$ 2,75
A4   Cloud Popcorn       5 remaining   R$ 3,65
B1   Moonpie             5 remaining   R$ 1,80
B2   Cowtales            5 remaining   R$ 1,50
B3   Wonka Bar           5 remaining   R$ 1,50
B4   Crunchie            5 remaining   R$ 1,75
C1   Cola                5 remaining   R$ 1,25
C2   Dr. Salt            5 remaining   R$ 1,50
C3   Mountain Melter     5 remaining   R$ 1,50
C4   Heavy               5 remaining   R$ 1,50
D1   U-Chews             5 remaining   R$ 0,85
D2   Little League Chew  5 remaining   R$ 0,95
D3   Chiclets            5 remaining   R$ 0,75
D4   Triplemint          5 remaining   R$ 0,75
exibir_itens: Listando novamente os itens
A1   Potato Crisps       5 remaining   R$ 3,05
A2   Stackers            5 remaining   R$ 1,45
A3   Grain Waves         5 remaining   R$ 2,75
A4   Cloud Popcorn       5 remaining   R$ 3,65
B1   Moonpie             5 remaining   R$ 1,80
B2   Cowtales            5 remaining   R$ 1,50
B3   Wonka Bar           5 remaining   R$ 1,50
B4   Crunchie            5 remaining   R$ 1,75
C1   Cola                5 remaining   R$ 1,25
C2   Dr. Salt            5 remaining   R$ 1,50
C3   Mountain Melter     5 remaining   R$ 1,50
C4   Heavy               5 remaining   R$ 1,50
D1   U-Chews             5 remaining   R$ 0,85
D2   Little League Chew  5 remaining   R$ 0,95
D3   Chiclets            5 remaining   R$ 0,75
D4   Triplemint          5 remaining   R$ 0,75
e_volta_menu: Retornando ao menu principal
menu_principal: Exibindo menu principal
menu_principal: Exibindo menu principal
menu_principal: Exibindo menu principal
e_escolhe_opcao3: Salvar relatÃ³rio de vendas
encerrar: PÃ³s-finalizaÃ§Ã£o
e_salva_sales_report: Confirmando geraÃ§Ã£o do relatÃ³rio
e_finalizar_programa: Encerrando aplicaÃ§Ã£o
fim: AplicaÃ§Ã£o encerrada
]]></system-out>
  </testcase>
  <testcase name="Teste102" classname="com.techelevator.TesteMaquinaVendasEdgeCoverage" time="0.101">
    <system-out><![CDATA[e_restart: Reiniciando sistema
menu_principal: Exibindo menu principal
e_escolhe_opcao1: Exibir inventÃ¡rio
A1   Potato Crisps       5 remaining   R$ 3,05
A2   Stackers            5 remaining   R$ 1,45
A3   Grain Waves         5 remaining   R$ 2,75
A4   Cloud Popcorn       5 remaining   R$ 3,65
B1   Moonpie             5 remaining   R$ 1,80
B2   Cowtales            5 remaining   R$ 1,50
B3   Wonka Bar           5 remaining   R$ 1,50
B4   Crunchie            5 remaining   R$ 1,75
C1   Cola                5 remaining   R$ 1,25
C2   Dr. Salt            5 remaining   R$ 1,50
C3   Mountain Melter     5 remaining   R$ 1,50
C4   Heavy               5 remaining   R$ 1,50
D1   U-Chews             5 remaining   R$ 0,85
D2   Little League Chew  5 remaining   R$ 0,95
D3   Chiclets            5 remaining   R$ 0,75
D4   Triplemint          5 remaining   R$ 0,75
exibir_itens: Listando novamente os itens
A1   Potato Crisps       5 remaining   R$ 3,05
A2   Stackers            5 remaining   R$ 1,45
A3   Grain Waves         5 remaining   R$ 2,75
A4   Cloud Popcorn       5 remaining   R$ 3,65
B1   Moonpie             5 remaining   R$ 1,80
B2   Cowtales            5 remaining   R$ 1,50
B3   Wonka Bar           5 remaining   R$ 1,50
B4   Crunchie            5 remaining   R$ 1,75
C1   Cola                5 remaining   R$ 1,25
C2   Dr. Salt            5 remaining   R$ 1,50
C3   Mountain Melter     5 remaining   R$ 1,50
C4   Heavy               5 remaining   R$ 1,50
D1   U-Chews             5 remaining   R$ 0,85
D2   Little League Chew  5 remaining   R$ 0,95
D3   Chiclets            5 remaining   R$ 0,75
D4   Triplemint          5 remaining   R$ 0,75
e_volta_menu: Retornando ao menu principal
menu_principal: Exibindo menu principal
menu_principal: Exibindo menu principal
menu_principal: Exibindo menu principal
e_escolhe_opcao1: Exibir inventÃ¡rio
A1   Potato Crisps       5 remaining   R$ 3,05
A2   Stackers            5 remaining   R$ 1,45
A3   Grain Waves         5 remaining   R$ 2,75
A4   Cloud Popcorn       5 remaining   R$ 3,65
B1   Moonpie             5 remaining   R$ 1,80
B2   Cowtales            5 remaining   R$ 1,50
B3   Wonka Bar           5 remaining   R$ 1,50
B4   Crunchie            5 remaining   R$ 1,75
C1   Cola                5 remaining   R$ 1,25
C2   Dr. Salt            5 remaining   R$ 1,50
C3   Mountain Melter     5 remaining   R$ 1,50
C4   Heavy               5 remaining   R$ 1,50
D1   U-Chews             5 remaining   R$ 0,85
D2   Little League Chew  5 remaining   R$ 0,95
D3   Chiclets            5 remaining   R$ 0,75
D4   Triplemint          5 remaining   R$ 0,75
exibir_itens: Listando novamente os itens
A1   Potato Crisps       5 remaining   R$ 3,05
A2   Stackers            5 remaining   R$ 1,45
A3   Grain Waves         5 remaining   R$ 2,75
A4   Cloud Popcorn       5 remaining   R$ 3,65
B1   Moonpie             5 remaining   R$ 1,80
B2   Cowtales            5 remaining   R$ 1,50
B3   Wonka Bar           5 remaining   R$ 1,50
B4   Crunchie            5 remaining   R$ 1,75
C1   Cola                5 remaining   R$ 1,25
C2   Dr. Salt            5 remaining   R$ 1,50
C3   Mountain Melter     5 remaining   R$ 1,50
C4   Heavy               5 remaining   R$ 1,50
D1   U-Chews             5 remaining   R$ 0,85
D2   Little League Chew  5 remaining   R$ 0,95
D3   Chiclets            5 remaining   R$ 0,75
D4   Triplemint          5 remaining   R$ 0,75
e_volta_menu: Retornando ao menu principal
menu_principal: Exibindo menu principal
menu_principal: Exibindo menu principal
menu_principal: Exibindo menu principal
e_escolhe_opcao1: Exibir inventÃ¡rio
A1   Potato Crisps       5 remaining   R$ 3,05
A2   Stackers            5 remaining   R$ 1,45
A3   Grain Waves         5 remaining   R$ 2,75
A4   Cloud Popcorn       5 remaining   R$ 3,65
B1   Moonpie             5 remaining   R$ 1,80
B2   Cowtales            5 remaining   R$ 1,50
B3   Wonka Bar           5 remaining   R$ 1,50
B4   Crunchie            5 remaining   R$ 1,75
C1   Cola                5 remaining   R$ 1,25
C2   Dr. Salt            5 remaining   R$ 1,50
C3   Mountain Melter     5 remaining   R$ 1,50
C4   Heavy               5 remaining   R$ 1,50
D1   U-Chews             5 remaining   R$ 0,85
D2   Little League Chew  5 remaining   R$ 0,95
D3   Chiclets            5 remaining   R$ 0,75
D4   Triplemint          5 remaining   R$ 0,75
exibir_itens: Listando novamente os itens
A1   Potato Crisps       5 remaining   R$ 3,05
A2   Stackers            5 remaining   R$ 1,45
A3   Grain Waves         5 remaining   R$ 2,75
A4   Cloud Popcorn       5 remaining   R$ 3,65
B1   Moonpie             5 remaining   R$ 1,80
B2   Cowtales            5 remaining   R$ 1,50
B3   Wonka Bar           5 remaining   R$ 1,50
B4   Crunchie            5 remaining   R$ 1,75
C1   Cola                5 remaining   R$ 1,25
C2   Dr. Salt            5 remaining   R$ 1,50
C3   Mountain Melter     5 remaining   R$ 1,50
C4   Heavy               5 remaining   R$ 1,50
D1   U-Chews             5 remaining   R$ 0,85
D2   Little League Chew  5 remaining   R$ 0,95
D3   Chiclets            5 remaining   R$ 0,75
D4   Triplemint          5 remaining   R$ 0,75
e_volta_menu: Retornando ao menu principal
menu_principal: Exibindo menu principal
menu_principal: Exibindo menu principal
menu_principal: Exibindo menu principal
e_escolhe_opcao3: Salvar relatÃ³rio de vendas
encerrar: PÃ³s-finalizaÃ§Ã£o
e_salva_sales_report: Confirmando geraÃ§Ã£o do relatÃ³rio
e_finalizar_programa: Encerrando aplicaÃ§Ã£o
fim: AplicaÃ§Ã£o encerrada
]]></system-out>
  </testcase>
  <testcase name="Teste103" classname="com.techelevator.TesteMaquinaVendasEdgeCoverage" time="0.038">
    <system-out><![CDATA[e_restart: Reiniciando sistema
menu_principal: Exibindo menu principal
e_escolhe_opcao1: Exibir inventÃ¡rio
A1   Potato Crisps       5 remaining   R$ 3,05
A2   Stackers            5 remaining   R$ 1,45
A3   Grain Waves         5 remaining   R$ 2,75
A4   Cloud Popcorn       5 remaining   R$ 3,65
B1   Moonpie             5 remaining   R$ 1,80
B2   Cowtales            5 remaining   R$ 1,50
B3   Wonka Bar           5 remaining   R$ 1,50
B4   Crunchie            5 remaining   R$ 1,75
C1   Cola                5 remaining   R$ 1,25
C2   Dr. Salt            5 remaining   R$ 1,50
C3   Mountain Melter     5 remaining   R$ 1,50
C4   Heavy               5 remaining   R$ 1,50
D1   U-Chews             5 remaining   R$ 0,85
D2   Little League Chew  5 remaining   R$ 0,95
D3   Chiclets            5 remaining   R$ 0,75
D4   Triplemint          5 remaining   R$ 0,75
exibir_itens: Listando novamente os itens
A1   Potato Crisps       5 remaining   R$ 3,05
A2   Stackers            5 remaining   R$ 1,45
A3   Grain Waves         5 remaining   R$ 2,75
A4   Cloud Popcorn       5 remaining   R$ 3,65
B1   Moonpie             5 remaining   R$ 1,80
B2   Cowtales            5 remaining   R$ 1,50
B3   Wonka Bar           5 remaining   R$ 1,50
B4   Crunchie            5 remaining   R$ 1,75
C1   Cola                5 remaining   R$ 1,25
C2   Dr. Salt            5 remaining   R$ 1,50
C3   Mountain Melter     5 remaining   R$ 1,50
C4   Heavy               5 remaining   R$ 1,50
D1   U-Chews             5 remaining   R$ 0,85
D2   Little League Chew  5 remaining   R$ 0,95
D3   Chiclets            5 remaining   R$ 0,75
D4   Triplemint          5 remaining   R$ 0,75
e_volta_menu: Retornando ao menu principal
menu_principal: Exibindo menu principal
menu_principal: Exibindo menu principal
menu_principal: Exibindo menu principal
e_escolhe_opcao3: Salvar relatÃ³rio de vendas
encerrar: PÃ³s-finalizaÃ§Ã£o
e_salva_sales_report: Confirmando geraÃ§Ã£o do relatÃ³rio
e_finalizar_programa: Encerrando aplicaÃ§Ã£o
fim: AplicaÃ§Ã£o encerrada
]]></system-out>
  </testcase>
  <testcase name="Teste104" classname="com.techelevator.TesteMaquinaVendasEdgeCoverage" time="0.027">
    <system-out><![CDATA[e_restart: Reiniciando sistema
menu_principal: Exibindo menu principal
e_escolhe_opcao1: Exibir inventÃ¡rio
A1   Potato Crisps       5 remaining   R$ 3,05
A2   Stackers            5 remaining   R$ 1,45
A3   Grain Waves         5 remaining   R$ 2,75
A4   Cloud Popcorn       5 remaining   R$ 3,65
B1   Moonpie             5 remaining   R$ 1,80
B2   Cowtales            5 remaining   R$ 1,50
B3   Wonka Bar           5 remaining   R$ 1,50
B4   Crunchie            5 remaining   R$ 1,75
C1   Cola                5 remaining   R$ 1,25
C2   Dr. Salt            5 remaining   R$ 1,50
C3   Mountain Melter     5 remaining   R$ 1,50
C4   Heavy               5 remaining   R$ 1,50
D1   U-Chews             5 remaining   R$ 0,85
D2   Little League Chew  5 remaining   R$ 0,95
D3   Chiclets            5 remaining   R$ 0,75
D4   Triplemint          5 remaining   R$ 0,75
exibir_itens: Listando novamente os itens
A1   Potato Crisps       5 remaining   R$ 3,05
A2   Stackers            5 remaining   R$ 1,45
A3   Grain Waves         5 remaining   R$ 2,75
A4   Cloud Popcorn       5 remaining   R$ 3,65
B1   Moonpie             5 remaining   R$ 1,80
B2   Cowtales            5 remaining   R$ 1,50
B3   Wonka Bar           5 remaining   R$ 1,50
B4   Crunchie            5 remaining   R$ 1,75
C1   Cola                5 remaining   R$ 1,25
C2   Dr. Salt            5 remaining   R$ 1,50
C3   Mountain Melter     5 remaining   R$ 1,50
C4   Heavy               5 remaining   R$ 1,50
D1   U-Chews             5 remaining   R$ 0,85
D2   Little League Chew  5 remaining   R$ 0,95
D3   Chiclets            5 remaining   R$ 0,75
D4   Triplemint          5 remaining   R$ 0,75
e_volta_menu: Retornando ao menu principal
menu_principal: Exibindo menu principal
menu_principal: Exibindo menu principal
menu_principal: Exibindo menu principal
e_escolhe_opcao3: Salvar relatÃ³rio de vendas
encerrar: PÃ³s-finalizaÃ§Ã£o
e_salva_sales_report: Confirmando geraÃ§Ã£o do relatÃ³rio
e_finalizar_programa: Encerrando aplicaÃ§Ã£o
fim: AplicaÃ§Ã£o encerrada
]]></system-out>
  </testcase>
  <testcase name="Teste105" classname="com.techelevator.TesteMaquinaVendasEdgeCoverage" time="0.0">
    <system-out><![CDATA[e_restart: Reiniciando sistema
menu_principal: Exibindo menu principal
e_escolhe_opcao3: Salvar relatÃ³rio de vendas
encerrar: PÃ³s-finalizaÃ§Ã£o
e_salva_sales_report: Confirmando geraÃ§Ã£o do relatÃ³rio
e_finalizar_programa: Encerrando aplicaÃ§Ã£o
fim: AplicaÃ§Ã£o encerrada
]]></system-out>
  </testcase>
  <testcase name="Teste106" classname="com.techelevator.TesteMaquinaVendasEdgeCoverage" time="0.006">
    <system-out><![CDATA[e_restart: Reiniciando sistema
menu_principal: Exibindo menu principal
e_escolhe_opcao3: Salvar relatÃ³rio de vendas
encerrar: PÃ³s-finalizaÃ§Ã£o
e_salva_sales_report: Confirmando geraÃ§Ã£o do relatÃ³rio
e_finalizar_programa: Encerrando aplicaÃ§Ã£o
fim: AplicaÃ§Ã£o encerrada
]]></system-out>
  </testcase>
  <testcase name="Teste107" classname="com.techelevator.TesteMaquinaVendasEdgeCoverage" time="0.036">
    <system-out><![CDATA[e_restart: Reiniciando sistema
menu_principal: Exibindo menu principal
e_escolhe_opcao1: Exibir inventÃ¡rio
A1   Potato Crisps       5 remaining   R$ 3,05
A2   Stackers            5 remaining   R$ 1,45
A3   Grain Waves         5 remaining   R$ 2,75
A4   Cloud Popcorn       5 remaining   R$ 3,65
B1   Moonpie             5 remaining   R$ 1,80
B2   Cowtales            5 remaining   R$ 1,50
B3   Wonka Bar           5 remaining   R$ 1,50
B4   Crunchie            5 remaining   R$ 1,75
C1   Cola                5 remaining   R$ 1,25
C2   Dr. Salt            5 remaining   R$ 1,50
C3   Mountain Melter     5 remaining   R$ 1,50
C4   Heavy               5 remaining   R$ 1,50
D1   U-Chews             5 remaining   R$ 0,85
D2   Little League Chew  5 remaining   R$ 0,95
D3   Chiclets            5 remaining   R$ 0,75
D4   Triplemint          5 remaining   R$ 0,75
exibir_itens: Listando novamente os itens
A1   Potato Crisps       5 remaining   R$ 3,05
A2   Stackers            5 remaining   R$ 1,45
A3   Grain Waves         5 remaining   R$ 2,75
A4   Cloud Popcorn       5 remaining   R$ 3,65
B1   Moonpie             5 remaining   R$ 1,80
B2   Cowtales            5 remaining   R$ 1,50
B3   Wonka Bar           5 remaining   R$ 1,50
B4   Crunchie            5 remaining   R$ 1,75
C1   Cola                5 remaining   R$ 1,25
C2   Dr. Salt            5 remaining   R$ 1,50
C3   Mountain Melter     5 remaining   R$ 1,50
C4   Heavy               5 remaining   R$ 1,50
D1   U-Chews             5 remaining   R$ 0,85
D2   Little League Chew  5 remaining   R$ 0,95
D3   Chiclets            5 remaining   R$ 0,75
D4   Triplemint          5 remaining   R$ 0,75
e_volta_menu: Retornando ao menu principal
menu_principal: Exibindo menu principal
e_escolhe_opcao2: Ir para menu de compra
menu_compra_inicio: Entrando no menu de compra
menu_compra: Entrou no menu de compra
e_escolhe_opcao2: Escolhendo a opcao 2
espera_produto: Esperando produto
e_insere_codigo_incorreto: Inserindo codigo incorreto: Z3
menu_compra: Entrou no menu de compra
e_escolhe_opcao2: Escolhendo a opcao 2
espera_produto: Esperando produto
e_insere_codigo_incorreto: Inserindo codigo incorreto: Z3
menu_compra: Entrou no menu de compra
e_escolhe_opcao2: Escolhendo a opcao 2
espera_produto: Esperando produto
e_insere_codigo: Inserindo codigo correto: A3 e o preÃ§o do produto e R$ 2,75
verifica_disponibilidade: Verifica disponibilidade
e_produto_disponivel: Verificando se Produto disponivel: 5
verifica_saldo: Verifica se saldo e suficiente
e_verifica_saldo_insuficiente: Verificando que saldo insuficiente sintetico: R$ 0,05 do original R$ 0,00 para preco de produto R$ 2,75
menu_compra: Entrou no menu de compra
e_escolhe_opcao1: Escolhendo a opcao 1
espera_moeda: Espera moeda
e_insere_quantia: Inserindo quantia valida de R$ 10,00
menu_compra: Entrou no menu de compra
e_escolhe_opcao1: Escolhendo a opcao 1
espera_moeda: Espera moeda
e_insere_quantia: Inserindo quantia valida de R$ 10,00
menu_compra: Entrou no menu de compra
e_escolhe_opcao1: Escolhendo a opcao 1
espera_moeda: Espera moeda
e_insere_quantia_invalida: Inserindo quantia invalida de R$ 50,00
menu_compra: Entrou no menu de compra
e_escolhe_opcao2: Escolhendo a opcao 2
espera_produto: Esperando produto
e_insere_codigo_incorreto: Inserindo codigo incorreto: Z3
menu_compra: Entrou no menu de compra
menu_compra: Entrou no menu de compra
menu_compra: Entrou no menu de compra
e_escolhe_opcao1: Escolhendo a opcao 1
espera_moeda: Espera moeda
e_insere_quantia_invalida: Inserindo quantia invalida de R$ 50,00
menu_compra: Entrou no menu de compra
e_escolhe_opcao2: Escolhendo a opcao 2
espera_produto: Esperando produto
e_insere_codigo_incorreto: Inserindo codigo incorreto: Z3
menu_compra: Entrou no menu de compra
menu_compra: Entrou no menu de compra
menu_compra: Entrou no menu de compra
e_escolhe_opcao1: Escolhendo a opcao 1
espera_moeda: Espera moeda
e_insere_quantia: Inserindo quantia valida de R$ 10,00
menu_compra: Entrou no menu de compra
e_escolhe_opcao3: Escolhendo a opcao 3
finaliza_acao: Finalizou acao
e_devolve_troco: Devolvendo troco
e_devolve_troco: Devolvendo troco: 120 quarters, 0 dimes, 0 nickels
menu_principal: Exibindo menu principal
menu_principal: Exibindo menu principal
e_escolhe_opcao2: Ir para menu de compra
menu_compra_inicio: Entrando no menu de compra
menu_compra: Entrou no menu de compra
e_escolhe_opcao1: Escolhendo a opcao 1
espera_moeda: Espera moeda
e_insere_quantia_invalida: Inserindo quantia invalida de R$ 50,00
menu_compra: Entrou no menu de compra
e_escolhe_opcao3: Escolhendo a opcao 3
finaliza_acao: Finalizou acao
e_devolve_troco: Devolvendo troco
e_devolve_troco: Devolvendo troco: 0 quarters, 0 dimes, 0 nickels
menu_principal: Exibindo menu principal
menu_principal: Exibindo menu principal
e_escolhe_opcao3: Salvar relatÃ³rio de vendas
encerrar: PÃ³s-finalizaÃ§Ã£o
e_salva_sales_report: Confirmando geraÃ§Ã£o do relatÃ³rio
e_finalizar_programa: Encerrando aplicaÃ§Ã£o
fim: AplicaÃ§Ã£o encerrada
]]></system-out>
  </testcase>
  <testcase name="Teste108" classname="com.techelevator.TesteMaquinaVendasEdgeCoverage" time="0.005">
    <system-out><![CDATA[e_restart: Reiniciando sistema
menu_principal: Exibindo menu principal
menu_principal: Exibindo menu principal
menu_principal: Exibindo menu principal
e_escolhe_opcao3: Salvar relatÃ³rio de vendas
encerrar: PÃ³s-finalizaÃ§Ã£o
e_salva_sales_report: Confirmando geraÃ§Ã£o do relatÃ³rio
e_finalizar_programa: Encerrando aplicaÃ§Ã£o
fim: AplicaÃ§Ã£o encerrada
]]></system-out>
  </testcase>
  <testcase name="Teste109" classname="com.techelevator.TesteMaquinaVendasEdgeCoverage" time="0.0">
    <system-out><![CDATA[e_restart: Reiniciando sistema
menu_principal: Exibindo menu principal
e_escolhe_opcao3: Salvar relatÃ³rio de vendas
encerrar: PÃ³s-finalizaÃ§Ã£o
e_salva_sales_report: Confirmando geraÃ§Ã£o do relatÃ³rio
e_finalizar_programa: Encerrando aplicaÃ§Ã£o
fim: AplicaÃ§Ã£o encerrada
]]></system-out>
  </testcase>
  <testcase name="Teste110" classname="com.techelevator.TesteMaquinaVendasEdgeCoverage" time="0.014">
    <system-out><![CDATA[e_restart: Reiniciando sistema
menu_principal: Exibindo menu principal
menu_principal: Exibindo menu principal
menu_principal: Exibindo menu principal
e_escolhe_opcao3: Salvar relatÃ³rio de vendas
encerrar: PÃ³s-finalizaÃ§Ã£o
e_salva_sales_report: Confirmando geraÃ§Ã£o do relatÃ³rio
e_finalizar_programa: Encerrando aplicaÃ§Ã£o
fim: AplicaÃ§Ã£o encerrada
]]></system-out>
  </testcase>
  <testcase name="Teste111" classname="com.techelevator.TesteMaquinaVendasEdgeCoverage" time="0.035">
    <system-out><![CDATA[e_restart: Reiniciando sistema
menu_principal: Exibindo menu principal
menu_principal: Exibindo menu principal
menu_principal: Exibindo menu principal
e_escolhe_opcao1: Exibir inventÃ¡rio
A1   Potato Crisps       5 remaining   R$ 3,05
A2   Stackers            5 remaining   R$ 1,45
A3   Grain Waves         5 remaining   R$ 2,75
A4   Cloud Popcorn       5 remaining   R$ 3,65
B1   Moonpie             5 remaining   R$ 1,80
B2   Cowtales            5 remaining   R$ 1,50
B3   Wonka Bar           5 remaining   R$ 1,50
B4   Crunchie            5 remaining   R$ 1,75
C1   Cola                5 remaining   R$ 1,25
C2   Dr. Salt            5 remaining   R$ 1,50
C3   Mountain Melter     5 remaining   R$ 1,50
C4   Heavy               5 remaining   R$ 1,50
D1   U-Chews             5 remaining   R$ 0,85
D2   Little League Chew  5 remaining   R$ 0,95
D3   Chiclets            5 remaining   R$ 0,75
D4   Triplemint          5 remaining   R$ 0,75
exibir_itens: Listando novamente os itens
A1   Potato Crisps       5 remaining   R$ 3,05
A2   Stackers            5 remaining   R$ 1,45
A3   Grain Waves         5 remaining   R$ 2,75
A4   Cloud Popcorn       5 remaining   R$ 3,65
B1   Moonpie             5 remaining   R$ 1,80
B2   Cowtales            5 remaining   R$ 1,50
B3   Wonka Bar           5 remaining   R$ 1,50
B4   Crunchie            5 remaining   R$ 1,75
C1   Cola                5 remaining   R$ 1,25
C2   Dr. Salt            5 remaining   R$ 1,50
C3   Mountain Melter     5 remaining   R$ 1,50
C4   Heavy               5 remaining   R$ 1,50
D1   U-Chews             5 remaining   R$ 0,85
D2   Little League Chew  5 remaining   R$ 0,95
D3   Chiclets            5 remaining   R$ 0,75
D4   Triplemint          5 remaining   R$ 0,75
e_volta_menu: Retornando ao menu principal
menu_principal: Exibindo menu principal
e_escolhe_opcao3: Salvar relatÃ³rio de vendas
encerrar: PÃ³s-finalizaÃ§Ã£o
e_salva_sales_report: Confirmando geraÃ§Ã£o do relatÃ³rio
e_finalizar_programa: Encerrando aplicaÃ§Ã£o
fim: AplicaÃ§Ã£o encerrada
]]></system-out>
  </testcase>
  <testcase name="Teste112" classname="com.techelevator.TesteMaquinaVendasEdgeCoverage" time="0.035">
    <system-out><![CDATA[e_restart: Reiniciando sistema
menu_principal: Exibindo menu principal
menu_principal: Exibindo menu principal
menu_principal: Exibindo menu principal
e_escolhe_opcao2: Ir para menu de compra
menu_compra_inicio: Entrando no menu de compra
menu_compra: Entrou no menu de compra
e_escolhe_opcao3: Escolhendo a opcao 3
finaliza_acao: Finalizou acao
e_devolve_troco: Devolvendo troco
e_devolve_troco: Devolvendo troco: 0 quarters, 0 dimes, 0 nickels
menu_principal: Exibindo menu principal
menu_principal: Exibindo menu principal
e_escolhe_opcao1: Exibir inventÃ¡rio
A1   Potato Crisps       5 remaining   R$ 3,05
A2   Stackers            5 remaining   R$ 1,45
A3   Grain Waves         5 remaining   R$ 2,75
A4   Cloud Popcorn       5 remaining   R$ 3,65
B1   Moonpie             5 remaining   R$ 1,80
B2   Cowtales            5 remaining   R$ 1,50
B3   Wonka Bar           5 remaining   R$ 1,50
B4   Crunchie            5 remaining   R$ 1,75
C1   Cola                5 remaining   R$ 1,25
C2   Dr. Salt            5 remaining   R$ 1,50
C3   Mountain Melter     5 remaining   R$ 1,50
C4   Heavy               5 remaining   R$ 1,50
D1   U-Chews             5 remaining   R$ 0,85
D2   Little League Chew  5 remaining   R$ 0,95
D3   Chiclets            5 remaining   R$ 0,75
D4   Triplemint          5 remaining   R$ 0,75
exibir_itens: Listando novamente os itens
A1   Potato Crisps       5 remaining   R$ 3,05
A2   Stackers            5 remaining   R$ 1,45
A3   Grain Waves         5 remaining   R$ 2,75
A4   Cloud Popcorn       5 remaining   R$ 3,65
B1   Moonpie             5 remaining   R$ 1,80
B2   Cowtales            5 remaining   R$ 1,50
B3   Wonka Bar           5 remaining   R$ 1,50
B4   Crunchie            5 remaining   R$ 1,75
C1   Cola                5 remaining   R$ 1,25
C2   Dr. Salt            5 remaining   R$ 1,50
C3   Mountain Melter     5 remaining   R$ 1,50
C4   Heavy               5 remaining   R$ 1,50
D1   U-Chews             5 remaining   R$ 0,85
D2   Little League Chew  5 remaining   R$ 0,95
D3   Chiclets            5 remaining   R$ 0,75
D4   Triplemint          5 remaining   R$ 0,75
e_volta_menu: Retornando ao menu principal
menu_principal: Exibindo menu principal
menu_principal: Exibindo menu principal
menu_principal: Exibindo menu principal
e_escolhe_opcao1: Exibir inventÃ¡rio
A1   Potato Crisps       5 remaining   R$ 3,05
A2   Stackers            5 remaining   R$ 1,45
A3   Grain Waves         5 remaining   R$ 2,75
A4   Cloud Popcorn       5 remaining   R$ 3,65
B1   Moonpie             5 remaining   R$ 1,80
B2   Cowtales            5 remaining   R$ 1,50
B3   Wonka Bar           5 remaining   R$ 1,50
B4   Crunchie            5 remaining   R$ 1,75
C1   Cola                5 remaining   R$ 1,25
C2   Dr. Salt            5 remaining   R$ 1,50
C3   Mountain Melter     5 remaining   R$ 1,50
C4   Heavy               5 remaining   R$ 1,50
D1   U-Chews             5 remaining   R$ 0,85
D2   Little League Chew  5 remaining   R$ 0,95
D3   Chiclets            5 remaining   R$ 0,75
D4   Triplemint          5 remaining   R$ 0,75
exibir_itens: Listando novamente os itens
A1   Potato Crisps       5 remaining   R$ 3,05
A2   Stackers            5 remaining   R$ 1,45
A3   Grain Waves         5 remaining   R$ 2,75
A4   Cloud Popcorn       5 remaining   R$ 3,65
B1   Moonpie             5 remaining   R$ 1,80
B2   Cowtales            5 remaining   R$ 1,50
B3   Wonka Bar           5 remaining   R$ 1,50
B4   Crunchie            5 remaining   R$ 1,75
C1   Cola                5 remaining   R$ 1,25
C2   Dr. Salt            5 remaining   R$ 1,50
C3   Mountain Melter     5 remaining   R$ 1,50
C4   Heavy               5 remaining   R$ 1,50
D1   U-Chews             5 remaining   R$ 0,85
D2   Little League Chew  5 remaining   R$ 0,95
D3   Chiclets            5 remaining   R$ 0,75
D4   Triplemint          5 remaining   R$ 0,75
e_volta_menu: Retornando ao menu principal
menu_principal: Exibindo menu principal
e_escolhe_opcao3: Salvar relatÃ³rio de vendas
encerrar: PÃ³s-finalizaÃ§Ã£o
e_salva_sales_report: Confirmando geraÃ§Ã£o do relatÃ³rio
e_finalizar_programa: Encerrando aplicaÃ§Ã£o
fim: AplicaÃ§Ã£o encerrada
]]></system-out>
  </testcase>
  <testcase name="Teste113" classname="com.techelevator.TesteMaquinaVendasEdgeCoverage" time="0.0">
    <system-out><![CDATA[e_restart: Reiniciando sistema
menu_principal: Exibindo menu principal
e_escolhe_opcao3: Salvar relatÃ³rio de vendas
encerrar: PÃ³s-finalizaÃ§Ã£o
e_salva_sales_report: Confirmando geraÃ§Ã£o do relatÃ³rio
e_finalizar_programa: Encerrando aplicaÃ§Ã£o
fim: AplicaÃ§Ã£o encerrada
]]></system-out>
  </testcase>
  <testcase name="Teste114" classname="com.techelevator.TesteMaquinaVendasEdgeCoverage" time="0.042">
    <system-out><![CDATA[e_restart: Reiniciando sistema
menu_principal: Exibindo menu principal
e_escolhe_opcao1: Exibir inventÃ¡rio
A1   Potato Crisps       5 remaining   R$ 3,05
A2   Stackers            5 remaining   R$ 1,45
A3   Grain Waves         5 remaining   R$ 2,75
A4   Cloud Popcorn       5 remaining   R$ 3,65
B1   Moonpie             5 remaining   R$ 1,80
B2   Cowtales            5 remaining   R$ 1,50
B3   Wonka Bar           5 remaining   R$ 1,50
B4   Crunchie            5 remaining   R$ 1,75
C1   Cola                5 remaining   R$ 1,25
C2   Dr. Salt            5 remaining   R$ 1,50
C3   Mountain Melter     5 remaining   R$ 1,50
C4   Heavy               5 remaining   R$ 1,50
D1   U-Chews             5 remaining   R$ 0,85
D2   Little League Chew  5 remaining   R$ 0,95
D3   Chiclets            5 remaining   R$ 0,75
D4   Triplemint          5 remaining   R$ 0,75
exibir_itens: Listando novamente os itens
A1   Potato Crisps       5 remaining   R$ 3,05
A2   Stackers            5 remaining   R$ 1,45
A3   Grain Waves         5 remaining   R$ 2,75
A4   Cloud Popcorn       5 remaining   R$ 3,65
B1   Moonpie             5 remaining   R$ 1,80
B2   Cowtales            5 remaining   R$ 1,50
B3   Wonka Bar           5 remaining   R$ 1,50
B4   Crunchie            5 remaining   R$ 1,75
C1   Cola                5 remaining   R$ 1,25
C2   Dr. Salt            5 remaining   R$ 1,50
C3   Mountain Melter     5 remaining   R$ 1,50
C4   Heavy               5 remaining   R$ 1,50
D1   U-Chews             5 remaining   R$ 0,85
D2   Little League Chew  5 remaining   R$ 0,95
D3   Chiclets            5 remaining   R$ 0,75
D4   Triplemint          5 remaining   R$ 0,75
e_volta_menu: Retornando ao menu principal
menu_principal: Exibindo menu principal
e_escolhe_opcao2: Ir para menu de compra
menu_compra_inicio: Entrando no menu de compra
menu_compra: Entrou no menu de compra
e_escolhe_opcao1: Escolhendo a opcao 1
espera_moeda: Espera moeda
e_insere_quantia: Inserindo quantia valida de R$ 10,00
menu_compra: Entrou no menu de compra
menu_compra: Entrou no menu de compra
menu_compra: Entrou no menu de compra
e_escolhe_opcao2: Escolhendo a opcao 2
espera_produto: Esperando produto
e_insere_codigo: Inserindo codigo correto: A3 e o preÃ§o do produto e R$ 2,75
verifica_disponibilidade: Verifica disponibilidade
e_produto_disponivel: Verificando se Produto disponivel: 5
verifica_saldo: Verifica se saldo e suficiente
e_verifica_saldo: Verificando que saldo suficiente: R$ 10,00 para preco de produto R$ 2,75
libera_produto: Produto liberado
e_produtto_liberado: Liberando produto
menu_compra: Entrou no menu de compra
menu_compra: Entrou no menu de compra
menu_compra: Entrou no menu de compra
e_escolhe_opcao3: Escolhendo a opcao 3
finaliza_acao: Finalizou acao
e_devolve_troco: Devolvendo troco
e_devolve_troco: Devolvendo troco: 29 quarters, 0 dimes, 0 nickels
menu_principal: Exibindo menu principal
menu_principal: Exibindo menu principal
e_escolhe_opcao1: Exibir inventÃ¡rio
A1   Potato Crisps       5 remaining   R$ 3,05
A2   Stackers            5 remaining   R$ 1,45
A3   Grain Waves         5 remaining   R$ 2,75
A4   Cloud Popcorn       5 remaining   R$ 3,65
B1   Moonpie             5 remaining   R$ 1,80
B2   Cowtales            5 remaining   R$ 1,50
B3   Wonka Bar           5 remaining   R$ 1,50
B4   Crunchie            5 remaining   R$ 1,75
C1   Cola                5 remaining   R$ 1,25
C2   Dr. Salt            5 remaining   R$ 1,50
C3   Mountain Melter     5 remaining   R$ 1,50
C4   Heavy               5 remaining   R$ 1,50
D1   U-Chews             5 remaining   R$ 0,85
D2   Little League Chew  5 remaining   R$ 0,95
D3   Chiclets            5 remaining   R$ 0,75
D4   Triplemint          5 remaining   R$ 0,75
exibir_itens: Listando novamente os itens
A1   Potato Crisps       5 remaining   R$ 3,05
A2   Stackers            5 remaining   R$ 1,45
A3   Grain Waves         5 remaining   R$ 2,75
A4   Cloud Popcorn       5 remaining   R$ 3,65
B1   Moonpie             5 remaining   R$ 1,80
B2   Cowtales            5 remaining   R$ 1,50
B3   Wonka Bar           5 remaining   R$ 1,50
B4   Crunchie            5 remaining   R$ 1,75
C1   Cola                5 remaining   R$ 1,25
C2   Dr. Salt            5 remaining   R$ 1,50
C3   Mountain Melter     5 remaining   R$ 1,50
C4   Heavy               5 remaining   R$ 1,50
D1   U-Chews             5 remaining   R$ 0,85
D2   Little League Chew  5 remaining   R$ 0,95
D3   Chiclets            5 remaining   R$ 0,75
D4   Triplemint          5 remaining   R$ 0,75
e_volta_menu: Retornando ao menu principal
menu_principal: Exibindo menu principal
menu_principal: Exibindo menu principal
menu_principal: Exibindo menu principal
e_escolhe_opcao3: Salvar relatÃ³rio de vendas
encerrar: PÃ³s-finalizaÃ§Ã£o
e_salva_sales_report: Confirmando geraÃ§Ã£o do relatÃ³rio
e_finalizar_programa: Encerrando aplicaÃ§Ã£o
fim: AplicaÃ§Ã£o encerrada
]]></system-out>
  </testcase>
  <testcase name="Teste115" classname="com.techelevator.TesteMaquinaVendasEdgeCoverage" time="0.0">
    <system-out><![CDATA[e_restart: Reiniciando sistema
menu_principal: Exibindo menu principal
menu_principal: Exibindo menu principal
menu_principal: Exibindo menu principal
e_escolhe_opcao3: Salvar relatÃ³rio de vendas
encerrar: PÃ³s-finalizaÃ§Ã£o
e_salva_sales_report: Confirmando geraÃ§Ã£o do relatÃ³rio
e_finalizar_programa: Encerrando aplicaÃ§Ã£o
fim: AplicaÃ§Ã£o encerrada
]]></system-out>
  </testcase>
  <testcase name="Teste116" classname="com.techelevator.TesteMaquinaVendasEdgeCoverage" time="0.035">
    <system-out><![CDATA[e_restart: Reiniciando sistema
menu_principal: Exibindo menu principal
e_escolhe_opcao1: Exibir inventÃ¡rio
A1   Potato Crisps       5 remaining   R$ 3,05
A2   Stackers            5 remaining   R$ 1,45
A3   Grain Waves         5 remaining   R$ 2,75
A4   Cloud Popcorn       5 remaining   R$ 3,65
B1   Moonpie             5 remaining   R$ 1,80
B2   Cowtales            5 remaining   R$ 1,50
B3   Wonka Bar           5 remaining   R$ 1,50
B4   Crunchie            5 remaining   R$ 1,75
C1   Cola                5 remaining   R$ 1,25
C2   Dr. Salt            5 remaining   R$ 1,50
C3   Mountain Melter     5 remaining   R$ 1,50
C4   Heavy               5 remaining   R$ 1,50
D1   U-Chews             5 remaining   R$ 0,85
D2   Little League Chew  5 remaining   R$ 0,95
D3   Chiclets            5 remaining   R$ 0,75
D4   Triplemint          5 remaining   R$ 0,75
exibir_itens: Listando novamente os itens
A1   Potato Crisps       5 remaining   R$ 3,05
A2   Stackers            5 remaining   R$ 1,45
A3   Grain Waves         5 remaining   R$ 2,75
A4   Cloud Popcorn       5 remaining   R$ 3,65
B1   Moonpie             5 remaining   R$ 1,80
B2   Cowtales            5 remaining   R$ 1,50
B3   Wonka Bar           5 remaining   R$ 1,50
B4   Crunchie            5 remaining   R$ 1,75
C1   Cola                5 remaining   R$ 1,25
C2   Dr. Salt            5 remaining   R$ 1,50
C3   Mountain Melter     5 remaining   R$ 1,50
C4   Heavy               5 remaining   R$ 1,50
D1   U-Chews             5 remaining   R$ 0,85
D2   Little League Chew  5 remaining   R$ 0,95
D3   Chiclets            5 remaining   R$ 0,75
D4   Triplemint          5 remaining   R$ 0,75
e_volta_menu: Retornando ao menu principal
menu_principal: Exibindo menu principal
menu_principal: Exibindo menu principal
menu_principal: Exibindo menu principal
e_escolhe_opcao1: Exibir inventÃ¡rio
A1   Potato Crisps       5 remaining   R$ 3,05
A2   Stackers            5 remaining   R$ 1,45
A3   Grain Waves         5 remaining   R$ 2,75
A4   Cloud Popcorn       5 remaining   R$ 3,65
B1   Moonpie             5 remaining   R$ 1,80
B2   Cowtales            5 remaining   R$ 1,50
B3   Wonka Bar           5 remaining   R$ 1,50
B4   Crunchie            5 remaining   R$ 1,75
C1   Cola                5 remaining   R$ 1,25
C2   Dr. Salt            5 remaining   R$ 1,50
C3   Mountain Melter     5 remaining   R$ 1,50
C4   Heavy               5 remaining   R$ 1,50
D1   U-Chews             5 remaining   R$ 0,85
D2   Little League Chew  5 remaining   R$ 0,95
D3   Chiclets            5 remaining   R$ 0,75
D4   Triplemint          5 remaining   R$ 0,75
exibir_itens: Listando novamente os itens
A1   Potato Crisps       5 remaining   R$ 3,05
A2   Stackers            5 remaining   R$ 1,45
A3   Grain Waves         5 remaining   R$ 2,75
A4   Cloud Popcorn       5 remaining   R$ 3,65
B1   Moonpie             5 remaining   R$ 1,80
B2   Cowtales            5 remaining   R$ 1,50
B3   Wonka Bar           5 remaining   R$ 1,50
B4   Crunchie            5 remaining   R$ 1,75
C1   Cola                5 remaining   R$ 1,25
C2   Dr. Salt            5 remaining   R$ 1,50
C3   Mountain Melter     5 remaining   R$ 1,50
C4   Heavy               5 remaining   R$ 1,50
D1   U-Chews             5 remaining   R$ 0,85
D2   Little League Chew  5 remaining   R$ 0,95
D3   Chiclets            5 remaining   R$ 0,75
D4   Triplemint          5 remaining   R$ 0,75
e_volta_menu: Retornando ao menu principal
menu_principal: Exibindo menu principal
menu_principal: Exibindo menu principal
menu_principal: Exibindo menu principal
e_escolhe_opcao3: Salvar relatÃ³rio de vendas
encerrar: PÃ³s-finalizaÃ§Ã£o
e_salva_sales_report: Confirmando geraÃ§Ã£o do relatÃ³rio
e_finalizar_programa: Encerrando aplicaÃ§Ã£o
fim: AplicaÃ§Ã£o encerrada
]]></system-out>
  </testcase>
  <testcase name="Teste117" classname="com.techelevator.TesteMaquinaVendasEdgeCoverage" time="0.0">
    <system-out><![CDATA[e_restart: Reiniciando sistema
menu_principal: Exibindo menu principal
menu_principal: Exibindo menu principal
menu_principal: Exibindo menu principal
e_escolhe_opcao3: Salvar relatÃ³rio de vendas
encerrar: PÃ³s-finalizaÃ§Ã£o
e_salva_sales_report: Confirmando geraÃ§Ã£o do relatÃ³rio
e_finalizar_programa: Encerrando aplicaÃ§Ã£o
fim: AplicaÃ§Ã£o encerrada
]]></system-out>
  </testcase>
  <testcase name="Teste118" classname="com.techelevator.TesteMaquinaVendasEdgeCoverage" time="0.007">
    <system-out><![CDATA[e_restart: Reiniciando sistema
menu_principal: Exibindo menu principal
menu_principal: Exibindo menu principal
menu_principal: Exibindo menu principal
e_escolhe_opcao3: Salvar relatÃ³rio de vendas
encerrar: PÃ³s-finalizaÃ§Ã£o
e_salva_sales_report: Confirmando geraÃ§Ã£o do relatÃ³rio
e_finalizar_programa: Encerrando aplicaÃ§Ã£o
fim: AplicaÃ§Ã£o encerrada
]]></system-out>
  </testcase>
  <testcase name="Teste119" classname="com.techelevator.TesteMaquinaVendasEdgeCoverage" time="0.007">
    <system-out><![CDATA[e_restart: Reiniciando sistema
menu_principal: Exibindo menu principal
e_escolhe_opcao3: Salvar relatÃ³rio de vendas
encerrar: PÃ³s-finalizaÃ§Ã£o
e_salva_sales_report: Confirmando geraÃ§Ã£o do relatÃ³rio
e_finalizar_programa: Encerrando aplicaÃ§Ã£o
fim: AplicaÃ§Ã£o encerrada
]]></system-out>
  </testcase>
  <testcase name="Teste120" classname="com.techelevator.TesteMaquinaVendasEdgeCoverage" time="0.02">
    <system-out><![CDATA[e_restart: Reiniciando sistema
menu_principal: Exibindo menu principal
e_escolhe_opcao2: Ir para menu de compra
menu_compra_inicio: Entrando no menu de compra
menu_compra: Entrou no menu de compra
e_escolhe_opcao1: Escolhendo a opcao 1
espera_moeda: Espera moeda
e_insere_quantia_invalida: Inserindo quantia invalida de R$ 50,00
menu_compra: Entrou no menu de compra
e_escolhe_opcao1: Escolhendo a opcao 1
espera_moeda: Espera moeda
e_insere_quantia: Inserindo quantia valida de R$ 10,00
menu_compra: Entrou no menu de compra
menu_compra: Entrou no menu de compra
menu_compra: Entrou no menu de compra
e_escolhe_opcao1: Escolhendo a opcao 1
espera_moeda: Espera moeda
e_insere_quantia_invalida: Inserindo quantia invalida de R$ 50,00
menu_compra: Entrou no menu de compra
e_escolhe_opcao2: Escolhendo a opcao 2
espera_produto: Esperando produto
e_insere_codigo: Inserindo codigo correto: A3 e o preÃ§o do produto e R$ 2,75
verifica_disponibilidade: Verifica disponibilidade
e_produto_disponivel: Verificando se Produto disponivel: 5
verifica_saldo: Verifica se saldo e suficiente
e_verifica_saldo_insuficiente: Verificando que saldo insuficiente sintetico: R$ 0,05 do original R$ 10,00 para preco de produto R$ 2,75
menu_compra: Entrou no menu de compra
e_escolhe_opcao1: Escolhendo a opcao 1
espera_moeda: Espera moeda
e_insere_quantia_invalida: Inserindo quantia invalida de R$ 50,00
menu_compra: Entrou no menu de compra
menu_compra: Entrou no menu de compra
menu_compra: Entrou no menu de compra
e_escolhe_opcao1: Escolhendo a opcao 1
espera_moeda: Espera moeda
e_insere_quantia: Inserindo quantia valida de R$ 10,00
menu_compra: Entrou no menu de compra
e_escolhe_opcao1: Escolhendo a opcao 1
espera_moeda: Espera moeda
e_insere_quantia_invalida: Inserindo quantia invalida de R$ 50,00
menu_compra: Entrou no menu de compra
menu_compra: Entrou no menu de compra
menu_compra: Entrou no menu de compra
e_escolhe_opcao3: Escolhendo a opcao 3
finaliza_acao: Finalizou acao
e_devolve_troco: Devolvendo troco
e_devolve_troco: Devolvendo troco: 80 quarters, 0 dimes, 0 nickels
menu_principal: Exibindo menu principal
menu_principal: Exibindo menu principal
e_escolhe_opcao3: Salvar relatÃ³rio de vendas
encerrar: PÃ³s-finalizaÃ§Ã£o
e_salva_sales_report: Confirmando geraÃ§Ã£o do relatÃ³rio
e_finalizar_programa: Encerrando aplicaÃ§Ã£o
fim: AplicaÃ§Ã£o encerrada
]]></system-out>
  </testcase>
  <testcase name="Teste121" classname="com.techelevator.TesteMaquinaVendasEdgeCoverage" time="0.029">
    <system-out><![CDATA[e_restart: Reiniciando sistema
menu_principal: Exibindo menu principal
e_escolhe_opcao1: Exibir inventÃ¡rio
A1   Potato Crisps       5 remaining   R$ 3,05
A2   Stackers            5 remaining   R$ 1,45
A3   Grain Waves         5 remaining   R$ 2,75
A4   Cloud Popcorn       5 remaining   R$ 3,65
B1   Moonpie             5 remaining   R$ 1,80
B2   Cowtales            5 remaining   R$ 1,50
B3   Wonka Bar           5 remaining   R$ 1,50
B4   Crunchie            5 remaining   R$ 1,75
C1   Cola                5 remaining   R$ 1,25
C2   Dr. Salt            5 remaining   R$ 1,50
C3   Mountain Melter     5 remaining   R$ 1,50
C4   Heavy               5 remaining   R$ 1,50
D1   U-Chews             5 remaining   R$ 0,85
D2   Little League Chew  5 remaining   R$ 0,95
D3   Chiclets            5 remaining   R$ 0,75
D4   Triplemint          5 remaining   R$ 0,75
exibir_itens: Listando novamente os itens
A1   Potato Crisps       5 remaining   R$ 3,05
A2   Stackers            5 remaining   R$ 1,45
A3   Grain Waves         5 remaining   R$ 2,75
A4   Cloud Popcorn       5 remaining   R$ 3,65
B1   Moonpie             5 remaining   R$ 1,80
B2   Cowtales            5 remaining   R$ 1,50
B3   Wonka Bar           5 remaining   R$ 1,50
B4   Crunchie            5 remaining   R$ 1,75
C1   Cola                5 remaining   R$ 1,25
C2   Dr. Salt            5 remaining   R$ 1,50
C3   Mountain Melter     5 remaining   R$ 1,50
C4   Heavy               5 remaining   R$ 1,50
D1   U-Chews             5 remaining   R$ 0,85
D2   Little League Chew  5 remaining   R$ 0,95
D3   Chiclets            5 remaining   R$ 0,75
D4   Triplemint          5 remaining   R$ 0,75
e_volta_menu: Retornando ao menu principal
menu_principal: Exibindo menu principal
e_escolhe_opcao3: Salvar relatÃ³rio de vendas
encerrar: PÃ³s-finalizaÃ§Ã£o
e_salva_sales_report: Confirmando geraÃ§Ã£o do relatÃ³rio
e_finalizar_programa: Encerrando aplicaÃ§Ã£o
fim: AplicaÃ§Ã£o encerrada
]]></system-out>
  </testcase>
  <testcase name="Teste122" classname="com.techelevator.TesteMaquinaVendasEdgeCoverage" time="0.007">
    <system-out><![CDATA[e_restart: Reiniciando sistema
menu_principal: Exibindo menu principal
e_escolhe_opcao3: Salvar relatÃ³rio de vendas
encerrar: PÃ³s-finalizaÃ§Ã£o
e_salva_sales_report: Confirmando geraÃ§Ã£o do relatÃ³rio
e_finalizar_programa: Encerrando aplicaÃ§Ã£o
fim: AplicaÃ§Ã£o encerrada
]]></system-out>
  </testcase>
  <testcase name="Teste123" classname="com.techelevator.TesteMaquinaVendasEdgeCoverage" time="0.035">
    <system-out><![CDATA[e_restart: Reiniciando sistema
menu_principal: Exibindo menu principal
menu_principal: Exibindo menu principal
menu_principal: Exibindo menu principal
e_escolhe_opcao2: Ir para menu de compra
menu_compra_inicio: Entrando no menu de compra
menu_compra: Entrou no menu de compra
e_escolhe_opcao1: Escolhendo a opcao 1
espera_moeda: Espera moeda
e_insere_quantia_invalida: Inserindo quantia invalida de R$ 50,00
menu_compra: Entrou no menu de compra
menu_compra: Entrou no menu de compra
menu_compra: Entrou no menu de compra
e_escolhe_opcao2: Escolhendo a opcao 2
espera_produto: Esperando produto
e_insere_codigo_incorreto: Inserindo codigo incorreto: Z3
menu_compra: Entrou no menu de compra
e_escolhe_opcao3: Escolhendo a opcao 3
finaliza_acao: Finalizou acao
e_devolve_troco: Devolvendo troco
e_devolve_troco: Devolvendo troco: 0 quarters, 0 dimes, 0 nickels
menu_principal: Exibindo menu principal
menu_principal: Exibindo menu principal
e_escolhe_opcao1: Exibir inventÃ¡rio
A1   Potato Crisps       5 remaining   R$ 3,05
A2   Stackers            5 remaining   R$ 1,45
A3   Grain Waves         5 remaining   R$ 2,75
A4   Cloud Popcorn       5 remaining   R$ 3,65
B1   Moonpie             5 remaining   R$ 1,80
B2   Cowtales            5 remaining   R$ 1,50
B3   Wonka Bar           5 remaining   R$ 1,50
B4   Crunchie            5 remaining   R$ 1,75
C1   Cola                5 remaining   R$ 1,25
C2   Dr. Salt            5 remaining   R$ 1,50
C3   Mountain Melter     5 remaining   R$ 1,50
C4   Heavy               5 remaining   R$ 1,50
D1   U-Chews             5 remaining   R$ 0,85
D2   Little League Chew  5 remaining   R$ 0,95
D3   Chiclets            5 remaining   R$ 0,75
D4   Triplemint          5 remaining   R$ 0,75
exibir_itens: Listando novamente os itens
A1   Potato Crisps       5 remaining   R$ 3,05
A2   Stackers            5 remaining   R$ 1,45
A3   Grain Waves         5 remaining   R$ 2,75
A4   Cloud Popcorn       5 remaining   R$ 3,65
B1   Moonpie             5 remaining   R$ 1,80
B2   Cowtales            5 remaining   R$ 1,50
B3   Wonka Bar           5 remaining   R$ 1,50
B4   Crunchie            5 remaining   R$ 1,75
C1   Cola                5 remaining   R$ 1,25
C2   Dr. Salt            5 remaining   R$ 1,50
C3   Mountain Melter     5 remaining   R$ 1,50
C4   Heavy               5 remaining   R$ 1,50
D1   U-Chews             5 remaining   R$ 0,85
D2   Little League Chew  5 remaining   R$ 0,95
D3   Chiclets            5 remaining   R$ 0,75
D4   Triplemint          5 remaining   R$ 0,75
e_volta_menu: Retornando ao menu principal
menu_principal: Exibindo menu principal
menu_principal: Exibindo menu principal
menu_principal: Exibindo menu principal
e_escolhe_opcao2: Ir para menu de compra
menu_compra_inicio: Entrando no menu de compra
menu_compra: Entrou no menu de compra
e_escolhe_opcao3: Escolhendo a opcao 3
finaliza_acao: Finalizou acao
e_devolve_troco: Devolvendo troco
e_devolve_troco: Devolvendo troco: 0 quarters, 0 dimes, 0 nickels
menu_principal: Exibindo menu principal
menu_principal: Exibindo menu principal
e_escolhe_opcao2: Ir para menu de compra
menu_compra_inicio: Entrando no menu de compra
menu_compra: Entrou no menu de compra
e_escolhe_opcao1: Escolhendo a opcao 1
espera_moeda: Espera moeda
e_insere_quantia_invalida: Inserindo quantia invalida de R$ 50,00
menu_compra: Entrou no menu de compra
menu_compra: Entrou no menu de compra
menu_compra: Entrou no menu de compra
e_escolhe_opcao3: Escolhendo a opcao 3
finaliza_acao: Finalizou acao
e_devolve_troco: Devolvendo troco
e_devolve_troco: Devolvendo troco: 0 quarters, 0 dimes, 0 nickels
menu_principal: Exibindo menu principal
menu_principal: Exibindo menu principal
e_escolhe_opcao3: Salvar relatÃ³rio de vendas
encerrar: PÃ³s-finalizaÃ§Ã£o
e_salva_sales_report: Confirmando geraÃ§Ã£o do relatÃ³rio
e_finalizar_programa: Encerrando aplicaÃ§Ã£o
fim: AplicaÃ§Ã£o encerrada
]]></system-out>
  </testcase>
  <testcase name="Teste124" classname="com.techelevator.TesteMaquinaVendasEdgeCoverage" time="0.005">
    <system-out><![CDATA[e_restart: Reiniciando sistema
menu_principal: Exibindo menu principal
e_escolhe_opcao2: Ir para menu de compra
menu_compra_inicio: Entrando no menu de compra
menu_compra: Entrou no menu de compra
e_escolhe_opcao1: Escolhendo a opcao 1
espera_moeda: Espera moeda
e_insere_quantia: Inserindo quantia valida de R$ 10,00
menu_compra: Entrou no menu de compra
e_escolhe_opcao3: Escolhendo a opcao 3
finaliza_acao: Finalizou acao
e_devolve_troco: Devolvendo troco
e_devolve_troco: Devolvendo troco: 40 quarters, 0 dimes, 0 nickels
menu_principal: Exibindo menu principal
menu_principal: Exibindo menu principal
e_escolhe_opcao2: Ir para menu de compra
menu_compra_inicio: Entrando no menu de compra
menu_compra: Entrou no menu de compra
e_escolhe_opcao3: Escolhendo a opcao 3
finaliza_acao: Finalizou acao
e_devolve_troco: Devolvendo troco
e_devolve_troco: Devolvendo troco: 0 quarters, 0 dimes, 0 nickels
menu_principal: Exibindo menu principal
menu_principal: Exibindo menu principal
e_escolhe_opcao3: Salvar relatÃ³rio de vendas
encerrar: PÃ³s-finalizaÃ§Ã£o
e_salva_sales_report: Confirmando geraÃ§Ã£o do relatÃ³rio
e_finalizar_programa: Encerrando aplicaÃ§Ã£o
fim: AplicaÃ§Ã£o encerrada
]]></system-out>
  </testcase>
  <testcase name="Teste125" classname="com.techelevator.TesteMaquinaVendasEdgeCoverage" time="0.067">
    <system-out><![CDATA[e_restart: Reiniciando sistema
menu_principal: Exibindo menu principal
e_escolhe_opcao1: Exibir inventÃ¡rio
A1   Potato Crisps       5 remaining   R$ 3,05
A2   Stackers            5 remaining   R$ 1,45
A3   Grain Waves         5 remaining   R$ 2,75
A4   Cloud Popcorn       5 remaining   R$ 3,65
B1   Moonpie             5 remaining   R$ 1,80
B2   Cowtales            5 remaining   R$ 1,50
B3   Wonka Bar           5 remaining   R$ 1,50
B4   Crunchie            5 remaining   R$ 1,75
C1   Cola                5 remaining   R$ 1,25
C2   Dr. Salt            5 remaining   R$ 1,50
C3   Mountain Melter     5 remaining   R$ 1,50
C4   Heavy               5 remaining   R$ 1,50
D1   U-Chews             5 remaining   R$ 0,85
D2   Little League Chew  5 remaining   R$ 0,95
D3   Chiclets            5 remaining   R$ 0,75
D4   Triplemint          5 remaining   R$ 0,75
exibir_itens: Listando novamente os itens
A1   Potato Crisps       5 remaining   R$ 3,05
A2   Stackers            5 remaining   R$ 1,45
A3   Grain Waves         5 remaining   R$ 2,75
A4   Cloud Popcorn       5 remaining   R$ 3,65
B1   Moonpie             5 remaining   R$ 1,80
B2   Cowtales            5 remaining   R$ 1,50
B3   Wonka Bar           5 remaining   R$ 1,50
B4   Crunchie            5 remaining   R$ 1,75
C1   Cola                5 remaining   R$ 1,25
C2   Dr. Salt            5 remaining   R$ 1,50
C3   Mountain Melter     5 remaining   R$ 1,50
C4   Heavy               5 remaining   R$ 1,50
D1   U-Chews             5 remaining   R$ 0,85
D2   Little League Chew  5 remaining   R$ 0,95
D3   Chiclets            5 remaining   R$ 0,75
D4   Triplemint          5 remaining   R$ 0,75
e_volta_menu: Retornando ao menu principal
menu_principal: Exibindo menu principal
menu_principal: Exibindo menu principal
menu_principal: Exibindo menu principal
e_escolhe_opcao2: Ir para menu de compra
menu_compra_inicio: Entrando no menu de compra
menu_compra: Entrou no menu de compra
e_escolhe_opcao1: Escolhendo a opcao 1
espera_moeda: Espera moeda
e_insere_quantia_invalida: Inserindo quantia invalida de R$ 50,00
menu_compra: Entrou no menu de compra
menu_compra: Entrou no menu de compra
menu_compra: Entrou no menu de compra
e_escolhe_opcao3: Escolhendo a opcao 3
finaliza_acao: Finalizou acao
e_devolve_troco: Devolvendo troco
e_devolve_troco: Devolvendo troco: 0 quarters, 0 dimes, 0 nickels
menu_principal: Exibindo menu principal
menu_principal: Exibindo menu principal
e_escolhe_opcao2: Ir para menu de compra
menu_compra_inicio: Entrando no menu de compra
menu_compra: Entrou no menu de compra
e_escolhe_opcao3: Escolhendo a opcao 3
finaliza_acao: Finalizou acao
e_devolve_troco: Devolvendo troco
e_devolve_troco: Devolvendo troco: 0 quarters, 0 dimes, 0 nickels
menu_principal: Exibindo menu principal
menu_principal: Exibindo menu principal
e_escolhe_opcao3: Salvar relatÃ³rio de vendas
encerrar: PÃ³s-finalizaÃ§Ã£o
e_salva_sales_report: Confirmando geraÃ§Ã£o do relatÃ³rio
e_finalizar_programa: Encerrando aplicaÃ§Ã£o
fim: AplicaÃ§Ã£o encerrada
]]></system-out>
  </testcase>
  <testcase name="Teste126" classname="com.techelevator.TesteMaquinaVendasEdgeCoverage" time="0.057">
    <system-out><![CDATA[e_restart: Reiniciando sistema
menu_principal: Exibindo menu principal
e_escolhe_opcao1: Exibir inventÃ¡rio
A1   Potato Crisps       5 remaining   R$ 3,05
A2   Stackers            5 remaining   R$ 1,45
A3   Grain Waves         5 remaining   R$ 2,75
A4   Cloud Popcorn       5 remaining   R$ 3,65
B1   Moonpie             5 remaining   R$ 1,80
B2   Cowtales            5 remaining   R$ 1,50
B3   Wonka Bar           5 remaining   R$ 1,50
B4   Crunchie            5 remaining   R$ 1,75
C1   Cola                5 remaining   R$ 1,25
C2   Dr. Salt            5 remaining   R$ 1,50
C3   Mountain Melter     5 remaining   R$ 1,50
C4   Heavy               5 remaining   R$ 1,50
D1   U-Chews             5 remaining   R$ 0,85
D2   Little League Chew  5 remaining   R$ 0,95
D3   Chiclets            5 remaining   R$ 0,75
D4   Triplemint          5 remaining   R$ 0,75
exibir_itens: Listando novamente os itens
A1   Potato Crisps       5 remaining   R$ 3,05
A2   Stackers            5 remaining   R$ 1,45
A3   Grain Waves         5 remaining   R$ 2,75
A4   Cloud Popcorn       5 remaining   R$ 3,65
B1   Moonpie             5 remaining   R$ 1,80
B2   Cowtales            5 remaining   R$ 1,50
B3   Wonka Bar           5 remaining   R$ 1,50
B4   Crunchie            5 remaining   R$ 1,75
C1   Cola                5 remaining   R$ 1,25
C2   Dr. Salt            5 remaining   R$ 1,50
C3   Mountain Melter     5 remaining   R$ 1,50
C4   Heavy               5 remaining   R$ 1,50
D1   U-Chews             5 remaining   R$ 0,85
D2   Little League Chew  5 remaining   R$ 0,95
D3   Chiclets            5 remaining   R$ 0,75
D4   Triplemint          5 remaining   R$ 0,75
e_volta_menu: Retornando ao menu principal
menu_principal: Exibindo menu principal
menu_principal: Exibindo menu principal
menu_principal: Exibindo menu principal
e_escolhe_opcao1: Exibir inventÃ¡rio
A1   Potato Crisps       5 remaining   R$ 3,05
A2   Stackers            5 remaining   R$ 1,45
A3   Grain Waves         5 remaining   R$ 2,75
A4   Cloud Popcorn       5 remaining   R$ 3,65
B1   Moonpie             5 remaining   R$ 1,80
B2   Cowtales            5 remaining   R$ 1,50
B3   Wonka Bar           5 remaining   R$ 1,50
B4   Crunchie            5 remaining   R$ 1,75
C1   Cola                5 remaining   R$ 1,25
C2   Dr. Salt            5 remaining   R$ 1,50
C3   Mountain Melter     5 remaining   R$ 1,50
C4   Heavy               5 remaining   R$ 1,50
D1   U-Chews             5 remaining   R$ 0,85
D2   Little League Chew  5 remaining   R$ 0,95
D3   Chiclets            5 remaining   R$ 0,75
D4   Triplemint          5 remaining   R$ 0,75
exibir_itens: Listando novamente os itens
A1   Potato Crisps       5 remaining   R$ 3,05
A2   Stackers            5 remaining   R$ 1,45
A3   Grain Waves         5 remaining   R$ 2,75
A4   Cloud Popcorn       5 remaining   R$ 3,65
B1   Moonpie             5 remaining   R$ 1,80
B2   Cowtales            5 remaining   R$ 1,50
B3   Wonka Bar           5 remaining   R$ 1,50
B4   Crunchie            5 remaining   R$ 1,75
C1   Cola                5 remaining   R$ 1,25
C2   Dr. Salt            5 remaining   R$ 1,50
C3   Mountain Melter     5 remaining   R$ 1,50
C4   Heavy               5 remaining   R$ 1,50
D1   U-Chews             5 remaining   R$ 0,85
D2   Little League Chew  5 remaining   R$ 0,95
D3   Chiclets            5 remaining   R$ 0,75
D4   Triplemint          5 remaining   R$ 0,75
e_volta_menu: Retornando ao menu principal
menu_principal: Exibindo menu principal
menu_principal: Exibindo menu principal
menu_principal: Exibindo menu principal
e_escolhe_opcao1: Exibir inventÃ¡rio
A1   Potato Crisps       5 remaining   R$ 3,05
A2   Stackers            5 remaining   R$ 1,45
A3   Grain Waves         5 remaining   R$ 2,75
A4   Cloud Popcorn       5 remaining   R$ 3,65
B1   Moonpie             5 remaining   R$ 1,80
B2   Cowtales            5 remaining   R$ 1,50
B3   Wonka Bar           5 remaining   R$ 1,50
B4   Crunchie            5 remaining   R$ 1,75
C1   Cola                5 remaining   R$ 1,25
C2   Dr. Salt            5 remaining   R$ 1,50
C3   Mountain Melter     5 remaining   R$ 1,50
C4   Heavy               5 remaining   R$ 1,50
D1   U-Chews             5 remaining   R$ 0,85
D2   Little League Chew  5 remaining   R$ 0,95
D3   Chiclets            5 remaining   R$ 0,75
D4   Triplemint          5 remaining   R$ 0,75
exibir_itens: Listando novamente os itens
A1   Potato Crisps       5 remaining   R$ 3,05
A2   Stackers            5 remaining   R$ 1,45
A3   Grain Waves         5 remaining   R$ 2,75
A4   Cloud Popcorn       5 remaining   R$ 3,65
B1   Moonpie             5 remaining   R$ 1,80
B2   Cowtales            5 remaining   R$ 1,50
B3   Wonka Bar           5 remaining   R$ 1,50
B4   Crunchie            5 remaining   R$ 1,75
C1   Cola                5 remaining   R$ 1,25
C2   Dr. Salt            5 remaining   R$ 1,50
C3   Mountain Melter     5 remaining   R$ 1,50
C4   Heavy               5 remaining   R$ 1,50
D1   U-Chews             5 remaining   R$ 0,85
D2   Little League Chew  5 remaining   R$ 0,95
D3   Chiclets            5 remaining   R$ 0,75
D4   Triplemint          5 remaining   R$ 0,75
e_volta_menu: Retornando ao menu principal
menu_principal: Exibindo menu principal
e_escolhe_opcao3: Salvar relatÃ³rio de vendas
encerrar: PÃ³s-finalizaÃ§Ã£o
e_salva_sales_report: Confirmando geraÃ§Ã£o do relatÃ³rio
e_finalizar_programa: Encerrando aplicaÃ§Ã£o
fim: AplicaÃ§Ã£o encerrada
]]></system-out>
  </testcase>
  <testcase name="Teste127" classname="com.techelevator.TesteMaquinaVendasEdgeCoverage" time="0.007">
    <system-out><![CDATA[e_restart: Reiniciando sistema
menu_principal: Exibindo menu principal
e_escolhe_opcao2: Ir para menu de compra
menu_compra_inicio: Entrando no menu de compra
menu_compra: Entrou no menu de compra
e_escolhe_opcao2: Escolhendo a opcao 2
espera_produto: Esperando produto
e_insere_codigo_incorreto: Inserindo codigo incorreto: Z3
menu_compra: Entrou no menu de compra
menu_compra: Entrou no menu de compra
menu_compra: Entrou no menu de compra
e_escolhe_opcao3: Escolhendo a opcao 3
finaliza_acao: Finalizou acao
e_devolve_troco: Devolvendo troco
e_devolve_troco: Devolvendo troco: 0 quarters, 0 dimes, 0 nickels
menu_principal: Exibindo menu principal
menu_principal: Exibindo menu principal
e_escolhe_opcao2: Ir para menu de compra
menu_compra_inicio: Entrando no menu de compra
menu_compra: Entrou no menu de compra
e_escolhe_opcao2: Escolhendo a opcao 2
espera_produto: Esperando produto
e_insere_codigo: Inserindo codigo correto: A3 e o preÃ§o do produto e R$ 2,75
verifica_disponibilidade: Verifica disponibilidade
e_produto_disponivel: Verificando se Produto disponivel: 5
verifica_saldo: Verifica se saldo e suficiente
e_verifica_saldo_insuficiente: Verificando que saldo insuficiente sintetico: R$ 0,05 do original R$ 0,00 para preco de produto R$ 2,75
menu_compra: Entrou no menu de compra
menu_compra: Entrou no menu de compra
menu_compra: Entrou no menu de compra
e_escolhe_opcao1: Escolhendo a opcao 1
espera_moeda: Espera moeda
e_insere_quantia: Inserindo quantia valida de R$ 10,00
menu_compra: Entrou no menu de compra
e_escolhe_opcao1: Escolhendo a opcao 1
espera_moeda: Espera moeda
e_insere_quantia: Inserindo quantia valida de R$ 10,00
menu_compra: Entrou no menu de compra
e_escolhe_opcao2: Escolhendo a opcao 2
espera_produto: Esperando produto
e_insere_codigo: Inserindo codigo correto: A3 e o preÃ§o do produto e R$ 2,75
verifica_disponibilidade: Verifica disponibilidade
e_produto_disponivel: Verificando se Produto disponivel: 5
verifica_saldo: Verifica se saldo e suficiente
e_verifica_saldo: Verificando que saldo suficiente: R$ 20,00 para preco de produto R$ 2,75
libera_produto: Produto liberado
e_produtto_liberado: Liberando produto
menu_compra: Entrou no menu de compra
menu_compra: Entrou no menu de compra
menu_compra: Entrou no menu de compra
e_escolhe_opcao1: Escolhendo a opcao 1
espera_moeda: Espera moeda
e_insere_quantia: Inserindo quantia valida de R$ 10,00
menu_compra: Entrou no menu de compra
e_escolhe_opcao1: Escolhendo a opcao 1
espera_moeda: Espera moeda
e_insere_quantia: Inserindo quantia valida de R$ 10,00
menu_compra: Entrou no menu de compra
e_escolhe_opcao2: Escolhendo a opcao 2
espera_produto: Esperando produto
e_insere_codigo: Inserindo codigo correto: A3 e o preÃ§o do produto e R$ 2,75
verifica_disponibilidade: Verifica disponibilidade
e_produto_indisponivel: Verificando se Produto indisponivel verdadeiro: 4 numero sintetico: 0
menu_compra: Entrou no menu de compra
]]></system-out>
  </testcase>
  <testcase name="Teste10" classname="com.techelevator.TesteMaquinaVendasEdgeCoverage" time="0.021">
    <system-out><![CDATA[e_restart: Reiniciando sistema
menu_principal: Exibindo menu principal
e_escolhe_opcao1: Exibir inventÃ¡rio
A1   Potato Crisps       5 remaining   R$ 3,05
A2   Stackers            5 remaining   R$ 1,45
A3   Grain Waves         5 remaining   R$ 2,75
A4   Cloud Popcorn       5 remaining   R$ 3,65
B1   Moonpie             5 remaining   R$ 1,80
B2   Cowtales            5 remaining   R$ 1,50
B3   Wonka Bar           5 remaining   R$ 1,50
B4   Crunchie            5 remaining   R$ 1,75
C1   Cola                5 remaining   R$ 1,25
C2   Dr. Salt            5 remaining   R$ 1,50
C3   Mountain Melter     5 remaining   R$ 1,50
C4   Heavy               5 remaining   R$ 1,50
D1   U-Chews             5 remaining   R$ 0,85
D2   Little League Chew  5 remaining   R$ 0,95
D3   Chiclets            5 remaining   R$ 0,75
D4   Triplemint          5 remaining   R$ 0,75
exibir_itens: Listando novamente os itens
A1   Potato Crisps       5 remaining   R$ 3,05
A2   Stackers            5 remaining   R$ 1,45
A3   Grain Waves         5 remaining   R$ 2,75
A4   Cloud Popcorn       5 remaining   R$ 3,65
B1   Moonpie             5 remaining   R$ 1,80
B2   Cowtales            5 remaining   R$ 1,50
B3   Wonka Bar           5 remaining   R$ 1,50
B4   Crunchie            5 remaining   R$ 1,75
C1   Cola                5 remaining   R$ 1,25
C2   Dr. Salt            5 remaining   R$ 1,50
C3   Mountain Melter     5 remaining   R$ 1,50
C4   Heavy               5 remaining   R$ 1,50
D1   U-Chews             5 remaining   R$ 0,85
D2   Little League Chew  5 remaining   R$ 0,95
D3   Chiclets            5 remaining   R$ 0,75
D4   Triplemint          5 remaining   R$ 0,75
e_volta_menu: Retornando ao menu principal
menu_principal: Exibindo menu principal
menu_principal: Exibindo menu principal
menu_principal: Exibindo menu principal
e_escolhe_opcao3: Salvar relatÃ³rio de vendas
encerrar: PÃ³s-finalizaÃ§Ã£o
e_salva_sales_report: Confirmando geraÃ§Ã£o do relatÃ³rio
e_finalizar_programa: Encerrando aplicaÃ§Ã£o
fim: AplicaÃ§Ã£o encerrada
]]></system-out>
  </testcase>
  <testcase name="Teste11" classname="com.techelevator.TesteMaquinaVendasEdgeCoverage" time="0.02">
    <system-out><![CDATA[e_restart: Reiniciando sistema
menu_principal: Exibindo menu principal
e_escolhe_opcao2: Ir para menu de compra
menu_compra_inicio: Entrando no menu de compra
menu_compra: Entrou no menu de compra
e_escolhe_opcao2: Escolhendo a opcao 2
espera_produto: Esperando produto
e_insere_codigo_incorreto: Inserindo codigo incorreto: Z3
menu_compra: Entrou no menu de compra
menu_compra: Entrou no menu de compra
menu_compra: Entrou no menu de compra
e_escolhe_opcao1: Escolhendo a opcao 1
espera_moeda: Espera moeda
e_insere_quantia_invalida: Inserindo quantia invalida de R$ 50,00
menu_compra: Entrou no menu de compra
e_escolhe_opcao1: Escolhendo a opcao 1
espera_moeda: Espera moeda
e_insere_quantia_invalida: Inserindo quantia invalida de R$ 50,00
menu_compra: Entrou no menu de compra
menu_compra: Entrou no menu de compra
menu_compra: Entrou no menu de compra
e_escolhe_opcao3: Escolhendo a opcao 3
finaliza_acao: Finalizou acao
e_devolve_troco: Devolvendo troco
e_devolve_troco: Devolvendo troco: 0 quarters, 0 dimes, 0 nickels
menu_principal: Exibindo menu principal
menu_principal: Exibindo menu principal
e_escolhe_opcao2: Ir para menu de compra
menu_compra_inicio: Entrando no menu de compra
menu_compra: Entrou no menu de compra
e_escolhe_opcao1: Escolhendo a opcao 1
espera_moeda: Espera moeda
e_insere_quantia_invalida: Inserindo quantia invalida de R$ 50,00
menu_compra: Entrou no menu de compra
e_escolhe_opcao3: Escolhendo a opcao 3
finaliza_acao: Finalizou acao
e_devolve_troco: Devolvendo troco
e_devolve_troco: Devolvendo troco: 0 quarters, 0 dimes, 0 nickels
menu_principal: Exibindo menu principal
menu_principal: Exibindo menu principal
e_escolhe_opcao1: Exibir inventÃ¡rio
A1   Potato Crisps       5 remaining   R$ 3,05
A2   Stackers            5 remaining   R$ 1,45
A3   Grain Waves         5 remaining   R$ 2,75
A4   Cloud Popcorn       5 remaining   R$ 3,65
B1   Moonpie             5 remaining   R$ 1,80
B2   Cowtales            5 remaining   R$ 1,50
B3   Wonka Bar           5 remaining   R$ 1,50
B4   Crunchie            5 remaining   R$ 1,75
C1   Cola                5 remaining   R$ 1,25
C2   Dr. Salt            5 remaining   R$ 1,50
C3   Mountain Melter     5 remaining   R$ 1,50
C4   Heavy               5 remaining   R$ 1,50
D1   U-Chews             5 remaining   R$ 0,85
D2   Little League Chew  5 remaining   R$ 0,95
D3   Chiclets            5 remaining   R$ 0,75
D4   Triplemint          5 remaining   R$ 0,75
exibir_itens: Listando novamente os itens
A1   Potato Crisps       5 remaining   R$ 3,05
A2   Stackers            5 remaining   R$ 1,45
A3   Grain Waves         5 remaining   R$ 2,75
A4   Cloud Popcorn       5 remaining   R$ 3,65
B1   Moonpie             5 remaining   R$ 1,80
B2   Cowtales            5 remaining   R$ 1,50
B3   Wonka Bar           5 remaining   R$ 1,50
B4   Crunchie            5 remaining   R$ 1,75
C1   Cola                5 remaining   R$ 1,25
C2   Dr. Salt            5 remaining   R$ 1,50
C3   Mountain Melter     5 remaining   R$ 1,50
C4   Heavy               5 remaining   R$ 1,50
D1   U-Chews             5 remaining   R$ 0,85
D2   Little League Chew  5 remaining   R$ 0,95
D3   Chiclets            5 remaining   R$ 0,75
D4   Triplemint          5 remaining   R$ 0,75
e_volta_menu: Retornando ao menu principal
menu_principal: Exibindo menu principal
menu_principal: Exibindo menu principal
menu_principal: Exibindo menu principal
e_escolhe_opcao3: Salvar relatÃ³rio de vendas
encerrar: PÃ³s-finalizaÃ§Ã£o
e_salva_sales_report: Confirmando geraÃ§Ã£o do relatÃ³rio
e_finalizar_programa: Encerrando aplicaÃ§Ã£o
fim: AplicaÃ§Ã£o encerrada
]]></system-out>
  </testcase>
  <testcase name="Teste12" classname="com.techelevator.TesteMaquinaVendasEdgeCoverage" time="0.0">
    <system-out><![CDATA[e_restart: Reiniciando sistema
menu_principal: Exibindo menu principal
menu_principal: Exibindo menu principal
menu_principal: Exibindo menu principal
e_escolhe_opcao3: Salvar relatÃ³rio de vendas
encerrar: PÃ³s-finalizaÃ§Ã£o
e_salva_sales_report: Confirmando geraÃ§Ã£o do relatÃ³rio
e_finalizar_programa: Encerrando aplicaÃ§Ã£o
fim: AplicaÃ§Ã£o encerrada
]]></system-out>
  </testcase>
  <testcase name="Teste13" classname="com.techelevator.TesteMaquinaVendasEdgeCoverage" time="0.014">
    <system-out><![CDATA[e_restart: Reiniciando sistema
menu_principal: Exibindo menu principal
menu_principal: Exibindo menu principal
menu_principal: Exibindo menu principal
e_escolhe_opcao2: Ir para menu de compra
menu_compra_inicio: Entrando no menu de compra
menu_compra: Entrou no menu de compra
e_escolhe_opcao1: Escolhendo a opcao 1
espera_moeda: Espera moeda
e_insere_quantia: Inserindo quantia valida de R$ 10,00
menu_compra: Entrou no menu de compra
menu_compra: Entrou no menu de compra
menu_compra: Entrou no menu de compra
e_escolhe_opcao1: Escolhendo a opcao 1
espera_moeda: Espera moeda
e_insere_quantia: Inserindo quantia valida de R$ 10,00
menu_compra: Entrou no menu de compra
menu_compra: Entrou no menu de compra
menu_compra: Entrou no menu de compra
e_escolhe_opcao3: Escolhendo a opcao 3
finaliza_acao: Finalizou acao
e_devolve_troco: Devolvendo troco
e_devolve_troco: Devolvendo troco: 80 quarters, 0 dimes, 0 nickels
menu_principal: Exibindo menu principal
menu_principal: Exibindo menu principal
e_escolhe_opcao2: Ir para menu de compra
menu_compra_inicio: Entrando no menu de compra
menu_compra: Entrou no menu de compra
e_escolhe_opcao3: Escolhendo a opcao 3
finaliza_acao: Finalizou acao
e_devolve_troco: Devolvendo troco
e_devolve_troco: Devolvendo troco: 0 quarters, 0 dimes, 0 nickels
menu_principal: Exibindo menu principal
menu_principal: Exibindo menu principal
e_escolhe_opcao1: Exibir inventÃ¡rio
A1   Potato Crisps       5 remaining   R$ 3,05
A2   Stackers            5 remaining   R$ 1,45
A3   Grain Waves         5 remaining   R$ 2,75
A4   Cloud Popcorn       5 remaining   R$ 3,65
B1   Moonpie             5 remaining   R$ 1,80
B2   Cowtales            5 remaining   R$ 1,50
B3   Wonka Bar           5 remaining   R$ 1,50
B4   Crunchie            5 remaining   R$ 1,75
C1   Cola                5 remaining   R$ 1,25
C2   Dr. Salt            5 remaining   R$ 1,50
C3   Mountain Melter     5 remaining   R$ 1,50
C4   Heavy               5 remaining   R$ 1,50
D1   U-Chews             5 remaining   R$ 0,85
D2   Little League Chew  5 remaining   R$ 0,95
D3   Chiclets            5 remaining   R$ 0,75
D4   Triplemint          5 remaining   R$ 0,75
exibir_itens: Listando novamente os itens
A1   Potato Crisps       5 remaining   R$ 3,05
A2   Stackers            5 remaining   R$ 1,45
A3   Grain Waves         5 remaining   R$ 2,75
A4   Cloud Popcorn       5 remaining   R$ 3,65
B1   Moonpie             5 remaining   R$ 1,80
B2   Cowtales            5 remaining   R$ 1,50
B3   Wonka Bar           5 remaining   R$ 1,50
B4   Crunchie            5 remaining   R$ 1,75
C1   Cola                5 remaining   R$ 1,25
C2   Dr. Salt            5 remaining   R$ 1,50
C3   Mountain Melter     5 remaining   R$ 1,50
C4   Heavy               5 remaining   R$ 1,50
D1   U-Chews             5 remaining   R$ 0,85
D2   Little League Chew  5 remaining   R$ 0,95
D3   Chiclets            5 remaining   R$ 0,75
D4   Triplemint          5 remaining   R$ 0,75
e_volta_menu: Retornando ao menu principal
menu_principal: Exibindo menu principal
menu_principal: Exibindo menu principal
menu_principal: Exibindo menu principal
e_escolhe_opcao3: Salvar relatÃ³rio de vendas
encerrar: PÃ³s-finalizaÃ§Ã£o
e_salva_sales_report: Confirmando geraÃ§Ã£o do relatÃ³rio
e_finalizar_programa: Encerrando aplicaÃ§Ã£o
fim: AplicaÃ§Ã£o encerrada
]]></system-out>
  </testcase>
  <testcase name="Teste14" classname="com.techelevator.TesteMaquinaVendasEdgeCoverage" time="0.007">
    <system-out><![CDATA[e_restart: Reiniciando sistema
menu_principal: Exibindo menu principal
menu_principal: Exibindo menu principal
menu_principal: Exibindo menu principal
e_escolhe_opcao3: Salvar relatÃ³rio de vendas
encerrar: PÃ³s-finalizaÃ§Ã£o
e_salva_sales_report: Confirmando geraÃ§Ã£o do relatÃ³rio
e_finalizar_programa: Encerrando aplicaÃ§Ã£o
fim: AplicaÃ§Ã£o encerrada
]]></system-out>
  </testcase>
  <testcase name="Teste15" classname="com.techelevator.TesteMaquinaVendasEdgeCoverage" time="0.014">
    <system-out><![CDATA[e_restart: Reiniciando sistema
menu_principal: Exibindo menu principal
e_escolhe_opcao2: Ir para menu de compra
menu_compra_inicio: Entrando no menu de compra
menu_compra: Entrou no menu de compra
e_escolhe_opcao2: Escolhendo a opcao 2
espera_produto: Esperando produto
e_insere_codigo_incorreto: Inserindo codigo incorreto: Z3
menu_compra: Entrou no menu de compra
menu_compra: Entrou no menu de compra
menu_compra: Entrou no menu de compra
e_escolhe_opcao3: Escolhendo a opcao 3
finaliza_acao: Finalizou acao
e_devolve_troco: Devolvendo troco
e_devolve_troco: Devolvendo troco: 0 quarters, 0 dimes, 0 nickels
menu_principal: Exibindo menu principal
menu_principal: Exibindo menu principal
e_escolhe_opcao3: Salvar relatÃ³rio de vendas
encerrar: PÃ³s-finalizaÃ§Ã£o
e_salva_sales_report: Confirmando geraÃ§Ã£o do relatÃ³rio
e_finalizar_programa: Encerrando aplicaÃ§Ã£o
fim: AplicaÃ§Ã£o encerrada
]]></system-out>
  </testcase>
  <testcase name="Teste16" classname="com.techelevator.TesteMaquinaVendasEdgeCoverage" time="0.02">
    <system-out><![CDATA[e_restart: Reiniciando sistema
menu_principal: Exibindo menu principal
e_escolhe_opcao2: Ir para menu de compra
menu_compra_inicio: Entrando no menu de compra
menu_compra: Entrou no menu de compra
e_escolhe_opcao1: Escolhendo a opcao 1
espera_moeda: Espera moeda
e_insere_quantia: Inserindo quantia valida de R$ 10,00
menu_compra: Entrou no menu de compra
e_escolhe_opcao3: Escolhendo a opcao 3
finaliza_acao: Finalizou acao
e_devolve_troco: Devolvendo troco
e_devolve_troco: Devolvendo troco: 40 quarters, 0 dimes, 0 nickels
menu_principal: Exibindo menu principal
menu_principal: Exibindo menu principal
e_escolhe_opcao2: Ir para menu de compra
menu_compra_inicio: Entrando no menu de compra
menu_compra: Entrou no menu de compra
e_escolhe_opcao3: Escolhendo a opcao 3
finaliza_acao: Finalizou acao
e_devolve_troco: Devolvendo troco
e_devolve_troco: Devolvendo troco: 0 quarters, 0 dimes, 0 nickels
menu_principal: Exibindo menu principal
menu_principal: Exibindo menu principal
e_escolhe_opcao2: Ir para menu de compra
menu_compra_inicio: Entrando no menu de compra
menu_compra: Entrou no menu de compra
e_escolhe_opcao2: Escolhendo a opcao 2
espera_produto: Esperando produto
e_insere_codigo_incorreto: Inserindo codigo incorreto: Z3
menu_compra: Entrou no menu de compra
menu_compra: Entrou no menu de compra
menu_compra: Entrou no menu de compra
e_escolhe_opcao2: Escolhendo a opcao 2
espera_produto: Esperando produto
e_insere_codigo: Inserindo codigo correto: A3 e o preÃ§o do produto e R$ 2,75
verifica_disponibilidade: Verifica disponibilidade
e_produto_disponivel: Verificando se Produto disponivel: 5
verifica_saldo: Verifica se saldo e suficiente
e_verifica_saldo_insuficiente: Verificando que saldo insuficiente sintetico: R$ 0,05 do original R$ 0,00 para preco de produto R$ 2,75
menu_compra: Entrou no menu de compra
e_escolhe_opcao2: Escolhendo a opcao 2
espera_produto: Esperando produto
e_insere_codigo_incorreto: Inserindo codigo incorreto: Z3
menu_compra: Entrou no menu de compra
menu_compra: Entrou no menu de compra
menu_compra: Entrou no menu de compra
e_escolhe_opcao2: Escolhendo a opcao 2
espera_produto: Esperando produto
e_insere_codigo_incorreto: Inserindo codigo incorreto: Z3
menu_compra: Entrou no menu de compra
e_escolhe_opcao3: Escolhendo a opcao 3
finaliza_acao: Finalizou acao
e_devolve_troco: Devolvendo troco
e_devolve_troco: Devolvendo troco: 0 quarters, 0 dimes, 0 nickels
menu_principal: Exibindo menu principal
menu_principal: Exibindo menu principal
e_escolhe_opcao2: Ir para menu de compra
menu_compra_inicio: Entrando no menu de compra
menu_compra: Entrou no menu de compra
e_escolhe_opcao2: Escolhendo a opcao 2
espera_produto: Esperando produto
e_insere_codigo_incorreto: Inserindo codigo incorreto: Z3
menu_compra: Entrou no menu de compra
menu_compra: Entrou no menu de compra
menu_compra: Entrou no menu de compra
e_escolhe_opcao2: Escolhendo a opcao 2
espera_produto: Esperando produto
e_insere_codigo: Inserindo codigo correto: A3 e o preÃ§o do produto e R$ 2,75
verifica_disponibilidade: Verifica disponibilidade
e_produto_disponivel: Verificando se Produto disponivel: 5
verifica_saldo: Verifica se saldo e suficiente
e_verifica_saldo_insuficiente: Verificando que saldo insuficiente sintetico: R$ 0,05 do original R$ 0,00 para preco de produto R$ 2,75
menu_compra: Entrou no menu de compra
e_escolhe_opcao3: Escolhendo a opcao 3
finaliza_acao: Finalizou acao
e_devolve_troco: Devolvendo troco
e_devolve_troco: Devolvendo troco: 0 quarters, 0 dimes, 0 nickels
menu_principal: Exibindo menu principal
menu_principal: Exibindo menu principal
e_escolhe_opcao3: Salvar relatÃ³rio de vendas
encerrar: PÃ³s-finalizaÃ§Ã£o
e_salva_sales_report: Confirmando geraÃ§Ã£o do relatÃ³rio
e_finalizar_programa: Encerrando aplicaÃ§Ã£o
fim: AplicaÃ§Ã£o encerrada
]]></system-out>
  </testcase>
  <testcase name="Teste17" classname="com.techelevator.TesteMaquinaVendasEdgeCoverage" time="0.035">
    <system-out><![CDATA[e_restart: Reiniciando sistema
menu_principal: Exibindo menu principal
e_escolhe_opcao2: Ir para menu de compra
menu_compra_inicio: Entrando no menu de compra
menu_compra: Entrou no menu de compra
e_escolhe_opcao3: Escolhendo a opcao 3
finaliza_acao: Finalizou acao
e_devolve_troco: Devolvendo troco
e_devolve_troco: Devolvendo troco: 0 quarters, 0 dimes, 0 nickels
menu_principal: Exibindo menu principal
menu_principal: Exibindo menu principal
e_escolhe_opcao1: Exibir inventÃ¡rio
A1   Potato Crisps       5 remaining   R$ 3,05
A2   Stackers            5 remaining   R$ 1,45
A3   Grain Waves         5 remaining   R$ 2,75
A4   Cloud Popcorn       5 remaining   R$ 3,65
B1   Moonpie             5 remaining   R$ 1,80
B2   Cowtales            5 remaining   R$ 1,50
B3   Wonka Bar           5 remaining   R$ 1,50
B4   Crunchie            5 remaining   R$ 1,75
C1   Cola                5 remaining   R$ 1,25
C2   Dr. Salt            5 remaining   R$ 1,50
C3   Mountain Melter     5 remaining   R$ 1,50
C4   Heavy               5 remaining   R$ 1,50
D1   U-Chews             5 remaining   R$ 0,85
D2   Little League Chew  5 remaining   R$ 0,95
D3   Chiclets            5 remaining   R$ 0,75
D4   Triplemint          5 remaining   R$ 0,75
exibir_itens: Listando novamente os itens
A1   Potato Crisps       5 remaining   R$ 3,05
A2   Stackers            5 remaining   R$ 1,45
A3   Grain Waves         5 remaining   R$ 2,75
A4   Cloud Popcorn       5 remaining   R$ 3,65
B1   Moonpie             5 remaining   R$ 1,80
B2   Cowtales            5 remaining   R$ 1,50
B3   Wonka Bar           5 remaining   R$ 1,50
B4   Crunchie            5 remaining   R$ 1,75
C1   Cola                5 remaining   R$ 1,25
C2   Dr. Salt            5 remaining   R$ 1,50
C3   Mountain Melter     5 remaining   R$ 1,50
C4   Heavy               5 remaining   R$ 1,50
D1   U-Chews             5 remaining   R$ 0,85
D2   Little League Chew  5 remaining   R$ 0,95
D3   Chiclets            5 remaining   R$ 0,75
D4   Triplemint          5 remaining   R$ 0,75
e_volta_menu: Retornando ao menu principal
menu_principal: Exibindo menu principal
e_escolhe_opcao2: Ir para menu de compra
menu_compra_inicio: Entrando no menu de compra
menu_compra: Entrou no menu de compra
e_escolhe_opcao2: Escolhendo a opcao 2
espera_produto: Esperando produto
e_insere_codigo: Inserindo codigo correto: A3 e o preÃ§o do produto e R$ 2,75
verifica_disponibilidade: Verifica disponibilidade
e_produto_disponivel: Verificando se Produto disponivel: 5
verifica_saldo: Verifica se saldo e suficiente
e_verifica_saldo_insuficiente: Verificando que saldo insuficiente sintetico: R$ 0,05 do original R$ 0,00 para preco de produto R$ 2,75
menu_compra: Entrou no menu de compra
e_escolhe_opcao3: Escolhendo a opcao 3
finaliza_acao: Finalizou acao
e_devolve_troco: Devolvendo troco
e_devolve_troco: Devolvendo troco: 0 quarters, 0 dimes, 0 nickels
menu_principal: Exibindo menu principal
menu_principal: Exibindo menu principal
e_escolhe_opcao2: Ir para menu de compra
menu_compra_inicio: Entrando no menu de compra
menu_compra: Entrou no menu de compra
e_escolhe_opcao3: Escolhendo a opcao 3
finaliza_acao: Finalizou acao
e_devolve_troco: Devolvendo troco
e_devolve_troco: Devolvendo troco: 0 quarters, 0 dimes, 0 nickels
menu_principal: Exibindo menu principal
menu_principal: Exibindo menu principal
e_escolhe_opcao1: Exibir inventÃ¡rio
A1   Potato Crisps       5 remaining   R$ 3,05
A2   Stackers            5 remaining   R$ 1,45
A3   Grain Waves         5 remaining   R$ 2,75
A4   Cloud Popcorn       5 remaining   R$ 3,65
B1   Moonpie             5 remaining   R$ 1,80
B2   Cowtales            5 remaining   R$ 1,50
B3   Wonka Bar           5 remaining   R$ 1,50
B4   Crunchie            5 remaining   R$ 1,75
C1   Cola                5 remaining   R$ 1,25
C2   Dr. Salt            5 remaining   R$ 1,50
C3   Mountain Melter     5 remaining   R$ 1,50
C4   Heavy               5 remaining   R$ 1,50
D1   U-Chews             5 remaining   R$ 0,85
D2   Little League Chew  5 remaining   R$ 0,95
D3   Chiclets            5 remaining   R$ 0,75
D4   Triplemint          5 remaining   R$ 0,75
exibir_itens: Listando novamente os itens
A1   Potato Crisps       5 remaining   R$ 3,05
A2   Stackers            5 remaining   R$ 1,45
A3   Grain Waves         5 remaining   R$ 2,75
A4   Cloud Popcorn       5 remaining   R$ 3,65
B1   Moonpie             5 remaining   R$ 1,80
B2   Cowtales            5 remaining   R$ 1,50
B3   Wonka Bar           5 remaining   R$ 1,50
B4   Crunchie            5 remaining   R$ 1,75
C1   Cola                5 remaining   R$ 1,25
C2   Dr. Salt            5 remaining   R$ 1,50
C3   Mountain Melter     5 remaining   R$ 1,50
C4   Heavy               5 remaining   R$ 1,50
D1   U-Chews             5 remaining   R$ 0,85
D2   Little League Chew  5 remaining   R$ 0,95
D3   Chiclets            5 remaining   R$ 0,75
D4   Triplemint          5 remaining   R$ 0,75
e_volta_menu: Retornando ao menu principal
menu_principal: Exibindo menu principal
e_escolhe_opcao3: Salvar relatÃ³rio de vendas
encerrar: PÃ³s-finalizaÃ§Ã£o
e_salva_sales_report: Confirmando geraÃ§Ã£o do relatÃ³rio
e_finalizar_programa: Encerrando aplicaÃ§Ã£o
fim: AplicaÃ§Ã£o encerrada
]]></system-out>
  </testcase>
  <testcase name="Teste18" classname="com.techelevator.TesteMaquinaVendasEdgeCoverage" time="0.027">
    <system-out><![CDATA[e_restart: Reiniciando sistema
menu_principal: Exibindo menu principal
e_escolhe_opcao1: Exibir inventÃ¡rio
A1   Potato Crisps       5 remaining   R$ 3,05
A2   Stackers            5 remaining   R$ 1,45
A3   Grain Waves         5 remaining   R$ 2,75
A4   Cloud Popcorn       5 remaining   R$ 3,65
B1   Moonpie             5 remaining   R$ 1,80
B2   Cowtales            5 remaining   R$ 1,50
B3   Wonka Bar           5 remaining   R$ 1,50
B4   Crunchie            5 remaining   R$ 1,75
C1   Cola                5 remaining   R$ 1,25
C2   Dr. Salt            5 remaining   R$ 1,50
C3   Mountain Melter     5 remaining   R$ 1,50
C4   Heavy               5 remaining   R$ 1,50
D1   U-Chews             5 remaining   R$ 0,85
D2   Little League Chew  5 remaining   R$ 0,95
D3   Chiclets            5 remaining   R$ 0,75
D4   Triplemint          5 remaining   R$ 0,75
exibir_itens: Listando novamente os itens
A1   Potato Crisps       5 remaining   R$ 3,05
A2   Stackers            5 remaining   R$ 1,45
A3   Grain Waves         5 remaining   R$ 2,75
A4   Cloud Popcorn       5 remaining   R$ 3,65
B1   Moonpie             5 remaining   R$ 1,80
B2   Cowtales            5 remaining   R$ 1,50
B3   Wonka Bar           5 remaining   R$ 1,50
B4   Crunchie            5 remaining   R$ 1,75
C1   Cola                5 remaining   R$ 1,25
C2   Dr. Salt            5 remaining   R$ 1,50
C3   Mountain Melter     5 remaining   R$ 1,50
C4   Heavy               5 remaining   R$ 1,50
D1   U-Chews             5 remaining   R$ 0,85
D2   Little League Chew  5 remaining   R$ 0,95
D3   Chiclets            5 remaining   R$ 0,75
D4   Triplemint          5 remaining   R$ 0,75
e_volta_menu: Retornando ao menu principal
menu_principal: Exibindo menu principal
menu_principal: Exibindo menu principal
menu_principal: Exibindo menu principal
e_escolhe_opcao3: Salvar relatÃ³rio de vendas
encerrar: PÃ³s-finalizaÃ§Ã£o
e_salva_sales_report: Confirmando geraÃ§Ã£o do relatÃ³rio
e_finalizar_programa: Encerrando aplicaÃ§Ã£o
fim: AplicaÃ§Ã£o encerrada
]]></system-out>
  </testcase>
  <testcase name="Teste19" classname="com.techelevator.TesteMaquinaVendasEdgeCoverage" time="0.0">
    <system-out><![CDATA[e_restart: Reiniciando sistema
menu_principal: Exibindo menu principal
menu_principal: Exibindo menu principal
menu_principal: Exibindo menu principal
e_escolhe_opcao3: Salvar relatÃ³rio de vendas
encerrar: PÃ³s-finalizaÃ§Ã£o
e_salva_sales_report: Confirmando geraÃ§Ã£o do relatÃ³rio
e_finalizar_programa: Encerrando aplicaÃ§Ã£o
fim: AplicaÃ§Ã£o encerrada
]]></system-out>
  </testcase>
  <testcase name="Teste20" classname="com.techelevator.TesteMaquinaVendasEdgeCoverage" time="0.032">
    <system-out><![CDATA[e_restart: Reiniciando sistema
menu_principal: Exibindo menu principal
e_escolhe_opcao2: Ir para menu de compra
menu_compra_inicio: Entrando no menu de compra
menu_compra: Entrou no menu de compra
e_escolhe_opcao2: Escolhendo a opcao 2
espera_produto: Esperando produto
e_insere_codigo_incorreto: Inserindo codigo incorreto: Z3
menu_compra: Entrou no menu de compra
e_escolhe_opcao1: Escolhendo a opcao 1
espera_moeda: Espera moeda
e_insere_quantia: Inserindo quantia valida de R$ 10,00
menu_compra: Entrou no menu de compra
e_escolhe_opcao1: Escolhendo a opcao 1
espera_moeda: Espera moeda
e_insere_quantia_invalida: Inserindo quantia invalida de R$ 50,00
menu_compra: Entrou no menu de compra
e_escolhe_opcao1: Escolhendo a opcao 1
espera_moeda: Espera moeda
e_insere_quantia: Inserindo quantia valida de R$ 10,00
menu_compra: Entrou no menu de compra
e_escolhe_opcao3: Escolhendo a opcao 3
finaliza_acao: Finalizou acao
e_devolve_troco: Devolvendo troco
e_devolve_troco: Devolvendo troco: 80 quarters, 0 dimes, 0 nickels
menu_principal: Exibindo menu principal
menu_principal: Exibindo menu principal
e_escolhe_opcao1: Exibir inventÃ¡rio
A1   Potato Crisps       5 remaining   R$ 3,05
A2   Stackers            5 remaining   R$ 1,45
A3   Grain Waves         5 remaining   R$ 2,75
A4   Cloud Popcorn       5 remaining   R$ 3,65
B1   Moonpie             5 remaining   R$ 1,80
B2   Cowtales            5 remaining   R$ 1,50
B3   Wonka Bar           5 remaining   R$ 1,50
B4   Crunchie            5 remaining   R$ 1,75
C1   Cola                5 remaining   R$ 1,25
C2   Dr. Salt            5 remaining   R$ 1,50
C3   Mountain Melter     5 remaining   R$ 1,50
C4   Heavy               5 remaining   R$ 1,50
D1   U-Chews             5 remaining   R$ 0,85
D2   Little League Chew  5 remaining   R$ 0,95
D3   Chiclets            5 remaining   R$ 0,75
D4   Triplemint          5 remaining   R$ 0,75
exibir_itens: Listando novamente os itens
A1   Potato Crisps       5 remaining   R$ 3,05
A2   Stackers            5 remaining   R$ 1,45
A3   Grain Waves         5 remaining   R$ 2,75
A4   Cloud Popcorn       5 remaining   R$ 3,65
B1   Moonpie             5 remaining   R$ 1,80
B2   Cowtales            5 remaining   R$ 1,50
B3   Wonka Bar           5 remaining   R$ 1,50
B4   Crunchie            5 remaining   R$ 1,75
C1   Cola                5 remaining   R$ 1,25
C2   Dr. Salt            5 remaining   R$ 1,50
C3   Mountain Melter     5 remaining   R$ 1,50
C4   Heavy               5 remaining   R$ 1,50
D1   U-Chews             5 remaining   R$ 0,85
D2   Little League Chew  5 remaining   R$ 0,95
D3   Chiclets            5 remaining   R$ 0,75
D4   Triplemint          5 remaining   R$ 0,75
e_volta_menu: Retornando ao menu principal
menu_principal: Exibindo menu principal
menu_principal: Exibindo menu principal
menu_principal: Exibindo menu principal
e_escolhe_opcao3: Salvar relatÃ³rio de vendas
encerrar: PÃ³s-finalizaÃ§Ã£o
e_salva_sales_report: Confirmando geraÃ§Ã£o do relatÃ³rio
e_finalizar_programa: Encerrando aplicaÃ§Ã£o
fim: AplicaÃ§Ã£o encerrada
]]></system-out>
  </testcase>
  <testcase name="Teste21" classname="com.techelevator.TesteMaquinaVendasEdgeCoverage" time="0.028">
    <system-out><![CDATA[e_restart: Reiniciando sistema
menu_principal: Exibindo menu principal
menu_principal: Exibindo menu principal
menu_principal: Exibindo menu principal
e_escolhe_opcao1: Exibir inventÃ¡rio
A1   Potato Crisps       5 remaining   R$ 3,05
A2   Stackers            5 remaining   R$ 1,45
A3   Grain Waves         5 remaining   R$ 2,75
A4   Cloud Popcorn       5 remaining   R$ 3,65
B1   Moonpie             5 remaining   R$ 1,80
B2   Cowtales            5 remaining   R$ 1,50
B3   Wonka Bar           5 remaining   R$ 1,50
B4   Crunchie            5 remaining   R$ 1,75
C1   Cola                5 remaining   R$ 1,25
C2   Dr. Salt            5 remaining   R$ 1,50
C3   Mountain Melter     5 remaining   R$ 1,50
C4   Heavy               5 remaining   R$ 1,50
D1   U-Chews             5 remaining   R$ 0,85
D2   Little League Chew  5 remaining   R$ 0,95
D3   Chiclets            5 remaining   R$ 0,75
D4   Triplemint          5 remaining   R$ 0,75
exibir_itens: Listando novamente os itens
A1   Potato Crisps       5 remaining   R$ 3,05
A2   Stackers            5 remaining   R$ 1,45
A3   Grain Waves         5 remaining   R$ 2,75
A4   Cloud Popcorn       5 remaining   R$ 3,65
B1   Moonpie             5 remaining   R$ 1,80
B2   Cowtales            5 remaining   R$ 1,50
B3   Wonka Bar           5 remaining   R$ 1,50
B4   Crunchie            5 remaining   R$ 1,75
C1   Cola                5 remaining   R$ 1,25
C2   Dr. Salt            5 remaining   R$ 1,50
C3   Mountain Melter     5 remaining   R$ 1,50
C4   Heavy               5 remaining   R$ 1,50
D1   U-Chews             5 remaining   R$ 0,85
D2   Little League Chew  5 remaining   R$ 0,95
D3   Chiclets            5 remaining   R$ 0,75
D4   Triplemint          5 remaining   R$ 0,75
e_volta_menu: Retornando ao menu principal
menu_principal: Exibindo menu principal
e_escolhe_opcao1: Exibir inventÃ¡rio
A1   Potato Crisps       5 remaining   R$ 3,05
A2   Stackers            5 remaining   R$ 1,45
A3   Grain Waves         5 remaining   R$ 2,75
A4   Cloud Popcorn       5 remaining   R$ 3,65
B1   Moonpie             5 remaining   R$ 1,80
B2   Cowtales            5 remaining   R$ 1,50
B3   Wonka Bar           5 remaining   R$ 1,50
B4   Crunchie            5 remaining   R$ 1,75
C1   Cola                5 remaining   R$ 1,25
C2   Dr. Salt            5 remaining   R$ 1,50
C3   Mountain Melter     5 remaining   R$ 1,50
C4   Heavy               5 remaining   R$ 1,50
D1   U-Chews             5 remaining   R$ 0,85
D2   Little League Chew  5 remaining   R$ 0,95
D3   Chiclets            5 remaining   R$ 0,75
D4   Triplemint          5 remaining   R$ 0,75
exibir_itens: Listando novamente os itens
A1   Potato Crisps       5 remaining   R$ 3,05
A2   Stackers            5 remaining   R$ 1,45
A3   Grain Waves         5 remaining   R$ 2,75
A4   Cloud Popcorn       5 remaining   R$ 3,65
B1   Moonpie             5 remaining   R$ 1,80
B2   Cowtales            5 remaining   R$ 1,50
B3   Wonka Bar           5 remaining   R$ 1,50
B4   Crunchie            5 remaining   R$ 1,75
C1   Cola                5 remaining   R$ 1,25
C2   Dr. Salt            5 remaining   R$ 1,50
C3   Mountain Melter     5 remaining   R$ 1,50
C4   Heavy               5 remaining   R$ 1,50
D1   U-Chews             5 remaining   R$ 0,85
D2   Little League Chew  5 remaining   R$ 0,95
D3   Chiclets            5 remaining   R$ 0,75
D4   Triplemint          5 remaining   R$ 0,75
e_volta_menu: Retornando ao menu principal
menu_principal: Exibindo menu principal
menu_principal: Exibindo menu principal
menu_principal: Exibindo menu principal
e_escolhe_opcao2: Ir para menu de compra
menu_compra_inicio: Entrando no menu de compra
menu_compra: Entrou no menu de compra
e_escolhe_opcao3: Escolhendo a opcao 3
finaliza_acao: Finalizou acao
e_devolve_troco: Devolvendo troco
e_devolve_troco: Devolvendo troco: 0 quarters, 0 dimes, 0 nickels
menu_principal: Exibindo menu principal
menu_principal: Exibindo menu principal
e_escolhe_opcao3: Salvar relatÃ³rio de vendas
encerrar: PÃ³s-finalizaÃ§Ã£o
e_salva_sales_report: Confirmando geraÃ§Ã£o do relatÃ³rio
e_finalizar_programa: Encerrando aplicaÃ§Ã£o
fim: AplicaÃ§Ã£o encerrada
]]></system-out>
  </testcase>
  <testcase name="Teste22" classname="com.techelevator.TesteMaquinaVendasEdgeCoverage" time="0.015">
    <system-out><![CDATA[e_restart: Reiniciando sistema
menu_principal: Exibindo menu principal
menu_principal: Exibindo menu principal
menu_principal: Exibindo menu principal
e_escolhe_opcao2: Ir para menu de compra
menu_compra_inicio: Entrando no menu de compra
menu_compra: Entrou no menu de compra
e_escolhe_opcao1: Escolhendo a opcao 1
espera_moeda: Espera moeda
e_insere_quantia: Inserindo quantia valida de R$ 10,00
menu_compra: Entrou no menu de compra
e_escolhe_opcao1: Escolhendo a opcao 1
espera_moeda: Espera moeda
e_insere_quantia: Inserindo quantia valida de R$ 10,00
menu_compra: Entrou no menu de compra
e_escolhe_opcao3: Escolhendo a opcao 3
finaliza_acao: Finalizou acao
e_devolve_troco: Devolvendo troco
e_devolve_troco: Devolvendo troco: 80 quarters, 0 dimes, 0 nickels
menu_principal: Exibindo menu principal
menu_principal: Exibindo menu principal
e_escolhe_opcao1: Exibir inventÃ¡rio
A1   Potato Crisps       5 remaining   R$ 3,05
A2   Stackers            5 remaining   R$ 1,45
A3   Grain Waves         5 remaining   R$ 2,75
A4   Cloud Popcorn       5 remaining   R$ 3,65
B1   Moonpie             5 remaining   R$ 1,80
B2   Cowtales            5 remaining   R$ 1,50
B3   Wonka Bar           5 remaining   R$ 1,50
B4   Crunchie            5 remaining   R$ 1,75
C1   Cola                5 remaining   R$ 1,25
C2   Dr. Salt            5 remaining   R$ 1,50
C3   Mountain Melter     5 remaining   R$ 1,50
C4   Heavy               5 remaining   R$ 1,50
D1   U-Chews             5 remaining   R$ 0,85
D2   Little League Chew  5 remaining   R$ 0,95
D3   Chiclets            5 remaining   R$ 0,75
D4   Triplemint          5 remaining   R$ 0,75
exibir_itens: Listando novamente os itens
A1   Potato Crisps       5 remaining   R$ 3,05
A2   Stackers            5 remaining   R$ 1,45
A3   Grain Waves         5 remaining   R$ 2,75
A4   Cloud Popcorn       5 remaining   R$ 3,65
B1   Moonpie             5 remaining   R$ 1,80
B2   Cowtales            5 remaining   R$ 1,50
B3   Wonka Bar           5 remaining   R$ 1,50
B4   Crunchie            5 remaining   R$ 1,75
C1   Cola                5 remaining   R$ 1,25
C2   Dr. Salt            5 remaining   R$ 1,50
C3   Mountain Melter     5 remaining   R$ 1,50
C4   Heavy               5 remaining   R$ 1,50
D1   U-Chews             5 remaining   R$ 0,85
D2   Little League Chew  5 remaining   R$ 0,95
D3   Chiclets            5 remaining   R$ 0,75
D4   Triplemint          5 remaining   R$ 0,75
e_volta_menu: Retornando ao menu principal
menu_principal: Exibindo menu principal
menu_principal: Exibindo menu principal
menu_principal: Exibindo menu principal
e_escolhe_opcao3: Salvar relatÃ³rio de vendas
encerrar: PÃ³s-finalizaÃ§Ã£o
e_salva_sales_report: Confirmando geraÃ§Ã£o do relatÃ³rio
e_finalizar_programa: Encerrando aplicaÃ§Ã£o
fim: AplicaÃ§Ã£o encerrada
]]></system-out>
  </testcase>
  <testcase name="Teste23" classname="com.techelevator.TesteMaquinaVendasEdgeCoverage" time="0.0">
    <system-out><![CDATA[e_restart: Reiniciando sistema
menu_principal: Exibindo menu principal
menu_principal: Exibindo menu principal
menu_principal: Exibindo menu principal
e_escolhe_opcao3: Salvar relatÃ³rio de vendas
encerrar: PÃ³s-finalizaÃ§Ã£o
e_salva_sales_report: Confirmando geraÃ§Ã£o do relatÃ³rio
e_finalizar_programa: Encerrando aplicaÃ§Ã£o
fim: AplicaÃ§Ã£o encerrada
]]></system-out>
  </testcase>
  <testcase name="Teste24" classname="com.techelevator.TesteMaquinaVendasEdgeCoverage" time="0.022">
    <system-out><![CDATA[e_restart: Reiniciando sistema
menu_principal: Exibindo menu principal
e_escolhe_opcao2: Ir para menu de compra
menu_compra_inicio: Entrando no menu de compra
menu_compra: Entrou no menu de compra
e_escolhe_opcao1: Escolhendo a opcao 1
espera_moeda: Espera moeda
e_insere_quantia: Inserindo quantia valida de R$ 10,00
menu_compra: Entrou no menu de compra
menu_compra: Entrou no menu de compra
menu_compra: Entrou no menu de compra
e_escolhe_opcao1: Escolhendo a opcao 1
espera_moeda: Espera moeda
e_insere_quantia_invalida: Inserindo quantia invalida de R$ 50,00
menu_compra: Entrou no menu de compra
menu_compra: Entrou no menu de compra
menu_compra: Entrou no menu de compra
e_escolhe_opcao2: Escolhendo a opcao 2
espera_produto: Esperando produto
e_insere_codigo_incorreto: Inserindo codigo incorreto: Z3
menu_compra: Entrou no menu de compra
menu_compra: Entrou no menu de compra
menu_compra: Entrou no menu de compra
e_escolhe_opcao2: Escolhendo a opcao 2
espera_produto: Esperando produto
e_insere_codigo_incorreto: Inserindo codigo incorreto: Z3
menu_compra: Entrou no menu de compra
menu_compra: Entrou no menu de compra
menu_compra: Entrou no menu de compra
e_escolhe_opcao1: Escolhendo a opcao 1
espera_moeda: Espera moeda
e_insere_quantia: Inserindo quantia valida de R$ 10,00
menu_compra: Entrou no menu de compra
menu_compra: Entrou no menu de compra
menu_compra: Entrou no menu de compra
e_escolhe_opcao3: Escolhendo a opcao 3
finaliza_acao: Finalizou acao
e_devolve_troco: Devolvendo troco
e_devolve_troco: Devolvendo troco: 80 quarters, 0 dimes, 0 nickels
menu_principal: Exibindo menu principal
menu_principal: Exibindo menu principal
e_escolhe_opcao3: Salvar relatÃ³rio de vendas
encerrar: PÃ³s-finalizaÃ§Ã£o
e_salva_sales_report: Confirmando geraÃ§Ã£o do relatÃ³rio
e_finalizar_programa: Encerrando aplicaÃ§Ã£o
fim: AplicaÃ§Ã£o encerrada
]]></system-out>
  </testcase>
  <testcase name="Teste25" classname="com.techelevator.TesteMaquinaVendasEdgeCoverage" time="0.035">
    <system-out><![CDATA[e_restart: Reiniciando sistema
menu_principal: Exibindo menu principal
menu_principal: Exibindo menu principal
menu_principal: Exibindo menu principal
e_escolhe_opcao1: Exibir inventÃ¡rio
A1   Potato Crisps       5 remaining   R$ 3,05
A2   Stackers            5 remaining   R$ 1,45
A3   Grain Waves         5 remaining   R$ 2,75
A4   Cloud Popcorn       5 remaining   R$ 3,65
B1   Moonpie             5 remaining   R$ 1,80
B2   Cowtales            5 remaining   R$ 1,50
B3   Wonka Bar           5 remaining   R$ 1,50
B4   Crunchie            5 remaining   R$ 1,75
C1   Cola                5 remaining   R$ 1,25
C2   Dr. Salt            5 remaining   R$ 1,50
C3   Mountain Melter     5 remaining   R$ 1,50
C4   Heavy               5 remaining   R$ 1,50
D1   U-Chews             5 remaining   R$ 0,85
D2   Little League Chew  5 remaining   R$ 0,95
D3   Chiclets            5 remaining   R$ 0,75
D4   Triplemint          5 remaining   R$ 0,75
exibir_itens: Listando novamente os itens
A1   Potato Crisps       5 remaining   R$ 3,05
A2   Stackers            5 remaining   R$ 1,45
A3   Grain Waves         5 remaining   R$ 2,75
A4   Cloud Popcorn       5 remaining   R$ 3,65
B1   Moonpie             5 remaining   R$ 1,80
B2   Cowtales            5 remaining   R$ 1,50
B3   Wonka Bar           5 remaining   R$ 1,50
B4   Crunchie            5 remaining   R$ 1,75
C1   Cola                5 remaining   R$ 1,25
C2   Dr. Salt            5 remaining   R$ 1,50
C3   Mountain Melter     5 remaining   R$ 1,50
C4   Heavy               5 remaining   R$ 1,50
D1   U-Chews             5 remaining   R$ 0,85
D2   Little League Chew  5 remaining   R$ 0,95
D3   Chiclets            5 remaining   R$ 0,75
D4   Triplemint          5 remaining   R$ 0,75
e_volta_menu: Retornando ao menu principal
menu_principal: Exibindo menu principal
e_escolhe_opcao3: Salvar relatÃ³rio de vendas
encerrar: PÃ³s-finalizaÃ§Ã£o
e_salva_sales_report: Confirmando geraÃ§Ã£o do relatÃ³rio
e_finalizar_programa: Encerrando aplicaÃ§Ã£o
fim: AplicaÃ§Ã£o encerrada
]]></system-out>
  </testcase>
  <testcase name="Teste26" classname="com.techelevator.TesteMaquinaVendasEdgeCoverage" time="0.02">
    <system-out><![CDATA[e_restart: Reiniciando sistema
menu_principal: Exibindo menu principal
e_escolhe_opcao1: Exibir inventÃ¡rio
A1   Potato Crisps       5 remaining   R$ 3,05
A2   Stackers            5 remaining   R$ 1,45
A3   Grain Waves         5 remaining   R$ 2,75
A4   Cloud Popcorn       5 remaining   R$ 3,65
B1   Moonpie             5 remaining   R$ 1,80
B2   Cowtales            5 remaining   R$ 1,50
B3   Wonka Bar           5 remaining   R$ 1,50
B4   Crunchie            5 remaining   R$ 1,75
C1   Cola                5 remaining   R$ 1,25
C2   Dr. Salt            5 remaining   R$ 1,50
C3   Mountain Melter     5 remaining   R$ 1,50
C4   Heavy               5 remaining   R$ 1,50
D1   U-Chews             5 remaining   R$ 0,85
D2   Little League Chew  5 remaining   R$ 0,95
D3   Chiclets            5 remaining   R$ 0,75
D4   Triplemint          5 remaining   R$ 0,75
exibir_itens: Listando novamente os itens
A1   Potato Crisps       5 remaining   R$ 3,05
A2   Stackers            5 remaining   R$ 1,45
A3   Grain Waves         5 remaining   R$ 2,75
A4   Cloud Popcorn       5 remaining   R$ 3,65
B1   Moonpie             5 remaining   R$ 1,80
B2   Cowtales            5 remaining   R$ 1,50
B3   Wonka Bar           5 remaining   R$ 1,50
B4   Crunchie            5 remaining   R$ 1,75
C1   Cola                5 remaining   R$ 1,25
C2   Dr. Salt            5 remaining   R$ 1,50
C3   Mountain Melter     5 remaining   R$ 1,50
C4   Heavy               5 remaining   R$ 1,50
D1   U-Chews             5 remaining   R$ 0,85
D2   Little League Chew  5 remaining   R$ 0,95
D3   Chiclets            5 remaining   R$ 0,75
D4   Triplemint          5 remaining   R$ 0,75
e_volta_menu: Retornando ao menu principal
menu_principal: Exibindo menu principal
menu_principal: Exibindo menu principal
menu_principal: Exibindo menu principal
e_escolhe_opcao3: Salvar relatÃ³rio de vendas
encerrar: PÃ³s-finalizaÃ§Ã£o
e_salva_sales_report: Confirmando geraÃ§Ã£o do relatÃ³rio
e_finalizar_programa: Encerrando aplicaÃ§Ã£o
fim: AplicaÃ§Ã£o encerrada
]]></system-out>
  </testcase>
  <testcase name="Teste27" classname="com.techelevator.TesteMaquinaVendasEdgeCoverage" time="0.001">
    <system-out><![CDATA[e_restart: Reiniciando sistema
menu_principal: Exibindo menu principal
e_escolhe_opcao3: Salvar relatÃ³rio de vendas
encerrar: PÃ³s-finalizaÃ§Ã£o
e_salva_sales_report: Confirmando geraÃ§Ã£o do relatÃ³rio
e_finalizar_programa: Encerrando aplicaÃ§Ã£o
fim: AplicaÃ§Ã£o encerrada
]]></system-out>
  </testcase>
  <testcase name="Teste28" classname="com.techelevator.TesteMaquinaVendasEdgeCoverage" time="0.015">
    <system-out><![CDATA[e_restart: Reiniciando sistema
menu_principal: Exibindo menu principal
e_escolhe_opcao3: Salvar relatÃ³rio de vendas
encerrar: PÃ³s-finalizaÃ§Ã£o
e_salva_sales_report: Confirmando geraÃ§Ã£o do relatÃ³rio
e_finalizar_programa: Encerrando aplicaÃ§Ã£o
fim: AplicaÃ§Ã£o encerrada
]]></system-out>
  </testcase>
  <testcase name="Teste29" classname="com.techelevator.TesteMaquinaVendasEdgeCoverage" time="0.014">
    <system-out><![CDATA[e_restart: Reiniciando sistema
menu_principal: Exibindo menu principal
e_escolhe_opcao3: Salvar relatÃ³rio de vendas
encerrar: PÃ³s-finalizaÃ§Ã£o
e_salva_sales_report: Confirmando geraÃ§Ã£o do relatÃ³rio
e_finalizar_programa: Encerrando aplicaÃ§Ã£o
fim: AplicaÃ§Ã£o encerrada
]]></system-out>
  </testcase>
  <testcase name="Teste30" classname="com.techelevator.TesteMaquinaVendasEdgeCoverage" time="0.023">
    <system-out><![CDATA[e_restart: Reiniciando sistema
menu_principal: Exibindo menu principal
menu_principal: Exibindo menu principal
menu_principal: Exibindo menu principal
e_escolhe_opcao1: Exibir inventÃ¡rio
A1   Potato Crisps       5 remaining   R$ 3,05
A2   Stackers            5 remaining   R$ 1,45
A3   Grain Waves         5 remaining   R$ 2,75
A4   Cloud Popcorn       5 remaining   R$ 3,65
B1   Moonpie             5 remaining   R$ 1,80
B2   Cowtales            5 remaining   R$ 1,50
B3   Wonka Bar           5 remaining   R$ 1,50
B4   Crunchie            5 remaining   R$ 1,75
C1   Cola                5 remaining   R$ 1,25
C2   Dr. Salt            5 remaining   R$ 1,50
C3   Mountain Melter     5 remaining   R$ 1,50
C4   Heavy               5 remaining   R$ 1,50
D1   U-Chews             5 remaining   R$ 0,85
D2   Little League Chew  5 remaining   R$ 0,95
D3   Chiclets            5 remaining   R$ 0,75
D4   Triplemint          5 remaining   R$ 0,75
exibir_itens: Listando novamente os itens
A1   Potato Crisps       5 remaining   R$ 3,05
A2   Stackers            5 remaining   R$ 1,45
A3   Grain Waves         5 remaining   R$ 2,75
A4   Cloud Popcorn       5 remaining   R$ 3,65
B1   Moonpie             5 remaining   R$ 1,80
B2   Cowtales            5 remaining   R$ 1,50
B3   Wonka Bar           5 remaining   R$ 1,50
B4   Crunchie            5 remaining   R$ 1,75
C1   Cola                5 remaining   R$ 1,25
C2   Dr. Salt            5 remaining   R$ 1,50
C3   Mountain Melter     5 remaining   R$ 1,50
C4   Heavy               5 remaining   R$ 1,50
D1   U-Chews             5 remaining   R$ 0,85
D2   Little League Chew  5 remaining   R$ 0,95
D3   Chiclets            5 remaining   R$ 0,75
D4   Triplemint          5 remaining   R$ 0,75
e_volta_menu: Retornando ao menu principal
menu_principal: Exibindo menu principal
e_escolhe_opcao3: Salvar relatÃ³rio de vendas
encerrar: PÃ³s-finalizaÃ§Ã£o
e_salva_sales_report: Confirmando geraÃ§Ã£o do relatÃ³rio
e_finalizar_programa: Encerrando aplicaÃ§Ã£o
fim: AplicaÃ§Ã£o encerrada
]]></system-out>
  </testcase>
  <testcase name="Teste31" classname="com.techelevator.TesteMaquinaVendasEdgeCoverage" time="0.034">
    <system-out><![CDATA[e_restart: Reiniciando sistema
menu_principal: Exibindo menu principal
e_escolhe_opcao2: Ir para menu de compra
menu_compra_inicio: Entrando no menu de compra
menu_compra: Entrou no menu de compra
e_escolhe_opcao3: Escolhendo a opcao 3
finaliza_acao: Finalizou acao
e_devolve_troco: Devolvendo troco
e_devolve_troco: Devolvendo troco: 0 quarters, 0 dimes, 0 nickels
menu_principal: Exibindo menu principal
menu_principal: Exibindo menu principal
e_escolhe_opcao1: Exibir inventÃ¡rio
A1   Potato Crisps       5 remaining   R$ 3,05
A2   Stackers            5 remaining   R$ 1,45
A3   Grain Waves         5 remaining   R$ 2,75
A4   Cloud Popcorn       5 remaining   R$ 3,65
B1   Moonpie             5 remaining   R$ 1,80
B2   Cowtales            5 remaining   R$ 1,50
B3   Wonka Bar           5 remaining   R$ 1,50
B4   Crunchie            5 remaining   R$ 1,75
C1   Cola                5 remaining   R$ 1,25
C2   Dr. Salt            5 remaining   R$ 1,50
C3   Mountain Melter     5 remaining   R$ 1,50
C4   Heavy               5 remaining   R$ 1,50
D1   U-Chews             5 remaining   R$ 0,85
D2   Little League Chew  5 remaining   R$ 0,95
D3   Chiclets            5 remaining   R$ 0,75
D4   Triplemint          5 remaining   R$ 0,75
exibir_itens: Listando novamente os itens
A1   Potato Crisps       5 remaining   R$ 3,05
A2   Stackers            5 remaining   R$ 1,45
A3   Grain Waves         5 remaining   R$ 2,75
A4   Cloud Popcorn       5 remaining   R$ 3,65
B1   Moonpie             5 remaining   R$ 1,80
B2   Cowtales            5 remaining   R$ 1,50
B3   Wonka Bar           5 remaining   R$ 1,50
B4   Crunchie            5 remaining   R$ 1,75
C1   Cola                5 remaining   R$ 1,25
C2   Dr. Salt            5 remaining   R$ 1,50
C3   Mountain Melter     5 remaining   R$ 1,50
C4   Heavy               5 remaining   R$ 1,50
D1   U-Chews             5 remaining   R$ 0,85
D2   Little League Chew  5 remaining   R$ 0,95
D3   Chiclets            5 remaining   R$ 0,75
D4   Triplemint          5 remaining   R$ 0,75
e_volta_menu: Retornando ao menu principal
menu_principal: Exibindo menu principal
e_escolhe_opcao2: Ir para menu de compra
menu_compra_inicio: Entrando no menu de compra
menu_compra: Entrou no menu de compra
e_escolhe_opcao2: Escolhendo a opcao 2
espera_produto: Esperando produto
e_insere_codigo: Inserindo codigo correto: A3 e o preÃ§o do produto e R$ 2,75
verifica_disponibilidade: Verifica disponibilidade
e_produto_disponivel: Verificando se Produto disponivel: 5
verifica_saldo: Verifica se saldo e suficiente
e_verifica_saldo_insuficiente: Verificando que saldo insuficiente sintetico: R$ 0,05 do original R$ 0,00 para preco de produto R$ 2,75
menu_compra: Entrou no menu de compra
e_escolhe_opcao1: Escolhendo a opcao 1
espera_moeda: Espera moeda
e_insere_quantia: Inserindo quantia valida de R$ 10,00
menu_compra: Entrou no menu de compra
menu_compra: Entrou no menu de compra
menu_compra: Entrou no menu de compra
e_escolhe_opcao3: Escolhendo a opcao 3
finaliza_acao: Finalizou acao
e_devolve_troco: Devolvendo troco
e_devolve_troco: Devolvendo troco: 40 quarters, 0 dimes, 0 nickels
menu_principal: Exibindo menu principal
menu_principal: Exibindo menu principal
e_escolhe_opcao2: Ir para menu de compra
menu_compra_inicio: Entrando no menu de compra
menu_compra: Entrou no menu de compra
e_escolhe_opcao2: Escolhendo a opcao 2
espera_produto: Esperando produto
e_insere_codigo_incorreto: Inserindo codigo incorreto: Z3
menu_compra: Entrou no menu de compra
menu_compra: Entrou no menu de compra
menu_compra: Entrou no menu de compra
e_escolhe_opcao2: Escolhendo a opcao 2
espera_produto: Esperando produto
e_insere_codigo_incorreto: Inserindo codigo incorreto: Z3
menu_compra: Entrou no menu de compra
e_escolhe_opcao3: Escolhendo a opcao 3
finaliza_acao: Finalizou acao
e_devolve_troco: Devolvendo troco
e_devolve_troco: Devolvendo troco: 0 quarters, 0 dimes, 0 nickels
menu_principal: Exibindo menu principal
menu_principal: Exibindo menu principal
e_escolhe_opcao2: Ir para menu de compra
menu_compra_inicio: Entrando no menu de compra
menu_compra: Entrou no menu de compra
e_escolhe_opcao3: Escolhendo a opcao 3
finaliza_acao: Finalizou acao
e_devolve_troco: Devolvendo troco
e_devolve_troco: Devolvendo troco: 0 quarters, 0 dimes, 0 nickels
menu_principal: Exibindo menu principal
menu_principal: Exibindo menu principal
e_escolhe_opcao3: Salvar relatÃ³rio de vendas
encerrar: PÃ³s-finalizaÃ§Ã£o
e_salva_sales_report: Confirmando geraÃ§Ã£o do relatÃ³rio
e_finalizar_programa: Encerrando aplicaÃ§Ã£o
fim: AplicaÃ§Ã£o encerrada
]]></system-out>
  </testcase>
  <testcase name="Teste32" classname="com.techelevator.TesteMaquinaVendasEdgeCoverage" time="0.001">
    <system-out><![CDATA[e_restart: Reiniciando sistema
menu_principal: Exibindo menu principal
menu_principal: Exibindo menu principal
menu_principal: Exibindo menu principal
e_escolhe_opcao3: Salvar relatÃ³rio de vendas
encerrar: PÃ³s-finalizaÃ§Ã£o
e_salva_sales_report: Confirmando geraÃ§Ã£o do relatÃ³rio
e_finalizar_programa: Encerrando aplicaÃ§Ã£o
fim: AplicaÃ§Ã£o encerrada
]]></system-out>
  </testcase>
  <testcase name="Teste33" classname="com.techelevator.TesteMaquinaVendasEdgeCoverage" time="0.035">
    <system-out><![CDATA[e_restart: Reiniciando sistema
menu_principal: Exibindo menu principal
menu_principal: Exibindo menu principal
menu_principal: Exibindo menu principal
e_escolhe_opcao1: Exibir inventÃ¡rio
A1   Potato Crisps       5 remaining   R$ 3,05
A2   Stackers            5 remaining   R$ 1,45
A3   Grain Waves         5 remaining   R$ 2,75
A4   Cloud Popcorn       5 remaining   R$ 3,65
B1   Moonpie             5 remaining   R$ 1,80
B2   Cowtales            5 remaining   R$ 1,50
B3   Wonka Bar           5 remaining   R$ 1,50
B4   Crunchie            5 remaining   R$ 1,75
C1   Cola                5 remaining   R$ 1,25
C2   Dr. Salt            5 remaining   R$ 1,50
C3   Mountain Melter     5 remaining   R$ 1,50
C4   Heavy               5 remaining   R$ 1,50
D1   U-Chews             5 remaining   R$ 0,85
D2   Little League Chew  5 remaining   R$ 0,95
D3   Chiclets            5 remaining   R$ 0,75
D4   Triplemint          5 remaining   R$ 0,75
exibir_itens: Listando novamente os itens
A1   Potato Crisps       5 remaining   R$ 3,05
A2   Stackers            5 remaining   R$ 1,45
A3   Grain Waves         5 remaining   R$ 2,75
A4   Cloud Popcorn       5 remaining   R$ 3,65
B1   Moonpie             5 remaining   R$ 1,80
B2   Cowtales            5 remaining   R$ 1,50
B3   Wonka Bar           5 remaining   R$ 1,50
B4   Crunchie            5 remaining   R$ 1,75
C1   Cola                5 remaining   R$ 1,25
C2   Dr. Salt            5 remaining   R$ 1,50
C3   Mountain Melter     5 remaining   R$ 1,50
C4   Heavy               5 remaining   R$ 1,50
D1   U-Chews             5 remaining   R$ 0,85
D2   Little League Chew  5 remaining   R$ 0,95
D3   Chiclets            5 remaining   R$ 0,75
D4   Triplemint          5 remaining   R$ 0,75
e_volta_menu: Retornando ao menu principal
menu_principal: Exibindo menu principal
e_escolhe_opcao2: Ir para menu de compra
menu_compra_inicio: Entrando no menu de compra
menu_compra: Entrou no menu de compra
e_escolhe_opcao3: Escolhendo a opcao 3
finaliza_acao: Finalizou acao
e_devolve_troco: Devolvendo troco
e_devolve_troco: Devolvendo troco: 0 quarters, 0 dimes, 0 nickels
menu_principal: Exibindo menu principal
menu_principal: Exibindo menu principal
e_escolhe_opcao3: Salvar relatÃ³rio de vendas
encerrar: PÃ³s-finalizaÃ§Ã£o
e_salva_sales_report: Confirmando geraÃ§Ã£o do relatÃ³rio
e_finalizar_programa: Encerrando aplicaÃ§Ã£o
fim: AplicaÃ§Ã£o encerrada
]]></system-out>
  </testcase>
  <testcase name="Teste34" classname="com.techelevator.TesteMaquinaVendasEdgeCoverage" time="0.053">
    <system-out><![CDATA[e_restart: Reiniciando sistema
menu_principal: Exibindo menu principal
e_escolhe_opcao2: Ir para menu de compra
menu_compra_inicio: Entrando no menu de compra
menu_compra: Entrou no menu de compra
e_escolhe_opcao1: Escolhendo a opcao 1
espera_moeda: Espera moeda
e_insere_quantia_invalida: Inserindo quantia invalida de R$ 50,00
menu_compra: Entrou no menu de compra
menu_compra: Entrou no menu de compra
menu_compra: Entrou no menu de compra
e_escolhe_opcao1: Escolhendo a opcao 1
espera_moeda: Espera moeda
e_insere_quantia_invalida: Inserindo quantia invalida de R$ 50,00
menu_compra: Entrou no menu de compra
e_escolhe_opcao1: Escolhendo a opcao 1
espera_moeda: Espera moeda
e_insere_quantia_invalida: Inserindo quantia invalida de R$ 50,00
menu_compra: Entrou no menu de compra
menu_compra: Entrou no menu de compra
menu_compra: Entrou no menu de compra
e_escolhe_opcao1: Escolhendo a opcao 1
espera_moeda: Espera moeda
e_insere_quantia: Inserindo quantia valida de R$ 10,00
menu_compra: Entrou no menu de compra
e_escolhe_opcao2: Escolhendo a opcao 2
espera_produto: Esperando produto
e_insere_codigo: Inserindo codigo correto: A3 e o preÃ§o do produto e R$ 2,75
verifica_disponibilidade: Verifica disponibilidade
e_produto_disponivel: Verificando se Produto disponivel: 5
verifica_saldo: Verifica se saldo e suficiente
e_verifica_saldo_insuficiente: Verificando que saldo insuficiente sintetico: R$ 0,05 do original R$ 10,00 para preco de produto R$ 2,75
menu_compra: Entrou no menu de compra
menu_compra: Entrou no menu de compra
menu_compra: Entrou no menu de compra
e_escolhe_opcao3: Escolhendo a opcao 3
finaliza_acao: Finalizou acao
e_devolve_troco: Devolvendo troco
e_devolve_troco: Devolvendo troco: 40 quarters, 0 dimes, 0 nickels
menu_principal: Exibindo menu principal
menu_principal: Exibindo menu principal
e_escolhe_opcao2: Ir para menu de compra
menu_compra_inicio: Entrando no menu de compra
menu_compra: Entrou no menu de compra
e_escolhe_opcao3: Escolhendo a opcao 3
finaliza_acao: Finalizou acao
e_devolve_troco: Devolvendo troco
e_devolve_troco: Devolvendo troco: 0 quarters, 0 dimes, 0 nickels
menu_principal: Exibindo menu principal
menu_principal: Exibindo menu principal
e_escolhe_opcao2: Ir para menu de compra
menu_compra_inicio: Entrando no menu de compra
menu_compra: Entrou no menu de compra
e_escolhe_opcao2: Escolhendo a opcao 2
espera_produto: Esperando produto
e_insere_codigo: Inserindo codigo correto: A3 e o preÃ§o do produto e R$ 2,75
verifica_disponibilidade: Verifica disponibilidade
e_produto_disponivel: Verificando se Produto disponivel: 5
verifica_saldo: Verifica se saldo e suficiente
e_verifica_saldo_insuficiente: Verificando que saldo insuficiente sintetico: R$ 0,05 do original R$ 0,00 para preco de produto R$ 2,75
menu_compra: Entrou no menu de compra
menu_compra: Entrou no menu de compra
menu_compra: Entrou no menu de compra
e_escolhe_opcao2: Escolhendo a opcao 2
espera_produto: Esperando produto
e_insere_codigo: Inserindo codigo correto: A3 e o preÃ§o do produto e R$ 2,75
verifica_disponibilidade: Verifica disponibilidade
e_produto_disponivel: Verificando se Produto disponivel: 5
verifica_saldo: Verifica se saldo e suficiente
e_verifica_saldo_insuficiente: Verificando que saldo insuficiente sintetico: R$ 0,05 do original R$ 0,00 para preco de produto R$ 2,75
menu_compra: Entrou no menu de compra
e_escolhe_opcao3: Escolhendo a opcao 3
finaliza_acao: Finalizou acao
e_devolve_troco: Devolvendo troco
e_devolve_troco: Devolvendo troco: 0 quarters, 0 dimes, 0 nickels
menu_principal: Exibindo menu principal
menu_principal: Exibindo menu principal
e_escolhe_opcao2: Ir para menu de compra
menu_compra_inicio: Entrando no menu de compra
menu_compra: Entrou no menu de compra
e_escolhe_opcao1: Escolhendo a opcao 1
espera_moeda: Espera moeda
e_insere_quantia_invalida: Inserindo quantia invalida de R$ 50,00
menu_compra: Entrou no menu de compra
e_escolhe_opcao2: Escolhendo a opcao 2
espera_produto: Esperando produto
e_insere_codigo_incorreto: Inserindo codigo incorreto: Z3
menu_compra: Entrou no menu de compra
menu_compra: Entrou no menu de compra
menu_compra: Entrou no menu de compra
e_escolhe_opcao2: Escolhendo a opcao 2
espera_produto: Esperando produto
e_insere_codigo_incorreto: Inserindo codigo incorreto: Z3
menu_compra: Entrou no menu de compra
e_escolhe_opcao3: Escolhendo a opcao 3
finaliza_acao: Finalizou acao
e_devolve_troco: Devolvendo troco
e_devolve_troco: Devolvendo troco: 0 quarters, 0 dimes, 0 nickels
menu_principal: Exibindo menu principal
menu_principal: Exibindo menu principal
e_escolhe_opcao1: Exibir inventÃ¡rio
A1   Potato Crisps       5 remaining   R$ 3,05
A2   Stackers            5 remaining   R$ 1,45
A3   Grain Waves         5 remaining   R$ 2,75
A4   Cloud Popcorn       5 remaining   R$ 3,65
B1   Moonpie             5 remaining   R$ 1,80
B2   Cowtales            5 remaining   R$ 1,50
B3   Wonka Bar           5 remaining   R$ 1,50
B4   Crunchie            5 remaining   R$ 1,75
C1   Cola                5 remaining   R$ 1,25
C2   Dr. Salt            5 remaining   R$ 1,50
C3   Mountain Melter     5 remaining   R$ 1,50
C4   Heavy               5 remaining   R$ 1,50
D1   U-Chews             5 remaining   R$ 0,85
D2   Little League Chew  5 remaining   R$ 0,95
D3   Chiclets            5 remaining   R$ 0,75
D4   Triplemint          5 remaining   R$ 0,75
exibir_itens: Listando novamente os itens
A1   Potato Crisps       5 remaining   R$ 3,05
A2   Stackers            5 remaining   R$ 1,45
A3   Grain Waves         5 remaining   R$ 2,75
A4   Cloud Popcorn       5 remaining   R$ 3,65
B1   Moonpie             5 remaining   R$ 1,80
B2   Cowtales            5 remaining   R$ 1,50
B3   Wonka Bar           5 remaining   R$ 1,50
B4   Crunchie            5 remaining   R$ 1,75
C1   Cola                5 remaining   R$ 1,25
C2   Dr. Salt            5 remaining   R$ 1,50
C3   Mountain Melter     5 remaining   R$ 1,50
C4   Heavy               5 remaining   R$ 1,50
D1   U-Chews             5 remaining   R$ 0,85
D2   Little League Chew  5 remaining   R$ 0,95
D3   Chiclets            5 remaining   R$ 0,75
D4   Triplemint          5 remaining   R$ 0,75
e_volta_menu: Retornando ao menu principal
menu_principal: Exibindo menu principal
e_escolhe_opcao1: Exibir inventÃ¡rio
A1   Potato Crisps       5 remaining   R$ 3,05
A2   Stackers            5 remaining   R$ 1,45
A3   Grain Waves         5 remaining   R$ 2,75
A4   Cloud Popcorn       5 remaining   R$ 3,65
B1   Moonpie             5 remaining   R$ 1,80
B2   Cowtales            5 remaining   R$ 1,50
B3   Wonka Bar           5 remaining   R$ 1,50
B4   Crunchie            5 remaining   R$ 1,75
C1   Cola                5 remaining   R$ 1,25
C2   Dr. Salt            5 remaining   R$ 1,50
C3   Mountain Melter     5 remaining   R$ 1,50
C4   Heavy               5 remaining   R$ 1,50
D1   U-Chews             5 remaining   R$ 0,85
D2   Little League Chew  5 remaining   R$ 0,95
D3   Chiclets            5 remaining   R$ 0,75
D4   Triplemint          5 remaining   R$ 0,75
exibir_itens: Listando novamente os itens
A1   Potato Crisps       5 remaining   R$ 3,05
A2   Stackers            5 remaining   R$ 1,45
A3   Grain Waves         5 remaining   R$ 2,75
A4   Cloud Popcorn       5 remaining   R$ 3,65
B1   Moonpie             5 remaining   R$ 1,80
B2   Cowtales            5 remaining   R$ 1,50
B3   Wonka Bar           5 remaining   R$ 1,50
B4   Crunchie            5 remaining   R$ 1,75
C1   Cola                5 remaining   R$ 1,25
C2   Dr. Salt            5 remaining   R$ 1,50
C3   Mountain Melter     5 remaining   R$ 1,50
C4   Heavy               5 remaining   R$ 1,50
D1   U-Chews             5 remaining   R$ 0,85
D2   Little League Chew  5 remaining   R$ 0,95
D3   Chiclets            5 remaining   R$ 0,75
D4   Triplemint          5 remaining   R$ 0,75
e_volta_menu: Retornando ao menu principal
menu_principal: Exibindo menu principal
menu_principal: Exibindo menu principal
menu_principal: Exibindo menu principal
e_escolhe_opcao2: Ir para menu de compra
menu_compra_inicio: Entrando no menu de compra
menu_compra: Entrou no menu de compra
e_escolhe_opcao3: Escolhendo a opcao 3
finaliza_acao: Finalizou acao
e_devolve_troco: Devolvendo troco
e_devolve_troco: Devolvendo troco: 0 quarters, 0 dimes, 0 nickels
menu_principal: Exibindo menu principal
menu_principal: Exibindo menu principal
e_escolhe_opcao2: Ir para menu de compra
menu_compra_inicio: Entrando no menu de compra
menu_compra: Entrou no menu de compra
e_escolhe_opcao3: Escolhendo a opcao 3
finaliza_acao: Finalizou acao
e_devolve_troco: Devolvendo troco
e_devolve_troco: Devolvendo troco: 0 quarters, 0 dimes, 0 nickels
menu_principal: Exibindo menu principal
menu_principal: Exibindo menu principal
e_escolhe_opcao3: Salvar relatÃ³rio de vendas
encerrar: PÃ³s-finalizaÃ§Ã£o
e_salva_sales_report: Confirmando geraÃ§Ã£o do relatÃ³rio
e_finalizar_programa: Encerrando aplicaÃ§Ã£o
fim: AplicaÃ§Ã£o encerrada
]]></system-out>
  </testcase>
  <testcase name="Teste35" classname="com.techelevator.TesteMaquinaVendasEdgeCoverage" time="0.002">
    <system-out><![CDATA[e_restart: Reiniciando sistema
menu_principal: Exibindo menu principal
menu_principal: Exibindo menu principal
menu_principal: Exibindo menu principal
e_escolhe_opcao2: Ir para menu de compra
menu_compra_inicio: Entrando no menu de compra
menu_compra: Entrou no menu de compra
e_escolhe_opcao3: Escolhendo a opcao 3
finaliza_acao: Finalizou acao
e_devolve_troco: Devolvendo troco
e_devolve_troco: Devolvendo troco: 0 quarters, 0 dimes, 0 nickels
menu_principal: Exibindo menu principal
menu_principal: Exibindo menu principal
e_escolhe_opcao3: Salvar relatÃ³rio de vendas
encerrar: PÃ³s-finalizaÃ§Ã£o
e_salva_sales_report: Confirmando geraÃ§Ã£o do relatÃ³rio
e_finalizar_programa: Encerrando aplicaÃ§Ã£o
fim: AplicaÃ§Ã£o encerrada
]]></system-out>
  </testcase>
  <testcase name="Teste36" classname="com.techelevator.TesteMaquinaVendasEdgeCoverage" time="0.0">
    <system-out><![CDATA[e_restart: Reiniciando sistema
menu_principal: Exibindo menu principal
e_escolhe_opcao3: Salvar relatÃ³rio de vendas
encerrar: PÃ³s-finalizaÃ§Ã£o
e_salva_sales_report: Confirmando geraÃ§Ã£o do relatÃ³rio
e_finalizar_programa: Encerrando aplicaÃ§Ã£o
fim: AplicaÃ§Ã£o encerrada
]]></system-out>
  </testcase>
  <testcase name="Teste37" classname="com.techelevator.TesteMaquinaVendasEdgeCoverage" time="0.015">
    <system-out><![CDATA[e_restart: Reiniciando sistema
menu_principal: Exibindo menu principal
menu_principal: Exibindo menu principal
menu_principal: Exibindo menu principal
e_escolhe_opcao3: Salvar relatÃ³rio de vendas
encerrar: PÃ³s-finalizaÃ§Ã£o
e_salva_sales_report: Confirmando geraÃ§Ã£o do relatÃ³rio
e_finalizar_programa: Encerrando aplicaÃ§Ã£o
fim: AplicaÃ§Ã£o encerrada
]]></system-out>
  </testcase>
  <testcase name="Teste38" classname="com.techelevator.TesteMaquinaVendasEdgeCoverage" time="0.014">
    <system-out><![CDATA[e_restart: Reiniciando sistema
menu_principal: Exibindo menu principal
menu_principal: Exibindo menu principal
menu_principal: Exibindo menu principal
e_escolhe_opcao3: Salvar relatÃ³rio de vendas
encerrar: PÃ³s-finalizaÃ§Ã£o
e_salva_sales_report: Confirmando geraÃ§Ã£o do relatÃ³rio
e_finalizar_programa: Encerrando aplicaÃ§Ã£o
fim: AplicaÃ§Ã£o encerrada
]]></system-out>
  </testcase>
  <testcase name="Teste39" classname="com.techelevator.TesteMaquinaVendasEdgeCoverage" time="0.014">
    <system-out><![CDATA[e_restart: Reiniciando sistema
menu_principal: Exibindo menu principal
menu_principal: Exibindo menu principal
menu_principal: Exibindo menu principal
e_escolhe_opcao3: Salvar relatÃ³rio de vendas
encerrar: PÃ³s-finalizaÃ§Ã£o
e_salva_sales_report: Confirmando geraÃ§Ã£o do relatÃ³rio
e_finalizar_programa: Encerrando aplicaÃ§Ã£o
fim: AplicaÃ§Ã£o encerrada
]]></system-out>
  </testcase>
  <testcase name="Teste40" classname="com.techelevator.TesteMaquinaVendasEdgeCoverage" time="0.008">
    <system-out><![CDATA[e_restart: Reiniciando sistema
menu_principal: Exibindo menu principal
e_escolhe_opcao3: Salvar relatÃ³rio de vendas
encerrar: PÃ³s-finalizaÃ§Ã£o
e_salva_sales_report: Confirmando geraÃ§Ã£o do relatÃ³rio
e_finalizar_programa: Encerrando aplicaÃ§Ã£o
fim: AplicaÃ§Ã£o encerrada
]]></system-out>
  </testcase>
  <testcase name="Teste41" classname="com.techelevator.TesteMaquinaVendasEdgeCoverage" time="0.014">
    <system-out><![CDATA[e_restart: Reiniciando sistema
menu_principal: Exibindo menu principal
e_escolhe_opcao3: Salvar relatÃ³rio de vendas
encerrar: PÃ³s-finalizaÃ§Ã£o
e_salva_sales_report: Confirmando geraÃ§Ã£o do relatÃ³rio
e_finalizar_programa: Encerrando aplicaÃ§Ã£o
fim: AplicaÃ§Ã£o encerrada
]]></system-out>
  </testcase>
  <testcase name="Teste42" classname="com.techelevator.TesteMaquinaVendasEdgeCoverage" time="0.028">
    <system-out><![CDATA[e_restart: Reiniciando sistema
menu_principal: Exibindo menu principal
menu_principal: Exibindo menu principal
menu_principal: Exibindo menu principal
e_escolhe_opcao1: Exibir inventÃ¡rio
A1   Potato Crisps       5 remaining   R$ 3,05
A2   Stackers            5 remaining   R$ 1,45
A3   Grain Waves         5 remaining   R$ 2,75
A4   Cloud Popcorn       5 remaining   R$ 3,65
B1   Moonpie             5 remaining   R$ 1,80
B2   Cowtales            5 remaining   R$ 1,50
B3   Wonka Bar           5 remaining   R$ 1,50
B4   Crunchie            5 remaining   R$ 1,75
C1   Cola                5 remaining   R$ 1,25
C2   Dr. Salt            5 remaining   R$ 1,50
C3   Mountain Melter     5 remaining   R$ 1,50
C4   Heavy               5 remaining   R$ 1,50
D1   U-Chews             5 remaining   R$ 0,85
D2   Little League Chew  5 remaining   R$ 0,95
D3   Chiclets            5 remaining   R$ 0,75
D4   Triplemint          5 remaining   R$ 0,75
exibir_itens: Listando novamente os itens
A1   Potato Crisps       5 remaining   R$ 3,05
A2   Stackers            5 remaining   R$ 1,45
A3   Grain Waves         5 remaining   R$ 2,75
A4   Cloud Popcorn       5 remaining   R$ 3,65
B1   Moonpie             5 remaining   R$ 1,80
B2   Cowtales            5 remaining   R$ 1,50
B3   Wonka Bar           5 remaining   R$ 1,50
B4   Crunchie            5 remaining   R$ 1,75
C1   Cola                5 remaining   R$ 1,25
C2   Dr. Salt            5 remaining   R$ 1,50
C3   Mountain Melter     5 remaining   R$ 1,50
C4   Heavy               5 remaining   R$ 1,50
D1   U-Chews             5 remaining   R$ 0,85
D2   Little League Chew  5 remaining   R$ 0,95
D3   Chiclets            5 remaining   R$ 0,75
D4   Triplemint          5 remaining   R$ 0,75
e_volta_menu: Retornando ao menu principal
menu_principal: Exibindo menu principal
e_escolhe_opcao3: Salvar relatÃ³rio de vendas
encerrar: PÃ³s-finalizaÃ§Ã£o
e_salva_sales_report: Confirmando geraÃ§Ã£o do relatÃ³rio
e_finalizar_programa: Encerrando aplicaÃ§Ã£o
fim: AplicaÃ§Ã£o encerrada
]]></system-out>
  </testcase>
  <testcase name="Teste43" classname="com.techelevator.TesteMaquinaVendasEdgeCoverage" time="0.018">
    <system-out><![CDATA[e_restart: Reiniciando sistema
menu_principal: Exibindo menu principal
e_escolhe_opcao1: Exibir inventÃ¡rio
A1   Potato Crisps       5 remaining   R$ 3,05
A2   Stackers            5 remaining   R$ 1,45
A3   Grain Waves         5 remaining   R$ 2,75
A4   Cloud Popcorn       5 remaining   R$ 3,65
B1   Moonpie             5 remaining   R$ 1,80
B2   Cowtales            5 remaining   R$ 1,50
B3   Wonka Bar           5 remaining   R$ 1,50
B4   Crunchie            5 remaining   R$ 1,75
C1   Cola                5 remaining   R$ 1,25
C2   Dr. Salt            5 remaining   R$ 1,50
C3   Mountain Melter     5 remaining   R$ 1,50
C4   Heavy               5 remaining   R$ 1,50
D1   U-Chews             5 remaining   R$ 0,85
D2   Little League Chew  5 remaining   R$ 0,95
D3   Chiclets            5 remaining   R$ 0,75
D4   Triplemint          5 remaining   R$ 0,75
exibir_itens: Listando novamente os itens
A1   Potato Crisps       5 remaining   R$ 3,05
A2   Stackers            5 remaining   R$ 1,45
A3   Grain Waves         5 remaining   R$ 2,75
A4   Cloud Popcorn       5 remaining   R$ 3,65
B1   Moonpie             5 remaining   R$ 1,80
B2   Cowtales            5 remaining   R$ 1,50
B3   Wonka Bar           5 remaining   R$ 1,50
B4   Crunchie            5 remaining   R$ 1,75
C1   Cola                5 remaining   R$ 1,25
C2   Dr. Salt            5 remaining   R$ 1,50
C3   Mountain Melter     5 remaining   R$ 1,50
C4   Heavy               5 remaining   R$ 1,50
D1   U-Chews             5 remaining   R$ 0,85
D2   Little League Chew  5 remaining   R$ 0,95
D3   Chiclets            5 remaining   R$ 0,75
D4   Triplemint          5 remaining   R$ 0,75
e_volta_menu: Retornando ao menu principal
menu_principal: Exibindo menu principal
menu_principal: Exibindo menu principal
menu_principal: Exibindo menu principal
e_escolhe_opcao3: Salvar relatÃ³rio de vendas
encerrar: PÃ³s-finalizaÃ§Ã£o
e_salva_sales_report: Confirmando geraÃ§Ã£o do relatÃ³rio
e_finalizar_programa: Encerrando aplicaÃ§Ã£o
fim: AplicaÃ§Ã£o encerrada
]]></system-out>
  </testcase>
  <testcase name="Teste44" classname="com.techelevator.TesteMaquinaVendasEdgeCoverage" time="0.015">
    <system-out><![CDATA[e_restart: Reiniciando sistema
menu_principal: Exibindo menu principal
menu_principal: Exibindo menu principal
menu_principal: Exibindo menu principal
e_escolhe_opcao1: Exibir inventÃ¡rio
A1   Potato Crisps       5 remaining   R$ 3,05
A2   Stackers            5 remaining   R$ 1,45
A3   Grain Waves         5 remaining   R$ 2,75
A4   Cloud Popcorn       5 remaining   R$ 3,65
B1   Moonpie             5 remaining   R$ 1,80
B2   Cowtales            5 remaining   R$ 1,50
B3   Wonka Bar           5 remaining   R$ 1,50
B4   Crunchie            5 remaining   R$ 1,75
C1   Cola                5 remaining   R$ 1,25
C2   Dr. Salt            5 remaining   R$ 1,50
C3   Mountain Melter     5 remaining   R$ 1,50
C4   Heavy               5 remaining   R$ 1,50
D1   U-Chews             5 remaining   R$ 0,85
D2   Little League Chew  5 remaining   R$ 0,95
D3   Chiclets            5 remaining   R$ 0,75
D4   Triplemint          5 remaining   R$ 0,75
exibir_itens: Listando novamente os itens
A1   Potato Crisps       5 remaining   R$ 3,05
A2   Stackers            5 remaining   R$ 1,45
A3   Grain Waves         5 remaining   R$ 2,75
A4   Cloud Popcorn       5 remaining   R$ 3,65
B1   Moonpie             5 remaining   R$ 1,80
B2   Cowtales            5 remaining   R$ 1,50
B3   Wonka Bar           5 remaining   R$ 1,50
B4   Crunchie            5 remaining   R$ 1,75
C1   Cola                5 remaining   R$ 1,25
C2   Dr. Salt            5 remaining   R$ 1,50
C3   Mountain Melter     5 remaining   R$ 1,50
C4   Heavy               5 remaining   R$ 1,50
D1   U-Chews             5 remaining   R$ 0,85
D2   Little League Chew  5 remaining   R$ 0,95
D3   Chiclets            5 remaining   R$ 0,75
D4   Triplemint          5 remaining   R$ 0,75
e_volta_menu: Retornando ao menu principal
menu_principal: Exibindo menu principal
menu_principal: Exibindo menu principal
menu_principal: Exibindo menu principal
e_escolhe_opcao3: Salvar relatÃ³rio de vendas
encerrar: PÃ³s-finalizaÃ§Ã£o
e_salva_sales_report: Confirmando geraÃ§Ã£o do relatÃ³rio
e_finalizar_programa: Encerrando aplicaÃ§Ã£o
fim: AplicaÃ§Ã£o encerrada
]]></system-out>
  </testcase>
  <testcase name="Teste45" classname="com.techelevator.TesteMaquinaVendasEdgeCoverage" time="0.021">
    <system-out><![CDATA[e_restart: Reiniciando sistema
menu_principal: Exibindo menu principal
menu_principal: Exibindo menu principal
menu_principal: Exibindo menu principal
e_escolhe_opcao1: Exibir inventÃ¡rio
A1   Potato Crisps       5 remaining   R$ 3,05
A2   Stackers            5 remaining   R$ 1,45
A3   Grain Waves         5 remaining   R$ 2,75
A4   Cloud Popcorn       5 remaining   R$ 3,65
B1   Moonpie             5 remaining   R$ 1,80
B2   Cowtales            5 remaining   R$ 1,50
B3   Wonka Bar           5 remaining   R$ 1,50
B4   Crunchie            5 remaining   R$ 1,75
C1   Cola                5 remaining   R$ 1,25
C2   Dr. Salt            5 remaining   R$ 1,50
C3   Mountain Melter     5 remaining   R$ 1,50
C4   Heavy               5 remaining   R$ 1,50
D1   U-Chews             5 remaining   R$ 0,85
D2   Little League Chew  5 remaining   R$ 0,95
D3   Chiclets            5 remaining   R$ 0,75
D4   Triplemint          5 remaining   R$ 0,75
exibir_itens: Listando novamente os itens
A1   Potato Crisps       5 remaining   R$ 3,05
A2   Stackers            5 remaining   R$ 1,45
A3   Grain Waves         5 remaining   R$ 2,75
A4   Cloud Popcorn       5 remaining   R$ 3,65
B1   Moonpie             5 remaining   R$ 1,80
B2   Cowtales            5 remaining   R$ 1,50
B3   Wonka Bar           5 remaining   R$ 1,50
B4   Crunchie            5 remaining   R$ 1,75
C1   Cola                5 remaining   R$ 1,25
C2   Dr. Salt            5 remaining   R$ 1,50
C3   Mountain Melter     5 remaining   R$ 1,50
C4   Heavy               5 remaining   R$ 1,50
D1   U-Chews             5 remaining   R$ 0,85
D2   Little League Chew  5 remaining   R$ 0,95
D3   Chiclets            5 remaining   R$ 0,75
D4   Triplemint          5 remaining   R$ 0,75
e_volta_menu: Retornando ao menu principal
menu_principal: Exibindo menu principal
menu_principal: Exibindo menu principal
menu_principal: Exibindo menu principal
e_escolhe_opcao3: Salvar relatÃ³rio de vendas
encerrar: PÃ³s-finalizaÃ§Ã£o
e_salva_sales_report: Confirmando geraÃ§Ã£o do relatÃ³rio
e_finalizar_programa: Encerrando aplicaÃ§Ã£o
fim: AplicaÃ§Ã£o encerrada
]]></system-out>
  </testcase>
  <testcase name="Teste46" classname="com.techelevator.TesteMaquinaVendasEdgeCoverage" time="0.035">
    <system-out><![CDATA[e_restart: Reiniciando sistema
menu_principal: Exibindo menu principal
menu_principal: Exibindo menu principal
menu_principal: Exibindo menu principal
e_escolhe_opcao1: Exibir inventÃ¡rio
A1   Potato Crisps       5 remaining   R$ 3,05
A2   Stackers            5 remaining   R$ 1,45
A3   Grain Waves         5 remaining   R$ 2,75
A4   Cloud Popcorn       5 remaining   R$ 3,65
B1   Moonpie             5 remaining   R$ 1,80
B2   Cowtales            5 remaining   R$ 1,50
B3   Wonka Bar           5 remaining   R$ 1,50
B4   Crunchie            5 remaining   R$ 1,75
C1   Cola                5 remaining   R$ 1,25
C2   Dr. Salt            5 remaining   R$ 1,50
C3   Mountain Melter     5 remaining   R$ 1,50
C4   Heavy               5 remaining   R$ 1,50
D1   U-Chews             5 remaining   R$ 0,85
D2   Little League Chew  5 remaining   R$ 0,95
D3   Chiclets            5 remaining   R$ 0,75
D4   Triplemint          5 remaining   R$ 0,75
exibir_itens: Listando novamente os itens
A1   Potato Crisps       5 remaining   R$ 3,05
A2   Stackers            5 remaining   R$ 1,45
A3   Grain Waves         5 remaining   R$ 2,75
A4   Cloud Popcorn       5 remaining   R$ 3,65
B1   Moonpie             5 remaining   R$ 1,80
B2   Cowtales            5 remaining   R$ 1,50
B3   Wonka Bar           5 remaining   R$ 1,50
B4   Crunchie            5 remaining   R$ 1,75
C1   Cola                5 remaining   R$ 1,25
C2   Dr. Salt            5 remaining   R$ 1,50
C3   Mountain Melter     5 remaining   R$ 1,50
C4   Heavy               5 remaining   R$ 1,50
D1   U-Chews             5 remaining   R$ 0,85
D2   Little League Chew  5 remaining   R$ 0,95
D3   Chiclets            5 remaining   R$ 0,75
D4   Triplemint          5 remaining   R$ 0,75
e_volta_menu: Retornando ao menu principal
menu_principal: Exibindo menu principal
e_escolhe_opcao1: Exibir inventÃ¡rio
A1   Potato Crisps       5 remaining   R$ 3,05
A2   Stackers            5 remaining   R$ 1,45
A3   Grain Waves         5 remaining   R$ 2,75
A4   Cloud Popcorn       5 remaining   R$ 3,65
B1   Moonpie             5 remaining   R$ 1,80
B2   Cowtales            5 remaining   R$ 1,50
B3   Wonka Bar           5 remaining   R$ 1,50
B4   Crunchie            5 remaining   R$ 1,75
C1   Cola                5 remaining   R$ 1,25
C2   Dr. Salt            5 remaining   R$ 1,50
C3   Mountain Melter     5 remaining   R$ 1,50
C4   Heavy               5 remaining   R$ 1,50
D1   U-Chews             5 remaining   R$ 0,85
D2   Little League Chew  5 remaining   R$ 0,95
D3   Chiclets            5 remaining   R$ 0,75
D4   Triplemint          5 remaining   R$ 0,75
exibir_itens: Listando novamente os itens
A1   Potato Crisps       5 remaining   R$ 3,05
A2   Stackers            5 remaining   R$ 1,45
A3   Grain Waves         5 remaining   R$ 2,75
A4   Cloud Popcorn       5 remaining   R$ 3,65
B1   Moonpie             5 remaining   R$ 1,80
B2   Cowtales            5 remaining   R$ 1,50
B3   Wonka Bar           5 remaining   R$ 1,50
B4   Crunchie            5 remaining   R$ 1,75
C1   Cola                5 remaining   R$ 1,25
C2   Dr. Salt            5 remaining   R$ 1,50
C3   Mountain Melter     5 remaining   R$ 1,50
C4   Heavy               5 remaining   R$ 1,50
D1   U-Chews             5 remaining   R$ 0,85
D2   Little League Chew  5 remaining   R$ 0,95
D3   Chiclets            5 remaining   R$ 0,75
D4   Triplemint          5 remaining   R$ 0,75
e_volta_menu: Retornando ao menu principal
menu_principal: Exibindo menu principal
e_escolhe_opcao2: Ir para menu de compra
menu_compra_inicio: Entrando no menu de compra
menu_compra: Entrou no menu de compra
e_escolhe_opcao2: Escolhendo a opcao 2
espera_produto: Esperando produto
e_insere_codigo_incorreto: Inserindo codigo incorreto: Z3
menu_compra: Entrou no menu de compra
e_escolhe_opcao2: Escolhendo a opcao 2
espera_produto: Esperando produto
e_insere_codigo_incorreto: Inserindo codigo incorreto: Z3
menu_compra: Entrou no menu de compra
e_escolhe_opcao2: Escolhendo a opcao 2
espera_produto: Esperando produto
e_insere_codigo: Inserindo codigo correto: A3 e o preÃ§o do produto e R$ 2,75
verifica_disponibilidade: Verifica disponibilidade
e_produto_disponivel: Verificando se Produto disponivel: 5
verifica_saldo: Verifica se saldo e suficiente
e_verifica_saldo_insuficiente: Verificando que saldo insuficiente sintetico: R$ 0,05 do original R$ 0,00 para preco de produto R$ 2,75
menu_compra: Entrou no menu de compra
e_escolhe_opcao1: Escolhendo a opcao 1
espera_moeda: Espera moeda
e_insere_quantia: Inserindo quantia valida de R$ 10,00
menu_compra: Entrou no menu de compra
e_escolhe_opcao3: Escolhendo a opcao 3
finaliza_acao: Finalizou acao
e_devolve_troco: Devolvendo troco
e_devolve_troco: Devolvendo troco: 40 quarters, 0 dimes, 0 nickels
menu_principal: Exibindo menu principal
menu_principal: Exibindo menu principal
e_escolhe_opcao3: Salvar relatÃ³rio de vendas
encerrar: PÃ³s-finalizaÃ§Ã£o
e_salva_sales_report: Confirmando geraÃ§Ã£o do relatÃ³rio
e_finalizar_programa: Encerrando aplicaÃ§Ã£o
fim: AplicaÃ§Ã£o encerrada
]]></system-out>
  </testcase>
  <testcase name="Teste47" classname="com.techelevator.TesteMaquinaVendasEdgeCoverage" time="0.021">
    <system-out><![CDATA[e_restart: Reiniciando sistema
menu_principal: Exibindo menu principal
e_escolhe_opcao1: Exibir inventÃ¡rio
A1   Potato Crisps       5 remaining   R$ 3,05
A2   Stackers            5 remaining   R$ 1,45
A3   Grain Waves         5 remaining   R$ 2,75
A4   Cloud Popcorn       5 remaining   R$ 3,65
B1   Moonpie             5 remaining   R$ 1,80
B2   Cowtales            5 remaining   R$ 1,50
B3   Wonka Bar           5 remaining   R$ 1,50
B4   Crunchie            5 remaining   R$ 1,75
C1   Cola                5 remaining   R$ 1,25
C2   Dr. Salt            5 remaining   R$ 1,50
C3   Mountain Melter     5 remaining   R$ 1,50
C4   Heavy               5 remaining   R$ 1,50
D1   U-Chews             5 remaining   R$ 0,85
D2   Little League Chew  5 remaining   R$ 0,95
D3   Chiclets            5 remaining   R$ 0,75
D4   Triplemint          5 remaining   R$ 0,75
exibir_itens: Listando novamente os itens
A1   Potato Crisps       5 remaining   R$ 3,05
A2   Stackers            5 remaining   R$ 1,45
A3   Grain Waves         5 remaining   R$ 2,75
A4   Cloud Popcorn       5 remaining   R$ 3,65
B1   Moonpie             5 remaining   R$ 1,80
B2   Cowtales            5 remaining   R$ 1,50
B3   Wonka Bar           5 remaining   R$ 1,50
B4   Crunchie            5 remaining   R$ 1,75
C1   Cola                5 remaining   R$ 1,25
C2   Dr. Salt            5 remaining   R$ 1,50
C3   Mountain Melter     5 remaining   R$ 1,50
C4   Heavy               5 remaining   R$ 1,50
D1   U-Chews             5 remaining   R$ 0,85
D2   Little League Chew  5 remaining   R$ 0,95
D3   Chiclets            5 remaining   R$ 0,75
D4   Triplemint          5 remaining   R$ 0,75
e_volta_menu: Retornando ao menu principal
menu_principal: Exibindo menu principal
menu_principal: Exibindo menu principal
menu_principal: Exibindo menu principal
e_escolhe_opcao3: Salvar relatÃ³rio de vendas
encerrar: PÃ³s-finalizaÃ§Ã£o
e_salva_sales_report: Confirmando geraÃ§Ã£o do relatÃ³rio
e_finalizar_programa: Encerrando aplicaÃ§Ã£o
fim: AplicaÃ§Ã£o encerrada
]]></system-out>
  </testcase>
  <testcase name="Teste48" classname="com.techelevator.TesteMaquinaVendasEdgeCoverage" time="0.021">
    <system-out><![CDATA[e_restart: Reiniciando sistema
menu_principal: Exibindo menu principal
menu_principal: Exibindo menu principal
menu_principal: Exibindo menu principal
e_escolhe_opcao1: Exibir inventÃ¡rio
A1   Potato Crisps       5 remaining   R$ 3,05
A2   Stackers            5 remaining   R$ 1,45
A3   Grain Waves         5 remaining   R$ 2,75
A4   Cloud Popcorn       5 remaining   R$ 3,65
B1   Moonpie             5 remaining   R$ 1,80
B2   Cowtales            5 remaining   R$ 1,50
B3   Wonka Bar           5 remaining   R$ 1,50
B4   Crunchie            5 remaining   R$ 1,75
C1   Cola                5 remaining   R$ 1,25
C2   Dr. Salt            5 remaining   R$ 1,50
C3   Mountain Melter     5 remaining   R$ 1,50
C4   Heavy               5 remaining   R$ 1,50
D1   U-Chews             5 remaining   R$ 0,85
D2   Little League Chew  5 remaining   R$ 0,95
D3   Chiclets            5 remaining   R$ 0,75
D4   Triplemint          5 remaining   R$ 0,75
exibir_itens: Listando novamente os itens
A1   Potato Crisps       5 remaining   R$ 3,05
A2   Stackers            5 remaining   R$ 1,45
A3   Grain Waves         5 remaining   R$ 2,75
A4   Cloud Popcorn       5 remaining   R$ 3,65
B1   Moonpie             5 remaining   R$ 1,80
B2   Cowtales            5 remaining   R$ 1,50
B3   Wonka Bar           5 remaining   R$ 1,50
B4   Crunchie            5 remaining   R$ 1,75
C1   Cola                5 remaining   R$ 1,25
C2   Dr. Salt            5 remaining   R$ 1,50
C3   Mountain Melter     5 remaining   R$ 1,50
C4   Heavy               5 remaining   R$ 1,50
D1   U-Chews             5 remaining   R$ 0,85
D2   Little League Chew  5 remaining   R$ 0,95
D3   Chiclets            5 remaining   R$ 0,75
D4   Triplemint          5 remaining   R$ 0,75
e_volta_menu: Retornando ao menu principal
menu_principal: Exibindo menu principal
menu_principal: Exibindo menu principal
menu_principal: Exibindo menu principal
e_escolhe_opcao2: Ir para menu de compra
menu_compra_inicio: Entrando no menu de compra
menu_compra: Entrou no menu de compra
e_escolhe_opcao1: Escolhendo a opcao 1
espera_moeda: Espera moeda
e_insere_quantia: Inserindo quantia valida de R$ 10,00
menu_compra: Entrou no menu de compra
e_escolhe_opcao3: Escolhendo a opcao 3
finaliza_acao: Finalizou acao
e_devolve_troco: Devolvendo troco
e_devolve_troco: Devolvendo troco: 40 quarters, 0 dimes, 0 nickels
menu_principal: Exibindo menu principal
menu_principal: Exibindo menu principal
e_escolhe_opcao3: Salvar relatÃ³rio de vendas
encerrar: PÃ³s-finalizaÃ§Ã£o
e_salva_sales_report: Confirmando geraÃ§Ã£o do relatÃ³rio
e_finalizar_programa: Encerrando aplicaÃ§Ã£o
fim: AplicaÃ§Ã£o encerrada
]]></system-out>
  </testcase>
  <testcase name="Teste49" classname="com.techelevator.TesteMaquinaVendasEdgeCoverage" time="0.02">
    <system-out><![CDATA[e_restart: Reiniciando sistema
menu_principal: Exibindo menu principal
menu_principal: Exibindo menu principal
menu_principal: Exibindo menu principal
e_escolhe_opcao1: Exibir inventÃ¡rio
A1   Potato Crisps       5 remaining   R$ 3,05
A2   Stackers            5 remaining   R$ 1,45
A3   Grain Waves         5 remaining   R$ 2,75
A4   Cloud Popcorn       5 remaining   R$ 3,65
B1   Moonpie             5 remaining   R$ 1,80
B2   Cowtales            5 remaining   R$ 1,50
B3   Wonka Bar           5 remaining   R$ 1,50
B4   Crunchie            5 remaining   R$ 1,75
C1   Cola                5 remaining   R$ 1,25
C2   Dr. Salt            5 remaining   R$ 1,50
C3   Mountain Melter     5 remaining   R$ 1,50
C4   Heavy               5 remaining   R$ 1,50
D1   U-Chews             5 remaining   R$ 0,85
D2   Little League Chew  5 remaining   R$ 0,95
D3   Chiclets            5 remaining   R$ 0,75
D4   Triplemint          5 remaining   R$ 0,75
exibir_itens: Listando novamente os itens
A1   Potato Crisps       5 remaining   R$ 3,05
A2   Stackers            5 remaining   R$ 1,45
A3   Grain Waves         5 remaining   R$ 2,75
A4   Cloud Popcorn       5 remaining   R$ 3,65
B1   Moonpie             5 remaining   R$ 1,80
B2   Cowtales            5 remaining   R$ 1,50
B3   Wonka Bar           5 remaining   R$ 1,50
B4   Crunchie            5 remaining   R$ 1,75
C1   Cola                5 remaining   R$ 1,25
C2   Dr. Salt            5 remaining   R$ 1,50
C3   Mountain Melter     5 remaining   R$ 1,50
C4   Heavy               5 remaining   R$ 1,50
D1   U-Chews             5 remaining   R$ 0,85
D2   Little League Chew  5 remaining   R$ 0,95
D3   Chiclets            5 remaining   R$ 0,75
D4   Triplemint          5 remaining   R$ 0,75
e_volta_menu: Retornando ao menu principal
menu_principal: Exibindo menu principal
menu_principal: Exibindo menu principal
menu_principal: Exibindo menu principal
e_escolhe_opcao3: Salvar relatÃ³rio de vendas
encerrar: PÃ³s-finalizaÃ§Ã£o
e_salva_sales_report: Confirmando geraÃ§Ã£o do relatÃ³rio
e_finalizar_programa: Encerrando aplicaÃ§Ã£o
fim: AplicaÃ§Ã£o encerrada
]]></system-out>
  </testcase>
  <testcase name="Teste50" classname="com.techelevator.TesteMaquinaVendasEdgeCoverage" time="0.014">
    <system-out><![CDATA[e_restart: Reiniciando sistema
menu_principal: Exibindo menu principal
e_escolhe_opcao1: Exibir inventÃ¡rio
A1   Potato Crisps       5 remaining   R$ 3,05
A2   Stackers            5 remaining   R$ 1,45
A3   Grain Waves         5 remaining   R$ 2,75
A4   Cloud Popcorn       5 remaining   R$ 3,65
B1   Moonpie             5 remaining   R$ 1,80
B2   Cowtales            5 remaining   R$ 1,50
B3   Wonka Bar           5 remaining   R$ 1,50
B4   Crunchie            5 remaining   R$ 1,75
C1   Cola                5 remaining   R$ 1,25
C2   Dr. Salt            5 remaining   R$ 1,50
C3   Mountain Melter     5 remaining   R$ 1,50
C4   Heavy               5 remaining   R$ 1,50
D1   U-Chews             5 remaining   R$ 0,85
D2   Little League Chew  5 remaining   R$ 0,95
D3   Chiclets            5 remaining   R$ 0,75
D4   Triplemint          5 remaining   R$ 0,75
exibir_itens: Listando novamente os itens
A1   Potato Crisps       5 remaining   R$ 3,05
A2   Stackers            5 remaining   R$ 1,45
A3   Grain Waves         5 remaining   R$ 2,75
A4   Cloud Popcorn       5 remaining   R$ 3,65
B1   Moonpie             5 remaining   R$ 1,80
B2   Cowtales            5 remaining   R$ 1,50
B3   Wonka Bar           5 remaining   R$ 1,50
B4   Crunchie            5 remaining   R$ 1,75
C1   Cola                5 remaining   R$ 1,25
C2   Dr. Salt            5 remaining   R$ 1,50
C3   Mountain Melter     5 remaining   R$ 1,50
C4   Heavy               5 remaining   R$ 1,50
D1   U-Chews             5 remaining   R$ 0,85
D2   Little League Chew  5 remaining   R$ 0,95
D3   Chiclets            5 remaining   R$ 0,75
D4   Triplemint          5 remaining   R$ 0,75
e_volta_menu: Retornando ao menu principal
menu_principal: Exibindo menu principal
menu_principal: Exibindo menu principal
menu_principal: Exibindo menu principal
e_escolhe_opcao3: Salvar relatÃ³rio de vendas
encerrar: PÃ³s-finalizaÃ§Ã£o
e_salva_sales_report: Confirmando geraÃ§Ã£o do relatÃ³rio
e_finalizar_programa: Encerrando aplicaÃ§Ã£o
fim: AplicaÃ§Ã£o encerrada
]]></system-out>
  </testcase>
  <testcase name="Teste51" classname="com.techelevator.TesteMaquinaVendasEdgeCoverage" time="0.035">
    <system-out><![CDATA[e_restart: Reiniciando sistema
menu_principal: Exibindo menu principal
menu_principal: Exibindo menu principal
menu_principal: Exibindo menu principal
e_escolhe_opcao1: Exibir inventÃ¡rio
A1   Potato Crisps       5 remaining   R$ 3,05
A2   Stackers            5 remaining   R$ 1,45
A3   Grain Waves         5 remaining   R$ 2,75
A4   Cloud Popcorn       5 remaining   R$ 3,65
B1   Moonpie             5 remaining   R$ 1,80
B2   Cowtales            5 remaining   R$ 1,50
B3   Wonka Bar           5 remaining   R$ 1,50
B4   Crunchie            5 remaining   R$ 1,75
C1   Cola                5 remaining   R$ 1,25
C2   Dr. Salt            5 remaining   R$ 1,50
C3   Mountain Melter     5 remaining   R$ 1,50
C4   Heavy               5 remaining   R$ 1,50
D1   U-Chews             5 remaining   R$ 0,85
D2   Little League Chew  5 remaining   R$ 0,95
D3   Chiclets            5 remaining   R$ 0,75
D4   Triplemint          5 remaining   R$ 0,75
exibir_itens: Listando novamente os itens
A1   Potato Crisps       5 remaining   R$ 3,05
A2   Stackers            5 remaining   R$ 1,45
A3   Grain Waves         5 remaining   R$ 2,75
A4   Cloud Popcorn       5 remaining   R$ 3,65
B1   Moonpie             5 remaining   R$ 1,80
B2   Cowtales            5 remaining   R$ 1,50
B3   Wonka Bar           5 remaining   R$ 1,50
B4   Crunchie            5 remaining   R$ 1,75
C1   Cola                5 remaining   R$ 1,25
C2   Dr. Salt            5 remaining   R$ 1,50
C3   Mountain Melter     5 remaining   R$ 1,50
C4   Heavy               5 remaining   R$ 1,50
D1   U-Chews             5 remaining   R$ 0,85
D2   Little League Chew  5 remaining   R$ 0,95
D3   Chiclets            5 remaining   R$ 0,75
D4   Triplemint          5 remaining   R$ 0,75
e_volta_menu: Retornando ao menu principal
menu_principal: Exibindo menu principal
e_escolhe_opcao1: Exibir inventÃ¡rio
A1   Potato Crisps       5 remaining   R$ 3,05
A2   Stackers            5 remaining   R$ 1,45
A3   Grain Waves         5 remaining   R$ 2,75
A4   Cloud Popcorn       5 remaining   R$ 3,65
B1   Moonpie             5 remaining   R$ 1,80
B2   Cowtales            5 remaining   R$ 1,50
B3   Wonka Bar           5 remaining   R$ 1,50
B4   Crunchie            5 remaining   R$ 1,75
C1   Cola                5 remaining   R$ 1,25
C2   Dr. Salt            5 remaining   R$ 1,50
C3   Mountain Melter     5 remaining   R$ 1,50
C4   Heavy               5 remaining   R$ 1,50
D1   U-Chews             5 remaining   R$ 0,85
D2   Little League Chew  5 remaining   R$ 0,95
D3   Chiclets            5 remaining   R$ 0,75
D4   Triplemint          5 remaining   R$ 0,75
exibir_itens: Listando novamente os itens
A1   Potato Crisps       5 remaining   R$ 3,05
A2   Stackers            5 remaining   R$ 1,45
A3   Grain Waves         5 remaining   R$ 2,75
A4   Cloud Popcorn       5 remaining   R$ 3,65
B1   Moonpie             5 remaining   R$ 1,80
B2   Cowtales            5 remaining   R$ 1,50
B3   Wonka Bar           5 remaining   R$ 1,50
B4   Crunchie            5 remaining   R$ 1,75
C1   Cola                5 remaining   R$ 1,25
C2   Dr. Salt            5 remaining   R$ 1,50
C3   Mountain Melter     5 remaining   R$ 1,50
C4   Heavy               5 remaining   R$ 1,50
D1   U-Chews             5 remaining   R$ 0,85
D2   Little League Chew  5 remaining   R$ 0,95
D3   Chiclets            5 remaining   R$ 0,75
D4   Triplemint          5 remaining   R$ 0,75
e_volta_menu: Retornando ao menu principal
menu_principal: Exibindo menu principal
e_escolhe_opcao3: Salvar relatÃ³rio de vendas
encerrar: PÃ³s-finalizaÃ§Ã£o
e_salva_sales_report: Confirmando geraÃ§Ã£o do relatÃ³rio
e_finalizar_programa: Encerrando aplicaÃ§Ã£o
fim: AplicaÃ§Ã£o encerrada
]]></system-out>
  </testcase>
  <testcase name="Teste52" classname="com.techelevator.TesteMaquinaVendasEdgeCoverage" time="0.0">
    <system-out><![CDATA[e_restart: Reiniciando sistema
menu_principal: Exibindo menu principal
e_escolhe_opcao3: Salvar relatÃ³rio de vendas
encerrar: PÃ³s-finalizaÃ§Ã£o
e_salva_sales_report: Confirmando geraÃ§Ã£o do relatÃ³rio
e_finalizar_programa: Encerrando aplicaÃ§Ã£o
fim: AplicaÃ§Ã£o encerrada
]]></system-out>
  </testcase>
  <testcase name="Teste53" classname="com.techelevator.TesteMaquinaVendasEdgeCoverage" time="0.008">
    <system-out><![CDATA[e_restart: Reiniciando sistema
menu_principal: Exibindo menu principal
e_escolhe_opcao2: Ir para menu de compra
menu_compra_inicio: Entrando no menu de compra
menu_compra: Entrou no menu de compra
e_escolhe_opcao1: Escolhendo a opcao 1
espera_moeda: Espera moeda
e_insere_quantia: Inserindo quantia valida de R$ 10,00
menu_compra: Entrou no menu de compra
menu_compra: Entrou no menu de compra
menu_compra: Entrou no menu de compra
e_escolhe_opcao3: Escolhendo a opcao 3
finaliza_acao: Finalizou acao
e_devolve_troco: Devolvendo troco
e_devolve_troco: Devolvendo troco: 40 quarters, 0 dimes, 0 nickels
menu_principal: Exibindo menu principal
menu_principal: Exibindo menu principal
e_escolhe_opcao2: Ir para menu de compra
menu_compra_inicio: Entrando no menu de compra
menu_compra: Entrou no menu de compra
e_escolhe_opcao3: Escolhendo a opcao 3
finaliza_acao: Finalizou acao
e_devolve_troco: Devolvendo troco
e_devolve_troco: Devolvendo troco: 0 quarters, 0 dimes, 0 nickels
menu_principal: Exibindo menu principal
menu_principal: Exibindo menu principal
e_escolhe_opcao2: Ir para menu de compra
menu_compra_inicio: Entrando no menu de compra
menu_compra: Entrou no menu de compra
e_escolhe_opcao1: Escolhendo a opcao 1
espera_moeda: Espera moeda
e_insere_quantia: Inserindo quantia valida de R$ 10,00
menu_compra: Entrou no menu de compra
menu_compra: Entrou no menu de compra
menu_compra: Entrou no menu de compra
e_escolhe_opcao1: Escolhendo a opcao 1
espera_moeda: Espera moeda
e_insere_quantia: Inserindo quantia valida de R$ 10,00
menu_compra: Entrou no menu de compra
e_escolhe_opcao3: Escolhendo a opcao 3
finaliza_acao: Finalizou acao
e_devolve_troco: Devolvendo troco
e_devolve_troco: Devolvendo troco: 80 quarters, 0 dimes, 0 nickels
menu_principal: Exibindo menu principal
menu_principal: Exibindo menu principal
e_escolhe_opcao3: Salvar relatÃ³rio de vendas
encerrar: PÃ³s-finalizaÃ§Ã£o
e_salva_sales_report: Confirmando geraÃ§Ã£o do relatÃ³rio
e_finalizar_programa: Encerrando aplicaÃ§Ã£o
fim: AplicaÃ§Ã£o encerrada
]]></system-out>
  </testcase>
  <testcase name="Teste54" classname="com.techelevator.TesteMaquinaVendasEdgeCoverage" time="0.004">
    <system-out><![CDATA[e_restart: Reiniciando sistema
menu_principal: Exibindo menu principal
menu_principal: Exibindo menu principal
menu_principal: Exibindo menu principal
e_escolhe_opcao2: Ir para menu de compra
menu_compra_inicio: Entrando no menu de compra
menu_compra: Entrou no menu de compra
e_escolhe_opcao3: Escolhendo a opcao 3
finaliza_acao: Finalizou acao
e_devolve_troco: Devolvendo troco
e_devolve_troco: Devolvendo troco: 0 quarters, 0 dimes, 0 nickels
menu_principal: Exibindo menu principal
menu_principal: Exibindo menu principal
e_escolhe_opcao3: Salvar relatÃ³rio de vendas
encerrar: PÃ³s-finalizaÃ§Ã£o
e_salva_sales_report: Confirmando geraÃ§Ã£o do relatÃ³rio
e_finalizar_programa: Encerrando aplicaÃ§Ã£o
fim: AplicaÃ§Ã£o encerrada
]]></system-out>
  </testcase>
  <testcase name="Teste55" classname="com.techelevator.TesteMaquinaVendasEdgeCoverage" time="0.026">
    <system-out><![CDATA[e_restart: Reiniciando sistema
menu_principal: Exibindo menu principal
e_escolhe_opcao1: Exibir inventÃ¡rio
A1   Potato Crisps       5 remaining   R$ 3,05
A2   Stackers            5 remaining   R$ 1,45
A3   Grain Waves         5 remaining   R$ 2,75
A4   Cloud Popcorn       5 remaining   R$ 3,65
B1   Moonpie             5 remaining   R$ 1,80
B2   Cowtales            5 remaining   R$ 1,50
B3   Wonka Bar           5 remaining   R$ 1,50
B4   Crunchie            5 remaining   R$ 1,75
C1   Cola                5 remaining   R$ 1,25
C2   Dr. Salt            5 remaining   R$ 1,50
C3   Mountain Melter     5 remaining   R$ 1,50
C4   Heavy               5 remaining   R$ 1,50
D1   U-Chews             5 remaining   R$ 0,85
D2   Little League Chew  5 remaining   R$ 0,95
D3   Chiclets            5 remaining   R$ 0,75
D4   Triplemint          5 remaining   R$ 0,75
exibir_itens: Listando novamente os itens
A1   Potato Crisps       5 remaining   R$ 3,05
A2   Stackers            5 remaining   R$ 1,45
A3   Grain Waves         5 remaining   R$ 2,75
A4   Cloud Popcorn       5 remaining   R$ 3,65
B1   Moonpie             5 remaining   R$ 1,80
B2   Cowtales            5 remaining   R$ 1,50
B3   Wonka Bar           5 remaining   R$ 1,50
B4   Crunchie            5 remaining   R$ 1,75
C1   Cola                5 remaining   R$ 1,25
C2   Dr. Salt            5 remaining   R$ 1,50
C3   Mountain Melter     5 remaining   R$ 1,50
C4   Heavy               5 remaining   R$ 1,50
D1   U-Chews             5 remaining   R$ 0,85
D2   Little League Chew  5 remaining   R$ 0,95
D3   Chiclets            5 remaining   R$ 0,75
D4   Triplemint          5 remaining   R$ 0,75
e_volta_menu: Retornando ao menu principal
menu_principal: Exibindo menu principal
menu_principal: Exibindo menu principal
menu_principal: Exibindo menu principal
e_escolhe_opcao2: Ir para menu de compra
menu_compra_inicio: Entrando no menu de compra
menu_compra: Entrou no menu de compra
e_escolhe_opcao3: Escolhendo a opcao 3
finaliza_acao: Finalizou acao
e_devolve_troco: Devolvendo troco
e_devolve_troco: Devolvendo troco: 0 quarters, 0 dimes, 0 nickels
menu_principal: Exibindo menu principal
menu_principal: Exibindo menu principal
e_escolhe_opcao3: Salvar relatÃ³rio de vendas
encerrar: PÃ³s-finalizaÃ§Ã£o
e_salva_sales_report: Confirmando geraÃ§Ã£o do relatÃ³rio
e_finalizar_programa: Encerrando aplicaÃ§Ã£o
fim: AplicaÃ§Ã£o encerrada
]]></system-out>
  </testcase>
  <testcase name="Teste56" classname="com.techelevator.TesteMaquinaVendasEdgeCoverage" time="0.062">
    <system-out><![CDATA[e_restart: Reiniciando sistema
menu_principal: Exibindo menu principal
e_escolhe_opcao2: Ir para menu de compra
menu_compra_inicio: Entrando no menu de compra
menu_compra: Entrou no menu de compra
e_escolhe_opcao2: Escolhendo a opcao 2
espera_produto: Esperando produto
e_insere_codigo_incorreto: Inserindo codigo incorreto: Z3
menu_compra: Entrou no menu de compra
menu_compra: Entrou no menu de compra
menu_compra: Entrou no menu de compra
e_escolhe_opcao3: Escolhendo a opcao 3
finaliza_acao: Finalizou acao
e_devolve_troco: Devolvendo troco
e_devolve_troco: Devolvendo troco: 0 quarters, 0 dimes, 0 nickels
menu_principal: Exibindo menu principal
menu_principal: Exibindo menu principal
e_escolhe_opcao1: Exibir inventÃ¡rio
A1   Potato Crisps       5 remaining   R$ 3,05
A2   Stackers            5 remaining   R$ 1,45
A3   Grain Waves         5 remaining   R$ 2,75
A4   Cloud Popcorn       5 remaining   R$ 3,65
B1   Moonpie             5 remaining   R$ 1,80
B2   Cowtales            5 remaining   R$ 1,50
B3   Wonka Bar           5 remaining   R$ 1,50
B4   Crunchie            5 remaining   R$ 1,75
C1   Cola                5 remaining   R$ 1,25
C2   Dr. Salt            5 remaining   R$ 1,50
C3   Mountain Melter     5 remaining   R$ 1,50
C4   Heavy               5 remaining   R$ 1,50
D1   U-Chews             5 remaining   R$ 0,85
D2   Little League Chew  5 remaining   R$ 0,95
D3   Chiclets            5 remaining   R$ 0,75
D4   Triplemint          5 remaining   R$ 0,75
exibir_itens: Listando novamente os itens
A1   Potato Crisps       5 remaining   R$ 3,05
A2   Stackers            5 remaining   R$ 1,45
A3   Grain Waves         5 remaining   R$ 2,75
A4   Cloud Popcorn       5 remaining   R$ 3,65
B1   Moonpie             5 remaining   R$ 1,80
B2   Cowtales            5 remaining   R$ 1,50
B3   Wonka Bar           5 remaining   R$ 1,50
B4   Crunchie            5 remaining   R$ 1,75
C1   Cola                5 remaining   R$ 1,25
C2   Dr. Salt            5 remaining   R$ 1,50
C3   Mountain Melter     5 remaining   R$ 1,50
C4   Heavy               5 remaining   R$ 1,50
D1   U-Chews             5 remaining   R$ 0,85
D2   Little League Chew  5 remaining   R$ 0,95
D3   Chiclets            5 remaining   R$ 0,75
D4   Triplemint          5 remaining   R$ 0,75
e_volta_menu: Retornando ao menu principal
menu_principal: Exibindo menu principal
e_escolhe_opcao1: Exibir inventÃ¡rio
A1   Potato Crisps       5 remaining   R$ 3,05
A2   Stackers            5 remaining   R$ 1,45
A3   Grain Waves         5 remaining   R$ 2,75
A4   Cloud Popcorn       5 remaining   R$ 3,65
B1   Moonpie             5 remaining   R$ 1,80
B2   Cowtales            5 remaining   R$ 1,50
B3   Wonka Bar           5 remaining   R$ 1,50
B4   Crunchie            5 remaining   R$ 1,75
C1   Cola                5 remaining   R$ 1,25
C2   Dr. Salt            5 remaining   R$ 1,50
C3   Mountain Melter     5 remaining   R$ 1,50
C4   Heavy               5 remaining   R$ 1,50
D1   U-Chews             5 remaining   R$ 0,85
D2   Little League Chew  5 remaining   R$ 0,95
D3   Chiclets            5 remaining   R$ 0,75
D4   Triplemint          5 remaining   R$ 0,75
exibir_itens: Listando novamente os itens
A1   Potato Crisps       5 remaining   R$ 3,05
A2   Stackers            5 remaining   R$ 1,45
A3   Grain Waves         5 remaining   R$ 2,75
A4   Cloud Popcorn       5 remaining   R$ 3,65
B1   Moonpie             5 remaining   R$ 1,80
B2   Cowtales            5 remaining   R$ 1,50
B3   Wonka Bar           5 remaining   R$ 1,50
B4   Crunchie            5 remaining   R$ 1,75
C1   Cola                5 remaining   R$ 1,25
C2   Dr. Salt            5 remaining   R$ 1,50
C3   Mountain Melter     5 remaining   R$ 1,50
C4   Heavy               5 remaining   R$ 1,50
D1   U-Chews             5 remaining   R$ 0,85
D2   Little League Chew  5 remaining   R$ 0,95
D3   Chiclets            5 remaining   R$ 0,75
D4   Triplemint          5 remaining   R$ 0,75
e_volta_menu: Retornando ao menu principal
menu_principal: Exibindo menu principal
menu_principal: Exibindo menu principal
menu_principal: Exibindo menu principal
e_escolhe_opcao2: Ir para menu de compra
menu_compra_inicio: Entrando no menu de compra
menu_compra: Entrou no menu de compra
e_escolhe_opcao3: Escolhendo a opcao 3
finaliza_acao: Finalizou acao
e_devolve_troco: Devolvendo troco
e_devolve_troco: Devolvendo troco: 0 quarters, 0 dimes, 0 nickels
menu_principal: Exibindo menu principal
menu_principal: Exibindo menu principal
e_escolhe_opcao1: Exibir inventÃ¡rio
A1   Potato Crisps       5 remaining   R$ 3,05
A2   Stackers            5 remaining   R$ 1,45
A3   Grain Waves         5 remaining   R$ 2,75
A4   Cloud Popcorn       5 remaining   R$ 3,65
B1   Moonpie             5 remaining   R$ 1,80
B2   Cowtales            5 remaining   R$ 1,50
B3   Wonka Bar           5 remaining   R$ 1,50
B4   Crunchie            5 remaining   R$ 1,75
C1   Cola                5 remaining   R$ 1,25
C2   Dr. Salt            5 remaining   R$ 1,50
C3   Mountain Melter     5 remaining   R$ 1,50
C4   Heavy               5 remaining   R$ 1,50
D1   U-Chews             5 remaining   R$ 0,85
D2   Little League Chew  5 remaining   R$ 0,95
D3   Chiclets            5 remaining   R$ 0,75
D4   Triplemint          5 remaining   R$ 0,75
exibir_itens: Listando novamente os itens
A1   Potato Crisps       5 remaining   R$ 3,05
A2   Stackers            5 remaining   R$ 1,45
A3   Grain Waves         5 remaining   R$ 2,75
A4   Cloud Popcorn       5 remaining   R$ 3,65
B1   Moonpie             5 remaining   R$ 1,80
B2   Cowtales            5 remaining   R$ 1,50
B3   Wonka Bar           5 remaining   R$ 1,50
B4   Crunchie            5 remaining   R$ 1,75
C1   Cola                5 remaining   R$ 1,25
C2   Dr. Salt            5 remaining   R$ 1,50
C3   Mountain Melter     5 remaining   R$ 1,50
C4   Heavy               5 remaining   R$ 1,50
D1   U-Chews             5 remaining   R$ 0,85
D2   Little League Chew  5 remaining   R$ 0,95
D3   Chiclets            5 remaining   R$ 0,75
D4   Triplemint          5 remaining   R$ 0,75
e_volta_menu: Retornando ao menu principal
menu_principal: Exibindo menu principal
e_escolhe_opcao3: Salvar relatÃ³rio de vendas
encerrar: PÃ³s-finalizaÃ§Ã£o
e_salva_sales_report: Confirmando geraÃ§Ã£o do relatÃ³rio
e_finalizar_programa: Encerrando aplicaÃ§Ã£o
fim: AplicaÃ§Ã£o encerrada
]]></system-out>
  </testcase>
  <testcase name="Teste57" classname="com.techelevator.TesteMaquinaVendasEdgeCoverage" time="0.0">
    <system-out><![CDATA[e_restart: Reiniciando sistema
menu_principal: Exibindo menu principal
e_escolhe_opcao2: Ir para menu de compra
menu_compra_inicio: Entrando no menu de compra
menu_compra: Entrou no menu de compra
e_escolhe_opcao3: Escolhendo a opcao 3
finaliza_acao: Finalizou acao
e_devolve_troco: Devolvendo troco
e_devolve_troco: Devolvendo troco: 0 quarters, 0 dimes, 0 nickels
menu_principal: Exibindo menu principal
menu_principal: Exibindo menu principal
e_escolhe_opcao2: Ir para menu de compra
menu_compra_inicio: Entrando no menu de compra
menu_compra: Entrou no menu de compra
e_escolhe_opcao2: Escolhendo a opcao 2
espera_produto: Esperando produto
e_insere_codigo: Inserindo codigo correto: A3 e o preÃ§o do produto e R$ 2,75
verifica_disponibilidade: Verifica disponibilidade
e_produto_disponivel: Verificando se Produto disponivel: 5
verifica_saldo: Verifica se saldo e suficiente
e_verifica_saldo_insuficiente: Verificando que saldo insuficiente sintetico: R$ 0,05 do original R$ 0,00 para preco de produto R$ 2,75
menu_compra: Entrou no menu de compra
e_escolhe_opcao1: Escolhendo a opcao 1
espera_moeda: Espera moeda
e_insere_quantia: Inserindo quantia valida de R$ 10,00
menu_compra: Entrou no menu de compra
menu_compra: Entrou no menu de compra
menu_compra: Entrou no menu de compra
e_escolhe_opcao1: Escolhendo a opcao 1
espera_moeda: Espera moeda
e_insere_quantia: Inserindo quantia valida de R$ 10,00
menu_compra: Entrou no menu de compra
menu_compra: Entrou no menu de compra
menu_compra: Entrou no menu de compra
e_escolhe_opcao3: Escolhendo a opcao 3
finaliza_acao: Finalizou acao
e_devolve_troco: Devolvendo troco
e_devolve_troco: Devolvendo troco: 80 quarters, 0 dimes, 0 nickels
menu_principal: Exibindo menu principal
menu_principal: Exibindo menu principal
e_escolhe_opcao3: Salvar relatÃ³rio de vendas
encerrar: PÃ³s-finalizaÃ§Ã£o
e_salva_sales_report: Confirmando geraÃ§Ã£o do relatÃ³rio
e_finalizar_programa: Encerrando aplicaÃ§Ã£o
fim: AplicaÃ§Ã£o encerrada
]]></system-out>
  </testcase>
  <testcase name="Teste58" classname="com.techelevator.TesteMaquinaVendasEdgeCoverage" time="0.0">
    <system-out><![CDATA[e_restart: Reiniciando sistema
menu_principal: Exibindo menu principal
menu_principal: Exibindo menu principal
menu_principal: Exibindo menu principal
e_escolhe_opcao3: Salvar relatÃ³rio de vendas
encerrar: PÃ³s-finalizaÃ§Ã£o
e_salva_sales_report: Confirmando geraÃ§Ã£o do relatÃ³rio
e_finalizar_programa: Encerrando aplicaÃ§Ã£o
fim: AplicaÃ§Ã£o encerrada
]]></system-out>
  </testcase>
  <testcase name="Teste59" classname="com.techelevator.TesteMaquinaVendasEdgeCoverage" time="0.063">
    <system-out><![CDATA[e_restart: Reiniciando sistema
menu_principal: Exibindo menu principal
e_escolhe_opcao2: Ir para menu de compra
menu_compra_inicio: Entrando no menu de compra
menu_compra: Entrou no menu de compra
e_escolhe_opcao1: Escolhendo a opcao 1
espera_moeda: Espera moeda
e_insere_quantia: Inserindo quantia valida de R$ 10,00
menu_compra: Entrou no menu de compra
menu_compra: Entrou no menu de compra
menu_compra: Entrou no menu de compra
e_escolhe_opcao1: Escolhendo a opcao 1
espera_moeda: Espera moeda
e_insere_quantia_invalida: Inserindo quantia invalida de R$ 50,00
menu_compra: Entrou no menu de compra
e_escolhe_opcao3: Escolhendo a opcao 3
finaliza_acao: Finalizou acao
e_devolve_troco: Devolvendo troco
e_devolve_troco: Devolvendo troco: 40 quarters, 0 dimes, 0 nickels
menu_principal: Exibindo menu principal
menu_principal: Exibindo menu principal
e_escolhe_opcao1: Exibir inventÃ¡rio
A1   Potato Crisps       5 remaining   R$ 3,05
A2   Stackers            5 remaining   R$ 1,45
A3   Grain Waves         5 remaining   R$ 2,75
A4   Cloud Popcorn       5 remaining   R$ 3,65
B1   Moonpie             5 remaining   R$ 1,80
B2   Cowtales            5 remaining   R$ 1,50
B3   Wonka Bar           5 remaining   R$ 1,50
B4   Crunchie            5 remaining   R$ 1,75
C1   Cola                5 remaining   R$ 1,25
C2   Dr. Salt            5 remaining   R$ 1,50
C3   Mountain Melter     5 remaining   R$ 1,50
C4   Heavy               5 remaining   R$ 1,50
D1   U-Chews             5 remaining   R$ 0,85
D2   Little League Chew  5 remaining   R$ 0,95
D3   Chiclets            5 remaining   R$ 0,75
D4   Triplemint          5 remaining   R$ 0,75
exibir_itens: Listando novamente os itens
A1   Potato Crisps       5 remaining   R$ 3,05
A2   Stackers            5 remaining   R$ 1,45
A3   Grain Waves         5 remaining   R$ 2,75
A4   Cloud Popcorn       5 remaining   R$ 3,65
B1   Moonpie             5 remaining   R$ 1,80
B2   Cowtales            5 remaining   R$ 1,50
B3   Wonka Bar           5 remaining   R$ 1,50
B4   Crunchie            5 remaining   R$ 1,75
C1   Cola                5 remaining   R$ 1,25
C2   Dr. Salt            5 remaining   R$ 1,50
C3   Mountain Melter     5 remaining   R$ 1,50
C4   Heavy               5 remaining   R$ 1,50
D1   U-Chews             5 remaining   R$ 0,85
D2   Little League Chew  5 remaining   R$ 0,95
D3   Chiclets            5 remaining   R$ 0,75
D4   Triplemint          5 remaining   R$ 0,75
e_volta_menu: Retornando ao menu principal
menu_principal: Exibindo menu principal
e_escolhe_opcao1: Exibir inventÃ¡rio
A1   Potato Crisps       5 remaining   R$ 3,05
A2   Stackers            5 remaining   R$ 1,45
A3   Grain Waves         5 remaining   R$ 2,75
A4   Cloud Popcorn       5 remaining   R$ 3,65
B1   Moonpie             5 remaining   R$ 1,80
B2   Cowtales            5 remaining   R$ 1,50
B3   Wonka Bar           5 remaining   R$ 1,50
B4   Crunchie            5 remaining   R$ 1,75
C1   Cola                5 remaining   R$ 1,25
C2   Dr. Salt            5 remaining   R$ 1,50
C3   Mountain Melter     5 remaining   R$ 1,50
C4   Heavy               5 remaining   R$ 1,50
D1   U-Chews             5 remaining   R$ 0,85
D2   Little League Chew  5 remaining   R$ 0,95
D3   Chiclets            5 remaining   R$ 0,75
D4   Triplemint          5 remaining   R$ 0,75
exibir_itens: Listando novamente os itens
A1   Potato Crisps       5 remaining   R$ 3,05
A2   Stackers            5 remaining   R$ 1,45
A3   Grain Waves         5 remaining   R$ 2,75
A4   Cloud Popcorn       5 remaining   R$ 3,65
B1   Moonpie             5 remaining   R$ 1,80
B2   Cowtales            5 remaining   R$ 1,50
B3   Wonka Bar           5 remaining   R$ 1,50
B4   Crunchie            5 remaining   R$ 1,75
C1   Cola                5 remaining   R$ 1,25
C2   Dr. Salt            5 remaining   R$ 1,50
C3   Mountain Melter     5 remaining   R$ 1,50
C4   Heavy               5 remaining   R$ 1,50
D1   U-Chews             5 remaining   R$ 0,85
D2   Little League Chew  5 remaining   R$ 0,95
D3   Chiclets            5 remaining   R$ 0,75
D4   Triplemint          5 remaining   R$ 0,75
e_volta_menu: Retornando ao menu principal
menu_principal: Exibindo menu principal
e_escolhe_opcao1: Exibir inventÃ¡rio
A1   Potato Crisps       5 remaining   R$ 3,05
A2   Stackers            5 remaining   R$ 1,45
A3   Grain Waves         5 remaining   R$ 2,75
A4   Cloud Popcorn       5 remaining   R$ 3,65
B1   Moonpie             5 remaining   R$ 1,80
B2   Cowtales            5 remaining   R$ 1,50
B3   Wonka Bar           5 remaining   R$ 1,50
B4   Crunchie            5 remaining   R$ 1,75
C1   Cola                5 remaining   R$ 1,25
C2   Dr. Salt            5 remaining   R$ 1,50
C3   Mountain Melter     5 remaining   R$ 1,50
C4   Heavy               5 remaining   R$ 1,50
D1   U-Chews             5 remaining   R$ 0,85
D2   Little League Chew  5 remaining   R$ 0,95
D3   Chiclets            5 remaining   R$ 0,75
D4   Triplemint          5 remaining   R$ 0,75
exibir_itens: Listando novamente os itens
A1   Potato Crisps       5 remaining   R$ 3,05
A2   Stackers            5 remaining   R$ 1,45
A3   Grain Waves         5 remaining   R$ 2,75
A4   Cloud Popcorn       5 remaining   R$ 3,65
B1   Moonpie             5 remaining   R$ 1,80
B2   Cowtales            5 remaining   R$ 1,50
B3   Wonka Bar           5 remaining   R$ 1,50
B4   Crunchie            5 remaining   R$ 1,75
C1   Cola                5 remaining   R$ 1,25
C2   Dr. Salt            5 remaining   R$ 1,50
C3   Mountain Melter     5 remaining   R$ 1,50
C4   Heavy               5 remaining   R$ 1,50
D1   U-Chews             5 remaining   R$ 0,85
D2   Little League Chew  5 remaining   R$ 0,95
D3   Chiclets            5 remaining   R$ 0,75
D4   Triplemint          5 remaining   R$ 0,75
e_volta_menu: Retornando ao menu principal
menu_principal: Exibindo menu principal
e_escolhe_opcao1: Exibir inventÃ¡rio
A1   Potato Crisps       5 remaining   R$ 3,05
A2   Stackers            5 remaining   R$ 1,45
A3   Grain Waves         5 remaining   R$ 2,75
A4   Cloud Popcorn       5 remaining   R$ 3,65
B1   Moonpie             5 remaining   R$ 1,80
B2   Cowtales            5 remaining   R$ 1,50
B3   Wonka Bar           5 remaining   R$ 1,50
B4   Crunchie            5 remaining   R$ 1,75
C1   Cola                5 remaining   R$ 1,25
C2   Dr. Salt            5 remaining   R$ 1,50
C3   Mountain Melter     5 remaining   R$ 1,50
C4   Heavy               5 remaining   R$ 1,50
D1   U-Chews             5 remaining   R$ 0,85
D2   Little League Chew  5 remaining   R$ 0,95
D3   Chiclets            5 remaining   R$ 0,75
D4   Triplemint          5 remaining   R$ 0,75
exibir_itens: Listando novamente os itens
A1   Potato Crisps       5 remaining   R$ 3,05
A2   Stackers            5 remaining   R$ 1,45
A3   Grain Waves         5 remaining   R$ 2,75
A4   Cloud Popcorn       5 remaining   R$ 3,65
B1   Moonpie             5 remaining   R$ 1,80
B2   Cowtales            5 remaining   R$ 1,50
B3   Wonka Bar           5 remaining   R$ 1,50
B4   Crunchie            5 remaining   R$ 1,75
C1   Cola                5 remaining   R$ 1,25
C2   Dr. Salt            5 remaining   R$ 1,50
C3   Mountain Melter     5 remaining   R$ 1,50
C4   Heavy               5 remaining   R$ 1,50
D1   U-Chews             5 remaining   R$ 0,85
D2   Little League Chew  5 remaining   R$ 0,95
D3   Chiclets            5 remaining   R$ 0,75
D4   Triplemint          5 remaining   R$ 0,75
e_volta_menu: Retornando ao menu principal
menu_principal: Exibindo menu principal
menu_principal: Exibindo menu principal
menu_principal: Exibindo menu principal
e_escolhe_opcao3: Salvar relatÃ³rio de vendas
encerrar: PÃ³s-finalizaÃ§Ã£o
e_salva_sales_report: Confirmando geraÃ§Ã£o do relatÃ³rio
e_finalizar_programa: Encerrando aplicaÃ§Ã£o
fim: AplicaÃ§Ã£o encerrada
]]></system-out>
  </testcase>
  <testcase name="Teste60" classname="com.techelevator.TesteMaquinaVendasEdgeCoverage" time="0.02">
    <system-out><![CDATA[e_restart: Reiniciando sistema
menu_principal: Exibindo menu principal
e_escolhe_opcao2: Ir para menu de compra
menu_compra_inicio: Entrando no menu de compra
menu_compra: Entrou no menu de compra
e_escolhe_opcao1: Escolhendo a opcao 1
espera_moeda: Espera moeda
e_insere_quantia_invalida: Inserindo quantia invalida de R$ 50,00
menu_compra: Entrou no menu de compra
menu_compra: Entrou no menu de compra
menu_compra: Entrou no menu de compra
e_escolhe_opcao2: Escolhendo a opcao 2
espera_produto: Esperando produto
e_insere_codigo: Inserindo codigo correto: A3 e o preÃ§o do produto e R$ 2,75
verifica_disponibilidade: Verifica disponibilidade
e_produto_disponivel: Verificando se Produto disponivel: 5
verifica_saldo: Verifica se saldo e suficiente
e_verifica_saldo_insuficiente: Verificando que saldo insuficiente sintetico: R$ 0,05 do original R$ 0,00 para preco de produto R$ 2,75
menu_compra: Entrou no menu de compra
menu_compra: Entrou no menu de compra
menu_compra: Entrou no menu de compra
e_escolhe_opcao3: Escolhendo a opcao 3
finaliza_acao: Finalizou acao
e_devolve_troco: Devolvendo troco
e_devolve_troco: Devolvendo troco: 0 quarters, 0 dimes, 0 nickels
menu_principal: Exibindo menu principal
menu_principal: Exibindo menu principal
e_escolhe_opcao1: Exibir inventÃ¡rio
A1   Potato Crisps       5 remaining   R$ 3,05
A2   Stackers            5 remaining   R$ 1,45
A3   Grain Waves         5 remaining   R$ 2,75
A4   Cloud Popcorn       5 remaining   R$ 3,65
B1   Moonpie             5 remaining   R$ 1,80
B2   Cowtales            5 remaining   R$ 1,50
B3   Wonka Bar           5 remaining   R$ 1,50
B4   Crunchie            5 remaining   R$ 1,75
C1   Cola                5 remaining   R$ 1,25
C2   Dr. Salt            5 remaining   R$ 1,50
C3   Mountain Melter     5 remaining   R$ 1,50
C4   Heavy               5 remaining   R$ 1,50
D1   U-Chews             5 remaining   R$ 0,85
D2   Little League Chew  5 remaining   R$ 0,95
D3   Chiclets            5 remaining   R$ 0,75
D4   Triplemint          5 remaining   R$ 0,75
exibir_itens: Listando novamente os itens
A1   Potato Crisps       5 remaining   R$ 3,05
A2   Stackers            5 remaining   R$ 1,45
A3   Grain Waves         5 remaining   R$ 2,75
A4   Cloud Popcorn       5 remaining   R$ 3,65
B1   Moonpie             5 remaining   R$ 1,80
B2   Cowtales            5 remaining   R$ 1,50
B3   Wonka Bar           5 remaining   R$ 1,50
B4   Crunchie            5 remaining   R$ 1,75
C1   Cola                5 remaining   R$ 1,25
C2   Dr. Salt            5 remaining   R$ 1,50
C3   Mountain Melter     5 remaining   R$ 1,50
C4   Heavy               5 remaining   R$ 1,50
D1   U-Chews             5 remaining   R$ 0,85
D2   Little League Chew  5 remaining   R$ 0,95
D3   Chiclets            5 remaining   R$ 0,75
D4   Triplemint          5 remaining   R$ 0,75
e_volta_menu: Retornando ao menu principal
menu_principal: Exibindo menu principal
e_escolhe_opcao3: Salvar relatÃ³rio de vendas
encerrar: PÃ³s-finalizaÃ§Ã£o
e_salva_sales_report: Confirmando geraÃ§Ã£o do relatÃ³rio
e_finalizar_programa: Encerrando aplicaÃ§Ã£o
fim: AplicaÃ§Ã£o encerrada
]]></system-out>
  </testcase>
  <testcase name="Teste61" classname="com.techelevator.TesteMaquinaVendasEdgeCoverage" time="0.021">
    <system-out><![CDATA[e_restart: Reiniciando sistema
menu_principal: Exibindo menu principal
menu_principal: Exibindo menu principal
menu_principal: Exibindo menu principal
e_escolhe_opcao2: Ir para menu de compra
menu_compra_inicio: Entrando no menu de compra
menu_compra: Entrou no menu de compra
e_escolhe_opcao1: Escolhendo a opcao 1
espera_moeda: Espera moeda
e_insere_quantia: Inserindo quantia valida de R$ 10,00
menu_compra: Entrou no menu de compra
menu_compra: Entrou no menu de compra
menu_compra: Entrou no menu de compra
e_escolhe_opcao3: Escolhendo a opcao 3
finaliza_acao: Finalizou acao
e_devolve_troco: Devolvendo troco
e_devolve_troco: Devolvendo troco: 40 quarters, 0 dimes, 0 nickels
menu_principal: Exibindo menu principal
menu_principal: Exibindo menu principal
e_escolhe_opcao2: Ir para menu de compra
menu_compra_inicio: Entrando no menu de compra
menu_compra: Entrou no menu de compra
e_escolhe_opcao2: Escolhendo a opcao 2
espera_produto: Esperando produto
e_insere_codigo_incorreto: Inserindo codigo incorreto: Z3
menu_compra: Entrou no menu de compra
e_escolhe_opcao1: Escolhendo a opcao 1
espera_moeda: Espera moeda
e_insere_quantia_invalida: Inserindo quantia invalida de R$ 50,00
menu_compra: Entrou no menu de compra
e_escolhe_opcao1: Escolhendo a opcao 1
espera_moeda: Espera moeda
e_insere_quantia_invalida: Inserindo quantia invalida de R$ 50,00
menu_compra: Entrou no menu de compra
e_escolhe_opcao3: Escolhendo a opcao 3
finaliza_acao: Finalizou acao
e_devolve_troco: Devolvendo troco
e_devolve_troco: Devolvendo troco: 0 quarters, 0 dimes, 0 nickels
menu_principal: Exibindo menu principal
menu_principal: Exibindo menu principal
e_escolhe_opcao2: Ir para menu de compra
menu_compra_inicio: Entrando no menu de compra
menu_compra: Entrou no menu de compra
e_escolhe_opcao3: Escolhendo a opcao 3
finaliza_acao: Finalizou acao
e_devolve_troco: Devolvendo troco
e_devolve_troco: Devolvendo troco: 0 quarters, 0 dimes, 0 nickels
menu_principal: Exibindo menu principal
menu_principal: Exibindo menu principal
e_escolhe_opcao1: Exibir inventÃ¡rio
A1   Potato Crisps       5 remaining   R$ 3,05
A2   Stackers            5 remaining   R$ 1,45
A3   Grain Waves         5 remaining   R$ 2,75
A4   Cloud Popcorn       5 remaining   R$ 3,65
B1   Moonpie             5 remaining   R$ 1,80
B2   Cowtales            5 remaining   R$ 1,50
B3   Wonka Bar           5 remaining   R$ 1,50
B4   Crunchie            5 remaining   R$ 1,75
C1   Cola                5 remaining   R$ 1,25
C2   Dr. Salt            5 remaining   R$ 1,50
C3   Mountain Melter     5 remaining   R$ 1,50
C4   Heavy               5 remaining   R$ 1,50
D1   U-Chews             5 remaining   R$ 0,85
D2   Little League Chew  5 remaining   R$ 0,95
D3   Chiclets            5 remaining   R$ 0,75
D4   Triplemint          5 remaining   R$ 0,75
exibir_itens: Listando novamente os itens
A1   Potato Crisps       5 remaining   R$ 3,05
A2   Stackers            5 remaining   R$ 1,45
A3   Grain Waves         5 remaining   R$ 2,75
A4   Cloud Popcorn       5 remaining   R$ 3,65
B1   Moonpie             5 remaining   R$ 1,80
B2   Cowtales            5 remaining   R$ 1,50
B3   Wonka Bar           5 remaining   R$ 1,50
B4   Crunchie            5 remaining   R$ 1,75
C1   Cola                5 remaining   R$ 1,25
C2   Dr. Salt            5 remaining   R$ 1,50
C3   Mountain Melter     5 remaining   R$ 1,50
C4   Heavy               5 remaining   R$ 1,50
D1   U-Chews             5 remaining   R$ 0,85
D2   Little League Chew  5 remaining   R$ 0,95
D3   Chiclets            5 remaining   R$ 0,75
D4   Triplemint          5 remaining   R$ 0,75
e_volta_menu: Retornando ao menu principal
menu_principal: Exibindo menu principal
menu_principal: Exibindo menu principal
menu_principal: Exibindo menu principal
e_escolhe_opcao3: Salvar relatÃ³rio de vendas
encerrar: PÃ³s-finalizaÃ§Ã£o
e_salva_sales_report: Confirmando geraÃ§Ã£o do relatÃ³rio
e_finalizar_programa: Encerrando aplicaÃ§Ã£o
fim: AplicaÃ§Ã£o encerrada
]]></system-out>
  </testcase>
  <testcase name="Teste62" classname="com.techelevator.TesteMaquinaVendasEdgeCoverage" time="0.007">
    <system-out><![CDATA[e_restart: Reiniciando sistema
menu_principal: Exibindo menu principal
menu_principal: Exibindo menu principal
menu_principal: Exibindo menu principal
e_escolhe_opcao3: Salvar relatÃ³rio de vendas
encerrar: PÃ³s-finalizaÃ§Ã£o
e_salva_sales_report: Confirmando geraÃ§Ã£o do relatÃ³rio
e_finalizar_programa: Encerrando aplicaÃ§Ã£o
fim: AplicaÃ§Ã£o encerrada
]]></system-out>
  </testcase>
  <testcase name="Teste63" classname="com.techelevator.TesteMaquinaVendasEdgeCoverage" time="0.014">
    <system-out><![CDATA[e_restart: Reiniciando sistema
menu_principal: Exibindo menu principal
e_escolhe_opcao1: Exibir inventÃ¡rio
A1   Potato Crisps       5 remaining   R$ 3,05
A2   Stackers            5 remaining   R$ 1,45
A3   Grain Waves         5 remaining   R$ 2,75
A4   Cloud Popcorn       5 remaining   R$ 3,65
B1   Moonpie             5 remaining   R$ 1,80
B2   Cowtales            5 remaining   R$ 1,50
B3   Wonka Bar           5 remaining   R$ 1,50
B4   Crunchie            5 remaining   R$ 1,75
C1   Cola                5 remaining   R$ 1,25
C2   Dr. Salt            5 remaining   R$ 1,50
C3   Mountain Melter     5 remaining   R$ 1,50
C4   Heavy               5 remaining   R$ 1,50
D1   U-Chews             5 remaining   R$ 0,85
D2   Little League Chew  5 remaining   R$ 0,95
D3   Chiclets            5 remaining   R$ 0,75
D4   Triplemint          5 remaining   R$ 0,75
exibir_itens: Listando novamente os itens
A1   Potato Crisps       5 remaining   R$ 3,05
A2   Stackers            5 remaining   R$ 1,45
A3   Grain Waves         5 remaining   R$ 2,75
A4   Cloud Popcorn       5 remaining   R$ 3,65
B1   Moonpie             5 remaining   R$ 1,80
B2   Cowtales            5 remaining   R$ 1,50
B3   Wonka Bar           5 remaining   R$ 1,50
B4   Crunchie            5 remaining   R$ 1,75
C1   Cola                5 remaining   R$ 1,25
C2   Dr. Salt            5 remaining   R$ 1,50
C3   Mountain Melter     5 remaining   R$ 1,50
C4   Heavy               5 remaining   R$ 1,50
D1   U-Chews             5 remaining   R$ 0,85
D2   Little League Chew  5 remaining   R$ 0,95
D3   Chiclets            5 remaining   R$ 0,75
D4   Triplemint          5 remaining   R$ 0,75
e_volta_menu: Retornando ao menu principal
menu_principal: Exibindo menu principal
e_escolhe_opcao3: Salvar relatÃ³rio de vendas
encerrar: PÃ³s-finalizaÃ§Ã£o
e_salva_sales_report: Confirmando geraÃ§Ã£o do relatÃ³rio
e_finalizar_programa: Encerrando aplicaÃ§Ã£o
fim: AplicaÃ§Ã£o encerrada
]]></system-out>
  </testcase>
  <testcase name="Teste64" classname="com.techelevator.TesteMaquinaVendasEdgeCoverage" time="0.0">
    <system-out><![CDATA[e_restart: Reiniciando sistema
menu_principal: Exibindo menu principal
e_escolhe_opcao3: Salvar relatÃ³rio de vendas
encerrar: PÃ³s-finalizaÃ§Ã£o
e_salva_sales_report: Confirmando geraÃ§Ã£o do relatÃ³rio
e_finalizar_programa: Encerrando aplicaÃ§Ã£o
fim: AplicaÃ§Ã£o encerrada
]]></system-out>
  </testcase>
  <testcase name="Teste65" classname="com.techelevator.TesteMaquinaVendasEdgeCoverage" time="0.021">
    <system-out><![CDATA[e_restart: Reiniciando sistema
menu_principal: Exibindo menu principal
menu_principal: Exibindo menu principal
menu_principal: Exibindo menu principal
e_escolhe_opcao2: Ir para menu de compra
menu_compra_inicio: Entrando no menu de compra
menu_compra: Entrou no menu de compra
e_escolhe_opcao2: Escolhendo a opcao 2
espera_produto: Esperando produto
e_insere_codigo_incorreto: Inserindo codigo incorreto: Z3
menu_compra: Entrou no menu de compra
menu_compra: Entrou no menu de compra
menu_compra: Entrou no menu de compra
e_escolhe_opcao3: Escolhendo a opcao 3
finaliza_acao: Finalizou acao
e_devolve_troco: Devolvendo troco
e_devolve_troco: Devolvendo troco: 0 quarters, 0 dimes, 0 nickels
menu_principal: Exibindo menu principal
menu_principal: Exibindo menu principal
e_escolhe_opcao1: Exibir inventÃ¡rio
A1   Potato Crisps       5 remaining   R$ 3,05
A2   Stackers            5 remaining   R$ 1,45
A3   Grain Waves         5 remaining   R$ 2,75
A4   Cloud Popcorn       5 remaining   R$ 3,65
B1   Moonpie             5 remaining   R$ 1,80
B2   Cowtales            5 remaining   R$ 1,50
B3   Wonka Bar           5 remaining   R$ 1,50
B4   Crunchie            5 remaining   R$ 1,75
C1   Cola                5 remaining   R$ 1,25
C2   Dr. Salt            5 remaining   R$ 1,50
C3   Mountain Melter     5 remaining   R$ 1,50
C4   Heavy               5 remaining   R$ 1,50
D1   U-Chews             5 remaining   R$ 0,85
D2   Little League Chew  5 remaining   R$ 0,95
D3   Chiclets            5 remaining   R$ 0,75
D4   Triplemint          5 remaining   R$ 0,75
exibir_itens: Listando novamente os itens
A1   Potato Crisps       5 remaining   R$ 3,05
A2   Stackers            5 remaining   R$ 1,45
A3   Grain Waves         5 remaining   R$ 2,75
A4   Cloud Popcorn       5 remaining   R$ 3,65
B1   Moonpie             5 remaining   R$ 1,80
B2   Cowtales            5 remaining   R$ 1,50
B3   Wonka Bar           5 remaining   R$ 1,50
B4   Crunchie            5 remaining   R$ 1,75
C1   Cola                5 remaining   R$ 1,25
C2   Dr. Salt            5 remaining   R$ 1,50
C3   Mountain Melter     5 remaining   R$ 1,50
C4   Heavy               5 remaining   R$ 1,50
D1   U-Chews             5 remaining   R$ 0,85
D2   Little League Chew  5 remaining   R$ 0,95
D3   Chiclets            5 remaining   R$ 0,75
D4   Triplemint          5 remaining   R$ 0,75
e_volta_menu: Retornando ao menu principal
menu_principal: Exibindo menu principal
menu_principal: Exibindo menu principal
menu_principal: Exibindo menu principal
e_escolhe_opcao2: Ir para menu de compra
menu_compra_inicio: Entrando no menu de compra
menu_compra: Entrou no menu de compra
e_escolhe_opcao1: Escolhendo a opcao 1
espera_moeda: Espera moeda
e_insere_quantia: Inserindo quantia valida de R$ 10,00
menu_compra: Entrou no menu de compra
menu_compra: Entrou no menu de compra
menu_compra: Entrou no menu de compra
e_escolhe_opcao1: Escolhendo a opcao 1
espera_moeda: Espera moeda
e_insere_quantia_invalida: Inserindo quantia invalida de R$ 50,00
menu_compra: Entrou no menu de compra
menu_compra: Entrou no menu de compra
menu_compra: Entrou no menu de compra
e_escolhe_opcao3: Escolhendo a opcao 3
finaliza_acao: Finalizou acao
e_devolve_troco: Devolvendo troco
e_devolve_troco: Devolvendo troco: 40 quarters, 0 dimes, 0 nickels
menu_principal: Exibindo menu principal
menu_principal: Exibindo menu principal
e_escolhe_opcao3: Salvar relatÃ³rio de vendas
encerrar: PÃ³s-finalizaÃ§Ã£o
e_salva_sales_report: Confirmando geraÃ§Ã£o do relatÃ³rio
e_finalizar_programa: Encerrando aplicaÃ§Ã£o
fim: AplicaÃ§Ã£o encerrada
]]></system-out>
  </testcase>
  <testcase name="Teste66" classname="com.techelevator.TesteMaquinaVendasEdgeCoverage" time="0.014">
    <system-out><![CDATA[e_restart: Reiniciando sistema
menu_principal: Exibindo menu principal
e_escolhe_opcao1: Exibir inventÃ¡rio
A1   Potato Crisps       5 remaining   R$ 3,05
A2   Stackers            5 remaining   R$ 1,45
A3   Grain Waves         5 remaining   R$ 2,75
A4   Cloud Popcorn       5 remaining   R$ 3,65
B1   Moonpie             5 remaining   R$ 1,80
B2   Cowtales            5 remaining   R$ 1,50
B3   Wonka Bar           5 remaining   R$ 1,50
B4   Crunchie            5 remaining   R$ 1,75
C1   Cola                5 remaining   R$ 1,25
C2   Dr. Salt            5 remaining   R$ 1,50
C3   Mountain Melter     5 remaining   R$ 1,50
C4   Heavy               5 remaining   R$ 1,50
D1   U-Chews             5 remaining   R$ 0,85
D2   Little League Chew  5 remaining   R$ 0,95
D3   Chiclets            5 remaining   R$ 0,75
D4   Triplemint          5 remaining   R$ 0,75
exibir_itens: Listando novamente os itens
A1   Potato Crisps       5 remaining   R$ 3,05
A2   Stackers            5 remaining   R$ 1,45
A3   Grain Waves         5 remaining   R$ 2,75
A4   Cloud Popcorn       5 remaining   R$ 3,65
B1   Moonpie             5 remaining   R$ 1,80
B2   Cowtales            5 remaining   R$ 1,50
B3   Wonka Bar           5 remaining   R$ 1,50
B4   Crunchie            5 remaining   R$ 1,75
C1   Cola                5 remaining   R$ 1,25
C2   Dr. Salt            5 remaining   R$ 1,50
C3   Mountain Melter     5 remaining   R$ 1,50
C4   Heavy               5 remaining   R$ 1,50
D1   U-Chews             5 remaining   R$ 0,85
D2   Little League Chew  5 remaining   R$ 0,95
D3   Chiclets            5 remaining   R$ 0,75
D4   Triplemint          5 remaining   R$ 0,75
e_volta_menu: Retornando ao menu principal
menu_principal: Exibindo menu principal
e_escolhe_opcao3: Salvar relatÃ³rio de vendas
encerrar: PÃ³s-finalizaÃ§Ã£o
e_salva_sales_report: Confirmando geraÃ§Ã£o do relatÃ³rio
e_finalizar_programa: Encerrando aplicaÃ§Ã£o
fim: AplicaÃ§Ã£o encerrada
]]></system-out>
  </testcase>
  <testcase name="Teste67" classname="com.techelevator.TesteMaquinaVendasEdgeCoverage" time="0.077">
    <system-out><![CDATA[e_restart: Reiniciando sistema
menu_principal: Exibindo menu principal
e_escolhe_opcao2: Ir para menu de compra
menu_compra_inicio: Entrando no menu de compra
menu_compra: Entrou no menu de compra
e_escolhe_opcao3: Escolhendo a opcao 3
finaliza_acao: Finalizou acao
e_devolve_troco: Devolvendo troco
e_devolve_troco: Devolvendo troco: 0 quarters, 0 dimes, 0 nickels
menu_principal: Exibindo menu principal
menu_principal: Exibindo menu principal
e_escolhe_opcao2: Ir para menu de compra
menu_compra_inicio: Entrando no menu de compra
menu_compra: Entrou no menu de compra
e_escolhe_opcao1: Escolhendo a opcao 1
espera_moeda: Espera moeda
e_insere_quantia: Inserindo quantia valida de R$ 10,00
menu_compra: Entrou no menu de compra
e_escolhe_opcao3: Escolhendo a opcao 3
finaliza_acao: Finalizou acao
e_devolve_troco: Devolvendo troco
e_devolve_troco: Devolvendo troco: 40 quarters, 0 dimes, 0 nickels
menu_principal: Exibindo menu principal
menu_principal: Exibindo menu principal
e_escolhe_opcao2: Ir para menu de compra
menu_compra_inicio: Entrando no menu de compra
menu_compra: Entrou no menu de compra
e_escolhe_opcao3: Escolhendo a opcao 3
finaliza_acao: Finalizou acao
e_devolve_troco: Devolvendo troco
e_devolve_troco: Devolvendo troco: 0 quarters, 0 dimes, 0 nickels
menu_principal: Exibindo menu principal
menu_principal: Exibindo menu principal
e_escolhe_opcao2: Ir para menu de compra
menu_compra_inicio: Entrando no menu de compra
menu_compra: Entrou no menu de compra
e_escolhe_opcao2: Escolhendo a opcao 2
espera_produto: Esperando produto
e_insere_codigo_incorreto: Inserindo codigo incorreto: Z3
menu_compra: Entrou no menu de compra
e_escolhe_opcao2: Escolhendo a opcao 2
espera_produto: Esperando produto
e_insere_codigo: Inserindo codigo correto: A3 e o preÃ§o do produto e R$ 2,75
verifica_disponibilidade: Verifica disponibilidade
e_produto_disponivel: Verificando se Produto disponivel: 5
verifica_saldo: Verifica se saldo e suficiente
e_verifica_saldo_insuficiente: Verificando que saldo insuficiente sintetico: R$ 0,05 do original R$ 0,00 para preco de produto R$ 2,75
menu_compra: Entrou no menu de compra
e_escolhe_opcao2: Escolhendo a opcao 2
espera_produto: Esperando produto
e_insere_codigo_incorreto: Inserindo codigo incorreto: Z3
menu_compra: Entrou no menu de compra
menu_compra: Entrou no menu de compra
menu_compra: Entrou no menu de compra
e_escolhe_opcao2: Escolhendo a opcao 2
espera_produto: Esperando produto
e_insere_codigo: Inserindo codigo correto: A3 e o preÃ§o do produto e R$ 2,75
verifica_disponibilidade: Verifica disponibilidade
e_produto_disponivel: Verificando se Produto disponivel: 5
verifica_saldo: Verifica se saldo e suficiente
e_verifica_saldo_insuficiente: Verificando que saldo insuficiente sintetico: R$ 0,05 do original R$ 0,00 para preco de produto R$ 2,75
menu_compra: Entrou no menu de compra
e_escolhe_opcao2: Escolhendo a opcao 2
espera_produto: Esperando produto
e_insere_codigo: Inserindo codigo correto: A3 e o preÃ§o do produto e R$ 2,75
verifica_disponibilidade: Verifica disponibilidade
e_produto_disponivel: Verificando se Produto disponivel: 5
verifica_saldo: Verifica se saldo e suficiente
e_verifica_saldo_insuficiente: Verificando que saldo insuficiente sintetico: R$ 0,05 do original R$ 0,00 para preco de produto R$ 2,75
menu_compra: Entrou no menu de compra
e_escolhe_opcao2: Escolhendo a opcao 2
espera_produto: Esperando produto
e_insere_codigo_incorreto: Inserindo codigo incorreto: Z3
menu_compra: Entrou no menu de compra
e_escolhe_opcao3: Escolhendo a opcao 3
finaliza_acao: Finalizou acao
e_devolve_troco: Devolvendo troco
e_devolve_troco: Devolvendo troco: 0 quarters, 0 dimes, 0 nickels
menu_principal: Exibindo menu principal
menu_principal: Exibindo menu principal
e_escolhe_opcao1: Exibir inventÃ¡rio
A1   Potato Crisps       5 remaining   R$ 3,05
A2   Stackers            5 remaining   R$ 1,45
A3   Grain Waves         5 remaining   R$ 2,75
A4   Cloud Popcorn       5 remaining   R$ 3,65
B1   Moonpie             5 remaining   R$ 1,80
B2   Cowtales            5 remaining   R$ 1,50
B3   Wonka Bar           5 remaining   R$ 1,50
B4   Crunchie            5 remaining   R$ 1,75
C1   Cola                5 remaining   R$ 1,25
C2   Dr. Salt            5 remaining   R$ 1,50
C3   Mountain Melter     5 remaining   R$ 1,50
C4   Heavy               5 remaining   R$ 1,50
D1   U-Chews             5 remaining   R$ 0,85
D2   Little League Chew  5 remaining   R$ 0,95
D3   Chiclets            5 remaining   R$ 0,75
D4   Triplemint          5 remaining   R$ 0,75
exibir_itens: Listando novamente os itens
A1   Potato Crisps       5 remaining   R$ 3,05
A2   Stackers            5 remaining   R$ 1,45
A3   Grain Waves         5 remaining   R$ 2,75
A4   Cloud Popcorn       5 remaining   R$ 3,65
B1   Moonpie             5 remaining   R$ 1,80
B2   Cowtales            5 remaining   R$ 1,50
B3   Wonka Bar           5 remaining   R$ 1,50
B4   Crunchie            5 remaining   R$ 1,75
C1   Cola                5 remaining   R$ 1,25
C2   Dr. Salt            5 remaining   R$ 1,50
C3   Mountain Melter     5 remaining   R$ 1,50
C4   Heavy               5 remaining   R$ 1,50
D1   U-Chews             5 remaining   R$ 0,85
D2   Little League Chew  5 remaining   R$ 0,95
D3   Chiclets            5 remaining   R$ 0,75
D4   Triplemint          5 remaining   R$ 0,75
e_volta_menu: Retornando ao menu principal
menu_principal: Exibindo menu principal
e_escolhe_opcao2: Ir para menu de compra
menu_compra_inicio: Entrando no menu de compra
menu_compra: Entrou no menu de compra
e_escolhe_opcao1: Escolhendo a opcao 1
espera_moeda: Espera moeda
e_insere_quantia: Inserindo quantia valida de R$ 10,00
menu_compra: Entrou no menu de compra
menu_compra: Entrou no menu de compra
menu_compra: Entrou no menu de compra
e_escolhe_opcao1: Escolhendo a opcao 1
espera_moeda: Espera moeda
e_insere_quantia: Inserindo quantia valida de R$ 10,00
menu_compra: Entrou no menu de compra
menu_compra: Entrou no menu de compra
menu_compra: Entrou no menu de compra
e_escolhe_opcao1: Escolhendo a opcao 1
espera_moeda: Espera moeda
e_insere_quantia_invalida: Inserindo quantia invalida de R$ 50,00
menu_compra: Entrou no menu de compra
menu_compra: Entrou no menu de compra
menu_compra: Entrou no menu de compra
e_escolhe_opcao3: Escolhendo a opcao 3
finaliza_acao: Finalizou acao
e_devolve_troco: Devolvendo troco
e_devolve_troco: Devolvendo troco: 80 quarters, 0 dimes, 0 nickels
menu_principal: Exibindo menu principal
menu_principal: Exibindo menu principal
e_escolhe_opcao1: Exibir inventÃ¡rio
A1   Potato Crisps       5 remaining   R$ 3,05
A2   Stackers            5 remaining   R$ 1,45
A3   Grain Waves         5 remaining   R$ 2,75
A4   Cloud Popcorn       5 remaining   R$ 3,65
B1   Moonpie             5 remaining   R$ 1,80
B2   Cowtales            5 remaining   R$ 1,50
B3   Wonka Bar           5 remaining   R$ 1,50
B4   Crunchie            5 remaining   R$ 1,75
C1   Cola                5 remaining   R$ 1,25
C2   Dr. Salt            5 remaining   R$ 1,50
C3   Mountain Melter     5 remaining   R$ 1,50
C4   Heavy               5 remaining   R$ 1,50
D1   U-Chews             5 remaining   R$ 0,85
D2   Little League Chew  5 remaining   R$ 0,95
D3   Chiclets            5 remaining   R$ 0,75
D4   Triplemint          5 remaining   R$ 0,75
exibir_itens: Listando novamente os itens
A1   Potato Crisps       5 remaining   R$ 3,05
A2   Stackers            5 remaining   R$ 1,45
A3   Grain Waves         5 remaining   R$ 2,75
A4   Cloud Popcorn       5 remaining   R$ 3,65
B1   Moonpie             5 remaining   R$ 1,80
B2   Cowtales            5 remaining   R$ 1,50
B3   Wonka Bar           5 remaining   R$ 1,50
B4   Crunchie            5 remaining   R$ 1,75
C1   Cola                5 remaining   R$ 1,25
C2   Dr. Salt            5 remaining   R$ 1,50
C3   Mountain Melter     5 remaining   R$ 1,50
C4   Heavy               5 remaining   R$ 1,50
D1   U-Chews             5 remaining   R$ 0,85
D2   Little League Chew  5 remaining   R$ 0,95
D3   Chiclets            5 remaining   R$ 0,75
D4   Triplemint          5 remaining   R$ 0,75
e_volta_menu: Retornando ao menu principal
menu_principal: Exibindo menu principal
menu_principal: Exibindo menu principal
menu_principal: Exibindo menu principal
e_escolhe_opcao1: Exibir inventÃ¡rio
A1   Potato Crisps       5 remaining   R$ 3,05
A2   Stackers            5 remaining   R$ 1,45
A3   Grain Waves         5 remaining   R$ 2,75
A4   Cloud Popcorn       5 remaining   R$ 3,65
B1   Moonpie             5 remaining   R$ 1,80
B2   Cowtales            5 remaining   R$ 1,50
B3   Wonka Bar           5 remaining   R$ 1,50
B4   Crunchie            5 remaining   R$ 1,75
C1   Cola                5 remaining   R$ 1,25
C2   Dr. Salt            5 remaining   R$ 1,50
C3   Mountain Melter     5 remaining   R$ 1,50
C4   Heavy               5 remaining   R$ 1,50
D1   U-Chews             5 remaining   R$ 0,85
D2   Little League Chew  5 remaining   R$ 0,95
D3   Chiclets            5 remaining   R$ 0,75
D4   Triplemint          5 remaining   R$ 0,75
exibir_itens: Listando novamente os itens
A1   Potato Crisps       5 remaining   R$ 3,05
A2   Stackers            5 remaining   R$ 1,45
A3   Grain Waves         5 remaining   R$ 2,75
A4   Cloud Popcorn       5 remaining   R$ 3,65
B1   Moonpie             5 remaining   R$ 1,80
B2   Cowtales            5 remaining   R$ 1,50
B3   Wonka Bar           5 remaining   R$ 1,50
B4   Crunchie            5 remaining   R$ 1,75
C1   Cola                5 remaining   R$ 1,25
C2   Dr. Salt            5 remaining   R$ 1,50
C3   Mountain Melter     5 remaining   R$ 1,50
C4   Heavy               5 remaining   R$ 1,50
D1   U-Chews             5 remaining   R$ 0,85
D2   Little League Chew  5 remaining   R$ 0,95
D3   Chiclets            5 remaining   R$ 0,75
D4   Triplemint          5 remaining   R$ 0,75
e_volta_menu: Retornando ao menu principal
menu_principal: Exibindo menu principal
menu_principal: Exibindo menu principal
menu_principal: Exibindo menu principal
e_escolhe_opcao1: Exibir inventÃ¡rio
A1   Potato Crisps       5 remaining   R$ 3,05
A2   Stackers            5 remaining   R$ 1,45
A3   Grain Waves         5 remaining   R$ 2,75
A4   Cloud Popcorn       5 remaining   R$ 3,65
B1   Moonpie             5 remaining   R$ 1,80
B2   Cowtales            5 remaining   R$ 1,50
B3   Wonka Bar           5 remaining   R$ 1,50
B4   Crunchie            5 remaining   R$ 1,75
C1   Cola                5 remaining   R$ 1,25
C2   Dr. Salt            5 remaining   R$ 1,50
C3   Mountain Melter     5 remaining   R$ 1,50
C4   Heavy               5 remaining   R$ 1,50
D1   U-Chews             5 remaining   R$ 0,85
D2   Little League Chew  5 remaining   R$ 0,95
D3   Chiclets            5 remaining   R$ 0,75
D4   Triplemint          5 remaining   R$ 0,75
exibir_itens: Listando novamente os itens
A1   Potato Crisps       5 remaining   R$ 3,05
A2   Stackers            5 remaining   R$ 1,45
A3   Grain Waves         5 remaining   R$ 2,75
A4   Cloud Popcorn       5 remaining   R$ 3,65
B1   Moonpie             5 remaining   R$ 1,80
B2   Cowtales            5 remaining   R$ 1,50
B3   Wonka Bar           5 remaining   R$ 1,50
B4   Crunchie            5 remaining   R$ 1,75
C1   Cola                5 remaining   R$ 1,25
C2   Dr. Salt            5 remaining   R$ 1,50
C3   Mountain Melter     5 remaining   R$ 1,50
C4   Heavy               5 remaining   R$ 1,50
D1   U-Chews             5 remaining   R$ 0,85
D2   Little League Chew  5 remaining   R$ 0,95
D3   Chiclets            5 remaining   R$ 0,75
D4   Triplemint          5 remaining   R$ 0,75
e_volta_menu: Retornando ao menu principal
menu_principal: Exibindo menu principal
menu_principal: Exibindo menu principal
menu_principal: Exibindo menu principal
e_escolhe_opcao3: Salvar relatÃ³rio de vendas
encerrar: PÃ³s-finalizaÃ§Ã£o
e_salva_sales_report: Confirmando geraÃ§Ã£o do relatÃ³rio
e_finalizar_programa: Encerrando aplicaÃ§Ã£o
fim: AplicaÃ§Ã£o encerrada
]]></system-out>
  </testcase>
  <testcase name="Teste68" classname="com.techelevator.TesteMaquinaVendasEdgeCoverage" time="0.007">
    <system-out><![CDATA[e_restart: Reiniciando sistema
menu_principal: Exibindo menu principal
e_escolhe_opcao3: Salvar relatÃ³rio de vendas
encerrar: PÃ³s-finalizaÃ§Ã£o
e_salva_sales_report: Confirmando geraÃ§Ã£o do relatÃ³rio
e_finalizar_programa: Encerrando aplicaÃ§Ã£o
fim: AplicaÃ§Ã£o encerrada
]]></system-out>
  </testcase>
  <testcase name="Teste69" classname="com.techelevator.TesteMaquinaVendasEdgeCoverage" time="0.0">
    <system-out><![CDATA[e_restart: Reiniciando sistema
menu_principal: Exibindo menu principal
e_escolhe_opcao2: Ir para menu de compra
menu_compra_inicio: Entrando no menu de compra
menu_compra: Entrou no menu de compra
e_escolhe_opcao2: Escolhendo a opcao 2
espera_produto: Esperando produto
e_insere_codigo: Inserindo codigo correto: A3 e o preÃ§o do produto e R$ 2,75
verifica_disponibilidade: Verifica disponibilidade
e_produto_disponivel: Verificando se Produto disponivel: 5
verifica_saldo: Verifica se saldo e suficiente
e_verifica_saldo_insuficiente: Verificando que saldo insuficiente sintetico: R$ 0,05 do original R$ 0,00 para preco de produto R$ 2,75
menu_compra: Entrou no menu de compra
menu_compra: Entrou no menu de compra
menu_compra: Entrou no menu de compra
e_escolhe_opcao3: Escolhendo a opcao 3
finaliza_acao: Finalizou acao
e_devolve_troco: Devolvendo troco
e_devolve_troco: Devolvendo troco: 0 quarters, 0 dimes, 0 nickels
menu_principal: Exibindo menu principal
menu_principal: Exibindo menu principal
e_escolhe_opcao3: Salvar relatÃ³rio de vendas
encerrar: PÃ³s-finalizaÃ§Ã£o
e_salva_sales_report: Confirmando geraÃ§Ã£o do relatÃ³rio
e_finalizar_programa: Encerrando aplicaÃ§Ã£o
fim: AplicaÃ§Ã£o encerrada
]]></system-out>
  </testcase>
  <testcase name="Teste70" classname="com.techelevator.TesteMaquinaVendasEdgeCoverage" time="0.007">
    <system-out><![CDATA[e_restart: Reiniciando sistema
menu_principal: Exibindo menu principal
e_escolhe_opcao2: Ir para menu de compra
menu_compra_inicio: Entrando no menu de compra
menu_compra: Entrou no menu de compra
e_escolhe_opcao2: Escolhendo a opcao 2
espera_produto: Esperando produto
e_insere_codigo: Inserindo codigo correto: A3 e o preÃ§o do produto e R$ 2,75
verifica_disponibilidade: Verifica disponibilidade
e_produto_disponivel: Verificando se Produto disponivel: 5
verifica_saldo: Verifica se saldo e suficiente
e_verifica_saldo_insuficiente: Verificando que saldo insuficiente sintetico: R$ 0,05 do original R$ 0,00 para preco de produto R$ 2,75
menu_compra: Entrou no menu de compra
e_escolhe_opcao3: Escolhendo a opcao 3
finaliza_acao: Finalizou acao
e_devolve_troco: Devolvendo troco
e_devolve_troco: Devolvendo troco: 0 quarters, 0 dimes, 0 nickels
menu_principal: Exibindo menu principal
menu_principal: Exibindo menu principal
e_escolhe_opcao3: Salvar relatÃ³rio de vendas
encerrar: PÃ³s-finalizaÃ§Ã£o
e_salva_sales_report: Confirmando geraÃ§Ã£o do relatÃ³rio
e_finalizar_programa: Encerrando aplicaÃ§Ã£o
fim: AplicaÃ§Ã£o encerrada
]]></system-out>
  </testcase>
  <testcase name="Teste71" classname="com.techelevator.TesteMaquinaVendasEdgeCoverage" time="0.083">
    <system-out><![CDATA[e_restart: Reiniciando sistema
menu_principal: Exibindo menu principal
e_escolhe_opcao2: Ir para menu de compra
menu_compra_inicio: Entrando no menu de compra
menu_compra: Entrou no menu de compra
e_escolhe_opcao3: Escolhendo a opcao 3
finaliza_acao: Finalizou acao
e_devolve_troco: Devolvendo troco
e_devolve_troco: Devolvendo troco: 0 quarters, 0 dimes, 0 nickels
menu_principal: Exibindo menu principal
menu_principal: Exibindo menu principal
e_escolhe_opcao2: Ir para menu de compra
menu_compra_inicio: Entrando no menu de compra
menu_compra: Entrou no menu de compra
e_escolhe_opcao1: Escolhendo a opcao 1
espera_moeda: Espera moeda
e_insere_quantia: Inserindo quantia valida de R$ 10,00
menu_compra: Entrou no menu de compra
menu_compra: Entrou no menu de compra
menu_compra: Entrou no menu de compra
e_escolhe_opcao3: Escolhendo a opcao 3
finaliza_acao: Finalizou acao
e_devolve_troco: Devolvendo troco
e_devolve_troco: Devolvendo troco: 40 quarters, 0 dimes, 0 nickels
menu_principal: Exibindo menu principal
menu_principal: Exibindo menu principal
e_escolhe_opcao1: Exibir inventÃ¡rio
A1   Potato Crisps       5 remaining   R$ 3,05
A2   Stackers            5 remaining   R$ 1,45
A3   Grain Waves         5 remaining   R$ 2,75
A4   Cloud Popcorn       5 remaining   R$ 3,65
B1   Moonpie             5 remaining   R$ 1,80
B2   Cowtales            5 remaining   R$ 1,50
B3   Wonka Bar           5 remaining   R$ 1,50
B4   Crunchie            5 remaining   R$ 1,75
C1   Cola                5 remaining   R$ 1,25
C2   Dr. Salt            5 remaining   R$ 1,50
C3   Mountain Melter     5 remaining   R$ 1,50
C4   Heavy               5 remaining   R$ 1,50
D1   U-Chews             5 remaining   R$ 0,85
D2   Little League Chew  5 remaining   R$ 0,95
D3   Chiclets            5 remaining   R$ 0,75
D4   Triplemint          5 remaining   R$ 0,75
exibir_itens: Listando novamente os itens
A1   Potato Crisps       5 remaining   R$ 3,05
A2   Stackers            5 remaining   R$ 1,45
A3   Grain Waves         5 remaining   R$ 2,75
A4   Cloud Popcorn       5 remaining   R$ 3,65
B1   Moonpie             5 remaining   R$ 1,80
B2   Cowtales            5 remaining   R$ 1,50
B3   Wonka Bar           5 remaining   R$ 1,50
B4   Crunchie            5 remaining   R$ 1,75
C1   Cola                5 remaining   R$ 1,25
C2   Dr. Salt            5 remaining   R$ 1,50
C3   Mountain Melter     5 remaining   R$ 1,50
C4   Heavy               5 remaining   R$ 1,50
D1   U-Chews             5 remaining   R$ 0,85
D2   Little League Chew  5 remaining   R$ 0,95
D3   Chiclets            5 remaining   R$ 0,75
D4   Triplemint          5 remaining   R$ 0,75
e_volta_menu: Retornando ao menu principal
menu_principal: Exibindo menu principal
e_escolhe_opcao1: Exibir inventÃ¡rio
A1   Potato Crisps       5 remaining   R$ 3,05
A2   Stackers            5 remaining   R$ 1,45
A3   Grain Waves         5 remaining   R$ 2,75
A4   Cloud Popcorn       5 remaining   R$ 3,65
B1   Moonpie             5 remaining   R$ 1,80
B2   Cowtales            5 remaining   R$ 1,50
B3   Wonka Bar           5 remaining   R$ 1,50
B4   Crunchie            5 remaining   R$ 1,75
C1   Cola                5 remaining   R$ 1,25
C2   Dr. Salt            5 remaining   R$ 1,50
C3   Mountain Melter     5 remaining   R$ 1,50
C4   Heavy               5 remaining   R$ 1,50
D1   U-Chews             5 remaining   R$ 0,85
D2   Little League Chew  5 remaining   R$ 0,95
D3   Chiclets            5 remaining   R$ 0,75
D4   Triplemint          5 remaining   R$ 0,75
exibir_itens: Listando novamente os itens
A1   Potato Crisps       5 remaining   R$ 3,05
A2   Stackers            5 remaining   R$ 1,45
A3   Grain Waves         5 remaining   R$ 2,75
A4   Cloud Popcorn       5 remaining   R$ 3,65
B1   Moonpie             5 remaining   R$ 1,80
B2   Cowtales            5 remaining   R$ 1,50
B3   Wonka Bar           5 remaining   R$ 1,50
B4   Crunchie            5 remaining   R$ 1,75
C1   Cola                5 remaining   R$ 1,25
C2   Dr. Salt            5 remaining   R$ 1,50
C3   Mountain Melter     5 remaining   R$ 1,50
C4   Heavy               5 remaining   R$ 1,50
D1   U-Chews             5 remaining   R$ 0,85
D2   Little League Chew  5 remaining   R$ 0,95
D3   Chiclets            5 remaining   R$ 0,75
D4   Triplemint          5 remaining   R$ 0,75
e_volta_menu: Retornando ao menu principal
menu_principal: Exibindo menu principal
menu_principal: Exibindo menu principal
menu_principal: Exibindo menu principal
e_escolhe_opcao1: Exibir inventÃ¡rio
A1   Potato Crisps       5 remaining   R$ 3,05
A2   Stackers            5 remaining   R$ 1,45
A3   Grain Waves         5 remaining   R$ 2,75
A4   Cloud Popcorn       5 remaining   R$ 3,65
B1   Moonpie             5 remaining   R$ 1,80
B2   Cowtales            5 remaining   R$ 1,50
B3   Wonka Bar           5 remaining   R$ 1,50
B4   Crunchie            5 remaining   R$ 1,75
C1   Cola                5 remaining   R$ 1,25
C2   Dr. Salt            5 remaining   R$ 1,50
C3   Mountain Melter     5 remaining   R$ 1,50
C4   Heavy               5 remaining   R$ 1,50
D1   U-Chews             5 remaining   R$ 0,85
D2   Little League Chew  5 remaining   R$ 0,95
D3   Chiclets            5 remaining   R$ 0,75
D4   Triplemint          5 remaining   R$ 0,75
exibir_itens: Listando novamente os itens
A1   Potato Crisps       5 remaining   R$ 3,05
A2   Stackers            5 remaining   R$ 1,45
A3   Grain Waves         5 remaining   R$ 2,75
A4   Cloud Popcorn       5 remaining   R$ 3,65
B1   Moonpie             5 remaining   R$ 1,80
B2   Cowtales            5 remaining   R$ 1,50
B3   Wonka Bar           5 remaining   R$ 1,50
B4   Crunchie            5 remaining   R$ 1,75
C1   Cola                5 remaining   R$ 1,25
C2   Dr. Salt            5 remaining   R$ 1,50
C3   Mountain Melter     5 remaining   R$ 1,50
C4   Heavy               5 remaining   R$ 1,50
D1   U-Chews             5 remaining   R$ 0,85
D2   Little League Chew  5 remaining   R$ 0,95
D3   Chiclets            5 remaining   R$ 0,75
D4   Triplemint          5 remaining   R$ 0,75
e_volta_menu: Retornando ao menu principal
menu_principal: Exibindo menu principal
e_escolhe_opcao1: Exibir inventÃ¡rio
A1   Potato Crisps       5 remaining   R$ 3,05
A2   Stackers            5 remaining   R$ 1,45
A3   Grain Waves         5 remaining   R$ 2,75
A4   Cloud Popcorn       5 remaining   R$ 3,65
B1   Moonpie             5 remaining   R$ 1,80
B2   Cowtales            5 remaining   R$ 1,50
B3   Wonka Bar           5 remaining   R$ 1,50
B4   Crunchie            5 remaining   R$ 1,75
C1   Cola                5 remaining   R$ 1,25
C2   Dr. Salt            5 remaining   R$ 1,50
C3   Mountain Melter     5 remaining   R$ 1,50
C4   Heavy               5 remaining   R$ 1,50
D1   U-Chews             5 remaining   R$ 0,85
D2   Little League Chew  5 remaining   R$ 0,95
D3   Chiclets            5 remaining   R$ 0,75
D4   Triplemint          5 remaining   R$ 0,75
exibir_itens: Listando novamente os itens
A1   Potato Crisps       5 remaining   R$ 3,05
A2   Stackers            5 remaining   R$ 1,45
A3   Grain Waves         5 remaining   R$ 2,75
A4   Cloud Popcorn       5 remaining   R$ 3,65
B1   Moonpie             5 remaining   R$ 1,80
B2   Cowtales            5 remaining   R$ 1,50
B3   Wonka Bar           5 remaining   R$ 1,50
B4   Crunchie            5 remaining   R$ 1,75
C1   Cola                5 remaining   R$ 1,25
C2   Dr. Salt            5 remaining   R$ 1,50
C3   Mountain Melter     5 remaining   R$ 1,50
C4   Heavy               5 remaining   R$ 1,50
D1   U-Chews             5 remaining   R$ 0,85
D2   Little League Chew  5 remaining   R$ 0,95
D3   Chiclets            5 remaining   R$ 0,75
D4   Triplemint          5 remaining   R$ 0,75
e_volta_menu: Retornando ao menu principal
menu_principal: Exibindo menu principal
menu_principal: Exibindo menu principal
menu_principal: Exibindo menu principal
e_escolhe_opcao2: Ir para menu de compra
menu_compra_inicio: Entrando no menu de compra
menu_compra: Entrou no menu de compra
e_escolhe_opcao2: Escolhendo a opcao 2
espera_produto: Esperando produto
e_insere_codigo_incorreto: Inserindo codigo incorreto: Z3
menu_compra: Entrou no menu de compra
e_escolhe_opcao1: Escolhendo a opcao 1
espera_moeda: Espera moeda
e_insere_quantia: Inserindo quantia valida de R$ 10,00
menu_compra: Entrou no menu de compra
menu_compra: Entrou no menu de compra
menu_compra: Entrou no menu de compra
e_escolhe_opcao2: Escolhendo a opcao 2
espera_produto: Esperando produto
e_insere_codigo: Inserindo codigo correto: A3 e o preÃ§o do produto e R$ 2,75
verifica_disponibilidade: Verifica disponibilidade
e_produto_disponivel: Verificando se Produto disponivel: 5
verifica_saldo: Verifica se saldo e suficiente
e_verifica_saldo: Verificando que saldo suficiente: R$ 10,00 para preco de produto R$ 2,75
libera_produto: Produto liberado
e_produtto_liberado: Liberando produto
menu_compra: Entrou no menu de compra
menu_compra: Entrou no menu de compra
menu_compra: Entrou no menu de compra
e_escolhe_opcao3: Escolhendo a opcao 3
finaliza_acao: Finalizou acao
e_devolve_troco: Devolvendo troco
e_devolve_troco: Devolvendo troco: 29 quarters, 0 dimes, 0 nickels
menu_principal: Exibindo menu principal
menu_principal: Exibindo menu principal
e_escolhe_opcao1: Exibir inventÃ¡rio
A1   Potato Crisps       5 remaining   R$ 3,05
A2   Stackers            5 remaining   R$ 1,45
A3   Grain Waves         5 remaining   R$ 2,75
A4   Cloud Popcorn       5 remaining   R$ 3,65
B1   Moonpie             5 remaining   R$ 1,80
B2   Cowtales            5 remaining   R$ 1,50
B3   Wonka Bar           5 remaining   R$ 1,50
B4   Crunchie            5 remaining   R$ 1,75
C1   Cola                5 remaining   R$ 1,25
C2   Dr. Salt            5 remaining   R$ 1,50
C3   Mountain Melter     5 remaining   R$ 1,50
C4   Heavy               5 remaining   R$ 1,50
D1   U-Chews             5 remaining   R$ 0,85
D2   Little League Chew  5 remaining   R$ 0,95
D3   Chiclets            5 remaining   R$ 0,75
D4   Triplemint          5 remaining   R$ 0,75
exibir_itens: Listando novamente os itens
A1   Potato Crisps       5 remaining   R$ 3,05
A2   Stackers            5 remaining   R$ 1,45
A3   Grain Waves         5 remaining   R$ 2,75
A4   Cloud Popcorn       5 remaining   R$ 3,65
B1   Moonpie             5 remaining   R$ 1,80
B2   Cowtales            5 remaining   R$ 1,50
B3   Wonka Bar           5 remaining   R$ 1,50
B4   Crunchie            5 remaining   R$ 1,75
C1   Cola                5 remaining   R$ 1,25
C2   Dr. Salt            5 remaining   R$ 1,50
C3   Mountain Melter     5 remaining   R$ 1,50
C4   Heavy               5 remaining   R$ 1,50
D1   U-Chews             5 remaining   R$ 0,85
D2   Little League Chew  5 remaining   R$ 0,95
D3   Chiclets            5 remaining   R$ 0,75
D4   Triplemint          5 remaining   R$ 0,75
e_volta_menu: Retornando ao menu principal
menu_principal: Exibindo menu principal
e_escolhe_opcao3: Salvar relatÃ³rio de vendas
encerrar: PÃ³s-finalizaÃ§Ã£o
e_salva_sales_report: Confirmando geraÃ§Ã£o do relatÃ³rio
e_finalizar_programa: Encerrando aplicaÃ§Ã£o
fim: AplicaÃ§Ã£o encerrada
]]></system-out>
  </testcase>
  <testcase name="Teste72" classname="com.techelevator.TesteMaquinaVendasEdgeCoverage" time="0.007">
    <system-out><![CDATA[e_restart: Reiniciando sistema
menu_principal: Exibindo menu principal
e_escolhe_opcao2: Ir para menu de compra
menu_compra_inicio: Entrando no menu de compra
menu_compra: Entrou no menu de compra
e_escolhe_opcao3: Escolhendo a opcao 3
finaliza_acao: Finalizou acao
e_devolve_troco: Devolvendo troco
e_devolve_troco: Devolvendo troco: 0 quarters, 0 dimes, 0 nickels
menu_principal: Exibindo menu principal
menu_principal: Exibindo menu principal
e_escolhe_opcao3: Salvar relatÃ³rio de vendas
encerrar: PÃ³s-finalizaÃ§Ã£o
e_salva_sales_report: Confirmando geraÃ§Ã£o do relatÃ³rio
e_finalizar_programa: Encerrando aplicaÃ§Ã£o
fim: AplicaÃ§Ã£o encerrada
]]></system-out>
  </testcase>
  <testcase name="Teste73" classname="com.techelevator.TesteMaquinaVendasEdgeCoverage" time="0.0">
    <system-out><![CDATA[e_restart: Reiniciando sistema
menu_principal: Exibindo menu principal
e_escolhe_opcao3: Salvar relatÃ³rio de vendas
encerrar: PÃ³s-finalizaÃ§Ã£o
e_salva_sales_report: Confirmando geraÃ§Ã£o do relatÃ³rio
e_finalizar_programa: Encerrando aplicaÃ§Ã£o
fim: AplicaÃ§Ã£o encerrada
]]></system-out>
  </testcase>
  <testcase name="Teste74" classname="com.techelevator.TesteMaquinaVendasEdgeCoverage" time="0.0">
    <system-out><![CDATA[e_restart: Reiniciando sistema
menu_principal: Exibindo menu principal
e_escolhe_opcao3: Salvar relatÃ³rio de vendas
encerrar: PÃ³s-finalizaÃ§Ã£o
e_salva_sales_report: Confirmando geraÃ§Ã£o do relatÃ³rio
e_finalizar_programa: Encerrando aplicaÃ§Ã£o
fim: AplicaÃ§Ã£o encerrada
]]></system-out>
  </testcase>
  <testcase name="Teste75" classname="com.techelevator.TesteMaquinaVendasEdgeCoverage" time="0.028">
    <system-out><![CDATA[e_restart: Reiniciando sistema
menu_principal: Exibindo menu principal
menu_principal: Exibindo menu principal
menu_principal: Exibindo menu principal
e_escolhe_opcao1: Exibir inventÃ¡rio
A1   Potato Crisps       5 remaining   R$ 3,05
A2   Stackers            5 remaining   R$ 1,45
A3   Grain Waves         5 remaining   R$ 2,75
A4   Cloud Popcorn       5 remaining   R$ 3,65
B1   Moonpie             5 remaining   R$ 1,80
B2   Cowtales            5 remaining   R$ 1,50
B3   Wonka Bar           5 remaining   R$ 1,50
B4   Crunchie            5 remaining   R$ 1,75
C1   Cola                5 remaining   R$ 1,25
C2   Dr. Salt            5 remaining   R$ 1,50
C3   Mountain Melter     5 remaining   R$ 1,50
C4   Heavy               5 remaining   R$ 1,50
D1   U-Chews             5 remaining   R$ 0,85
D2   Little League Chew  5 remaining   R$ 0,95
D3   Chiclets            5 remaining   R$ 0,75
D4   Triplemint          5 remaining   R$ 0,75
exibir_itens: Listando novamente os itens
A1   Potato Crisps       5 remaining   R$ 3,05
A2   Stackers            5 remaining   R$ 1,45
A3   Grain Waves         5 remaining   R$ 2,75
A4   Cloud Popcorn       5 remaining   R$ 3,65
B1   Moonpie             5 remaining   R$ 1,80
B2   Cowtales            5 remaining   R$ 1,50
B3   Wonka Bar           5 remaining   R$ 1,50
B4   Crunchie            5 remaining   R$ 1,75
C1   Cola                5 remaining   R$ 1,25
C2   Dr. Salt            5 remaining   R$ 1,50
C3   Mountain Melter     5 remaining   R$ 1,50
C4   Heavy               5 remaining   R$ 1,50
D1   U-Chews             5 remaining   R$ 0,85
D2   Little League Chew  5 remaining   R$ 0,95
D3   Chiclets            5 remaining   R$ 0,75
D4   Triplemint          5 remaining   R$ 0,75
e_volta_menu: Retornando ao menu principal
menu_principal: Exibindo menu principal
e_escolhe_opcao2: Ir para menu de compra
menu_compra_inicio: Entrando no menu de compra
menu_compra: Entrou no menu de compra
e_escolhe_opcao3: Escolhendo a opcao 3
finaliza_acao: Finalizou acao
e_devolve_troco: Devolvendo troco
e_devolve_troco: Devolvendo troco: 0 quarters, 0 dimes, 0 nickels
menu_principal: Exibindo menu principal
menu_principal: Exibindo menu principal
e_escolhe_opcao2: Ir para menu de compra
menu_compra_inicio: Entrando no menu de compra
menu_compra: Entrou no menu de compra
e_escolhe_opcao1: Escolhendo a opcao 1
espera_moeda: Espera moeda
e_insere_quantia: Inserindo quantia valida de R$ 10,00
menu_compra: Entrou no menu de compra
menu_compra: Entrou no menu de compra
menu_compra: Entrou no menu de compra
e_escolhe_opcao1: Escolhendo a opcao 1
espera_moeda: Espera moeda
e_insere_quantia_invalida: Inserindo quantia invalida de R$ 50,00
menu_compra: Entrou no menu de compra
menu_compra: Entrou no menu de compra
menu_compra: Entrou no menu de compra
e_escolhe_opcao3: Escolhendo a opcao 3
finaliza_acao: Finalizou acao
e_devolve_troco: Devolvendo troco
e_devolve_troco: Devolvendo troco: 40 quarters, 0 dimes, 0 nickels
menu_principal: Exibindo menu principal
menu_principal: Exibindo menu principal
e_escolhe_opcao2: Ir para menu de compra
menu_compra_inicio: Entrando no menu de compra
menu_compra: Entrou no menu de compra
e_escolhe_opcao2: Escolhendo a opcao 2
espera_produto: Esperando produto
e_insere_codigo_incorreto: Inserindo codigo incorreto: Z3
menu_compra: Entrou no menu de compra
menu_compra: Entrou no menu de compra
menu_compra: Entrou no menu de compra
e_escolhe_opcao2: Escolhendo a opcao 2
espera_produto: Esperando produto
e_insere_codigo: Inserindo codigo correto: A3 e o preÃ§o do produto e R$ 2,75
verifica_disponibilidade: Verifica disponibilidade
e_produto_disponivel: Verificando se Produto disponivel: 5
verifica_saldo: Verifica se saldo e suficiente
e_verifica_saldo_insuficiente: Verificando que saldo insuficiente sintetico: R$ 0,05 do original R$ 0,00 para preco de produto R$ 2,75
menu_compra: Entrou no menu de compra
menu_compra: Entrou no menu de compra
menu_compra: Entrou no menu de compra
e_escolhe_opcao2: Escolhendo a opcao 2
espera_produto: Esperando produto
e_insere_codigo_incorreto: Inserindo codigo incorreto: Z3
menu_compra: Entrou no menu de compra
e_escolhe_opcao2: Escolhendo a opcao 2
espera_produto: Esperando produto
e_insere_codigo_incorreto: Inserindo codigo incorreto: Z3
menu_compra: Entrou no menu de compra
menu_compra: Entrou no menu de compra
menu_compra: Entrou no menu de compra
e_escolhe_opcao2: Escolhendo a opcao 2
espera_produto: Esperando produto
e_insere_codigo: Inserindo codigo correto: A3 e o preÃ§o do produto e R$ 2,75
verifica_disponibilidade: Verifica disponibilidade
e_produto_disponivel: Verificando se Produto disponivel: 5
verifica_saldo: Verifica se saldo e suficiente
e_verifica_saldo_insuficiente: Verificando que saldo insuficiente sintetico: R$ 0,05 do original R$ 0,00 para preco de produto R$ 2,75
menu_compra: Entrou no menu de compra
menu_compra: Entrou no menu de compra
menu_compra: Entrou no menu de compra
e_escolhe_opcao1: Escolhendo a opcao 1
espera_moeda: Espera moeda
e_insere_quantia: Inserindo quantia valida de R$ 10,00
menu_compra: Entrou no menu de compra
menu_compra: Entrou no menu de compra
menu_compra: Entrou no menu de compra
e_escolhe_opcao2: Escolhendo a opcao 2
espera_produto: Esperando produto
e_insere_codigo_incorreto: Inserindo codigo incorreto: Z3
menu_compra: Entrou no menu de compra
menu_compra: Entrou no menu de compra
menu_compra: Entrou no menu de compra
e_escolhe_opcao1: Escolhendo a opcao 1
espera_moeda: Espera moeda
e_insere_quantia: Inserindo quantia valida de R$ 10,00
menu_compra: Entrou no menu de compra
menu_compra: Entrou no menu de compra
menu_compra: Entrou no menu de compra
e_escolhe_opcao2: Escolhendo a opcao 2
espera_produto: Esperando produto
e_insere_codigo_incorreto: Inserindo codigo incorreto: Z3
menu_compra: Entrou no menu de compra
menu_compra: Entrou no menu de compra
menu_compra: Entrou no menu de compra
e_escolhe_opcao1: Escolhendo a opcao 1
espera_moeda: Espera moeda
e_insere_quantia: Inserindo quantia valida de R$ 10,00
menu_compra: Entrou no menu de compra
menu_compra: Entrou no menu de compra
menu_compra: Entrou no menu de compra
e_escolhe_opcao2: Escolhendo a opcao 2
espera_produto: Esperando produto
e_insere_codigo: Inserindo codigo correto: A3 e o preÃ§o do produto e R$ 2,75
verifica_disponibilidade: Verifica disponibilidade
e_produto_disponivel: Verificando se Produto disponivel: 5
verifica_saldo: Verifica se saldo e suficiente
e_verifica_saldo: Verificando que saldo suficiente: R$ 30,00 para preco de produto R$ 2,75
libera_produto: Produto liberado
e_produtto_liberado: Liberando produto
menu_compra: Entrou no menu de compra
e_escolhe_opcao1: Escolhendo a opcao 1
espera_moeda: Espera moeda
e_insere_quantia: Inserindo quantia valida de R$ 10,00
menu_compra: Entrou no menu de compra
e_escolhe_opcao3: Escolhendo a opcao 3
finaliza_acao: Finalizou acao
e_devolve_troco: Devolvendo troco
e_devolve_troco: Devolvendo troco: 149 quarters, 0 dimes, 0 nickels
menu_principal: Exibindo menu principal
menu_principal: Exibindo menu principal
e_escolhe_opcao3: Salvar relatÃ³rio de vendas
encerrar: PÃ³s-finalizaÃ§Ã£o
e_salva_sales_report: Confirmando geraÃ§Ã£o do relatÃ³rio
e_finalizar_programa: Encerrando aplicaÃ§Ã£o
fim: AplicaÃ§Ã£o encerrada
]]></system-out>
  </testcase>
  <testcase name="Teste76" classname="com.techelevator.TesteMaquinaVendasEdgeCoverage" time="0.0">
    <system-out><![CDATA[e_restart: Reiniciando sistema
menu_principal: Exibindo menu principal
e_escolhe_opcao3: Salvar relatÃ³rio de vendas
encerrar: PÃ³s-finalizaÃ§Ã£o
e_salva_sales_report: Confirmando geraÃ§Ã£o do relatÃ³rio
e_finalizar_programa: Encerrando aplicaÃ§Ã£o
fim: AplicaÃ§Ã£o encerrada
]]></system-out>
  </testcase>
  <testcase name="Teste77" classname="com.techelevator.TesteMaquinaVendasEdgeCoverage" time="0.006">
    <system-out><![CDATA[e_restart: Reiniciando sistema
menu_principal: Exibindo menu principal
menu_principal: Exibindo menu principal
menu_principal: Exibindo menu principal
e_escolhe_opcao3: Salvar relatÃ³rio de vendas
encerrar: PÃ³s-finalizaÃ§Ã£o
e_salva_sales_report: Confirmando geraÃ§Ã£o do relatÃ³rio
e_finalizar_programa: Encerrando aplicaÃ§Ã£o
fim: AplicaÃ§Ã£o encerrada
]]></system-out>
  </testcase>
  <testcase name="Teste78" classname="com.techelevator.TesteMaquinaVendasEdgeCoverage" time="0.034">
    <system-out><![CDATA[e_restart: Reiniciando sistema
menu_principal: Exibindo menu principal
e_escolhe_opcao1: Exibir inventÃ¡rio
A1   Potato Crisps       5 remaining   R$ 3,05
A2   Stackers            5 remaining   R$ 1,45
A3   Grain Waves         5 remaining   R$ 2,75
A4   Cloud Popcorn       5 remaining   R$ 3,65
B1   Moonpie             5 remaining   R$ 1,80
B2   Cowtales            5 remaining   R$ 1,50
B3   Wonka Bar           5 remaining   R$ 1,50
B4   Crunchie            5 remaining   R$ 1,75
C1   Cola                5 remaining   R$ 1,25
C2   Dr. Salt            5 remaining   R$ 1,50
C3   Mountain Melter     5 remaining   R$ 1,50
C4   Heavy               5 remaining   R$ 1,50
D1   U-Chews             5 remaining   R$ 0,85
D2   Little League Chew  5 remaining   R$ 0,95
D3   Chiclets            5 remaining   R$ 0,75
D4   Triplemint          5 remaining   R$ 0,75
exibir_itens: Listando novamente os itens
A1   Potato Crisps       5 remaining   R$ 3,05
A2   Stackers            5 remaining   R$ 1,45
A3   Grain Waves         5 remaining   R$ 2,75
A4   Cloud Popcorn       5 remaining   R$ 3,65
B1   Moonpie             5 remaining   R$ 1,80
B2   Cowtales            5 remaining   R$ 1,50
B3   Wonka Bar           5 remaining   R$ 1,50
B4   Crunchie            5 remaining   R$ 1,75
C1   Cola                5 remaining   R$ 1,25
C2   Dr. Salt            5 remaining   R$ 1,50
C3   Mountain Melter     5 remaining   R$ 1,50
C4   Heavy               5 remaining   R$ 1,50
D1   U-Chews             5 remaining   R$ 0,85
D2   Little League Chew  5 remaining   R$ 0,95
D3   Chiclets            5 remaining   R$ 0,75
D4   Triplemint          5 remaining   R$ 0,75
e_volta_menu: Retornando ao menu principal
menu_principal: Exibindo menu principal
menu_principal: Exibindo menu principal
menu_principal: Exibindo menu principal
e_escolhe_opcao2: Ir para menu de compra
menu_compra_inicio: Entrando no menu de compra
menu_compra: Entrou no menu de compra
e_escolhe_opcao1: Escolhendo a opcao 1
espera_moeda: Espera moeda
e_insere_quantia: Inserindo quantia valida de R$ 10,00
menu_compra: Entrou no menu de compra
e_escolhe_opcao1: Escolhendo a opcao 1
espera_moeda: Espera moeda
e_insere_quantia: Inserindo quantia valida de R$ 10,00
menu_compra: Entrou no menu de compra
e_escolhe_opcao1: Escolhendo a opcao 1
espera_moeda: Espera moeda
e_insere_quantia_invalida: Inserindo quantia invalida de R$ 50,00
menu_compra: Entrou no menu de compra
e_escolhe_opcao3: Escolhendo a opcao 3
finaliza_acao: Finalizou acao
e_devolve_troco: Devolvendo troco
e_devolve_troco: Devolvendo troco: 80 quarters, 0 dimes, 0 nickels
menu_principal: Exibindo menu principal
menu_principal: Exibindo menu principal
e_escolhe_opcao1: Exibir inventÃ¡rio
A1   Potato Crisps       5 remaining   R$ 3,05
A2   Stackers            5 remaining   R$ 1,45
A3   Grain Waves         5 remaining   R$ 2,75
A4   Cloud Popcorn       5 remaining   R$ 3,65
B1   Moonpie             5 remaining   R$ 1,80
B2   Cowtales            5 remaining   R$ 1,50
B3   Wonka Bar           5 remaining   R$ 1,50
B4   Crunchie            5 remaining   R$ 1,75
C1   Cola                5 remaining   R$ 1,25
C2   Dr. Salt            5 remaining   R$ 1,50
C3   Mountain Melter     5 remaining   R$ 1,50
C4   Heavy               5 remaining   R$ 1,50
D1   U-Chews             5 remaining   R$ 0,85
D2   Little League Chew  5 remaining   R$ 0,95
D3   Chiclets            5 remaining   R$ 0,75
D4   Triplemint          5 remaining   R$ 0,75
exibir_itens: Listando novamente os itens
A1   Potato Crisps       5 remaining   R$ 3,05
A2   Stackers            5 remaining   R$ 1,45
A3   Grain Waves         5 remaining   R$ 2,75
A4   Cloud Popcorn       5 remaining   R$ 3,65
B1   Moonpie             5 remaining   R$ 1,80
B2   Cowtales            5 remaining   R$ 1,50
B3   Wonka Bar           5 remaining   R$ 1,50
B4   Crunchie            5 remaining   R$ 1,75
C1   Cola                5 remaining   R$ 1,25
C2   Dr. Salt            5 remaining   R$ 1,50
C3   Mountain Melter     5 remaining   R$ 1,50
C4   Heavy               5 remaining   R$ 1,50
D1   U-Chews             5 remaining   R$ 0,85
D2   Little League Chew  5 remaining   R$ 0,95
D3   Chiclets            5 remaining   R$ 0,75
D4   Triplemint          5 remaining   R$ 0,75
e_volta_menu: Retornando ao menu principal
menu_principal: Exibindo menu principal
menu_principal: Exibindo menu principal
menu_principal: Exibindo menu principal
e_escolhe_opcao2: Ir para menu de compra
menu_compra_inicio: Entrando no menu de compra
menu_compra: Entrou no menu de compra
e_escolhe_opcao1: Escolhendo a opcao 1
espera_moeda: Espera moeda
e_insere_quantia: Inserindo quantia valida de R$ 10,00
menu_compra: Entrou no menu de compra
e_escolhe_opcao3: Escolhendo a opcao 3
finaliza_acao: Finalizou acao
e_devolve_troco: Devolvendo troco
e_devolve_troco: Devolvendo troco: 40 quarters, 0 dimes, 0 nickels
menu_principal: Exibindo menu principal
menu_principal: Exibindo menu principal
e_escolhe_opcao3: Salvar relatÃ³rio de vendas
encerrar: PÃ³s-finalizaÃ§Ã£o
e_salva_sales_report: Confirmando geraÃ§Ã£o do relatÃ³rio
e_finalizar_programa: Encerrando aplicaÃ§Ã£o
fim: AplicaÃ§Ã£o encerrada
]]></system-out>
  </testcase>
  <testcase name="Teste79" classname="com.techelevator.TesteMaquinaVendasEdgeCoverage" time="0.021">
    <system-out><![CDATA[e_restart: Reiniciando sistema
menu_principal: Exibindo menu principal
menu_principal: Exibindo menu principal
menu_principal: Exibindo menu principal
e_escolhe_opcao2: Ir para menu de compra
menu_compra_inicio: Entrando no menu de compra
menu_compra: Entrou no menu de compra
e_escolhe_opcao3: Escolhendo a opcao 3
finaliza_acao: Finalizou acao
e_devolve_troco: Devolvendo troco
e_devolve_troco: Devolvendo troco: 0 quarters, 0 dimes, 0 nickels
menu_principal: Exibindo menu principal
menu_principal: Exibindo menu principal
e_escolhe_opcao2: Ir para menu de compra
menu_compra_inicio: Entrando no menu de compra
menu_compra: Entrou no menu de compra
e_escolhe_opcao2: Escolhendo a opcao 2
espera_produto: Esperando produto
e_insere_codigo: Inserindo codigo correto: A3 e o preÃ§o do produto e R$ 2,75
verifica_disponibilidade: Verifica disponibilidade
e_produto_disponivel: Verificando se Produto disponivel: 5
verifica_saldo: Verifica se saldo e suficiente
e_verifica_saldo_insuficiente: Verificando que saldo insuficiente sintetico: R$ 0,05 do original R$ 0,00 para preco de produto R$ 2,75
menu_compra: Entrou no menu de compra
menu_compra: Entrou no menu de compra
menu_compra: Entrou no menu de compra
e_escolhe_opcao1: Escolhendo a opcao 1
espera_moeda: Espera moeda
e_insere_quantia: Inserindo quantia valida de R$ 10,00
menu_compra: Entrou no menu de compra
e_escolhe_opcao3: Escolhendo a opcao 3
finaliza_acao: Finalizou acao
e_devolve_troco: Devolvendo troco
e_devolve_troco: Devolvendo troco: 40 quarters, 0 dimes, 0 nickels
menu_principal: Exibindo menu principal
menu_principal: Exibindo menu principal
e_escolhe_opcao2: Ir para menu de compra
menu_compra_inicio: Entrando no menu de compra
menu_compra: Entrou no menu de compra
e_escolhe_opcao2: Escolhendo a opcao 2
espera_produto: Esperando produto
e_insere_codigo: Inserindo codigo correto: A3 e o preÃ§o do produto e R$ 2,75
verifica_disponibilidade: Verifica disponibilidade
e_produto_disponivel: Verificando se Produto disponivel: 5
verifica_saldo: Verifica se saldo e suficiente
e_verifica_saldo_insuficiente: Verificando que saldo insuficiente sintetico: R$ 0,05 do original R$ 0,00 para preco de produto R$ 2,75
menu_compra: Entrou no menu de compra
menu_compra: Entrou no menu de compra
menu_compra: Entrou no menu de compra
e_escolhe_opcao2: Escolhendo a opcao 2
espera_produto: Esperando produto
e_insere_codigo_incorreto: Inserindo codigo incorreto: Z3
menu_compra: Entrou no menu de compra
e_escolhe_opcao3: Escolhendo a opcao 3
finaliza_acao: Finalizou acao
e_devolve_troco: Devolvendo troco
e_devolve_troco: Devolvendo troco: 0 quarters, 0 dimes, 0 nickels
menu_principal: Exibindo menu principal
menu_principal: Exibindo menu principal
e_escolhe_opcao1: Exibir inventÃ¡rio
A1   Potato Crisps       5 remaining   R$ 3,05
A2   Stackers            5 remaining   R$ 1,45
A3   Grain Waves         5 remaining   R$ 2,75
A4   Cloud Popcorn       5 remaining   R$ 3,65
B1   Moonpie             5 remaining   R$ 1,80
B2   Cowtales            5 remaining   R$ 1,50
B3   Wonka Bar           5 remaining   R$ 1,50
B4   Crunchie            5 remaining   R$ 1,75
C1   Cola                5 remaining   R$ 1,25
C2   Dr. Salt            5 remaining   R$ 1,50
C3   Mountain Melter     5 remaining   R$ 1,50
C4   Heavy               5 remaining   R$ 1,50
D1   U-Chews             5 remaining   R$ 0,85
D2   Little League Chew  5 remaining   R$ 0,95
D3   Chiclets            5 remaining   R$ 0,75
D4   Triplemint          5 remaining   R$ 0,75
exibir_itens: Listando novamente os itens
A1   Potato Crisps       5 remaining   R$ 3,05
A2   Stackers            5 remaining   R$ 1,45
A3   Grain Waves         5 remaining   R$ 2,75
A4   Cloud Popcorn       5 remaining   R$ 3,65
B1   Moonpie             5 remaining   R$ 1,80
B2   Cowtales            5 remaining   R$ 1,50
B3   Wonka Bar           5 remaining   R$ 1,50
B4   Crunchie            5 remaining   R$ 1,75
C1   Cola                5 remaining   R$ 1,25
C2   Dr. Salt            5 remaining   R$ 1,50
C3   Mountain Melter     5 remaining   R$ 1,50
C4   Heavy               5 remaining   R$ 1,50
D1   U-Chews             5 remaining   R$ 0,85
D2   Little League Chew  5 remaining   R$ 0,95
D3   Chiclets            5 remaining   R$ 0,75
D4   Triplemint          5 remaining   R$ 0,75
e_volta_menu: Retornando ao menu principal
menu_principal: Exibindo menu principal
e_escolhe_opcao3: Salvar relatÃ³rio de vendas
encerrar: PÃ³s-finalizaÃ§Ã£o
e_salva_sales_report: Confirmando geraÃ§Ã£o do relatÃ³rio
e_finalizar_programa: Encerrando aplicaÃ§Ã£o
fim: AplicaÃ§Ã£o encerrada
]]></system-out>
  </testcase>
  <testcase name="Teste80" classname="com.techelevator.TesteMaquinaVendasEdgeCoverage" time="0.035">
    <system-out><![CDATA[e_restart: Reiniciando sistema
menu_principal: Exibindo menu principal
e_escolhe_opcao1: Exibir inventÃ¡rio
A1   Potato Crisps       5 remaining   R$ 3,05
A2   Stackers            5 remaining   R$ 1,45
A3   Grain Waves         5 remaining   R$ 2,75
A4   Cloud Popcorn       5 remaining   R$ 3,65
B1   Moonpie             5 remaining   R$ 1,80
B2   Cowtales            5 remaining   R$ 1,50
B3   Wonka Bar           5 remaining   R$ 1,50
B4   Crunchie            5 remaining   R$ 1,75
C1   Cola                5 remaining   R$ 1,25
C2   Dr. Salt            5 remaining   R$ 1,50
C3   Mountain Melter     5 remaining   R$ 1,50
C4   Heavy               5 remaining   R$ 1,50
D1   U-Chews             5 remaining   R$ 0,85
D2   Little League Chew  5 remaining   R$ 0,95
D3   Chiclets            5 remaining   R$ 0,75
D4   Triplemint          5 remaining   R$ 0,75
exibir_itens: Listando novamente os itens
A1   Potato Crisps       5 remaining   R$ 3,05
A2   Stackers            5 remaining   R$ 1,45
A3   Grain Waves         5 remaining   R$ 2,75
A4   Cloud Popcorn       5 remaining   R$ 3,65
B1   Moonpie             5 remaining   R$ 1,80
B2   Cowtales            5 remaining   R$ 1,50
B3   Wonka Bar           5 remaining   R$ 1,50
B4   Crunchie            5 remaining   R$ 1,75
C1   Cola                5 remaining   R$ 1,25
C2   Dr. Salt            5 remaining   R$ 1,50
C3   Mountain Melter     5 remaining   R$ 1,50
C4   Heavy               5 remaining   R$ 1,50
D1   U-Chews             5 remaining   R$ 0,85
D2   Little League Chew  5 remaining   R$ 0,95
D3   Chiclets            5 remaining   R$ 0,75
D4   Triplemint          5 remaining   R$ 0,75
e_volta_menu: Retornando ao menu principal
menu_principal: Exibindo menu principal
e_escolhe_opcao1: Exibir inventÃ¡rio
A1   Potato Crisps       5 remaining   R$ 3,05
A2   Stackers            5 remaining   R$ 1,45
A3   Grain Waves         5 remaining   R$ 2,75
A4   Cloud Popcorn       5 remaining   R$ 3,65
B1   Moonpie             5 remaining   R$ 1,80
B2   Cowtales            5 remaining   R$ 1,50
B3   Wonka Bar           5 remaining   R$ 1,50
B4   Crunchie            5 remaining   R$ 1,75
C1   Cola                5 remaining   R$ 1,25
C2   Dr. Salt            5 remaining   R$ 1,50
C3   Mountain Melter     5 remaining   R$ 1,50
C4   Heavy               5 remaining   R$ 1,50
D1   U-Chews             5 remaining   R$ 0,85
D2   Little League Chew  5 remaining   R$ 0,95
D3   Chiclets            5 remaining   R$ 0,75
D4   Triplemint          5 remaining   R$ 0,75
exibir_itens: Listando novamente os itens
A1   Potato Crisps       5 remaining   R$ 3,05
A2   Stackers            5 remaining   R$ 1,45
A3   Grain Waves         5 remaining   R$ 2,75
A4   Cloud Popcorn       5 remaining   R$ 3,65
B1   Moonpie             5 remaining   R$ 1,80
B2   Cowtales            5 remaining   R$ 1,50
B3   Wonka Bar           5 remaining   R$ 1,50
B4   Crunchie            5 remaining   R$ 1,75
C1   Cola                5 remaining   R$ 1,25
C2   Dr. Salt            5 remaining   R$ 1,50
C3   Mountain Melter     5 remaining   R$ 1,50
C4   Heavy               5 remaining   R$ 1,50
D1   U-Chews             5 remaining   R$ 0,85
D2   Little League Chew  5 remaining   R$ 0,95
D3   Chiclets            5 remaining   R$ 0,75
D4   Triplemint          5 remaining   R$ 0,75
e_volta_menu: Retornando ao menu principal
menu_principal: Exibindo menu principal
menu_principal: Exibindo menu principal
menu_principal: Exibindo menu principal
e_escolhe_opcao2: Ir para menu de compra
menu_compra_inicio: Entrando no menu de compra
menu_compra: Entrou no menu de compra
e_escolhe_opcao2: Escolhendo a opcao 2
espera_produto: Esperando produto
e_insere_codigo_incorreto: Inserindo codigo incorreto: Z3
menu_compra: Entrou no menu de compra
menu_compra: Entrou no menu de compra
menu_compra: Entrou no menu de compra
e_escolhe_opcao1: Escolhendo a opcao 1
espera_moeda: Espera moeda
e_insere_quantia: Inserindo quantia valida de R$ 10,00
menu_compra: Entrou no menu de compra
menu_compra: Entrou no menu de compra
menu_compra: Entrou no menu de compra
e_escolhe_opcao3: Escolhendo a opcao 3
finaliza_acao: Finalizou acao
e_devolve_troco: Devolvendo troco
e_devolve_troco: Devolvendo troco: 40 quarters, 0 dimes, 0 nickels
menu_principal: Exibindo menu principal
menu_principal: Exibindo menu principal
e_escolhe_opcao3: Salvar relatÃ³rio de vendas
encerrar: PÃ³s-finalizaÃ§Ã£o
e_salva_sales_report: Confirmando geraÃ§Ã£o do relatÃ³rio
e_finalizar_programa: Encerrando aplicaÃ§Ã£o
fim: AplicaÃ§Ã£o encerrada
]]></system-out>
  </testcase>
  <testcase name="Teste81" classname="com.techelevator.TesteMaquinaVendasEdgeCoverage" time="0.021">
    <system-out><![CDATA[e_restart: Reiniciando sistema
menu_principal: Exibindo menu principal
menu_principal: Exibindo menu principal
menu_principal: Exibindo menu principal
e_escolhe_opcao1: Exibir inventÃ¡rio
A1   Potato Crisps       5 remaining   R$ 3,05
A2   Stackers            5 remaining   R$ 1,45
A3   Grain Waves         5 remaining   R$ 2,75
A4   Cloud Popcorn       5 remaining   R$ 3,65
B1   Moonpie             5 remaining   R$ 1,80
B2   Cowtales            5 remaining   R$ 1,50
B3   Wonka Bar           5 remaining   R$ 1,50
B4   Crunchie            5 remaining   R$ 1,75
C1   Cola                5 remaining   R$ 1,25
C2   Dr. Salt            5 remaining   R$ 1,50
C3   Mountain Melter     5 remaining   R$ 1,50
C4   Heavy               5 remaining   R$ 1,50
D1   U-Chews             5 remaining   R$ 0,85
D2   Little League Chew  5 remaining   R$ 0,95
D3   Chiclets            5 remaining   R$ 0,75
D4   Triplemint          5 remaining   R$ 0,75
exibir_itens: Listando novamente os itens
A1   Potato Crisps       5 remaining   R$ 3,05
A2   Stackers            5 remaining   R$ 1,45
A3   Grain Waves         5 remaining   R$ 2,75
A4   Cloud Popcorn       5 remaining   R$ 3,65
B1   Moonpie             5 remaining   R$ 1,80
B2   Cowtales            5 remaining   R$ 1,50
B3   Wonka Bar           5 remaining   R$ 1,50
B4   Crunchie            5 remaining   R$ 1,75
C1   Cola                5 remaining   R$ 1,25
C2   Dr. Salt            5 remaining   R$ 1,50
C3   Mountain Melter     5 remaining   R$ 1,50
C4   Heavy               5 remaining   R$ 1,50
D1   U-Chews             5 remaining   R$ 0,85
D2   Little League Chew  5 remaining   R$ 0,95
D3   Chiclets            5 remaining   R$ 0,75
D4   Triplemint          5 remaining   R$ 0,75
e_volta_menu: Retornando ao menu principal
menu_principal: Exibindo menu principal
e_escolhe_opcao2: Ir para menu de compra
menu_compra_inicio: Entrando no menu de compra
menu_compra: Entrou no menu de compra
e_escolhe_opcao1: Escolhendo a opcao 1
espera_moeda: Espera moeda
e_insere_quantia: Inserindo quantia valida de R$ 10,00
menu_compra: Entrou no menu de compra
e_escolhe_opcao2: Escolhendo a opcao 2
espera_produto: Esperando produto
e_insere_codigo_incorreto: Inserindo codigo incorreto: Z3
menu_compra: Entrou no menu de compra
menu_compra: Entrou no menu de compra
menu_compra: Entrou no menu de compra
e_escolhe_opcao2: Escolhendo a opcao 2
espera_produto: Esperando produto
e_insere_codigo: Inserindo codigo correto: A3 e o preÃ§o do produto e R$ 2,75
verifica_disponibilidade: Verifica disponibilidade
e_produto_disponivel: Verificando se Produto disponivel: 5
verifica_saldo: Verifica se saldo e suficiente
e_verifica_saldo_insuficiente: Verificando que saldo insuficiente sintetico: R$ 0,05 do original R$ 10,00 para preco de produto R$ 2,75
menu_compra: Entrou no menu de compra
e_escolhe_opcao3: Escolhendo a opcao 3
finaliza_acao: Finalizou acao
e_devolve_troco: Devolvendo troco
e_devolve_troco: Devolvendo troco: 40 quarters, 0 dimes, 0 nickels
menu_principal: Exibindo menu principal
menu_principal: Exibindo menu principal
e_escolhe_opcao2: Ir para menu de compra
menu_compra_inicio: Entrando no menu de compra
menu_compra: Entrou no menu de compra
e_escolhe_opcao1: Escolhendo a opcao 1
espera_moeda: Espera moeda
e_insere_quantia: Inserindo quantia valida de R$ 10,00
menu_compra: Entrou no menu de compra
menu_compra: Entrou no menu de compra
menu_compra: Entrou no menu de compra
e_escolhe_opcao3: Escolhendo a opcao 3
finaliza_acao: Finalizou acao
e_devolve_troco: Devolvendo troco
e_devolve_troco: Devolvendo troco: 40 quarters, 0 dimes, 0 nickels
menu_principal: Exibindo menu principal
menu_principal: Exibindo menu principal
e_escolhe_opcao3: Salvar relatÃ³rio de vendas
encerrar: PÃ³s-finalizaÃ§Ã£o
e_salva_sales_report: Confirmando geraÃ§Ã£o do relatÃ³rio
e_finalizar_programa: Encerrando aplicaÃ§Ã£o
fim: AplicaÃ§Ã£o encerrada
]]></system-out>
  </testcase>
  <testcase name="Teste82" classname="com.techelevator.TesteMaquinaVendasEdgeCoverage" time="0.0">
    <system-out><![CDATA[e_restart: Reiniciando sistema
menu_principal: Exibindo menu principal
menu_principal: Exibindo menu principal
menu_principal: Exibindo menu principal
e_escolhe_opcao3: Salvar relatÃ³rio de vendas
encerrar: PÃ³s-finalizaÃ§Ã£o
e_salva_sales_report: Confirmando geraÃ§Ã£o do relatÃ³rio
e_finalizar_programa: Encerrando aplicaÃ§Ã£o
fim: AplicaÃ§Ã£o encerrada
]]></system-out>
  </testcase>
  <testcase name="Teste83" classname="com.techelevator.TesteMaquinaVendasEdgeCoverage" time="0.007">
    <system-out><![CDATA[e_restart: Reiniciando sistema
menu_principal: Exibindo menu principal
menu_principal: Exibindo menu principal
menu_principal: Exibindo menu principal
e_escolhe_opcao3: Salvar relatÃ³rio de vendas
encerrar: PÃ³s-finalizaÃ§Ã£o
e_salva_sales_report: Confirmando geraÃ§Ã£o do relatÃ³rio
e_finalizar_programa: Encerrando aplicaÃ§Ã£o
fim: AplicaÃ§Ã£o encerrada
]]></system-out>
  </testcase>
  <testcase name="Teste84" classname="com.techelevator.TesteMaquinaVendasEdgeCoverage" time="0.0">
    <system-out><![CDATA[e_restart: Reiniciando sistema
menu_principal: Exibindo menu principal
e_escolhe_opcao3: Salvar relatÃ³rio de vendas
encerrar: PÃ³s-finalizaÃ§Ã£o
e_salva_sales_report: Confirmando geraÃ§Ã£o do relatÃ³rio
e_finalizar_programa: Encerrando aplicaÃ§Ã£o
fim: AplicaÃ§Ã£o encerrada
]]></system-out>
  </testcase>
  <testcase name="Teste85" classname="com.techelevator.TesteMaquinaVendasEdgeCoverage" time="0.09">
    <system-out><![CDATA[e_restart: Reiniciando sistema
menu_principal: Exibindo menu principal
e_escolhe_opcao2: Ir para menu de compra
menu_compra_inicio: Entrando no menu de compra
menu_compra: Entrou no menu de compra
e_escolhe_opcao1: Escolhendo a opcao 1
espera_moeda: Espera moeda
e_insere_quantia: Inserindo quantia valida de R$ 10,00
menu_compra: Entrou no menu de compra
e_escolhe_opcao3: Escolhendo a opcao 3
finaliza_acao: Finalizou acao
e_devolve_troco: Devolvendo troco
e_devolve_troco: Devolvendo troco: 40 quarters, 0 dimes, 0 nickels
menu_principal: Exibindo menu principal
menu_principal: Exibindo menu principal
e_escolhe_opcao2: Ir para menu de compra
menu_compra_inicio: Entrando no menu de compra
menu_compra: Entrou no menu de compra
e_escolhe_opcao3: Escolhendo a opcao 3
finaliza_acao: Finalizou acao
e_devolve_troco: Devolvendo troco
e_devolve_troco: Devolvendo troco: 0 quarters, 0 dimes, 0 nickels
menu_principal: Exibindo menu principal
menu_principal: Exibindo menu principal
e_escolhe_opcao1: Exibir inventÃ¡rio
A1   Potato Crisps       5 remaining   R$ 3,05
A2   Stackers            5 remaining   R$ 1,45
A3   Grain Waves         5 remaining   R$ 2,75
A4   Cloud Popcorn       5 remaining   R$ 3,65
B1   Moonpie             5 remaining   R$ 1,80
B2   Cowtales            5 remaining   R$ 1,50
B3   Wonka Bar           5 remaining   R$ 1,50
B4   Crunchie            5 remaining   R$ 1,75
C1   Cola                5 remaining   R$ 1,25
C2   Dr. Salt            5 remaining   R$ 1,50
C3   Mountain Melter     5 remaining   R$ 1,50
C4   Heavy               5 remaining   R$ 1,50
D1   U-Chews             5 remaining   R$ 0,85
D2   Little League Chew  5 remaining   R$ 0,95
D3   Chiclets            5 remaining   R$ 0,75
D4   Triplemint          5 remaining   R$ 0,75
exibir_itens: Listando novamente os itens
A1   Potato Crisps       5 remaining   R$ 3,05
A2   Stackers            5 remaining   R$ 1,45
A3   Grain Waves         5 remaining   R$ 2,75
A4   Cloud Popcorn       5 remaining   R$ 3,65
B1   Moonpie             5 remaining   R$ 1,80
B2   Cowtales            5 remaining   R$ 1,50
B3   Wonka Bar           5 remaining   R$ 1,50
B4   Crunchie            5 remaining   R$ 1,75
C1   Cola                5 remaining   R$ 1,25
C2   Dr. Salt            5 remaining   R$ 1,50
C3   Mountain Melter     5 remaining   R$ 1,50
C4   Heavy               5 remaining   R$ 1,50
D1   U-Chews             5 remaining   R$ 0,85
D2   Little League Chew  5 remaining   R$ 0,95
D3   Chiclets            5 remaining   R$ 0,75
D4   Triplemint          5 remaining   R$ 0,75
e_volta_menu: Retornando ao menu principal
menu_principal: Exibindo menu principal
menu_principal: Exibindo menu principal
menu_principal: Exibindo menu principal
e_escolhe_opcao2: Ir para menu de compra
menu_compra_inicio: Entrando no menu de compra
menu_compra: Entrou no menu de compra
e_escolhe_opcao1: Escolhendo a opcao 1
espera_moeda: Espera moeda
e_insere_quantia_invalida: Inserindo quantia invalida de R$ 50,00
menu_compra: Entrou no menu de compra
e_escolhe_opcao2: Escolhendo a opcao 2
espera_produto: Esperando produto
e_insere_codigo: Inserindo codigo correto: A3 e o preÃ§o do produto e R$ 2,75
verifica_disponibilidade: Verifica disponibilidade
e_produto_disponivel: Verificando se Produto disponivel: 5
verifica_saldo: Verifica se saldo e suficiente
e_verifica_saldo_insuficiente: Verificando que saldo insuficiente sintetico: R$ 0,05 do original R$ 0,00 para preco de produto R$ 2,75
menu_compra: Entrou no menu de compra
e_escolhe_opcao3: Escolhendo a opcao 3
finaliza_acao: Finalizou acao
e_devolve_troco: Devolvendo troco
e_devolve_troco: Devolvendo troco: 0 quarters, 0 dimes, 0 nickels
menu_principal: Exibindo menu principal
menu_principal: Exibindo menu principal
e_escolhe_opcao1: Exibir inventÃ¡rio
A1   Potato Crisps       5 remaining   R$ 3,05
A2   Stackers            5 remaining   R$ 1,45
A3   Grain Waves         5 remaining   R$ 2,75
A4   Cloud Popcorn       5 remaining   R$ 3,65
B1   Moonpie             5 remaining   R$ 1,80
B2   Cowtales            5 remaining   R$ 1,50
B3   Wonka Bar           5 remaining   R$ 1,50
B4   Crunchie            5 remaining   R$ 1,75
C1   Cola                5 remaining   R$ 1,25
C2   Dr. Salt            5 remaining   R$ 1,50
C3   Mountain Melter     5 remaining   R$ 1,50
C4   Heavy               5 remaining   R$ 1,50
D1   U-Chews             5 remaining   R$ 0,85
D2   Little League Chew  5 remaining   R$ 0,95
D3   Chiclets            5 remaining   R$ 0,75
D4   Triplemint          5 remaining   R$ 0,75
exibir_itens: Listando novamente os itens
A1   Potato Crisps       5 remaining   R$ 3,05
A2   Stackers            5 remaining   R$ 1,45
A3   Grain Waves         5 remaining   R$ 2,75
A4   Cloud Popcorn       5 remaining   R$ 3,65
B1   Moonpie             5 remaining   R$ 1,80
B2   Cowtales            5 remaining   R$ 1,50
B3   Wonka Bar           5 remaining   R$ 1,50
B4   Crunchie            5 remaining   R$ 1,75
C1   Cola                5 remaining   R$ 1,25
C2   Dr. Salt            5 remaining   R$ 1,50
C3   Mountain Melter     5 remaining   R$ 1,50
C4   Heavy               5 remaining   R$ 1,50
D1   U-Chews             5 remaining   R$ 0,85
D2   Little League Chew  5 remaining   R$ 0,95
D3   Chiclets            5 remaining   R$ 0,75
D4   Triplemint          5 remaining   R$ 0,75
e_volta_menu: Retornando ao menu principal
menu_principal: Exibindo menu principal
e_escolhe_opcao1: Exibir inventÃ¡rio
A1   Potato Crisps       5 remaining   R$ 3,05
A2   Stackers            5 remaining   R$ 1,45
A3   Grain Waves         5 remaining   R$ 2,75
A4   Cloud Popcorn       5 remaining   R$ 3,65
B1   Moonpie             5 remaining   R$ 1,80
B2   Cowtales            5 remaining   R$ 1,50
B3   Wonka Bar           5 remaining   R$ 1,50
B4   Crunchie            5 remaining   R$ 1,75
C1   Cola                5 remaining   R$ 1,25
C2   Dr. Salt            5 remaining   R$ 1,50
C3   Mountain Melter     5 remaining   R$ 1,50
C4   Heavy               5 remaining   R$ 1,50
D1   U-Chews             5 remaining   R$ 0,85
D2   Little League Chew  5 remaining   R$ 0,95
D3   Chiclets            5 remaining   R$ 0,75
D4   Triplemint          5 remaining   R$ 0,75
exibir_itens: Listando novamente os itens
A1   Potato Crisps       5 remaining   R$ 3,05
A2   Stackers            5 remaining   R$ 1,45
A3   Grain Waves         5 remaining   R$ 2,75
A4   Cloud Popcorn       5 remaining   R$ 3,65
B1   Moonpie             5 remaining   R$ 1,80
B2   Cowtales            5 remaining   R$ 1,50
B3   Wonka Bar           5 remaining   R$ 1,50
B4   Crunchie            5 remaining   R$ 1,75
C1   Cola                5 remaining   R$ 1,25
C2   Dr. Salt            5 remaining   R$ 1,50
C3   Mountain Melter     5 remaining   R$ 1,50
C4   Heavy               5 remaining   R$ 1,50
D1   U-Chews             5 remaining   R$ 0,85
D2   Little League Chew  5 remaining   R$ 0,95
D3   Chiclets            5 remaining   R$ 0,75
D4   Triplemint          5 remaining   R$ 0,75
e_volta_menu: Retornando ao menu principal
menu_principal: Exibindo menu principal
e_escolhe_opcao1: Exibir inventÃ¡rio
A1   Potato Crisps       5 remaining   R$ 3,05
A2   Stackers            5 remaining   R$ 1,45
A3   Grain Waves         5 remaining   R$ 2,75
A4   Cloud Popcorn       5 remaining   R$ 3,65
B1   Moonpie             5 remaining   R$ 1,80
B2   Cowtales            5 remaining   R$ 1,50
B3   Wonka Bar           5 remaining   R$ 1,50
B4   Crunchie            5 remaining   R$ 1,75
C1   Cola                5 remaining   R$ 1,25
C2   Dr. Salt            5 remaining   R$ 1,50
C3   Mountain Melter     5 remaining   R$ 1,50
C4   Heavy               5 remaining   R$ 1,50
D1   U-Chews             5 remaining   R$ 0,85
D2   Little League Chew  5 remaining   R$ 0,95
D3   Chiclets            5 remaining   R$ 0,75
D4   Triplemint          5 remaining   R$ 0,75
exibir_itens: Listando novamente os itens
A1   Potato Crisps       5 remaining   R$ 3,05
A2   Stackers            5 remaining   R$ 1,45
A3   Grain Waves         5 remaining   R$ 2,75
A4   Cloud Popcorn       5 remaining   R$ 3,65
B1   Moonpie             5 remaining   R$ 1,80
B2   Cowtales            5 remaining   R$ 1,50
B3   Wonka Bar           5 remaining   R$ 1,50
B4   Crunchie            5 remaining   R$ 1,75
C1   Cola                5 remaining   R$ 1,25
C2   Dr. Salt            5 remaining   R$ 1,50
C3   Mountain Melter     5 remaining   R$ 1,50
C4   Heavy               5 remaining   R$ 1,50
D1   U-Chews             5 remaining   R$ 0,85
D2   Little League Chew  5 remaining   R$ 0,95
D3   Chiclets            5 remaining   R$ 0,75
D4   Triplemint          5 remaining   R$ 0,75
e_volta_menu: Retornando ao menu principal
menu_principal: Exibindo menu principal
menu_principal: Exibindo menu principal
menu_principal: Exibindo menu principal
e_escolhe_opcao2: Ir para menu de compra
menu_compra_inicio: Entrando no menu de compra
menu_compra: Entrou no menu de compra
e_escolhe_opcao2: Escolhendo a opcao 2
espera_produto: Esperando produto
e_insere_codigo: Inserindo codigo correto: A3 e o preÃ§o do produto e R$ 2,75
verifica_disponibilidade: Verifica disponibilidade
e_produto_disponivel: Verificando se Produto disponivel: 5
verifica_saldo: Verifica se saldo e suficiente
e_verifica_saldo_insuficiente: Verificando que saldo insuficiente sintetico: R$ 0,05 do original R$ 0,00 para preco de produto R$ 2,75
menu_compra: Entrou no menu de compra
menu_compra: Entrou no menu de compra
menu_compra: Entrou no menu de compra
e_escolhe_opcao1: Escolhendo a opcao 1
espera_moeda: Espera moeda
e_insere_quantia: Inserindo quantia valida de R$ 10,00
menu_compra: Entrou no menu de compra
e_escolhe_opcao3: Escolhendo a opcao 3
finaliza_acao: Finalizou acao
e_devolve_troco: Devolvendo troco
e_devolve_troco: Devolvendo troco: 40 quarters, 0 dimes, 0 nickels
menu_principal: Exibindo menu principal
menu_principal: Exibindo menu principal
e_escolhe_opcao1: Exibir inventÃ¡rio
A1   Potato Crisps       5 remaining   R$ 3,05
A2   Stackers            5 remaining   R$ 1,45
A3   Grain Waves         5 remaining   R$ 2,75
A4   Cloud Popcorn       5 remaining   R$ 3,65
B1   Moonpie             5 remaining   R$ 1,80
B2   Cowtales            5 remaining   R$ 1,50
B3   Wonka Bar           5 remaining   R$ 1,50
B4   Crunchie            5 remaining   R$ 1,75
C1   Cola                5 remaining   R$ 1,25
C2   Dr. Salt            5 remaining   R$ 1,50
C3   Mountain Melter     5 remaining   R$ 1,50
C4   Heavy               5 remaining   R$ 1,50
D1   U-Chews             5 remaining   R$ 0,85
D2   Little League Chew  5 remaining   R$ 0,95
D3   Chiclets            5 remaining   R$ 0,75
D4   Triplemint          5 remaining   R$ 0,75
exibir_itens: Listando novamente os itens
A1   Potato Crisps       5 remaining   R$ 3,05
A2   Stackers            5 remaining   R$ 1,45
A3   Grain Waves         5 remaining   R$ 2,75
A4   Cloud Popcorn       5 remaining   R$ 3,65
B1   Moonpie             5 remaining   R$ 1,80
B2   Cowtales            5 remaining   R$ 1,50
B3   Wonka Bar           5 remaining   R$ 1,50
B4   Crunchie            5 remaining   R$ 1,75
C1   Cola                5 remaining   R$ 1,25
C2   Dr. Salt            5 remaining   R$ 1,50
C3   Mountain Melter     5 remaining   R$ 1,50
C4   Heavy               5 remaining   R$ 1,50
D1   U-Chews             5 remaining   R$ 0,85
D2   Little League Chew  5 remaining   R$ 0,95
D3   Chiclets            5 remaining   R$ 0,75
D4   Triplemint          5 remaining   R$ 0,75
e_volta_menu: Retornando ao menu principal
menu_principal: Exibindo menu principal
e_escolhe_opcao2: Ir para menu de compra
menu_compra_inicio: Entrando no menu de compra
menu_compra: Entrou no menu de compra
e_escolhe_opcao3: Escolhendo a opcao 3
finaliza_acao: Finalizou acao
e_devolve_troco: Devolvendo troco
e_devolve_troco: Devolvendo troco: 0 quarters, 0 dimes, 0 nickels
menu_principal: Exibindo menu principal
menu_principal: Exibindo menu principal
e_escolhe_opcao3: Salvar relatÃ³rio de vendas
encerrar: PÃ³s-finalizaÃ§Ã£o
e_salva_sales_report: Confirmando geraÃ§Ã£o do relatÃ³rio
e_finalizar_programa: Encerrando aplicaÃ§Ã£o
fim: AplicaÃ§Ã£o encerrada
]]></system-out>
  </testcase>
  <testcase name="Teste86" classname="com.techelevator.TesteMaquinaVendasEdgeCoverage" time="0.021">
    <system-out><![CDATA[e_restart: Reiniciando sistema
menu_principal: Exibindo menu principal
menu_principal: Exibindo menu principal
menu_principal: Exibindo menu principal
e_escolhe_opcao2: Ir para menu de compra
menu_compra_inicio: Entrando no menu de compra
menu_compra: Entrou no menu de compra
e_escolhe_opcao3: Escolhendo a opcao 3
finaliza_acao: Finalizou acao
e_devolve_troco: Devolvendo troco
e_devolve_troco: Devolvendo troco: 0 quarters, 0 dimes, 0 nickels
menu_principal: Exibindo menu principal
menu_principal: Exibindo menu principal
e_escolhe_opcao1: Exibir inventÃ¡rio
A1   Potato Crisps       5 remaining   R$ 3,05
A2   Stackers            5 remaining   R$ 1,45
A3   Grain Waves         5 remaining   R$ 2,75
A4   Cloud Popcorn       5 remaining   R$ 3,65
B1   Moonpie             5 remaining   R$ 1,80
B2   Cowtales            5 remaining   R$ 1,50
B3   Wonka Bar           5 remaining   R$ 1,50
B4   Crunchie            5 remaining   R$ 1,75
C1   Cola                5 remaining   R$ 1,25
C2   Dr. Salt            5 remaining   R$ 1,50
C3   Mountain Melter     5 remaining   R$ 1,50
C4   Heavy               5 remaining   R$ 1,50
D1   U-Chews             5 remaining   R$ 0,85
D2   Little League Chew  5 remaining   R$ 0,95
D3   Chiclets            5 remaining   R$ 0,75
D4   Triplemint          5 remaining   R$ 0,75
exibir_itens: Listando novamente os itens
A1   Potato Crisps       5 remaining   R$ 3,05
A2   Stackers            5 remaining   R$ 1,45
A3   Grain Waves         5 remaining   R$ 2,75
A4   Cloud Popcorn       5 remaining   R$ 3,65
B1   Moonpie             5 remaining   R$ 1,80
B2   Cowtales            5 remaining   R$ 1,50
B3   Wonka Bar           5 remaining   R$ 1,50
B4   Crunchie            5 remaining   R$ 1,75
C1   Cola                5 remaining   R$ 1,25
C2   Dr. Salt            5 remaining   R$ 1,50
C3   Mountain Melter     5 remaining   R$ 1,50
C4   Heavy               5 remaining   R$ 1,50
D1   U-Chews             5 remaining   R$ 0,85
D2   Little League Chew  5 remaining   R$ 0,95
D3   Chiclets            5 remaining   R$ 0,75
D4   Triplemint          5 remaining   R$ 0,75
e_volta_menu: Retornando ao menu principal
menu_principal: Exibindo menu principal
menu_principal: Exibindo menu principal
menu_principal: Exibindo menu principal
e_escolhe_opcao3: Salvar relatÃ³rio de vendas
encerrar: PÃ³s-finalizaÃ§Ã£o
e_salva_sales_report: Confirmando geraÃ§Ã£o do relatÃ³rio
e_finalizar_programa: Encerrando aplicaÃ§Ã£o
fim: AplicaÃ§Ã£o encerrada
]]></system-out>
  </testcase>
  <testcase name="Teste87" classname="com.techelevator.TesteMaquinaVendasEdgeCoverage" time="0.007">
    <system-out><![CDATA[e_restart: Reiniciando sistema
menu_principal: Exibindo menu principal
menu_principal: Exibindo menu principal
menu_principal: Exibindo menu principal
e_escolhe_opcao2: Ir para menu de compra
menu_compra_inicio: Entrando no menu de compra
menu_compra: Entrou no menu de compra
e_escolhe_opcao1: Escolhendo a opcao 1
espera_moeda: Espera moeda
e_insere_quantia: Inserindo quantia valida de R$ 10,00
menu_compra: Entrou no menu de compra
menu_compra: Entrou no menu de compra
menu_compra: Entrou no menu de compra
e_escolhe_opcao3: Escolhendo a opcao 3
finaliza_acao: Finalizou acao
e_devolve_troco: Devolvendo troco
e_devolve_troco: Devolvendo troco: 40 quarters, 0 dimes, 0 nickels
menu_principal: Exibindo menu principal
menu_principal: Exibindo menu principal
e_escolhe_opcao2: Ir para menu de compra
menu_compra_inicio: Entrando no menu de compra
menu_compra: Entrou no menu de compra
e_escolhe_opcao2: Escolhendo a opcao 2
espera_produto: Esperando produto
e_insere_codigo_incorreto: Inserindo codigo incorreto: Z3
menu_compra: Entrou no menu de compra
menu_compra: Entrou no menu de compra
menu_compra: Entrou no menu de compra
e_escolhe_opcao3: Escolhendo a opcao 3
finaliza_acao: Finalizou acao
e_devolve_troco: Devolvendo troco
e_devolve_troco: Devolvendo troco: 0 quarters, 0 dimes, 0 nickels
menu_principal: Exibindo menu principal
menu_principal: Exibindo menu principal
e_escolhe_opcao2: Ir para menu de compra
menu_compra_inicio: Entrando no menu de compra
menu_compra: Entrou no menu de compra
e_escolhe_opcao2: Escolhendo a opcao 2
espera_produto: Esperando produto
e_insere_codigo: Inserindo codigo correto: A3 e o preÃ§o do produto e R$ 2,75
verifica_disponibilidade: Verifica disponibilidade
e_produto_disponivel: Verificando se Produto disponivel: 5
verifica_saldo: Verifica se saldo e suficiente
e_verifica_saldo_insuficiente: Verificando que saldo insuficiente sintetico: R$ 0,05 do original R$ 0,00 para preco de produto R$ 2,75
menu_compra: Entrou no menu de compra
e_escolhe_opcao2: Escolhendo a opcao 2
espera_produto: Esperando produto
e_insere_codigo: Inserindo codigo correto: A3 e o preÃ§o do produto e R$ 2,75
verifica_disponibilidade: Verifica disponibilidade
e_produto_disponivel: Verificando se Produto disponivel: 5
verifica_saldo: Verifica se saldo e suficiente
e_verifica_saldo_insuficiente: Verificando que saldo insuficiente sintetico: R$ 0,05 do original R$ 0,00 para preco de produto R$ 2,75
menu_compra: Entrou no menu de compra
e_escolhe_opcao3: Escolhendo a opcao 3
finaliza_acao: Finalizou acao
e_devolve_troco: Devolvendo troco
e_devolve_troco: Devolvendo troco: 0 quarters, 0 dimes, 0 nickels
menu_principal: Exibindo menu principal
menu_principal: Exibindo menu principal
e_escolhe_opcao3: Salvar relatÃ³rio de vendas
encerrar: PÃ³s-finalizaÃ§Ã£o
e_salva_sales_report: Confirmando geraÃ§Ã£o do relatÃ³rio
e_finalizar_programa: Encerrando aplicaÃ§Ã£o
fim: AplicaÃ§Ã£o encerrada
]]></system-out>
  </testcase>
  <testcase name="Teste88" classname="com.techelevator.TesteMaquinaVendasEdgeCoverage" time="0.0">
    <system-out><![CDATA[e_restart: Reiniciando sistema
menu_principal: Exibindo menu principal
e_escolhe_opcao3: Salvar relatÃ³rio de vendas
encerrar: PÃ³s-finalizaÃ§Ã£o
e_salva_sales_report: Confirmando geraÃ§Ã£o do relatÃ³rio
e_finalizar_programa: Encerrando aplicaÃ§Ã£o
fim: AplicaÃ§Ã£o encerrada
]]></system-out>
  </testcase>
  <testcase name="Teste89" classname="com.techelevator.TesteMaquinaVendasEdgeCoverage" time="0.0">
    <system-out><![CDATA[e_restart: Reiniciando sistema
menu_principal: Exibindo menu principal
e_escolhe_opcao3: Salvar relatÃ³rio de vendas
encerrar: PÃ³s-finalizaÃ§Ã£o
e_salva_sales_report: Confirmando geraÃ§Ã£o do relatÃ³rio
e_finalizar_programa: Encerrando aplicaÃ§Ã£o
fim: AplicaÃ§Ã£o encerrada
]]></system-out>
  </testcase>
  <testcase name="Teste90" classname="com.techelevator.TesteMaquinaVendasEdgeCoverage" time="0.0">
    <system-out><![CDATA[e_restart: Reiniciando sistema
menu_principal: Exibindo menu principal
e_escolhe_opcao3: Salvar relatÃ³rio de vendas
encerrar: PÃ³s-finalizaÃ§Ã£o
e_salva_sales_report: Confirmando geraÃ§Ã£o do relatÃ³rio
e_finalizar_programa: Encerrando aplicaÃ§Ã£o
fim: AplicaÃ§Ã£o encerrada
]]></system-out>
  </testcase>
  <testcase name="Teste91" classname="com.techelevator.TesteMaquinaVendasEdgeCoverage" time="0.007">
    <system-out><![CDATA[e_restart: Reiniciando sistema
menu_principal: Exibindo menu principal
menu_principal: Exibindo menu principal
menu_principal: Exibindo menu principal
e_escolhe_opcao2: Ir para menu de compra
menu_compra_inicio: Entrando no menu de compra
menu_compra: Entrou no menu de compra
e_escolhe_opcao3: Escolhendo a opcao 3
finaliza_acao: Finalizou acao
e_devolve_troco: Devolvendo troco
e_devolve_troco: Devolvendo troco: 0 quarters, 0 dimes, 0 nickels
menu_principal: Exibindo menu principal
menu_principal: Exibindo menu principal
e_escolhe_opcao3: Salvar relatÃ³rio de vendas
encerrar: PÃ³s-finalizaÃ§Ã£o
e_salva_sales_report: Confirmando geraÃ§Ã£o do relatÃ³rio
e_finalizar_programa: Encerrando aplicaÃ§Ã£o
fim: AplicaÃ§Ã£o encerrada
]]></system-out>
  </testcase>
  <testcase name="Teste92" classname="com.techelevator.TesteMaquinaVendasEdgeCoverage" time="0.0">
    <system-out><![CDATA[e_restart: Reiniciando sistema
menu_principal: Exibindo menu principal
menu_principal: Exibindo menu principal
menu_principal: Exibindo menu principal
e_escolhe_opcao3: Salvar relatÃ³rio de vendas
encerrar: PÃ³s-finalizaÃ§Ã£o
e_salva_sales_report: Confirmando geraÃ§Ã£o do relatÃ³rio
e_finalizar_programa: Encerrando aplicaÃ§Ã£o
fim: AplicaÃ§Ã£o encerrada
]]></system-out>
  </testcase>
  <testcase name="Teste93" classname="com.techelevator.TesteMaquinaVendasEdgeCoverage" time="0.014">
    <system-out><![CDATA[e_restart: Reiniciando sistema
menu_principal: Exibindo menu principal
menu_principal: Exibindo menu principal
menu_principal: Exibindo menu principal
e_escolhe_opcao3: Salvar relatÃ³rio de vendas
encerrar: PÃ³s-finalizaÃ§Ã£o
e_salva_sales_report: Confirmando geraÃ§Ã£o do relatÃ³rio
e_finalizar_programa: Encerrando aplicaÃ§Ã£o
fim: AplicaÃ§Ã£o encerrada
]]></system-out>
  </testcase>
  <testcase name="Teste94" classname="com.techelevator.TesteMaquinaVendasEdgeCoverage" time="0.007">
    <system-out><![CDATA[e_restart: Reiniciando sistema
menu_principal: Exibindo menu principal
e_escolhe_opcao2: Ir para menu de compra
menu_compra_inicio: Entrando no menu de compra
menu_compra: Entrou no menu de compra
e_escolhe_opcao1: Escolhendo a opcao 1
espera_moeda: Espera moeda
e_insere_quantia: Inserindo quantia valida de R$ 10,00
menu_compra: Entrou no menu de compra
e_escolhe_opcao1: Escolhendo a opcao 1
espera_moeda: Espera moeda
e_insere_quantia: Inserindo quantia valida de R$ 10,00
menu_compra: Entrou no menu de compra
e_escolhe_opcao3: Escolhendo a opcao 3
finaliza_acao: Finalizou acao
e_devolve_troco: Devolvendo troco
e_devolve_troco: Devolvendo troco: 80 quarters, 0 dimes, 0 nickels
menu_principal: Exibindo menu principal
menu_principal: Exibindo menu principal
e_escolhe_opcao3: Salvar relatÃ³rio de vendas
encerrar: PÃ³s-finalizaÃ§Ã£o
e_salva_sales_report: Confirmando geraÃ§Ã£o do relatÃ³rio
e_finalizar_programa: Encerrando aplicaÃ§Ã£o
fim: AplicaÃ§Ã£o encerrada
]]></system-out>
  </testcase>
  <testcase name="Teste95" classname="com.techelevator.TesteMaquinaVendasEdgeCoverage" time="0.028">
    <system-out><![CDATA[e_restart: Reiniciando sistema
menu_principal: Exibindo menu principal
e_escolhe_opcao2: Ir para menu de compra
menu_compra_inicio: Entrando no menu de compra
menu_compra: Entrou no menu de compra
e_escolhe_opcao3: Escolhendo a opcao 3
finaliza_acao: Finalizou acao
e_devolve_troco: Devolvendo troco
e_devolve_troco: Devolvendo troco: 0 quarters, 0 dimes, 0 nickels
menu_principal: Exibindo menu principal
menu_principal: Exibindo menu principal
e_escolhe_opcao1: Exibir inventÃ¡rio
A1   Potato Crisps       5 remaining   R$ 3,05
A2   Stackers            5 remaining   R$ 1,45
A3   Grain Waves         5 remaining   R$ 2,75
A4   Cloud Popcorn       5 remaining   R$ 3,65
B1   Moonpie             5 remaining   R$ 1,80
B2   Cowtales            5 remaining   R$ 1,50
B3   Wonka Bar           5 remaining   R$ 1,50
B4   Crunchie            5 remaining   R$ 1,75
C1   Cola                5 remaining   R$ 1,25
C2   Dr. Salt            5 remaining   R$ 1,50
C3   Mountain Melter     5 remaining   R$ 1,50
C4   Heavy               5 remaining   R$ 1,50
D1   U-Chews             5 remaining   R$ 0,85
D2   Little League Chew  5 remaining   R$ 0,95
D3   Chiclets            5 remaining   R$ 0,75
D4   Triplemint          5 remaining   R$ 0,75
exibir_itens: Listando novamente os itens
A1   Potato Crisps       5 remaining   R$ 3,05
A2   Stackers            5 remaining   R$ 1,45
A3   Grain Waves         5 remaining   R$ 2,75
A4   Cloud Popcorn       5 remaining   R$ 3,65
B1   Moonpie             5 remaining   R$ 1,80
B2   Cowtales            5 remaining   R$ 1,50
B3   Wonka Bar           5 remaining   R$ 1,50
B4   Crunchie            5 remaining   R$ 1,75
C1   Cola                5 remaining   R$ 1,25
C2   Dr. Salt            5 remaining   R$ 1,50
C3   Mountain Melter     5 remaining   R$ 1,50
C4   Heavy               5 remaining   R$ 1,50
D1   U-Chews             5 remaining   R$ 0,85
D2   Little League Chew  5 remaining   R$ 0,95
D3   Chiclets            5 remaining   R$ 0,75
D4   Triplemint          5 remaining   R$ 0,75
e_volta_menu: Retornando ao menu principal
menu_principal: Exibindo menu principal
menu_principal: Exibindo menu principal
menu_principal: Exibindo menu principal
e_escolhe_opcao3: Salvar relatÃ³rio de vendas
encerrar: PÃ³s-finalizaÃ§Ã£o
e_salva_sales_report: Confirmando geraÃ§Ã£o do relatÃ³rio
e_finalizar_programa: Encerrando aplicaÃ§Ã£o
fim: AplicaÃ§Ã£o encerrada
]]></system-out>
  </testcase>
  <testcase name="Teste96" classname="com.techelevator.TesteMaquinaVendasEdgeCoverage" time="0.027">
    <system-out><![CDATA[e_restart: Reiniciando sistema
menu_principal: Exibindo menu principal
menu_principal: Exibindo menu principal
menu_principal: Exibindo menu principal
e_escolhe_opcao1: Exibir inventÃ¡rio
A1   Potato Crisps       5 remaining   R$ 3,05
A2   Stackers            5 remaining   R$ 1,45
A3   Grain Waves         5 remaining   R$ 2,75
A4   Cloud Popcorn       5 remaining   R$ 3,65
B1   Moonpie             5 remaining   R$ 1,80
B2   Cowtales            5 remaining   R$ 1,50
B3   Wonka Bar           5 remaining   R$ 1,50
B4   Crunchie            5 remaining   R$ 1,75
C1   Cola                5 remaining   R$ 1,25
C2   Dr. Salt            5 remaining   R$ 1,50
C3   Mountain Melter     5 remaining   R$ 1,50
C4   Heavy               5 remaining   R$ 1,50
D1   U-Chews             5 remaining   R$ 0,85
D2   Little League Chew  5 remaining   R$ 0,95
D3   Chiclets            5 remaining   R$ 0,75
D4   Triplemint          5 remaining   R$ 0,75
exibir_itens: Listando novamente os itens
A1   Potato Crisps       5 remaining   R$ 3,05
A2   Stackers            5 remaining   R$ 1,45
A3   Grain Waves         5 remaining   R$ 2,75
A4   Cloud Popcorn       5 remaining   R$ 3,65
B1   Moonpie             5 remaining   R$ 1,80
B2   Cowtales            5 remaining   R$ 1,50
B3   Wonka Bar           5 remaining   R$ 1,50
B4   Crunchie            5 remaining   R$ 1,75
C1   Cola                5 remaining   R$ 1,25
C2   Dr. Salt            5 remaining   R$ 1,50
C3   Mountain Melter     5 remaining   R$ 1,50
C4   Heavy               5 remaining   R$ 1,50
D1   U-Chews             5 remaining   R$ 0,85
D2   Little League Chew  5 remaining   R$ 0,95
D3   Chiclets            5 remaining   R$ 0,75
D4   Triplemint          5 remaining   R$ 0,75
e_volta_menu: Retornando ao menu principal
menu_principal: Exibindo menu principal
menu_principal: Exibindo menu principal
menu_principal: Exibindo menu principal
e_escolhe_opcao1: Exibir inventÃ¡rio
A1   Potato Crisps       5 remaining   R$ 3,05
A2   Stackers            5 remaining   R$ 1,45
A3   Grain Waves         5 remaining   R$ 2,75
A4   Cloud Popcorn       5 remaining   R$ 3,65
B1   Moonpie             5 remaining   R$ 1,80
B2   Cowtales            5 remaining   R$ 1,50
B3   Wonka Bar           5 remaining   R$ 1,50
B4   Crunchie            5 remaining   R$ 1,75
C1   Cola                5 remaining   R$ 1,25
C2   Dr. Salt            5 remaining   R$ 1,50
C3   Mountain Melter     5 remaining   R$ 1,50
C4   Heavy               5 remaining   R$ 1,50
D1   U-Chews             5 remaining   R$ 0,85
D2   Little League Chew  5 remaining   R$ 0,95
D3   Chiclets            5 remaining   R$ 0,75
D4   Triplemint          5 remaining   R$ 0,75
exibir_itens: Listando novamente os itens
A1   Potato Crisps       5 remaining   R$ 3,05
A2   Stackers            5 remaining   R$ 1,45
A3   Grain Waves         5 remaining   R$ 2,75
A4   Cloud Popcorn       5 remaining   R$ 3,65
B1   Moonpie             5 remaining   R$ 1,80
B2   Cowtales            5 remaining   R$ 1,50
B3   Wonka Bar           5 remaining   R$ 1,50
B4   Crunchie            5 remaining   R$ 1,75
C1   Cola                5 remaining   R$ 1,25
C2   Dr. Salt            5 remaining   R$ 1,50
C3   Mountain Melter     5 remaining   R$ 1,50
C4   Heavy               5 remaining   R$ 1,50
D1   U-Chews             5 remaining   R$ 0,85
D2   Little League Chew  5 remaining   R$ 0,95
D3   Chiclets            5 remaining   R$ 0,75
D4   Triplemint          5 remaining   R$ 0,75
e_volta_menu: Retornando ao menu principal
menu_principal: Exibindo menu principal
e_escolhe_opcao3: Salvar relatÃ³rio de vendas
encerrar: PÃ³s-finalizaÃ§Ã£o
e_salva_sales_report: Confirmando geraÃ§Ã£o do relatÃ³rio
e_finalizar_programa: Encerrando aplicaÃ§Ã£o
fim: AplicaÃ§Ã£o encerrada
]]></system-out>
  </testcase>
  <testcase name="Teste97" classname="com.techelevator.TesteMaquinaVendasEdgeCoverage" time="0.007">
    <system-out><![CDATA[e_restart: Reiniciando sistema
menu_principal: Exibindo menu principal
menu_principal: Exibindo menu principal
menu_principal: Exibindo menu principal
e_escolhe_opcao2: Ir para menu de compra
menu_compra_inicio: Entrando no menu de compra
menu_compra: Entrou no menu de compra
e_escolhe_opcao1: Escolhendo a opcao 1
espera_moeda: Espera moeda
e_insere_quantia: Inserindo quantia valida de R$ 10,00
menu_compra: Entrou no menu de compra
e_escolhe_opcao3: Escolhendo a opcao 3
finaliza_acao: Finalizou acao
e_devolve_troco: Devolvendo troco
e_devolve_troco: Devolvendo troco: 40 quarters, 0 dimes, 0 nickels
menu_principal: Exibindo menu principal
menu_principal: Exibindo menu principal
e_escolhe_opcao3: Salvar relatÃ³rio de vendas
encerrar: PÃ³s-finalizaÃ§Ã£o
e_salva_sales_report: Confirmando geraÃ§Ã£o do relatÃ³rio
e_finalizar_programa: Encerrando aplicaÃ§Ã£o
fim: AplicaÃ§Ã£o encerrada
]]></system-out>
  </testcase>
  <testcase name="Teste98" classname="com.techelevator.TesteMaquinaVendasEdgeCoverage" time="0.0">
    <system-out><![CDATA[e_restart: Reiniciando sistema
menu_principal: Exibindo menu principal
menu_principal: Exibindo menu principal
menu_principal: Exibindo menu principal
e_escolhe_opcao3: Salvar relatÃ³rio de vendas
encerrar: PÃ³s-finalizaÃ§Ã£o
e_salva_sales_report: Confirmando geraÃ§Ã£o do relatÃ³rio
e_finalizar_programa: Encerrando aplicaÃ§Ã£o
fim: AplicaÃ§Ã£o encerrada
]]></system-out>
  </testcase>
  <testcase name="Teste99" classname="com.techelevator.TesteMaquinaVendasEdgeCoverage" time="0.028">
    <system-out><![CDATA[e_restart: Reiniciando sistema
menu_principal: Exibindo menu principal
menu_principal: Exibindo menu principal
menu_principal: Exibindo menu principal
e_escolhe_opcao1: Exibir inventÃ¡rio
A1   Potato Crisps       5 remaining   R$ 3,05
A2   Stackers            5 remaining   R$ 1,45
A3   Grain Waves         5 remaining   R$ 2,75
A4   Cloud Popcorn       5 remaining   R$ 3,65
B1   Moonpie             5 remaining   R$ 1,80
B2   Cowtales            5 remaining   R$ 1,50
B3   Wonka Bar           5 remaining   R$ 1,50
B4   Crunchie            5 remaining   R$ 1,75
C1   Cola                5 remaining   R$ 1,25
C2   Dr. Salt            5 remaining   R$ 1,50
C3   Mountain Melter     5 remaining   R$ 1,50
C4   Heavy               5 remaining   R$ 1,50
D1   U-Chews             5 remaining   R$ 0,85
D2   Little League Chew  5 remaining   R$ 0,95
D3   Chiclets            5 remaining   R$ 0,75
D4   Triplemint          5 remaining   R$ 0,75
exibir_itens: Listando novamente os itens
A1   Potato Crisps       5 remaining   R$ 3,05
A2   Stackers            5 remaining   R$ 1,45
A3   Grain Waves         5 remaining   R$ 2,75
A4   Cloud Popcorn       5 remaining   R$ 3,65
B1   Moonpie             5 remaining   R$ 1,80
B2   Cowtales            5 remaining   R$ 1,50
B3   Wonka Bar           5 remaining   R$ 1,50
B4   Crunchie            5 remaining   R$ 1,75
C1   Cola                5 remaining   R$ 1,25
C2   Dr. Salt            5 remaining   R$ 1,50
C3   Mountain Melter     5 remaining   R$ 1,50
C4   Heavy               5 remaining   R$ 1,50
D1   U-Chews             5 remaining   R$ 0,85
D2   Little League Chew  5 remaining   R$ 0,95
D3   Chiclets            5 remaining   R$ 0,75
D4   Triplemint          5 remaining   R$ 0,75
e_volta_menu: Retornando ao menu principal
menu_principal: Exibindo menu principal
menu_principal: Exibindo menu principal
menu_principal: Exibindo menu principal
e_escolhe_opcao2: Ir para menu de compra
menu_compra_inicio: Entrando no menu de compra
menu_compra: Entrou no menu de compra
e_escolhe_opcao2: Escolhendo a opcao 2
espera_produto: Esperando produto
e_insere_codigo: Inserindo codigo correto: A3 e o preÃ§o do produto e R$ 2,75
verifica_disponibilidade: Verifica disponibilidade
e_produto_disponivel: Verificando se Produto disponivel: 5
verifica_saldo: Verifica se saldo e suficiente
e_verifica_saldo_insuficiente: Verificando que saldo insuficiente sintetico: R$ 0,05 do original R$ 0,00 para preco de produto R$ 2,75
menu_compra: Entrou no menu de compra
menu_compra: Entrou no menu de compra
menu_compra: Entrou no menu de compra
e_escolhe_opcao3: Escolhendo a opcao 3
finaliza_acao: Finalizou acao
e_devolve_troco: Devolvendo troco
e_devolve_troco: Devolvendo troco: 0 quarters, 0 dimes, 0 nickels
menu_principal: Exibindo menu principal
menu_principal: Exibindo menu principal
e_escolhe_opcao3: Salvar relatÃ³rio de vendas
encerrar: PÃ³s-finalizaÃ§Ã£o
e_salva_sales_report: Confirmando geraÃ§Ã£o do relatÃ³rio
e_finalizar_programa: Encerrando aplicaÃ§Ã£o
fim: AplicaÃ§Ã£o encerrada
]]></system-out>
  </testcase>
</testsuite>